000 (1277.000.000) 11/30 16:21:29 Job submitted from host: <128.142.196.38:9618?addrs=128.142.196.38-9618+[2001-1458-301-e2--100-20]-9618&noUDP&sock=164236_d05c_3>
...
001 (1277.000.000) 11/30 16:22:11 Job executing on host: <188.185.129.153:9618?addrs=188.185.129.153-9618+[--1]-9618&noUDP&sock=7321_7d58_3>
...
006 (1277.000.000) 11/30 16:22:19 Image size of job updated: 688
	1  -  MemoryUsage of job (MB)
	688  -  ResidentSetSize of job (KB)
...
006 (1277.000.000) 11/30 16:32:21 Image size of job updated: 692
	1  -  MemoryUsage of job (MB)
	692  -  ResidentSetSize of job (KB)
...
006 (1277.000.000) 11/30 16:37:21 Image size of job updated: 696
	1  -  MemoryUsage of job (MB)
	696  -  ResidentSetSize of job (KB)
...
006 (1277.000.000) 11/30 16:42:21 Image size of job updated: 149016
	122  -  MemoryUsage of job (MB)
	123920  -  ResidentSetSize of job (KB)
...
006 (1277.000.000) 11/30 16:47:22 Image size of job updated: 177064
	149  -  MemoryUsage of job (MB)
	151880  -  ResidentSetSize of job (KB)
...
006 (1277.000.000) 11/30 16:52:22 Image size of job updated: 184552
	156  -  MemoryUsage of job (MB)
	159368  -  ResidentSetSize of job (KB)
...
005 (1277.000.000) 11/30 18:48:28 Job terminated.
	(1) Normal termination (return value 0)
		Usr 0 01:58:40, Sys 0 00:00:22  -  Run Remote Usage
		Usr 0 00:00:00, Sys 0 00:00:00  -  Run Local Usage
		Usr 0 01:58:40, Sys 0 00:00:22  -  Total Remote Usage
		Usr 0 00:00:00, Sys 0 00:00:00  -  Total Local Usage
	294104  -  Run Bytes Sent By Job
	1567  -  Run Bytes Received By Job
	294104  -  Total Bytes Sent By Job
	1567  -  Total Bytes Received By Job
	Partitionable Resources :    Usage  Request Allocated
	   Cpus                 :                 1         1
	   Disk (KB)            :  1358434        2    594494
	   Memory (MB)          :      156     2000      2000
...
