000 (1132.000.000) 11/28 09:39:24 Job submitted from host: <128.142.196.38:9618?addrs=128.142.196.38-9618+[2001-1458-301-e2--100-20]-9618&noUDP&sock=164236_d05c_3>
...
001 (1132.000.000) 11/28 09:40:12 Job executing on host: <188.185.195.201:9618?addrs=188.185.195.201-9618+[--1]-9618&noUDP&sock=30996_419f_3>
...
006 (1132.000.000) 11/28 09:40:22 Image size of job updated: 688
	1  -  MemoryUsage of job (MB)
	688  -  ResidentSetSize of job (KB)
...
006 (1132.000.000) 11/28 09:50:23 Image size of job updated: 692
	1  -  MemoryUsage of job (MB)
	692  -  ResidentSetSize of job (KB)
...
006 (1132.000.000) 11/28 10:00:25 Image size of job updated: 26384
	24  -  MemoryUsage of job (MB)
	24464  -  ResidentSetSize of job (KB)
...
006 (1132.000.000) 11/28 10:05:25 Image size of job updated: 182840
	153  -  MemoryUsage of job (MB)
	155996  -  ResidentSetSize of job (KB)
...
006 (1132.000.000) 11/28 10:10:26 Image size of job updated: 213676
	183  -  MemoryUsage of job (MB)
	186832  -  ResidentSetSize of job (KB)
...
006 (1132.000.000) 11/28 10:20:27 Image size of job updated: 213736
	183  -  MemoryUsage of job (MB)
	186868  -  ResidentSetSize of job (KB)
...
006 (1132.000.000) 11/28 10:25:28 Image size of job updated: 215052
	184  -  MemoryUsage of job (MB)
	188184  -  ResidentSetSize of job (KB)
...
006 (1132.000.000) 11/28 11:30:35 Image size of job updated: 215056
	184  -  MemoryUsage of job (MB)
	188184  -  ResidentSetSize of job (KB)
...
005 (1132.000.000) 11/28 12:17:21 Job terminated.
	(1) Normal termination (return value 0)
		Usr 0 02:13:07, Sys 0 00:00:27  -  Run Remote Usage
		Usr 0 00:00:00, Sys 0 00:00:00  -  Run Local Usage
		Usr 0 02:13:07, Sys 0 00:00:27  -  Total Remote Usage
		Usr 0 00:00:00, Sys 0 00:00:00  -  Total Local Usage
	304684  -  Run Bytes Sent By Job
	1510  -  Run Bytes Received By Job
	304684  -  Total Bytes Sent By Job
	1510  -  Total Bytes Received By Job
	Partitionable Resources :    Usage  Request Allocated
	   Cpus                 :                 1         1
	   Disk (KB)            :  1771503        2    612004
	   Memory (MB)          :      184     2000      2000
...
