000 (987.000.000) 11/23 20:23:56 Job submitted from host: <128.142.196.38:9618?addrs=128.142.196.38-9618+[2001-1458-301-e2--100-20]-9618&noUDP&sock=164236_d05c_3>
...
001 (987.000.000) 11/23 20:24:37 Job executing on host: <188.185.194.186:9618?addrs=188.185.194.186-9618+[--1]-9618&noUDP&sock=24540_fa32_3>
...
006 (987.000.000) 11/23 20:24:46 Image size of job updated: 684
	1  -  MemoryUsage of job (MB)
	684  -  ResidentSetSize of job (KB)
...
006 (987.000.000) 11/23 20:34:48 Image size of job updated: 688
	1  -  MemoryUsage of job (MB)
	688  -  ResidentSetSize of job (KB)
...
006 (987.000.000) 11/23 20:49:49 Image size of job updated: 47880
	32  -  MemoryUsage of job (MB)
	32408  -  ResidentSetSize of job (KB)
...
006 (987.000.000) 11/23 20:54:50 Image size of job updated: 144404
	107  -  MemoryUsage of job (MB)
	109008  -  ResidentSetSize of job (KB)
...
006 (987.000.000) 11/23 20:59:51 Image size of job updated: 246840
	207  -  MemoryUsage of job (MB)
	211432  -  ResidentSetSize of job (KB)
...
006 (987.000.000) 11/23 21:09:53 Image size of job updated: 321640
	280  -  MemoryUsage of job (MB)
	286232  -  ResidentSetSize of job (KB)
...
005 (987.000.000) 11/23 21:27:41 Job terminated.
	(1) Normal termination (return value 0)
		Usr 0 00:34:42, Sys 0 00:00:20  -  Run Remote Usage
		Usr 0 00:00:00, Sys 0 00:00:00  -  Run Local Usage
		Usr 0 00:34:42, Sys 0 00:00:20  -  Total Remote Usage
		Usr 0 00:00:00, Sys 0 00:00:00  -  Total Local Usage
	300104  -  Run Bytes Sent By Job
	1510  -  Run Bytes Received By Job
	300104  -  Total Bytes Sent By Job
	1510  -  Total Bytes Received By Job
	Partitionable Resources :    Usage  Request Allocated
	   Cpus                 :                 1         1
	   Disk (KB)            :   832605        2    586759
	   Memory (MB)          :      280     2000      2000
...
