000 (1112.000.000) 11/28 09:39:09 Job submitted from host: <128.142.196.38:9618?addrs=128.142.196.38-9618+[2001-1458-301-e2--100-20]-9618&noUDP&sock=164236_d05c_3>
...
001 (1112.000.000) 11/28 09:40:01 Job executing on host: <188.185.194.186:9618?addrs=188.185.194.186-9618+[--1]-9618&noUDP&sock=24540_fa32_3>
...
006 (1112.000.000) 11/28 09:40:10 Image size of job updated: 688
	1  -  MemoryUsage of job (MB)
	688  -  ResidentSetSize of job (KB)
...
006 (1112.000.000) 11/28 09:50:12 Image size of job updated: 692
	1  -  MemoryUsage of job (MB)
	692  -  ResidentSetSize of job (KB)
...
006 (1112.000.000) 11/28 10:05:13 Image size of job updated: 44052
	32  -  MemoryUsage of job (MB)
	32712  -  ResidentSetSize of job (KB)
...
006 (1112.000.000) 11/28 10:10:18 Image size of job updated: 154100
	125  -  MemoryUsage of job (MB)
	127664  -  ResidentSetSize of job (KB)
...
006 (1112.000.000) 11/28 10:15:19 Image size of job updated: 194196
	164  -  MemoryUsage of job (MB)
	167724  -  ResidentSetSize of job (KB)
...
006 (1112.000.000) 11/28 10:20:15 Image size of job updated: 231676
	201  -  MemoryUsage of job (MB)
	205144  -  ResidentSetSize of job (KB)
...
006 (1112.000.000) 11/28 10:35:17 Image size of job updated: 231680
	201  -  MemoryUsage of job (MB)
	205144  -  ResidentSetSize of job (KB)
...
006 (1112.000.000) 11/28 10:45:18 Image size of job updated: 232612
	202  -  MemoryUsage of job (MB)
	206076  -  ResidentSetSize of job (KB)
...
005 (1112.000.000) 11/28 11:13:59 Job terminated.
	(1) Normal termination (return value 0)
		Usr 0 00:58:34, Sys 0 00:09:03  -  Run Remote Usage
		Usr 0 00:00:00, Sys 0 00:00:00  -  Run Local Usage
		Usr 0 00:58:34, Sys 0 00:09:03  -  Total Remote Usage
		Usr 0 00:00:00, Sys 0 00:00:00  -  Total Local Usage
	301676  -  Run Bytes Sent By Job
	1510  -  Run Bytes Received By Job
	301676  -  Total Bytes Sent By Job
	1510  -  Total Bytes Received By Job
	Partitionable Resources :    Usage  Request Allocated
	   Cpus                 :                 1         1
	   Disk (KB)            :  1200549        2    613366
	   Memory (MB)          :      202     2000      2000
...
