000 (1248.000.000) 11/30 16:21:03 Job submitted from host: <128.142.196.38:9618?addrs=128.142.196.38-9618+[2001-1458-301-e2--100-20]-9618&noUDP&sock=164236_d05c_3>
...
001 (1248.000.000) 11/30 16:21:35 Job executing on host: <188.185.177.180:9618?addrs=188.185.177.180-9618+[--1]-9618&noUDP&sock=32611_537a_3>
...
006 (1248.000.000) 11/30 16:21:44 Image size of job updated: 668
	1  -  MemoryUsage of job (MB)
	664  -  ResidentSetSize of job (KB)
...
006 (1248.000.000) 11/30 16:26:44 Image size of job updated: 692
	1  -  MemoryUsage of job (MB)
	688  -  ResidentSetSize of job (KB)
...
006 (1248.000.000) 11/30 16:31:44 Image size of job updated: 696
	1  -  MemoryUsage of job (MB)
	692  -  ResidentSetSize of job (KB)
...
006 (1248.000.000) 11/30 16:36:45 Image size of job updated: 700
	1  -  MemoryUsage of job (MB)
	696  -  ResidentSetSize of job (KB)
...
006 (1248.000.000) 11/30 16:41:45 Image size of job updated: 154272
	102  -  MemoryUsage of job (MB)
	103724  -  ResidentSetSize of job (KB)
...
006 (1248.000.000) 11/30 16:46:49 Image size of job updated: 258296
	203  -  MemoryUsage of job (MB)
	207028  -  ResidentSetSize of job (KB)
...
006 (1248.000.000) 11/30 16:51:46 Image size of job updated: 272236
	216  -  MemoryUsage of job (MB)
	220956  -  ResidentSetSize of job (KB)
...
006 (1248.000.000) 11/30 16:56:47 Image size of job updated: 272312
	216  -  MemoryUsage of job (MB)
	221016  -  ResidentSetSize of job (KB)
...
005 (1248.000.000) 11/30 16:57:52 Job terminated.
	(1) Normal termination (return value 0)
		Usr 0 00:16:10, Sys 0 00:00:20  -  Run Remote Usage
		Usr 0 00:00:00, Sys 0 00:00:00  -  Run Local Usage
		Usr 0 00:16:10, Sys 0 00:00:20  -  Total Remote Usage
		Usr 0 00:00:00, Sys 0 00:00:00  -  Total Local Usage
	293538  -  Run Bytes Sent By Job
	1567  -  Run Bytes Received By Job
	293538  -  Total Bytes Sent By Job
	1567  -  Total Bytes Received By Job
	Partitionable Resources :    Usage  Request Allocated
	   Cpus                 :                 1         1
	   Disk (KB)            :   844515        2    579046
	   Memory (MB)          :      216     2000      2000
...
