000 (1084.000.000) 11/28 09:38:49 Job submitted from host: <128.142.196.38:9618?addrs=128.142.196.38-9618+[2001-1458-301-e2--100-20]-9618&noUDP&sock=164236_d05c_3>
...
001 (1084.000.000) 11/28 09:39:08 Job executing on host: <188.185.187.46:9618?addrs=188.185.187.46-9618+[--1]-9618&noUDP&sock=24683_103d_3>
...
006 (1084.000.000) 11/28 09:39:16 Image size of job updated: 684
	1  -  MemoryUsage of job (MB)
	684  -  ResidentSetSize of job (KB)
...
006 (1084.000.000) 11/28 09:49:18 Image size of job updated: 688
	1  -  MemoryUsage of job (MB)
	688  -  ResidentSetSize of job (KB)
...
006 (1084.000.000) 11/28 09:59:18 Image size of job updated: 217428
	107  -  MemoryUsage of job (MB)
	108988  -  ResidentSetSize of job (KB)
...
006 (1084.000.000) 11/28 10:04:19 Image size of job updated: 335248
	221  -  MemoryUsage of job (MB)
	225920  -  ResidentSetSize of job (KB)
...
006 (1084.000.000) 11/28 10:09:19 Image size of job updated: 335708
	222  -  MemoryUsage of job (MB)
	226344  -  ResidentSetSize of job (KB)
...
006 (1084.000.000) 11/28 10:14:20 Image size of job updated: 335768
	222  -  MemoryUsage of job (MB)
	226404  -  ResidentSetSize of job (KB)
...
005 (1084.000.000) 11/28 10:15:36 Job terminated.
	(1) Normal termination (return value 0)
		Usr 0 00:16:31, Sys 0 00:00:08  -  Run Remote Usage
		Usr 0 00:00:00, Sys 0 00:00:00  -  Run Local Usage
		Usr 0 00:16:31, Sys 0 00:00:08  -  Total Remote Usage
		Usr 0 00:00:00, Sys 0 00:00:00  -  Total Local Usage
	300326  -  Run Bytes Sent By Job
	1510  -  Run Bytes Received By Job
	300326  -  Total Bytes Sent By Job
	1510  -  Total Bytes Received By Job
	Partitionable Resources :    Usage  Request Allocated
	   Cpus                 :                 1         1
	   Disk (KB)            :   879631        2   2123483
	   Memory (MB)          :      222     2000      2000
...
