000 (1068.000.000) 11/28 09:38:38 Job submitted from host: <128.142.196.38:9618?addrs=128.142.196.38-9618+[2001-1458-301-e2--100-20]-9618&noUDP&sock=164236_d05c_3>
...
001 (1068.000.000) 11/28 09:39:17 Job executing on host: <188.185.174.157:9618?addrs=188.185.174.157-9618+[--1]-9618&noUDP&sock=3201_32bf_11>
...
006 (1068.000.000) 11/28 09:39:26 Image size of job updated: 696
	1  -  MemoryUsage of job (MB)
	684  -  ResidentSetSize of job (KB)
...
006 (1068.000.000) 11/28 09:49:28 Image size of job updated: 696
	1  -  MemoryUsage of job (MB)
	688  -  ResidentSetSize of job (KB)
...
006 (1068.000.000) 11/28 09:59:30 Image size of job updated: 138476
	102  -  MemoryUsage of job (MB)
	103936  -  ResidentSetSize of job (KB)
...
006 (1068.000.000) 11/28 10:04:31 Image size of job updated: 239532
	200  -  MemoryUsage of job (MB)
	204780  -  ResidentSetSize of job (KB)
...
005 (1068.000.000) 11/28 10:08:54 Job terminated.
	(1) Normal termination (return value 0)
		Usr 0 00:09:44, Sys 0 00:00:12  -  Run Remote Usage
		Usr 0 00:00:00, Sys 0 00:00:00  -  Run Local Usage
		Usr 0 00:09:44, Sys 0 00:00:12  -  Total Remote Usage
		Usr 0 00:00:00, Sys 0 00:00:00  -  Total Local Usage
	299992  -  Run Bytes Sent By Job
	1510  -  Run Bytes Received By Job
	299992  -  Total Bytes Sent By Job
	1510  -  Total Bytes Received By Job
	Partitionable Resources :    Usage  Request Allocated
	   Cpus                 :                 1         1
	   Disk (KB)            :   735354        2    616248
	   Memory (MB)          :      200     2000      2000
...
