000 (959.000.000) 11/23 20:23:35 Job submitted from host: <128.142.196.38:9618?addrs=128.142.196.38-9618+[2001-1458-301-e2--100-20]-9618&noUDP&sock=164236_d05c_3>
...
001 (959.000.000) 11/23 20:24:30 Job executing on host: <188.185.189.83:9618?addrs=188.185.189.83-9618+[--1]-9618&noUDP&sock=1184964_a2ae_3>
...
006 (959.000.000) 11/23 20:24:39 Image size of job updated: 688
	1  -  MemoryUsage of job (MB)
	688  -  ResidentSetSize of job (KB)
...
006 (959.000.000) 11/23 20:34:40 Image size of job updated: 692
	1  -  MemoryUsage of job (MB)
	692  -  ResidentSetSize of job (KB)
...
006 (959.000.000) 11/23 20:49:43 Image size of job updated: 117680
	93  -  MemoryUsage of job (MB)
	94816  -  ResidentSetSize of job (KB)
...
006 (959.000.000) 11/23 20:54:44 Image size of job updated: 128140
	102  -  MemoryUsage of job (MB)
	103580  -  ResidentSetSize of job (KB)
...
006 (959.000.000) 11/23 20:59:44 Image size of job updated: 236656
	208  -  MemoryUsage of job (MB)
	212092  -  ResidentSetSize of job (KB)
...
005 (959.000.000) 11/23 21:02:13 Job terminated.
	(1) Normal termination (return value 0)
		Usr 0 00:12:04, Sys 0 00:02:06  -  Run Remote Usage
		Usr 0 00:00:00, Sys 0 00:00:00  -  Run Local Usage
		Usr 0 00:12:04, Sys 0 00:02:06  -  Total Remote Usage
		Usr 0 00:00:00, Sys 0 00:00:00  -  Total Local Usage
	299822  -  Run Bytes Sent By Job
	1510  -  Run Bytes Received By Job
	299822  -  Total Bytes Sent By Job
	1510  -  Total Bytes Received By Job
	Partitionable Resources :    Usage  Request Allocated
	   Cpus                 :                 1         1
	   Disk (KB)            :   738534        2    582745
	   Memory (MB)          :      208     2000      2000
...
