000 (1124.000.000) 11/28 09:39:18 Job submitted from host: <128.142.196.38:9618?addrs=128.142.196.38-9618+[2001-1458-301-e2--100-20]-9618&noUDP&sock=164236_d05c_3>
...
001 (1124.000.000) 11/28 09:40:09 Job executing on host: <188.185.128.231:9618?addrs=188.185.128.231-9618+[--1]-9618&noUDP&sock=24154_36a3_3>
...
006 (1124.000.000) 11/28 09:40:17 Image size of job updated: 684
	1  -  MemoryUsage of job (MB)
	684  -  ResidentSetSize of job (KB)
...
006 (1124.000.000) 11/28 09:50:19 Image size of job updated: 688
	1  -  MemoryUsage of job (MB)
	688  -  ResidentSetSize of job (KB)
...
006 (1124.000.000) 11/28 10:00:19 Image size of job updated: 15164
	13  -  MemoryUsage of job (MB)
	12580  -  ResidentSetSize of job (KB)
...
006 (1124.000.000) 11/28 10:05:20 Image size of job updated: 181824
	151  -  MemoryUsage of job (MB)
	154232  -  ResidentSetSize of job (KB)
...
006 (1124.000.000) 11/28 10:10:21 Image size of job updated: 195668
	164  -  MemoryUsage of job (MB)
	167360  -  ResidentSetSize of job (KB)
...
006 (1124.000.000) 11/28 10:15:22 Image size of job updated: 198808
	167  -  MemoryUsage of job (MB)
	170488  -  ResidentSetSize of job (KB)
...
006 (1124.000.000) 11/28 10:20:22 Image size of job updated: 198848
	167  -  MemoryUsage of job (MB)
	170528  -  ResidentSetSize of job (KB)
...
006 (1124.000.000) 11/28 10:25:23 Image size of job updated: 198860
	167  -  MemoryUsage of job (MB)
	170528  -  ResidentSetSize of job (KB)
...
006 (1124.000.000) 11/28 10:30:24 Image size of job updated: 198900
	167  -  MemoryUsage of job (MB)
	170568  -  ResidentSetSize of job (KB)
...
006 (1124.000.000) 11/28 10:45:26 Image size of job updated: 199840
	168  -  MemoryUsage of job (MB)
	171492  -  ResidentSetSize of job (KB)
...
006 (1124.000.000) 11/28 11:05:27 Image size of job updated: 200024
	168  -  MemoryUsage of job (MB)
	171492  -  ResidentSetSize of job (KB)
...
006 (1124.000.000) 11/28 11:10:27 Image size of job updated: 218620
	186  -  MemoryUsage of job (MB)
	190088  -  ResidentSetSize of job (KB)
...
006 (1124.000.000) 11/28 11:50:34 Image size of job updated: 218668
	186  -  MemoryUsage of job (MB)
	190088  -  ResidentSetSize of job (KB)
...
005 (1124.000.000) 11/28 12:26:29 Job terminated.
	(1) Normal termination (return value 0)
		Usr 0 02:21:30, Sys 0 00:00:45  -  Run Remote Usage
		Usr 0 00:00:00, Sys 0 00:00:00  -  Run Local Usage
		Usr 0 02:21:30, Sys 0 00:00:45  -  Total Remote Usage
		Usr 0 00:00:00, Sys 0 00:00:00  -  Total Local Usage
	302011  -  Run Bytes Sent By Job
	1510  -  Run Bytes Received By Job
	302011  -  Total Bytes Sent By Job
	1510  -  Total Bytes Received By Job
	Partitionable Resources :    Usage  Request Allocated
	   Cpus                 :                 1         1
	   Disk (KB)            :  1763241        2    610560
	   Memory (MB)          :      186     2000      2000
...
