000 (1094.000.000) 11/28 09:38:56 Job submitted from host: <128.142.196.38:9618?addrs=128.142.196.38-9618+[2001-1458-301-e2--100-20]-9618&noUDP&sock=164236_d05c_3>
...
001 (1094.000.000) 11/28 09:39:11 Job executing on host: <188.185.187.171:9618?addrs=188.185.187.171-9618+[--1]-9618&noUDP&sock=25557_8e03_14>
...
006 (1094.000.000) 11/28 09:39:19 Image size of job updated: 664
	1  -  MemoryUsage of job (MB)
	664  -  ResidentSetSize of job (KB)
...
006 (1094.000.000) 11/28 09:44:19 Image size of job updated: 684
	1  -  MemoryUsage of job (MB)
	684  -  ResidentSetSize of job (KB)
...
006 (1094.000.000) 11/28 09:49:21 Image size of job updated: 688
	1  -  MemoryUsage of job (MB)
	688  -  ResidentSetSize of job (KB)
...
006 (1094.000.000) 11/28 09:59:21 Image size of job updated: 217776
	107  -  MemoryUsage of job (MB)
	109104  -  ResidentSetSize of job (KB)
...
006 (1094.000.000) 11/28 10:04:21 Image size of job updated: 319936
	206  -  MemoryUsage of job (MB)
	210336  -  ResidentSetSize of job (KB)
...
006 (1094.000.000) 11/28 10:09:21 Image size of job updated: 334808
	220  -  MemoryUsage of job (MB)
	225208  -  ResidentSetSize of job (KB)
...
006 (1094.000.000) 11/28 10:14:23 Image size of job updated: 335624
	221  -  MemoryUsage of job (MB)
	225840  -  ResidentSetSize of job (KB)
...
005 (1094.000.000) 11/28 10:17:09 Job terminated.
	(1) Normal termination (return value 0)
		Usr 0 00:18:04, Sys 0 00:00:11  -  Run Remote Usage
		Usr 0 00:00:00, Sys 0 00:00:00  -  Run Local Usage
		Usr 0 00:18:04, Sys 0 00:00:11  -  Total Remote Usage
		Usr 0 00:00:00, Sys 0 00:00:00  -  Total Local Usage
	300326  -  Run Bytes Sent By Job
	1510  -  Run Bytes Received By Job
	300326  -  Total Bytes Sent By Job
	1510  -  Total Bytes Received By Job
	Partitionable Resources :    Usage  Request Allocated
	   Cpus                 :                 1         1
	   Disk (KB)            :   850079        2   2122325
	   Memory (MB)          :      221     2000      2000
...
