000 (1106.000.000) 11/28 09:39:05 Job submitted from host: <128.142.196.38:9618?addrs=128.142.196.38-9618+[2001-1458-301-e2--100-20]-9618&noUDP&sock=164236_d05c_3>
...
001 (1106.000.000) 11/28 09:39:27 Job executing on host: <188.185.192.51:9618?addrs=188.185.192.51-9618+[--1]-9618&noUDP&sock=27923_6f16_3>
...
006 (1106.000.000) 11/28 09:39:36 Image size of job updated: 664
	1  -  MemoryUsage of job (MB)
	664  -  ResidentSetSize of job (KB)
...
006 (1106.000.000) 11/28 09:44:36 Image size of job updated: 688
	1  -  MemoryUsage of job (MB)
	688  -  ResidentSetSize of job (KB)
...
006 (1106.000.000) 11/28 09:49:36 Image size of job updated: 692
	1  -  MemoryUsage of job (MB)
	692  -  ResidentSetSize of job (KB)
...
006 (1106.000.000) 11/28 10:09:37 Image size of job updated: 31476
	28  -  MemoryUsage of job (MB)
	28608  -  ResidentSetSize of job (KB)
...
006 (1106.000.000) 11/28 10:14:38 Image size of job updated: 155352
	126  -  MemoryUsage of job (MB)
	128308  -  ResidentSetSize of job (KB)
...
006 (1106.000.000) 11/28 10:19:39 Image size of job updated: 194432
	163  -  MemoryUsage of job (MB)
	166664  -  ResidentSetSize of job (KB)
...
006 (1106.000.000) 11/28 10:24:38 Image size of job updated: 195760
	165  -  MemoryUsage of job (MB)
	167992  -  ResidentSetSize of job (KB)
...
006 (1106.000.000) 11/28 11:09:43 Image size of job updated: 195780
	165  -  MemoryUsage of job (MB)
	167992  -  ResidentSetSize of job (KB)
...
006 (1106.000.000) 11/28 11:14:43 Image size of job updated: 195784
	165  -  MemoryUsage of job (MB)
	167992  -  ResidentSetSize of job (KB)
...
005 (1106.000.000) 11/28 11:16:44 Job terminated.
	(1) Normal termination (return value 0)
		Usr 0 01:00:03, Sys 0 00:06:56  -  Run Remote Usage
		Usr 0 00:00:00, Sys 0 00:00:00  -  Run Local Usage
		Usr 0 01:00:03, Sys 0 00:06:56  -  Total Remote Usage
		Usr 0 00:00:00, Sys 0 00:00:00  -  Total Local Usage
	301102  -  Run Bytes Sent By Job
	1510  -  Run Bytes Received By Job
	301102  -  Total Bytes Sent By Job
	1510  -  Total Bytes Received By Job
	Partitionable Resources :    Usage  Request Allocated
	   Cpus                 :                 1         1
	   Disk (KB)            :  1200704        2    614384
	   Memory (MB)          :      165     2000      2000
...
