000 (1134.000.000) 11/28 09:39:25 Job submitted from host: <128.142.196.38:9618?addrs=128.142.196.38-9618+[2001-1458-301-e2--100-20]-9618&noUDP&sock=164236_d05c_3>
...
001 (1134.000.000) 11/28 09:40:09 Job executing on host: <188.185.189.83:9618?addrs=188.185.189.83-9618+[--1]-9618&noUDP&sock=1184964_a2ae_3>
...
006 (1134.000.000) 11/28 09:40:18 Image size of job updated: 688
	1  -  MemoryUsage of job (MB)
	688  -  ResidentSetSize of job (KB)
...
006 (1134.000.000) 11/28 09:55:19 Image size of job updated: 692
	1  -  MemoryUsage of job (MB)
	692  -  ResidentSetSize of job (KB)
...
006 (1134.000.000) 11/28 10:10:21 Image size of job updated: 48704
	35  -  MemoryUsage of job (MB)
	35524  -  ResidentSetSize of job (KB)
...
006 (1134.000.000) 11/28 10:15:21 Image size of job updated: 178700
	152  -  MemoryUsage of job (MB)
	155136  -  ResidentSetSize of job (KB)
...
006 (1134.000.000) 11/28 10:20:22 Image size of job updated: 188636
	162  -  MemoryUsage of job (MB)
	165072  -  ResidentSetSize of job (KB)
...
006 (1134.000.000) 11/28 10:25:22 Image size of job updated: 208004
	181  -  MemoryUsage of job (MB)
	184440  -  ResidentSetSize of job (KB)
...
006 (1134.000.000) 11/28 10:30:23 Image size of job updated: 208180
	181  -  MemoryUsage of job (MB)
	184440  -  ResidentSetSize of job (KB)
...
006 (1134.000.000) 11/28 10:35:24 Image size of job updated: 209524
	182  -  MemoryUsage of job (MB)
	185784  -  ResidentSetSize of job (KB)
...
006 (1134.000.000) 11/28 11:35:29 Image size of job updated: 209528
	182  -  MemoryUsage of job (MB)
	185788  -  ResidentSetSize of job (KB)
...
006 (1134.000.000) 11/28 12:25:34 Image size of job updated: 212788
	185  -  MemoryUsage of job (MB)
	189040  -  ResidentSetSize of job (KB)
...
005 (1134.000.000) 11/28 13:00:52 Job terminated.
	(1) Normal termination (return value 0)
		Usr 0 02:47:35, Sys 0 00:01:11  -  Run Remote Usage
		Usr 0 00:00:00, Sys 0 00:00:00  -  Run Local Usage
		Usr 0 02:47:35, Sys 0 00:01:11  -  Total Remote Usage
		Usr 0 00:00:00, Sys 0 00:00:00  -  Total Local Usage
	302818  -  Run Bytes Sent By Job
	1510  -  Run Bytes Received By Job
	302818  -  Total Bytes Sent By Job
	1510  -  Total Bytes Received By Job
	Partitionable Resources :    Usage  Request Allocated
	   Cpus                 :                 1         1
	   Disk (KB)            :  1765857        2    610107
	   Memory (MB)          :      185     2000      2000
...
