000 (1270.000.000) 11/30 16:21:23 Job submitted from host: <128.142.196.38:9618?addrs=128.142.196.38-9618+[2001-1458-301-e2--100-20]-9618&noUDP&sock=164236_d05c_3>
...
001 (1270.000.000) 11/30 16:22:08 Job executing on host: <188.185.200.63:9618?addrs=188.185.200.63-9618+[--1]-9618&noUDP&sock=2768_82a4_3>
...
006 (1270.000.000) 11/30 16:22:17 Image size of job updated: 684
	1  -  MemoryUsage of job (MB)
	684  -  ResidentSetSize of job (KB)
...
006 (1270.000.000) 11/30 16:32:20 Image size of job updated: 692
	1  -  MemoryUsage of job (MB)
	692  -  ResidentSetSize of job (KB)
...
006 (1270.000.000) 11/30 16:42:20 Image size of job updated: 137064
	107  -  MemoryUsage of job (MB)
	109448  -  ResidentSetSize of job (KB)
...
006 (1270.000.000) 11/30 16:47:20 Image size of job updated: 216364
	185  -  MemoryUsage of job (MB)
	188748  -  ResidentSetSize of job (KB)
...
006 (1270.000.000) 11/30 16:52:21 Image size of job updated: 230576
	199  -  MemoryUsage of job (MB)
	202960  -  ResidentSetSize of job (KB)
...
006 (1270.000.000) 11/30 16:57:22 Image size of job updated: 230584
	199  -  MemoryUsage of job (MB)
	202968  -  ResidentSetSize of job (KB)
...
006 (1270.000.000) 11/30 17:07:23 Image size of job updated: 233136
	201  -  MemoryUsage of job (MB)
	205520  -  ResidentSetSize of job (KB)
...
006 (1270.000.000) 11/30 17:17:24 Image size of job updated: 233140
	201  -  MemoryUsage of job (MB)
	205524  -  ResidentSetSize of job (KB)
...
005 (1270.000.000) 11/30 17:23:28 Job terminated.
	(1) Normal termination (return value 0)
		Usr 0 00:41:14, Sys 0 00:00:35  -  Run Remote Usage
		Usr 0 00:00:00, Sys 0 00:00:00  -  Run Local Usage
		Usr 0 00:41:14, Sys 0 00:00:35  -  Total Remote Usage
		Usr 0 00:00:00, Sys 0 00:00:00  -  Total Local Usage
	293595  -  Run Bytes Sent By Job
	1567  -  Run Bytes Received By Job
	293595  -  Total Bytes Sent By Job
	1567  -  Total Bytes Received By Job
	Partitionable Resources :    Usage  Request Allocated
	   Cpus                 :                 1         1
	   Disk (KB)            :   994429        2    579894
	   Memory (MB)          :      201     2000      2000
...
