000 (1082.000.000) 11/28 09:38:47 Job submitted from host: <128.142.196.38:9618?addrs=128.142.196.38-9618+[2001-1458-301-e2--100-20]-9618&noUDP&sock=164236_d05c_3>
...
001 (1082.000.000) 11/28 09:39:22 Job executing on host: <188.185.198.228:9618?addrs=188.185.198.228-9618+[--1]-9618&noUDP&sock=31078_8063_3>
...
006 (1082.000.000) 11/28 09:39:32 Image size of job updated: 664
	1  -  MemoryUsage of job (MB)
	660  -  ResidentSetSize of job (KB)
...
006 (1082.000.000) 11/28 09:44:33 Image size of job updated: 688
	1  -  MemoryUsage of job (MB)
	684  -  ResidentSetSize of job (KB)
...
006 (1082.000.000) 11/28 09:54:33 Image size of job updated: 692
	1  -  MemoryUsage of job (MB)
	688  -  ResidentSetSize of job (KB)
...
006 (1082.000.000) 11/28 10:09:35 Image size of job updated: 32020
	25  -  MemoryUsage of job (MB)
	24952  -  ResidentSetSize of job (KB)
...
006 (1082.000.000) 11/28 10:14:38 Image size of job updated: 219424
	108  -  MemoryUsage of job (MB)
	109832  -  ResidentSetSize of job (KB)
...
006 (1082.000.000) 11/28 10:19:36 Image size of job updated: 320932
	206  -  MemoryUsage of job (MB)
	210572  -  ResidentSetSize of job (KB)
...
006 (1082.000.000) 11/28 10:24:37 Image size of job updated: 337036
	222  -  MemoryUsage of job (MB)
	226676  -  ResidentSetSize of job (KB)
...
006 (1082.000.000) 11/28 10:29:40 Image size of job updated: 396376
	280  -  MemoryUsage of job (MB)
	285904  -  ResidentSetSize of job (KB)
...
006 (1082.000.000) 11/28 10:34:41 Image size of job updated: 396764
	280  -  MemoryUsage of job (MB)
	286292  -  ResidentSetSize of job (KB)
...
005 (1082.000.000) 11/28 10:52:33 Job terminated.
	(1) Normal termination (return value 0)
		Usr 0 00:23:06, Sys 0 00:17:26  -  Run Remote Usage
		Usr 0 00:00:00, Sys 0 00:00:00  -  Run Local Usage
		Usr 0 00:23:06, Sys 0 00:17:26  -  Total Remote Usage
		Usr 0 00:00:00, Sys 0 00:00:00  -  Total Local Usage
	301111  -  Run Bytes Sent By Job
	1510  -  Run Bytes Received By Job
	301111  -  Total Bytes Sent By Job
	1510  -  Total Bytes Received By Job
	Partitionable Resources :    Usage  Request Allocated
	   Cpus                 :                 1         1
	   Disk (KB)            :   893070        2    610098
	   Memory (MB)          :      280     2000      2000
...
