000 (1128.000.000) 11/28 09:39:21 Job submitted from host: <128.142.196.38:9618?addrs=128.142.196.38-9618+[2001-1458-301-e2--100-20]-9618&noUDP&sock=164236_d05c_3>
...
001 (1128.000.000) 11/28 09:40:06 Job executing on host: <188.185.194.186:9618?addrs=188.185.194.186-9618+[--1]-9618&noUDP&sock=24540_fa32_3>
...
006 (1128.000.000) 11/28 09:40:15 Image size of job updated: 688
	1  -  MemoryUsage of job (MB)
	688  -  ResidentSetSize of job (KB)
...
006 (1128.000.000) 11/28 09:50:17 Image size of job updated: 692
	1  -  MemoryUsage of job (MB)
	692  -  ResidentSetSize of job (KB)
...
006 (1128.000.000) 11/28 10:05:18 Image size of job updated: 45744
	33  -  MemoryUsage of job (MB)
	33504  -  ResidentSetSize of job (KB)
...
006 (1128.000.000) 11/28 10:10:21 Image size of job updated: 197532
	156  -  MemoryUsage of job (MB)
	158756  -  ResidentSetSize of job (KB)
...
006 (1128.000.000) 11/28 10:15:24 Image size of job updated: 206384
	164  -  MemoryUsage of job (MB)
	167608  -  ResidentSetSize of job (KB)
...
006 (1128.000.000) 11/28 10:50:25 Image size of job updated: 225736
	183  -  MemoryUsage of job (MB)
	186960  -  ResidentSetSize of job (KB)
...
006 (1128.000.000) 11/28 10:55:24 Image size of job updated: 228960
	186  -  MemoryUsage of job (MB)
	190184  -  ResidentSetSize of job (KB)
...
006 (1128.000.000) 11/28 11:00:25 Image size of job updated: 230912
	188  -  MemoryUsage of job (MB)
	192136  -  ResidentSetSize of job (KB)
...
006 (1128.000.000) 11/28 11:05:25 Image size of job updated: 231092
	188  -  MemoryUsage of job (MB)
	192316  -  ResidentSetSize of job (KB)
...
006 (1128.000.000) 11/28 11:30:28 Image size of job updated: 231160
	188  -  MemoryUsage of job (MB)
	192384  -  ResidentSetSize of job (KB)
...
005 (1128.000.000) 11/28 13:06:40 Job terminated.
	(1) Normal termination (return value 0)
		Usr 0 02:08:36, Sys 0 00:46:12  -  Run Remote Usage
		Usr 0 00:00:00, Sys 0 00:00:00  -  Run Local Usage
		Usr 0 02:08:36, Sys 0 00:46:12  -  Total Remote Usage
		Usr 0 00:00:00, Sys 0 00:00:00  -  Total Local Usage
	306538  -  Run Bytes Sent By Job
	1510  -  Run Bytes Received By Job
	306538  -  Total Bytes Sent By Job
	1510  -  Total Bytes Received By Job
	Partitionable Resources :    Usage  Request Allocated
	   Cpus                 :                 1         1
	   Disk (KB)            :  1769071        2    613114
	   Memory (MB)          :      188     2000      2000
...
