000 (1093.000.000) 11/28 09:38:55 Job submitted from host: <128.142.196.38:9618?addrs=128.142.196.38-9618+[2001-1458-301-e2--100-20]-9618&noUDP&sock=164236_d05c_3>
...
001 (1093.000.000) 11/28 09:39:10 Job executing on host: <188.185.187.198:9618?addrs=188.185.187.198-9618+[--1]-9618&noUDP&sock=25360_6dda_8>
...
006 (1093.000.000) 11/28 09:39:18 Image size of job updated: 684
	1  -  MemoryUsage of job (MB)
	684  -  ResidentSetSize of job (KB)
...
006 (1093.000.000) 11/28 09:59:19 Image size of job updated: 220664
	109  -  MemoryUsage of job (MB)
	111372  -  ResidentSetSize of job (KB)
...
006 (1093.000.000) 11/28 10:04:21 Image size of job updated: 337796
	223  -  MemoryUsage of job (MB)
	227708  -  ResidentSetSize of job (KB)
...
006 (1093.000.000) 11/28 10:09:21 Image size of job updated: 338136
	223  -  MemoryUsage of job (MB)
	228032  -  ResidentSetSize of job (KB)
...
006 (1093.000.000) 11/28 10:14:22 Image size of job updated: 339404
	224  -  MemoryUsage of job (MB)
	229132  -  ResidentSetSize of job (KB)
...
005 (1093.000.000) 11/28 10:15:31 Job terminated.
	(1) Normal termination (return value 0)
		Usr 0 00:16:24, Sys 0 00:00:08  -  Run Remote Usage
		Usr 0 00:00:00, Sys 0 00:00:00  -  Run Local Usage
		Usr 0 00:16:24, Sys 0 00:00:08  -  Total Remote Usage
		Usr 0 00:00:00, Sys 0 00:00:00  -  Total Local Usage
	300291  -  Run Bytes Sent By Job
	1510  -  Run Bytes Received By Job
	300291  -  Total Bytes Sent By Job
	1510  -  Total Bytes Received By Job
	Partitionable Resources :    Usage  Request Allocated
	   Cpus                 :                 1         1
	   Disk (KB)            :   881046        2   2126442
	   Memory (MB)          :      224     2000      2000
...
