000 (1213.000.000) 11/30 08:49:08 Job submitted from host: <128.142.196.38:9618?addrs=128.142.196.38-9618+[2001-1458-301-e2--100-20]-9618&noUDP&sock=164236_d05c_3>
...
001 (1213.000.000) 11/30 08:49:59 Job executing on host: <188.185.243.84:9618?addrs=188.185.243.84-9618+[--1]-9618&noUDP&sock=24889_5cbf_3>
...
006 (1213.000.000) 11/30 08:50:08 Image size of job updated: 660
	1  -  MemoryUsage of job (MB)
	660  -  ResidentSetSize of job (KB)
...
006 (1213.000.000) 11/30 08:55:10 Image size of job updated: 684
	1  -  MemoryUsage of job (MB)
	684  -  ResidentSetSize of job (KB)
...
005 (1213.000.000) 11/30 11:42:14 Job terminated.
	(1) Normal termination (return value 0)
		Usr 0 02:28:32, Sys 0 00:00:57  -  Run Remote Usage
		Usr 0 00:00:00, Sys 0 00:00:00  -  Run Local Usage
		Usr 0 02:28:32, Sys 0 00:00:57  -  Total Remote Usage
		Usr 0 00:00:00, Sys 0 00:00:00  -  Total Local Usage
	1567  -  Run Bytes Sent By Job
	296007  -  Run Bytes Received By Job
	1567  -  Total Bytes Sent By Job
	296007  -  Total Bytes Received By Job
...
