000 (980.000.000) 11/23 20:23:50 Job submitted from host: <128.142.196.38:9618?addrs=128.142.196.38-9618+[2001-1458-301-e2--100-20]-9618&noUDP&sock=164236_d05c_3>
...
001 (980.000.000) 11/23 20:24:35 Job executing on host: <188.185.174.157:9618?addrs=188.185.174.157-9618+[--1]-9618&noUDP&sock=3201_32bf_11>
...
006 (980.000.000) 11/23 20:24:43 Image size of job updated: 688
	1  -  MemoryUsage of job (MB)
	688  -  ResidentSetSize of job (KB)
...
006 (980.000.000) 11/23 20:34:44 Image size of job updated: 692
	1  -  MemoryUsage of job (MB)
	692  -  ResidentSetSize of job (KB)
...
006 (980.000.000) 11/23 20:44:45 Image size of job updated: 44456
	32  -  MemoryUsage of job (MB)
	32648  -  ResidentSetSize of job (KB)
...
006 (980.000.000) 11/23 20:49:46 Image size of job updated: 138396
	107  -  MemoryUsage of job (MB)
	109436  -  ResidentSetSize of job (KB)
...
006 (980.000.000) 11/23 20:54:46 Image size of job updated: 238812
	205  -  MemoryUsage of job (MB)
	209136  -  ResidentSetSize of job (KB)
...
006 (980.000.000) 11/23 20:59:47 Image size of job updated: 253452
	219  -  MemoryUsage of job (MB)
	223776  -  ResidentSetSize of job (KB)
...
006 (980.000.000) 11/23 21:04:47 Image size of job updated: 316084
	280  -  MemoryUsage of job (MB)
	286408  -  ResidentSetSize of job (KB)
...
006 (980.000.000) 11/23 21:09:48 Image size of job updated: 316668
	281  -  MemoryUsage of job (MB)
	286992  -  ResidentSetSize of job (KB)
...
005 (980.000.000) 11/23 21:14:00 Job terminated.
	(1) Normal termination (return value 0)
		Usr 0 00:27:13, Sys 0 00:00:16  -  Run Remote Usage
		Usr 0 00:00:00, Sys 0 00:00:00  -  Run Local Usage
		Usr 0 00:27:13, Sys 0 00:00:16  -  Total Remote Usage
		Usr 0 00:00:00, Sys 0 00:00:00  -  Total Local Usage
	300237  -  Run Bytes Sent By Job
	1510  -  Run Bytes Received By Job
	300237  -  Total Bytes Sent By Job
	1510  -  Total Bytes Received By Job
	Partitionable Resources :    Usage  Request Allocated
	   Cpus                 :                 1         1
	   Disk (KB)            :   800778        2    589297
	   Memory (MB)          :      281     2000      2000
...
