000 (1009.000.000) 11/23 20:24:12 Job submitted from host: <128.142.196.38:9618?addrs=128.142.196.38-9618+[2001-1458-301-e2--100-20]-9618&noUDP&sock=164236_d05c_3>
...
001 (1009.000.000) 11/23 20:24:57 Job executing on host: <188.185.142.55:9618?addrs=188.185.142.55-9618+[--1]-9618&noUDP&sock=24051_9062_3>
...
006 (1009.000.000) 11/23 20:25:05 Image size of job updated: 664
	1  -  MemoryUsage of job (MB)
	664  -  ResidentSetSize of job (KB)
...
006 (1009.000.000) 11/23 20:30:05 Image size of job updated: 688
	1  -  MemoryUsage of job (MB)
	688  -  ResidentSetSize of job (KB)
...
006 (1009.000.000) 11/23 20:35:06 Image size of job updated: 692
	1  -  MemoryUsage of job (MB)
	692  -  ResidentSetSize of job (KB)
...
006 (1009.000.000) 11/23 20:45:07 Image size of job updated: 29440
	23  -  MemoryUsage of job (MB)
	23028  -  ResidentSetSize of job (KB)
...
006 (1009.000.000) 11/23 20:50:08 Image size of job updated: 238160
	126  -  MemoryUsage of job (MB)
	128072  -  ResidentSetSize of job (KB)
...
006 (1009.000.000) 11/23 20:55:08 Image size of job updated: 271552
	157  -  MemoryUsage of job (MB)
	160648  -  ResidentSetSize of job (KB)
...
006 (1009.000.000) 11/23 21:00:08 Image size of job updated: 280720
	166  -  MemoryUsage of job (MB)
	169784  -  ResidentSetSize of job (KB)
...
006 (1009.000.000) 11/23 21:30:11 Image size of job updated: 280736
	166  -  MemoryUsage of job (MB)
	169784  -  ResidentSetSize of job (KB)
...
006 (1009.000.000) 11/23 22:05:15 Image size of job updated: 280768
	166  -  MemoryUsage of job (MB)
	169784  -  ResidentSetSize of job (KB)
...
006 (1009.000.000) 11/23 22:10:15 Image size of job updated: 319460
	204  -  MemoryUsage of job (MB)
	208476  -  ResidentSetSize of job (KB)
...
006 (1009.000.000) 11/23 22:20:16 Image size of job updated: 319640
	204  -  MemoryUsage of job (MB)
	208476  -  ResidentSetSize of job (KB)
...
005 (1009.000.000) 11/23 22:28:13 Job terminated.
	(1) Normal termination (return value 0)
		Usr 0 01:40:03, Sys 0 00:00:19  -  Run Remote Usage
		Usr 0 00:00:00, Sys 0 00:00:00  -  Run Local Usage
		Usr 0 01:40:03, Sys 0 00:00:19  -  Total Remote Usage
		Usr 0 00:00:00, Sys 0 00:00:00  -  Total Local Usage
	300564  -  Run Bytes Sent By Job
	1510  -  Run Bytes Received By Job
	300564  -  Total Bytes Sent By Job
	1510  -  Total Bytes Received By Job
	Partitionable Resources :    Usage  Request Allocated
	   Cpus                 :                 1         1
	   Disk (KB)            :  1150599        2   1980801
	   Memory (MB)          :      204     2000      2000
...
