000 (1059.000.000) 11/28 09:38:31 Job submitted from host: <128.142.196.38:9618?addrs=128.142.196.38-9618+[2001-1458-301-e2--100-20]-9618&noUDP&sock=164236_d05c_3>
...
022 (1059.000.000) 11/28 09:38:58 Job disconnected, attempting to reconnect
    Socket between submit and execute hosts closed unexpectedly
    Trying to reconnect to slot1_2@b641916926.cern.ch <188.185.180.233:9618?addrs=188.185.180.233-9618+[--1]-9618&noUDP&sock=23729_b2e3_13>
...
024 (1059.000.000) 11/28 09:38:58 Job reconnection failed
    Job not found at execution machine
    Can not reconnect to slot1_2@b641916926.cern.ch, rescheduling job
...
001 (1059.000.000) 11/28 09:39:18 Job executing on host: <188.185.128.231:9618?addrs=188.185.128.231-9618+[--1]-9618&noUDP&sock=24154_36a3_3>
...
006 (1059.000.000) 11/28 09:39:27 Image size of job updated: 668
	1  -  MemoryUsage of job (MB)
	664  -  ResidentSetSize of job (KB)
...
006 (1059.000.000) 11/28 09:44:27 Image size of job updated: 692
	1  -  MemoryUsage of job (MB)
	688  -  ResidentSetSize of job (KB)
...
006 (1059.000.000) 11/28 09:49:29 Image size of job updated: 696
	1  -  MemoryUsage of job (MB)
	692  -  ResidentSetSize of job (KB)
...
006 (1059.000.000) 11/28 10:04:31 Image size of job updated: 132160
	102  -  MemoryUsage of job (MB)
	104168  -  ResidentSetSize of job (KB)
...
006 (1059.000.000) 11/28 10:09:32 Image size of job updated: 234136
	202  -  MemoryUsage of job (MB)
	206144  -  ResidentSetSize of job (KB)
...
006 (1059.000.000) 11/28 10:14:31 Image size of job updated: 248856
	216  -  MemoryUsage of job (MB)
	220860  -  ResidentSetSize of job (KB)
...
005 (1059.000.000) 11/28 10:19:03 Job terminated.
	(1) Normal termination (return value 0)
		Usr 0 00:15:43, Sys 0 00:00:27  -  Run Remote Usage
		Usr 0 00:00:00, Sys 0 00:00:00  -  Run Local Usage
		Usr 0 00:15:43, Sys 0 00:00:27  -  Total Remote Usage
		Usr 0 00:00:00, Sys 0 00:00:00  -  Total Local Usage
	299938  -  Run Bytes Sent By Job
	1510  -  Run Bytes Received By Job
	299938  -  Total Bytes Sent By Job
	1510  -  Total Bytes Received By Job
	Partitionable Resources :    Usage  Request Allocated
	   Cpus                 :                 1         1
	   Disk (KB)            :   765778        2    610795
	   Memory (MB)          :      216     2000      2000
...
