000 (1014.000.000) 11/23 20:24:15 Job submitted from host: <128.142.196.38:9618?addrs=128.142.196.38-9618+[2001-1458-301-e2--100-20]-9618&noUDP&sock=164236_d05c_3>
...
001 (1014.000.000) 11/23 20:24:47 Job executing on host: <188.185.187.73:9618?addrs=188.185.187.73-9618+[--1]-9618&noUDP&sock=24323_2224_14>
...
006 (1014.000.000) 11/23 20:24:56 Image size of job updated: 664
	1  -  MemoryUsage of job (MB)
	664  -  ResidentSetSize of job (KB)
...
006 (1014.000.000) 11/23 20:29:57 Image size of job updated: 684
	1  -  MemoryUsage of job (MB)
	684  -  ResidentSetSize of job (KB)
...
006 (1014.000.000) 11/23 20:34:57 Image size of job updated: 688
	1  -  MemoryUsage of job (MB)
	688  -  ResidentSetSize of job (KB)
...
006 (1014.000.000) 11/23 20:44:58 Image size of job updated: 48984
	30  -  MemoryUsage of job (MB)
	29892  -  ResidentSetSize of job (KB)
...
006 (1014.000.000) 11/23 20:49:59 Image size of job updated: 275920
	162  -  MemoryUsage of job (MB)
	165444  -  ResidentSetSize of job (KB)
...
006 (1014.000.000) 11/23 20:54:59 Image size of job updated: 298560
	184  -  MemoryUsage of job (MB)
	188068  -  ResidentSetSize of job (KB)
...
006 (1014.000.000) 11/23 21:00:00 Image size of job updated: 301844
	187  -  MemoryUsage of job (MB)
	191348  -  ResidentSetSize of job (KB)
...
006 (1014.000.000) 11/23 21:30:03 Image size of job updated: 301936
	187  -  MemoryUsage of job (MB)
	191348  -  ResidentSetSize of job (KB)
...
006 (1014.000.000) 11/23 21:35:04 Image size of job updated: 302004
	187  -  MemoryUsage of job (MB)
	191396  -  ResidentSetSize of job (KB)
...
006 (1014.000.000) 11/23 21:55:07 Image size of job updated: 302032
	187  -  MemoryUsage of job (MB)
	191424  -  ResidentSetSize of job (KB)
...
005 (1014.000.000) 11/23 22:24:54 Job terminated.
	(1) Normal termination (return value 0)
		Usr 0 01:37:50, Sys 0 00:00:12  -  Run Remote Usage
		Usr 0 00:00:00, Sys 0 00:00:00  -  Run Local Usage
		Usr 0 01:37:50, Sys 0 00:00:12  -  Total Remote Usage
		Usr 0 00:00:00, Sys 0 00:00:00  -  Total Local Usage
	301779  -  Run Bytes Sent By Job
	1510  -  Run Bytes Received By Job
	301779  -  Total Bytes Sent By Job
	1510  -  Total Bytes Received By Job
	Partitionable Resources :    Usage  Request Allocated
	   Cpus                 :                 1         1
	   Disk (KB)            :  1675484        2   1948385
	   Memory (MB)          :      187     2000      2000
...
