000 (1242.000.000) 11/30 16:20:58 Job submitted from host: <128.142.196.38:9618?addrs=128.142.196.38-9618+[2001-1458-301-e2--100-20]-9618&noUDP&sock=164236_d05c_3>
...
001 (1242.000.000) 11/30 16:21:28 Job executing on host: <188.185.199.8:9618?addrs=188.185.199.8-9618+[--1]-9618&noUDP&sock=3114_d669_3>
...
006 (1242.000.000) 11/30 16:21:37 Image size of job updated: 668
	1  -  MemoryUsage of job (MB)
	668  -  ResidentSetSize of job (KB)
...
006 (1242.000.000) 11/30 16:26:38 Image size of job updated: 692
	1  -  MemoryUsage of job (MB)
	692  -  ResidentSetSize of job (KB)
...
006 (1242.000.000) 11/30 16:36:39 Image size of job updated: 696
	1  -  MemoryUsage of job (MB)
	696  -  ResidentSetSize of job (KB)
...
006 (1242.000.000) 11/30 16:41:40 Image size of job updated: 155628
	92  -  MemoryUsage of job (MB)
	93844  -  ResidentSetSize of job (KB)
...
006 (1242.000.000) 11/30 16:46:40 Image size of job updated: 172752
	104  -  MemoryUsage of job (MB)
	105976  -  ResidentSetSize of job (KB)
...
006 (1242.000.000) 11/30 16:51:40 Image size of job updated: 279940
	209  -  MemoryUsage of job (MB)
	213076  -  ResidentSetSize of job (KB)
...
006 (1242.000.000) 11/30 16:56:40 Image size of job updated: 287336
	216  -  MemoryUsage of job (MB)
	220472  -  ResidentSetSize of job (KB)
...
005 (1242.000.000) 11/30 17:02:09 Job terminated.
	(1) Normal termination (return value 0)
		Usr 0 00:19:57, Sys 0 00:00:35  -  Run Remote Usage
		Usr 0 00:00:00, Sys 0 00:00:00  -  Run Local Usage
		Usr 0 00:19:57, Sys 0 00:00:35  -  Total Remote Usage
		Usr 0 00:00:00, Sys 0 00:00:00  -  Total Local Usage
	293584  -  Run Bytes Sent By Job
	1567  -  Run Bytes Received By Job
	293584  -  Total Bytes Sent By Job
	1567  -  Total Bytes Received By Job
	Partitionable Resources :    Usage  Request Allocated
	   Cpus                 :                 1         1
	   Disk (KB)            :   873790        2    578539
	   Memory (MB)          :      216     2000      2000
...
