000 (986.000.000) 11/23 20:23:55 Job submitted from host: <128.142.196.38:9618?addrs=128.142.196.38-9618+[2001-1458-301-e2--100-20]-9618&noUDP&sock=164236_d05c_3>
...
001 (986.000.000) 11/23 20:24:37 Job executing on host: <188.185.189.83:9618?addrs=188.185.189.83-9618+[--1]-9618&noUDP&sock=1184964_a2ae_3>
...
006 (986.000.000) 11/23 20:24:45 Image size of job updated: 684
	1  -  MemoryUsage of job (MB)
	684  -  ResidentSetSize of job (KB)
...
006 (986.000.000) 11/23 20:34:46 Image size of job updated: 688
	1  -  MemoryUsage of job (MB)
	688  -  ResidentSetSize of job (KB)
...
006 (986.000.000) 11/23 20:49:47 Image size of job updated: 122676
	98  -  MemoryUsage of job (MB)
	99888  -  ResidentSetSize of job (KB)
...
006 (986.000.000) 11/23 20:54:48 Image size of job updated: 133740
	108  -  MemoryUsage of job (MB)
	110392  -  ResidentSetSize of job (KB)
...
006 (986.000.000) 11/23 20:59:48 Image size of job updated: 241280
	213  -  MemoryUsage of job (MB)
	217932  -  ResidentSetSize of job (KB)
...
006 (986.000.000) 11/23 21:04:49 Image size of job updated: 248464
	220  -  MemoryUsage of job (MB)
	225116  -  ResidentSetSize of job (KB)
...
006 (986.000.000) 11/23 21:09:49 Image size of job updated: 308860
	279  -  MemoryUsage of job (MB)
	285276  -  ResidentSetSize of job (KB)
...
006 (986.000.000) 11/23 21:14:50 Image size of job updated: 309024
	279  -  MemoryUsage of job (MB)
	285440  -  ResidentSetSize of job (KB)
...
005 (986.000.000) 11/23 21:18:56 Job terminated.
	(1) Normal termination (return value 0)
		Usr 0 00:28:05, Sys 0 00:02:37  -  Run Remote Usage
		Usr 0 00:00:00, Sys 0 00:00:00  -  Run Local Usage
		Usr 0 00:28:05, Sys 0 00:02:37  -  Total Remote Usage
		Usr 0 00:00:00, Sys 0 00:00:00  -  Total Local Usage
	300452  -  Run Bytes Sent By Job
	1510  -  Run Bytes Received By Job
	300452  -  Total Bytes Sent By Job
	1510  -  Total Bytes Received By Job
	Partitionable Resources :    Usage  Request Allocated
	   Cpus                 :                 1         1
	   Disk (KB)            :   803203        2    582745
	   Memory (MB)          :      279     2000      2000
...
