000 (1077.000.000) 11/28 09:38:44 Job submitted from host: <128.142.196.38:9618?addrs=128.142.196.38-9618+[2001-1458-301-e2--100-20]-9618&noUDP&sock=164236_d05c_3>
...
001 (1077.000.000) 11/28 09:39:25 Job executing on host: <188.185.189.181:9618?addrs=188.185.189.181-9618+[--1]-9618&noUDP&sock=2723_9c95_3>
...
006 (1077.000.000) 11/28 09:39:34 Image size of job updated: 668
	1  -  MemoryUsage of job (MB)
	664  -  ResidentSetSize of job (KB)
...
006 (1077.000.000) 11/28 09:44:34 Image size of job updated: 692
	1  -  MemoryUsage of job (MB)
	688  -  ResidentSetSize of job (KB)
...
006 (1077.000.000) 11/28 10:09:38 Image size of job updated: 134760
	78  -  MemoryUsage of job (MB)
	78912  -  ResidentSetSize of job (KB)
...
006 (1077.000.000) 11/28 10:14:38 Image size of job updated: 272992
	205  -  MemoryUsage of job (MB)
	208904  -  ResidentSetSize of job (KB)
...
006 (1077.000.000) 11/28 10:19:38 Image size of job updated: 288788
	220  -  MemoryUsage of job (MB)
	224700  -  ResidentSetSize of job (KB)
...
006 (1077.000.000) 11/28 10:24:39 Image size of job updated: 348120
	278  -  MemoryUsage of job (MB)
	284032  -  ResidentSetSize of job (KB)
...
006 (1077.000.000) 11/28 10:29:39 Image size of job updated: 348732
	278  -  MemoryUsage of job (MB)
	284644  -  ResidentSetSize of job (KB)
...
006 (1077.000.000) 11/28 10:34:39 Image size of job updated: 349840
	279  -  MemoryUsage of job (MB)
	285684  -  ResidentSetSize of job (KB)
...
005 (1077.000.000) 11/28 10:35:14 Job terminated.
	(1) Normal termination (return value 0)
		Usr 0 00:24:40, Sys 0 00:05:57  -  Run Remote Usage
		Usr 0 00:00:00, Sys 0 00:00:00  -  Run Local Usage
		Usr 0 00:24:40, Sys 0 00:05:57  -  Total Remote Usage
		Usr 0 00:00:00, Sys 0 00:00:00  -  Total Local Usage
	300363  -  Run Bytes Sent By Job
	1510  -  Run Bytes Received By Job
	300363  -  Total Bytes Sent By Job
	1510  -  Total Bytes Received By Job
	Partitionable Resources :    Usage  Request Allocated
	   Cpus                 :                 1         1
	   Disk (KB)            :   880437        2    610473
	   Memory (MB)          :      279     2000      2000
...
