000 (1309.000.000) 11/30 16:21:57 Job submitted from host: <128.142.196.38:9618?addrs=128.142.196.38-9618+[2001-1458-301-e2--100-20]-9618&noUDP&sock=164236_d05c_3>
...
001 (1309.000.000) 11/30 16:22:19 Job executing on host: <188.185.178.199:9618?addrs=188.185.178.199-9618+[--1]-9618&noUDP&sock=32414_3352_3>
...
006 (1309.000.000) 11/30 16:22:28 Image size of job updated: 688
	1  -  MemoryUsage of job (MB)
	688  -  ResidentSetSize of job (KB)
...
006 (1309.000.000) 11/30 16:32:30 Image size of job updated: 692
	1  -  MemoryUsage of job (MB)
	692  -  ResidentSetSize of job (KB)
...
006 (1309.000.000) 11/30 16:37:31 Image size of job updated: 696
	1  -  MemoryUsage of job (MB)
	696  -  ResidentSetSize of job (KB)
...
006 (1309.000.000) 11/30 16:42:33 Image size of job updated: 11912
	8  -  MemoryUsage of job (MB)
	8164  -  ResidentSetSize of job (KB)
...
006 (1309.000.000) 11/30 16:47:32 Image size of job updated: 213744
	153  -  MemoryUsage of job (MB)
	156392  -  ResidentSetSize of job (KB)
...
006 (1309.000.000) 11/30 16:52:33 Image size of job updated: 221312
	160  -  MemoryUsage of job (MB)
	163244  -  ResidentSetSize of job (KB)
...
006 (1309.000.000) 11/30 16:57:34 Image size of job updated: 221320
	160  -  MemoryUsage of job (MB)
	163244  -  ResidentSetSize of job (KB)
...
006 (1309.000.000) 11/30 17:07:34 Image size of job updated: 222728
	161  -  MemoryUsage of job (MB)
	164652  -  ResidentSetSize of job (KB)
...
006 (1309.000.000) 11/30 17:12:34 Image size of job updated: 222736
	161  -  MemoryUsage of job (MB)
	164652  -  ResidentSetSize of job (KB)
...
006 (1309.000.000) 11/30 18:52:45 Image size of job updated: 224660
	165  -  MemoryUsage of job (MB)
	168036  -  ResidentSetSize of job (KB)
...
005 (1309.000.000) 11/30 19:35:39 Job terminated.
	(1) Normal termination (return value 0)
		Usr 0 02:48:16, Sys 0 00:04:47  -  Run Remote Usage
		Usr 0 00:00:00, Sys 0 00:00:00  -  Run Local Usage
		Usr 0 02:48:16, Sys 0 00:04:47  -  Total Remote Usage
		Usr 0 00:00:00, Sys 0 00:00:00  -  Total Local Usage
	296598  -  Run Bytes Sent By Job
	1567  -  Run Bytes Received By Job
	296598  -  Total Bytes Sent By Job
	1567  -  Total Bytes Received By Job
	Partitionable Resources :    Usage  Request Allocated
	   Cpus                 :                 1         1
	   Disk (KB)            :  1959230        2    580529
	   Memory (MB)          :      165     2000      2000
...
