000 (1002.000.000) 11/23 20:24:07 Job submitted from host: <128.142.196.38:9618?addrs=128.142.196.38-9618+[2001-1458-301-e2--100-20]-9618&noUDP&sock=164236_d05c_3>
...
001 (1002.000.000) 11/23 20:24:52 Job executing on host: <188.185.243.87:9618?addrs=188.185.243.87-9618+[--1]-9618&noUDP&sock=26655_b100_9>
...
006 (1002.000.000) 11/23 20:25:01 Image size of job updated: 660
	1  -  MemoryUsage of job (MB)
	660  -  ResidentSetSize of job (KB)
...
006 (1002.000.000) 11/23 20:30:01 Image size of job updated: 684
	1  -  MemoryUsage of job (MB)
	684  -  ResidentSetSize of job (KB)
...
006 (1002.000.000) 11/23 20:35:01 Image size of job updated: 688
	1  -  MemoryUsage of job (MB)
	688  -  ResidentSetSize of job (KB)
...
006 (1002.000.000) 11/23 20:45:02 Image size of job updated: 13304
	8  -  MemoryUsage of job (MB)
	7568  -  ResidentSetSize of job (KB)
...
006 (1002.000.000) 11/23 20:50:03 Image size of job updated: 238232
	126  -  MemoryUsage of job (MB)
	128860  -  ResidentSetSize of job (KB)
...
006 (1002.000.000) 11/23 20:55:03 Image size of job updated: 275508
	162  -  MemoryUsage of job (MB)
	165288  -  ResidentSetSize of job (KB)
...
006 (1002.000.000) 11/23 21:00:03 Image size of job updated: 284940
	171  -  MemoryUsage of job (MB)
	174720  -  ResidentSetSize of job (KB)
...
006 (1002.000.000) 11/23 21:05:04 Image size of job updated: 285276
	171  -  MemoryUsage of job (MB)
	175040  -  ResidentSetSize of job (KB)
...
006 (1002.000.000) 11/23 21:25:06 Image size of job updated: 285472
	171  -  MemoryUsage of job (MB)
	175040  -  ResidentSetSize of job (KB)
...
006 (1002.000.000) 11/23 21:35:07 Image size of job updated: 285480
	171  -  MemoryUsage of job (MB)
	175040  -  ResidentSetSize of job (KB)
...
006 (1002.000.000) 11/23 21:40:08 Image size of job updated: 285516
	171  -  MemoryUsage of job (MB)
	175040  -  ResidentSetSize of job (KB)
...
006 (1002.000.000) 11/23 22:10:11 Image size of job updated: 285520
	171  -  MemoryUsage of job (MB)
	175040  -  ResidentSetSize of job (KB)
...
005 (1002.000.000) 11/23 22:18:16 Job terminated.
	(1) Normal termination (return value 0)
		Usr 0 01:28:37, Sys 0 00:00:38  -  Run Remote Usage
		Usr 0 00:00:00, Sys 0 00:00:00  -  Run Local Usage
		Usr 0 01:28:37, Sys 0 00:00:38  -  Total Remote Usage
		Usr 0 00:00:00, Sys 0 00:00:00  -  Total Local Usage
	300780  -  Run Bytes Sent By Job
	1510  -  Run Bytes Received By Job
	300780  -  Total Bytes Sent By Job
	1510  -  Total Bytes Received By Job
	Partitionable Resources :    Usage  Request Allocated
	   Cpus                 :                 1         1
	   Disk (KB)            :  1145826        2    582848
	   Memory (MB)          :      171     2000      2000
...
