000 (1241.000.000) 11/30 16:20:57 Job submitted from host: <128.142.196.38:9618?addrs=128.142.196.38-9618+[2001-1458-301-e2--100-20]-9618&noUDP&sock=164236_d05c_3>
...
001 (1241.000.000) 11/30 16:21:34 Job executing on host: <188.185.198.12:9618?addrs=188.185.198.12-9618+[--1]-9618&noUDP&sock=25289_0b09_3>
...
006 (1241.000.000) 11/30 16:21:43 Image size of job updated: 680
	1  -  MemoryUsage of job (MB)
	664  -  ResidentSetSize of job (KB)
...
006 (1241.000.000) 11/30 16:26:45 Image size of job updated: 704
	1  -  MemoryUsage of job (MB)
	688  -  ResidentSetSize of job (KB)
...
006 (1241.000.000) 11/30 16:31:45 Image size of job updated: 708
	1  -  MemoryUsage of job (MB)
	692  -  ResidentSetSize of job (KB)
...
006 (1241.000.000) 11/30 16:36:46 Image size of job updated: 708
	1  -  MemoryUsage of job (MB)
	696  -  ResidentSetSize of job (KB)
...
006 (1241.000.000) 11/30 16:41:46 Image size of job updated: 16380
	15  -  MemoryUsage of job (MB)
	15076  -  ResidentSetSize of job (KB)
...
006 (1241.000.000) 11/30 16:46:48 Image size of job updated: 139068
	102  -  MemoryUsage of job (MB)
	103648  -  ResidentSetSize of job (KB)
...
006 (1241.000.000) 11/30 16:51:48 Image size of job updated: 240284
	201  -  MemoryUsage of job (MB)
	204864  -  ResidentSetSize of job (KB)
...
006 (1241.000.000) 11/30 16:56:48 Image size of job updated: 255800
	216  -  MemoryUsage of job (MB)
	220380  -  ResidentSetSize of job (KB)
...
005 (1241.000.000) 11/30 17:07:57 Job terminated.
	(1) Normal termination (return value 0)
		Usr 0 00:22:02, Sys 0 00:00:38  -  Run Remote Usage
		Usr 0 00:00:00, Sys 0 00:00:00  -  Run Local Usage
		Usr 0 00:22:02, Sys 0 00:00:38  -  Total Remote Usage
		Usr 0 00:00:00, Sys 0 00:00:00  -  Total Local Usage
	294307  -  Run Bytes Sent By Job
	1567  -  Run Bytes Received By Job
	294307  -  Total Bytes Sent By Job
	1567  -  Total Bytes Received By Job
	Partitionable Resources :    Usage  Request Allocated
	   Cpus                 :                 1         1
	   Disk (KB)            :   873848        2    590982
	   Memory (MB)          :      216     2000      2000
...
