000 (1091.000.000) 11/28 09:38:54 Job submitted from host: <128.142.196.38:9618?addrs=128.142.196.38-9618+[2001-1458-301-e2--100-20]-9618&noUDP&sock=164236_d05c_3>
...
001 (1091.000.000) 11/28 09:39:13 Job executing on host: <188.185.187.206:9618?addrs=188.185.187.206-9618+[--1]-9618&noUDP&sock=25451_d8f9_3>
...
006 (1091.000.000) 11/28 09:39:22 Image size of job updated: 684
	1  -  MemoryUsage of job (MB)
	684  -  ResidentSetSize of job (KB)
...
006 (1091.000.000) 11/28 09:49:24 Image size of job updated: 688
	1  -  MemoryUsage of job (MB)
	688  -  ResidentSetSize of job (KB)
...
006 (1091.000.000) 11/28 09:59:25 Image size of job updated: 217892
	107  -  MemoryUsage of job (MB)
	108596  -  ResidentSetSize of job (KB)
...
006 (1091.000.000) 11/28 10:04:26 Image size of job updated: 333836
	219  -  MemoryUsage of job (MB)
	223772  -  ResidentSetSize of job (KB)
...
006 (1091.000.000) 11/28 10:09:26 Image size of job updated: 334900
	220  -  MemoryUsage of job (MB)
	224812  -  ResidentSetSize of job (KB)
...
006 (1091.000.000) 11/28 10:14:27 Image size of job updated: 335480
	220  -  MemoryUsage of job (MB)
	225228  -  ResidentSetSize of job (KB)
...
005 (1091.000.000) 11/28 10:16:07 Job terminated.
	(1) Normal termination (return value 0)
		Usr 0 00:16:59, Sys 0 00:00:08  -  Run Remote Usage
		Usr 0 00:00:00, Sys 0 00:00:00  -  Run Local Usage
		Usr 0 00:16:59, Sys 0 00:00:08  -  Total Remote Usage
		Usr 0 00:00:00, Sys 0 00:00:00  -  Total Local Usage
	300293  -  Run Bytes Sent By Job
	1510  -  Run Bytes Received By Job
	300293  -  Total Bytes Sent By Job
	1510  -  Total Bytes Received By Job
	Partitionable Resources :    Usage  Request Allocated
	   Cpus                 :                 1         1
	   Disk (KB)            :   850786        2   2119166
	   Memory (MB)          :      220     2000      2000
...
