000 (1090.000.000) 11/28 09:38:53 Job submitted from host: <128.142.196.38:9618?addrs=128.142.196.38-9618+[2001-1458-301-e2--100-20]-9618&noUDP&sock=164236_d05c_3>
...
001 (1090.000.000) 11/28 09:39:09 Job executing on host: <188.185.187.199:9618?addrs=188.185.187.199-9618+[--1]-9618&noUDP&sock=25571_2856_13>
...
006 (1090.000.000) 11/28 09:39:18 Image size of job updated: 688
	1  -  MemoryUsage of job (MB)
	688  -  ResidentSetSize of job (KB)
...
006 (1090.000.000) 11/28 09:44:19 Image size of job updated: 692
	1  -  MemoryUsage of job (MB)
	692  -  ResidentSetSize of job (KB)
...
006 (1090.000.000) 11/28 09:59:22 Image size of job updated: 221432
	110  -  MemoryUsage of job (MB)
	112112  -  ResidentSetSize of job (KB)
...
006 (1090.000.000) 11/28 10:04:22 Image size of job updated: 397644
	281  -  MemoryUsage of job (MB)
	287432  -  ResidentSetSize of job (KB)
...
006 (1090.000.000) 11/28 10:09:24 Image size of job updated: 398528
	282  -  MemoryUsage of job (MB)
	288412  -  ResidentSetSize of job (KB)
...
006 (1090.000.000) 11/28 10:14:24 Image size of job updated: 398528
	282  -  MemoryUsage of job (MB)
	288648  -  ResidentSetSize of job (KB)
...
005 (1090.000.000) 11/28 10:15:45 Job terminated.
	(1) Normal termination (return value 0)
		Usr 0 00:16:41, Sys 0 00:00:08  -  Run Remote Usage
		Usr 0 00:00:00, Sys 0 00:00:00  -  Run Local Usage
		Usr 0 00:16:41, Sys 0 00:00:08  -  Total Remote Usage
		Usr 0 00:00:00, Sys 0 00:00:00  -  Total Local Usage
	300372  -  Run Bytes Sent By Job
	1510  -  Run Bytes Received By Job
	300372  -  Total Bytes Sent By Job
	1510  -  Total Bytes Received By Job
	Partitionable Resources :    Usage  Request Allocated
	   Cpus                 :                 1         1
	   Disk (KB)            :   854410        2   2126582
	   Memory (MB)          :      282     2000      2000
...
