000 (1282.000.000) 11/30 16:21:32 Job submitted from host: <128.142.196.38:9618?addrs=128.142.196.38-9618+[2001-1458-301-e2--100-20]-9618&noUDP&sock=164236_d05c_3>
...
001 (1282.000.000) 11/30 16:22:11 Job executing on host: <188.185.189.83:9618?addrs=188.185.189.83-9618+[--1]-9618&noUDP&sock=1184964_a2ae_3>
...
006 (1282.000.000) 11/30 16:22:20 Image size of job updated: 684
	1  -  MemoryUsage of job (MB)
	684  -  ResidentSetSize of job (KB)
...
006 (1282.000.000) 11/30 16:27:21 Image size of job updated: 688
	1  -  MemoryUsage of job (MB)
	688  -  ResidentSetSize of job (KB)
...
006 (1282.000.000) 11/30 16:32:22 Image size of job updated: 692
	1  -  MemoryUsage of job (MB)
	692  -  ResidentSetSize of job (KB)
...
006 (1282.000.000) 11/30 16:42:23 Image size of job updated: 148260
	122  -  MemoryUsage of job (MB)
	124412  -  ResidentSetSize of job (KB)
...
006 (1282.000.000) 11/30 16:47:24 Image size of job updated: 176248
	149  -  MemoryUsage of job (MB)
	152400  -  ResidentSetSize of job (KB)
...
006 (1282.000.000) 11/30 16:52:24 Image size of job updated: 182492
	155  -  MemoryUsage of job (MB)
	158488  -  ResidentSetSize of job (KB)
...
006 (1282.000.000) 11/30 17:07:26 Image size of job updated: 184144
	157  -  MemoryUsage of job (MB)
	160128  -  ResidentSetSize of job (KB)
...
006 (1282.000.000) 11/30 18:12:31 Image size of job updated: 184148
	157  -  MemoryUsage of job (MB)
	160132  -  ResidentSetSize of job (KB)
...
005 (1282.000.000) 11/30 18:12:40 Job terminated.
	(1) Normal termination (return value 0)
		Usr 0 01:29:55, Sys 0 00:00:22  -  Run Remote Usage
		Usr 0 00:00:00, Sys 0 00:00:00  -  Run Local Usage
		Usr 0 01:29:55, Sys 0 00:00:22  -  Total Remote Usage
		Usr 0 00:00:00, Sys 0 00:00:00  -  Total Local Usage
	293916  -  Run Bytes Sent By Job
	1567  -  Run Bytes Received By Job
	293916  -  Total Bytes Sent By Job
	1567  -  Total Bytes Received By Job
	Partitionable Resources :    Usage  Request Allocated
	   Cpus                 :                 1         1
	   Disk (KB)            :  1361053        2    591311
	   Memory (MB)          :      157     2000      2000
...
