000 (1024.000.000) 11/23 20:24:23 Job submitted from host: <128.142.196.38:9618?addrs=128.142.196.38-9618+[2001-1458-301-e2--100-20]-9618&noUDP&sock=164236_d05c_3>
...
001 (1024.000.000) 11/23 20:24:50 Job executing on host: <188.185.187.61:9618?addrs=188.185.187.61-9618+[--1]-9618&noUDP&sock=24655_db96_13>
...
006 (1024.000.000) 11/23 20:24:59 Image size of job updated: 656
	1  -  MemoryUsage of job (MB)
	656  -  ResidentSetSize of job (KB)
...
006 (1024.000.000) 11/23 20:29:59 Image size of job updated: 680
	1  -  MemoryUsage of job (MB)
	680  -  ResidentSetSize of job (KB)
...
006 (1024.000.000) 11/23 20:34:59 Image size of job updated: 684
	1  -  MemoryUsage of job (MB)
	684  -  ResidentSetSize of job (KB)
...
006 (1024.000.000) 11/23 20:45:00 Image size of job updated: 48784
	30  -  MemoryUsage of job (MB)
	29788  -  ResidentSetSize of job (KB)
...
006 (1024.000.000) 11/23 20:50:01 Image size of job updated: 276736
	163  -  MemoryUsage of job (MB)
	166608  -  ResidentSetSize of job (KB)
...
006 (1024.000.000) 11/23 20:55:01 Image size of job updated: 281096
	167  -  MemoryUsage of job (MB)
	170852  -  ResidentSetSize of job (KB)
...
006 (1024.000.000) 11/23 21:00:02 Image size of job updated: 309756
	195  -  MemoryUsage of job (MB)
	199276  -  ResidentSetSize of job (KB)
...
006 (1024.000.000) 11/23 21:35:05 Image size of job updated: 309760
	195  -  MemoryUsage of job (MB)
	199276  -  ResidentSetSize of job (KB)
...
006 (1024.000.000) 11/23 22:10:09 Image size of job updated: 309784
	195  -  MemoryUsage of job (MB)
	199276  -  ResidentSetSize of job (KB)
...
006 (1024.000.000) 11/23 22:15:10 Image size of job updated: 309788
	195  -  MemoryUsage of job (MB)
	199276  -  ResidentSetSize of job (KB)
...
006 (1024.000.000) 11/23 22:20:10 Image size of job updated: 309792
	195  -  MemoryUsage of job (MB)
	199276  -  ResidentSetSize of job (KB)
...
005 (1024.000.000) 11/23 22:24:14 Job terminated.
	(1) Normal termination (return value 0)
		Usr 0 01:36:38, Sys 0 00:00:11  -  Run Remote Usage
		Usr 0 00:00:00, Sys 0 00:00:00  -  Run Local Usage
		Usr 0 01:36:38, Sys 0 00:00:11  -  Total Remote Usage
		Usr 0 00:00:00, Sys 0 00:00:00  -  Total Local Usage
	303116  -  Run Bytes Sent By Job
	1510  -  Run Bytes Received By Job
	303116  -  Total Bytes Sent By Job
	1510  -  Total Bytes Received By Job
	Partitionable Resources :    Usage  Request Allocated
	   Cpus                 :                 1         1
	   Disk (KB)            :  1684212        2   1947249
	   Memory (MB)          :      195     2000      2000
...
