000 (995.000.000) 11/23 20:24:02 Job submitted from host: <128.142.196.38:9618?addrs=128.142.196.38-9618+[2001-1458-301-e2--100-20]-9618&noUDP&sock=164236_d05c_3>
...
001 (995.000.000) 11/23 20:24:45 Job executing on host: <188.185.192.198:9618?addrs=188.185.192.198-9618+[--1]-9618&noUDP&sock=23993_c7e4_3>
...
006 (995.000.000) 11/23 20:24:54 Image size of job updated: 664
	1  -  MemoryUsage of job (MB)
	660  -  ResidentSetSize of job (KB)
...
006 (995.000.000) 11/23 20:29:55 Image size of job updated: 688
	1  -  MemoryUsage of job (MB)
	684  -  ResidentSetSize of job (KB)
...
006 (995.000.000) 11/23 20:39:56 Image size of job updated: 688
	1  -  MemoryUsage of job (MB)
	688  -  ResidentSetSize of job (KB)
...
006 (995.000.000) 11/23 20:49:56 Image size of job updated: 49252
	30  -  MemoryUsage of job (MB)
	30036  -  ResidentSetSize of job (KB)
...
006 (995.000.000) 11/23 20:54:58 Image size of job updated: 239500
	127  -  MemoryUsage of job (MB)
	129600  -  ResidentSetSize of job (KB)
...
006 (995.000.000) 11/23 20:59:57 Image size of job updated: 277456
	163  -  MemoryUsage of job (MB)
	166800  -  ResidentSetSize of job (KB)
...
006 (995.000.000) 11/23 21:04:58 Image size of job updated: 279312
	165  -  MemoryUsage of job (MB)
	168652  -  ResidentSetSize of job (KB)
...
006 (995.000.000) 11/23 21:09:59 Image size of job updated: 279504
	165  -  MemoryUsage of job (MB)
	168832  -  ResidentSetSize of job (KB)
...
006 (995.000.000) 11/23 21:14:58 Image size of job updated: 279812
	166  -  MemoryUsage of job (MB)
	169140  -  ResidentSetSize of job (KB)
...
006 (995.000.000) 11/23 21:19:58 Image size of job updated: 279820
	166  -  MemoryUsage of job (MB)
	169140  -  ResidentSetSize of job (KB)
...
006 (995.000.000) 11/23 21:24:59 Image size of job updated: 279924
	166  -  MemoryUsage of job (MB)
	169244  -  ResidentSetSize of job (KB)
...
006 (995.000.000) 11/23 21:34:59 Image size of job updated: 319756
	205  -  MemoryUsage of job (MB)
	209076  -  ResidentSetSize of job (KB)
...
006 (995.000.000) 11/23 21:55:02 Image size of job updated: 319772
	205  -  MemoryUsage of job (MB)
	209076  -  ResidentSetSize of job (KB)
...
006 (995.000.000) 11/23 22:15:04 Image size of job updated: 319836
	205  -  MemoryUsage of job (MB)
	209076  -  ResidentSetSize of job (KB)
...
005 (995.000.000) 11/23 22:27:52 Job terminated.
	(1) Normal termination (return value 0)
		Usr 0 01:34:47, Sys 0 00:00:30  -  Run Remote Usage
		Usr 0 00:00:00, Sys 0 00:00:00  -  Run Local Usage
		Usr 0 01:34:47, Sys 0 00:00:30  -  Total Remote Usage
		Usr 0 00:00:00, Sys 0 00:00:00  -  Total Local Usage
	300868  -  Run Bytes Sent By Job
	1510  -  Run Bytes Received By Job
	300868  -  Total Bytes Sent By Job
	1510  -  Total Bytes Received By Job
	Partitionable Resources :    Usage  Request Allocated
	   Cpus                 :                 1         1
	   Disk (KB)            :  1158204        2    586594
	   Memory (MB)          :      205     2000      2000
...
