000 (1255.000.000) 11/30 16:21:09 Job submitted from host: <128.142.196.38:9618?addrs=128.142.196.38-9618+[2001-1458-301-e2--100-20]-9618&noUDP&sock=164236_d05c_3>
...
001 (1255.000.000) 11/30 16:21:31 Job executing on host: <188.185.179.70:9618?addrs=188.185.179.70-9618+[--1]-9618&noUDP&sock=28934_35be_3>
...
006 (1255.000.000) 11/30 16:21:41 Image size of job updated: 656
	1  -  MemoryUsage of job (MB)
	656  -  ResidentSetSize of job (KB)
...
006 (1255.000.000) 11/30 16:26:41 Image size of job updated: 680
	1  -  MemoryUsage of job (MB)
	680  -  ResidentSetSize of job (KB)
...
006 (1255.000.000) 11/30 16:31:42 Image size of job updated: 684
	1  -  MemoryUsage of job (MB)
	684  -  ResidentSetSize of job (KB)
...
006 (1255.000.000) 11/30 16:36:42 Image size of job updated: 688
	1  -  MemoryUsage of job (MB)
	688  -  ResidentSetSize of job (KB)
...
006 (1255.000.000) 11/30 16:41:43 Image size of job updated: 139044
	94  -  MemoryUsage of job (MB)
	95268  -  ResidentSetSize of job (KB)
...
006 (1255.000.000) 11/30 16:46:43 Image size of job updated: 237560
	185  -  MemoryUsage of job (MB)
	188564  -  ResidentSetSize of job (KB)
...
006 (1255.000.000) 11/30 16:51:44 Image size of job updated: 251480
	198  -  MemoryUsage of job (MB)
	202484  -  ResidentSetSize of job (KB)
...
006 (1255.000.000) 11/30 16:56:44 Image size of job updated: 252880
	200  -  MemoryUsage of job (MB)
	203880  -  ResidentSetSize of job (KB)
...
006 (1255.000.000) 11/30 17:06:46 Image size of job updated: 253352
	200  -  MemoryUsage of job (MB)
	204352  -  ResidentSetSize of job (KB)
...
006 (1255.000.000) 11/30 17:16:47 Image size of job updated: 254088
	201  -  MemoryUsage of job (MB)
	205088  -  ResidentSetSize of job (KB)
...
005 (1255.000.000) 11/30 17:17:57 Job terminated.
	(1) Normal termination (return value 0)
		Usr 0 00:35:39, Sys 0 00:01:39  -  Run Remote Usage
		Usr 0 00:00:00, Sys 0 00:00:00  -  Run Local Usage
		Usr 0 00:35:39, Sys 0 00:01:39  -  Total Remote Usage
		Usr 0 00:00:00, Sys 0 00:00:00  -  Total Local Usage
	293660  -  Run Bytes Sent By Job
	1567  -  Run Bytes Received By Job
	293660  -  Total Bytes Sent By Job
	1567  -  Total Bytes Received By Job
	Partitionable Resources :    Usage  Request Allocated
	   Cpus                 :                 1         1
	   Disk (KB)            :   991029        2    582966
	   Memory (MB)          :      201     2000      2000
...
