000 (1257.000.000) 11/30 16:21:11 Job submitted from host: <128.142.196.38:9618?addrs=128.142.196.38-9618+[2001-1458-301-e2--100-20]-9618&noUDP&sock=164236_d05c_3>
...
001 (1257.000.000) 11/30 16:21:28 Job executing on host: <188.185.195.201:9618?addrs=188.185.195.201-9618+[--1]-9618&noUDP&sock=30996_419f_3>
...
006 (1257.000.000) 11/30 16:21:37 Image size of job updated: 668
	1  -  MemoryUsage of job (MB)
	668  -  ResidentSetSize of job (KB)
...
006 (1257.000.000) 11/30 16:26:38 Image size of job updated: 692
	1  -  MemoryUsage of job (MB)
	692  -  ResidentSetSize of job (KB)
...
006 (1257.000.000) 11/30 16:36:39 Image size of job updated: 696
	1  -  MemoryUsage of job (MB)
	696  -  ResidentSetSize of job (KB)
...
006 (1257.000.000) 11/30 16:41:39 Image size of job updated: 64456
	31  -  MemoryUsage of job (MB)
	31140  -  ResidentSetSize of job (KB)
...
006 (1257.000.000) 11/30 16:46:40 Image size of job updated: 218240
	107  -  MemoryUsage of job (MB)
	108908  -  ResidentSetSize of job (KB)
...
006 (1257.000.000) 11/30 16:51:41 Image size of job updated: 300128
	186  -  MemoryUsage of job (MB)
	189984  -  ResidentSetSize of job (KB)
...
006 (1257.000.000) 11/30 16:56:42 Image size of job updated: 314308
	200  -  MemoryUsage of job (MB)
	204140  -  ResidentSetSize of job (KB)
...
006 (1257.000.000) 11/30 17:01:42 Image size of job updated: 314768
	200  -  MemoryUsage of job (MB)
	204600  -  ResidentSetSize of job (KB)
...
006 (1257.000.000) 11/30 17:06:43 Image size of job updated: 314772
	200  -  MemoryUsage of job (MB)
	204604  -  ResidentSetSize of job (KB)
...
006 (1257.000.000) 11/30 17:11:44 Image size of job updated: 314804
	200  -  MemoryUsage of job (MB)
	204620  -  ResidentSetSize of job (KB)
...
005 (1257.000.000) 11/30 17:28:17 Job terminated.
	(1) Normal termination (return value 0)
		Usr 0 00:42:54, Sys 0 00:00:27  -  Run Remote Usage
		Usr 0 00:00:00, Sys 0 00:00:00  -  Run Local Usage
		Usr 0 00:42:54, Sys 0 00:00:27  -  Total Remote Usage
		Usr 0 00:00:00, Sys 0 00:00:00  -  Total Local Usage
	294198  -  Run Bytes Sent By Job
	1567  -  Run Bytes Received By Job
	294198  -  Total Bytes Sent By Job
	1567  -  Total Bytes Received By Job
	Partitionable Resources :    Usage  Request Allocated
	   Cpus                 :                 1         1
	   Disk (KB)            :  1000235        2    592678
	   Memory (MB)          :      200     2000      2000
...
