000 (1011.000.000) 11/23 20:24:14 Job submitted from host: <128.142.196.38:9618?addrs=128.142.196.38-9618+[2001-1458-301-e2--100-20]-9618&noUDP&sock=164236_d05c_3>
...
001 (1011.000.000) 11/23 20:24:49 Job executing on host: <188.185.187.45:9618?addrs=188.185.187.45-9618+[--1]-9618&noUDP&sock=24724_2f9f_3>
...
006 (1011.000.000) 11/23 20:24:58 Image size of job updated: 684
	1  -  MemoryUsage of job (MB)
	684  -  ResidentSetSize of job (KB)
...
006 (1011.000.000) 11/23 20:35:00 Image size of job updated: 688
	1  -  MemoryUsage of job (MB)
	688  -  ResidentSetSize of job (KB)
...
006 (1011.000.000) 11/23 20:45:01 Image size of job updated: 48864
	30  -  MemoryUsage of job (MB)
	29852  -  ResidentSetSize of job (KB)
...
006 (1011.000.000) 11/23 20:50:02 Image size of job updated: 270808
	157  -  MemoryUsage of job (MB)
	160684  -  ResidentSetSize of job (KB)
...
006 (1011.000.000) 11/23 20:55:03 Image size of job updated: 279156
	165  -  MemoryUsage of job (MB)
	168892  -  ResidentSetSize of job (KB)
...
006 (1011.000.000) 11/23 21:00:03 Image size of job updated: 279592
	166  -  MemoryUsage of job (MB)
	169316  -  ResidentSetSize of job (KB)
...
006 (1011.000.000) 11/23 21:05:03 Image size of job updated: 279604
	166  -  MemoryUsage of job (MB)
	169316  -  ResidentSetSize of job (KB)
...
006 (1011.000.000) 11/23 21:10:04 Image size of job updated: 279792
	166  -  MemoryUsage of job (MB)
	169492  -  ResidentSetSize of job (KB)
...
006 (1011.000.000) 11/23 21:15:04 Image size of job updated: 280228
	166  -  MemoryUsage of job (MB)
	169928  -  ResidentSetSize of job (KB)
...
006 (1011.000.000) 11/23 21:20:05 Image size of job updated: 280420
	166  -  MemoryUsage of job (MB)
	169928  -  ResidentSetSize of job (KB)
...
006 (1011.000.000) 11/23 21:25:05 Image size of job updated: 280432
	166  -  MemoryUsage of job (MB)
	169928  -  ResidentSetSize of job (KB)
...
006 (1011.000.000) 11/23 21:30:06 Image size of job updated: 281012
	167  -  MemoryUsage of job (MB)
	170504  -  ResidentSetSize of job (KB)
...
005 (1011.000.000) 11/23 21:33:17 Job terminated.
	(1) Normal termination (return value 0)
		Usr 0 00:46:03, Sys 0 00:00:10  -  Run Remote Usage
		Usr 0 00:00:00, Sys 0 00:00:00  -  Run Local Usage
		Usr 0 00:46:03, Sys 0 00:00:10  -  Total Remote Usage
		Usr 0 00:00:00, Sys 0 00:00:00  -  Total Local Usage
	301289  -  Run Bytes Sent By Job
	1510  -  Run Bytes Received By Job
	301289  -  Total Bytes Sent By Job
	1510  -  Total Bytes Received By Job
	Partitionable Resources :    Usage  Request Allocated
	   Cpus                 :                 1         1
	   Disk (KB)            :  1133509        2   1947679
	   Memory (MB)          :      167     2000      2000
...
