000 (1072.000.000) 11/28 09:38:41 Job submitted from host: <128.142.196.38:9618?addrs=128.142.196.38-9618+[2001-1458-301-e2--100-20]-9618&noUDP&sock=164236_d05c_3>
...
001 (1072.000.000) 11/28 09:39:20 Job executing on host: <188.185.195.201:9618?addrs=188.185.195.201-9618+[--1]-9618&noUDP&sock=30996_419f_3>
...
006 (1072.000.000) 11/28 09:39:29 Image size of job updated: 668
	1  -  MemoryUsage of job (MB)
	668  -  ResidentSetSize of job (KB)
...
006 (1072.000.000) 11/28 09:44:29 Image size of job updated: 692
	1  -  MemoryUsage of job (MB)
	692  -  ResidentSetSize of job (KB)
...
006 (1072.000.000) 11/28 09:59:32 Image size of job updated: 8488
	7  -  MemoryUsage of job (MB)
	6892  -  ResidentSetSize of job (KB)
...
006 (1072.000.000) 11/28 10:04:33 Image size of job updated: 129928
	101  -  MemoryUsage of job (MB)
	102796  -  ResidentSetSize of job (KB)
...
006 (1072.000.000) 11/28 10:09:33 Image size of job updated: 246332
	215  -  MemoryUsage of job (MB)
	219188  -  ResidentSetSize of job (KB)
...
005 (1072.000.000) 11/28 10:12:53 Job terminated.
	(1) Normal termination (return value 0)
		Usr 0 00:10:12, Sys 0 00:00:19  -  Run Remote Usage
		Usr 0 00:00:00, Sys 0 00:00:00  -  Run Local Usage
		Usr 0 00:10:12, Sys 0 00:00:19  -  Total Remote Usage
		Usr 0 00:00:00, Sys 0 00:00:00  -  Total Local Usage
	300136  -  Run Bytes Sent By Job
	1510  -  Run Bytes Received By Job
	300136  -  Total Bytes Sent By Job
	1510  -  Total Bytes Received By Job
	Partitionable Resources :    Usage  Request Allocated
	   Cpus                 :                 1         1
	   Disk (KB)            :   764073        2    612144
	   Memory (MB)          :      215     2000      2000
...
