000 (1022.000.000) 11/23 20:24:21 Job submitted from host: <128.142.196.38:9618?addrs=128.142.196.38-9618+[2001-1458-301-e2--100-20]-9618&noUDP&sock=164236_d05c_3>
...
001 (1022.000.000) 11/23 20:24:51 Job executing on host: <188.185.251.69:9618?addrs=188.185.251.69-9618+[--1]-9618&noUDP&sock=31381_5595_13>
...
006 (1022.000.000) 11/23 20:24:59 Image size of job updated: 668
	1  -  MemoryUsage of job (MB)
	668  -  ResidentSetSize of job (KB)
...
006 (1022.000.000) 11/23 20:29:59 Image size of job updated: 688
	1  -  MemoryUsage of job (MB)
	688  -  ResidentSetSize of job (KB)
...
006 (1022.000.000) 11/23 20:35:00 Image size of job updated: 692
	1  -  MemoryUsage of job (MB)
	692  -  ResidentSetSize of job (KB)
...
006 (1022.000.000) 11/23 20:45:01 Image size of job updated: 48704
	30  -  MemoryUsage of job (MB)
	29772  -  ResidentSetSize of job (KB)
...
006 (1022.000.000) 11/23 20:50:03 Image size of job updated: 272192
	158  -  MemoryUsage of job (MB)
	161700  -  ResidentSetSize of job (KB)
...
006 (1022.000.000) 11/23 20:55:04 Image size of job updated: 279128
	165  -  MemoryUsage of job (MB)
	168608  -  ResidentSetSize of job (KB)
...
006 (1022.000.000) 11/23 21:00:04 Image size of job updated: 306388
	192  -  MemoryUsage of job (MB)
	195868  -  ResidentSetSize of job (KB)
...
006 (1022.000.000) 11/23 21:05:05 Image size of job updated: 306496
	192  -  MemoryUsage of job (MB)
	195868  -  ResidentSetSize of job (KB)
...
006 (1022.000.000) 11/23 21:20:06 Image size of job updated: 306500
	192  -  MemoryUsage of job (MB)
	195868  -  ResidentSetSize of job (KB)
...
006 (1022.000.000) 11/23 22:00:10 Image size of job updated: 306536
	192  -  MemoryUsage of job (MB)
	195868  -  ResidentSetSize of job (KB)
...
006 (1022.000.000) 11/23 22:05:11 Image size of job updated: 306540
	192  -  MemoryUsage of job (MB)
	195868  -  ResidentSetSize of job (KB)
...
005 (1022.000.000) 11/23 22:12:18 Job terminated.
	(1) Normal termination (return value 0)
		Usr 0 01:24:51, Sys 0 00:00:09  -  Run Remote Usage
		Usr 0 00:00:00, Sys 0 00:00:00  -  Run Local Usage
		Usr 0 01:24:51, Sys 0 00:00:09  -  Total Remote Usage
		Usr 0 00:00:00, Sys 0 00:00:00  -  Total Local Usage
	301999  -  Run Bytes Sent By Job
	1510  -  Run Bytes Received By Job
	301999  -  Total Bytes Sent By Job
	1510  -  Total Bytes Received By Job
	Partitionable Resources :    Usage  Request Allocated
	   Cpus                 :                 1         1
	   Disk (KB)            :  1690825        2   1941395
	   Memory (MB)          :      192     2000      2000
...
