000 (1228.000.000) 11/30 08:49:17 Job submitted from host: <128.142.196.38:9618?addrs=128.142.196.38-9618+[2001-1458-301-e2--100-20]-9618&noUDP&sock=164236_d05c_3>
...
001 (1228.000.000) 11/30 08:50:03 Job executing on host: <188.185.187.198:9618?addrs=188.185.187.198-9618+[--1]-9618&noUDP&sock=25360_6dda_8>
...
006 (1228.000.000) 11/30 08:50:12 Image size of job updated: 668
	1  -  MemoryUsage of job (MB)
	668  -  ResidentSetSize of job (KB)
...
006 (1228.000.000) 11/30 08:55:13 Image size of job updated: 688
	1  -  MemoryUsage of job (MB)
	688  -  ResidentSetSize of job (KB)
...
005 (1228.000.000) 11/30 10:55:33 Job terminated.
	(1) Normal termination (return value 0)
		Usr 0 01:38:35, Sys 0 00:00:12  -  Run Remote Usage
		Usr 0 00:00:00, Sys 0 00:00:00  -  Run Local Usage
		Usr 0 01:38:35, Sys 0 00:00:12  -  Total Remote Usage
		Usr 0 00:00:00, Sys 0 00:00:00  -  Total Local Usage
	1567  -  Run Bytes Sent By Job
	289922  -  Run Bytes Received By Job
	1567  -  Total Bytes Sent By Job
	289922  -  Total Bytes Received By Job
...
