000 (1298.000.000) 11/30 16:21:46 Job submitted from host: <128.142.196.38:9618?addrs=128.142.196.38-9618+[2001-1458-301-e2--100-20]-9618&noUDP&sock=164236_d05c_3>
...
001 (1298.000.000) 11/30 16:22:17 Job executing on host: <188.185.199.8:9618?addrs=188.185.199.8-9618+[--1]-9618&noUDP&sock=3114_d669_3>
...
006 (1298.000.000) 11/30 16:22:26 Image size of job updated: 684
	1  -  MemoryUsage of job (MB)
	684  -  ResidentSetSize of job (KB)
...
006 (1298.000.000) 11/30 16:32:29 Image size of job updated: 692
	1  -  MemoryUsage of job (MB)
	692  -  ResidentSetSize of job (KB)
...
006 (1298.000.000) 11/30 16:42:29 Image size of job updated: 199132
	153  -  MemoryUsage of job (MB)
	156472  -  ResidentSetSize of job (KB)
...
006 (1298.000.000) 11/30 16:47:30 Image size of job updated: 208604
	162  -  MemoryUsage of job (MB)
	165228  -  ResidentSetSize of job (KB)
...
006 (1298.000.000) 11/30 16:52:30 Image size of job updated: 208620
	162  -  MemoryUsage of job (MB)
	165228  -  ResidentSetSize of job (KB)
...
006 (1298.000.000) 11/30 17:02:30 Image size of job updated: 208816
	162  -  MemoryUsage of job (MB)
	165228  -  ResidentSetSize of job (KB)
...
006 (1298.000.000) 11/30 17:37:34 Image size of job updated: 208852
	162  -  MemoryUsage of job (MB)
	165228  -  ResidentSetSize of job (KB)
...
006 (1298.000.000) 11/30 17:47:35 Image size of job updated: 208860
	162  -  MemoryUsage of job (MB)
	165228  -  ResidentSetSize of job (KB)
...
006 (1298.000.000) 11/30 17:57:36 Image size of job updated: 208948
	162  -  MemoryUsage of job (MB)
	165228  -  ResidentSetSize of job (KB)
...
006 (1298.000.000) 11/30 18:12:37 Image size of job updated: 212340
	165  -  MemoryUsage of job (MB)
	168620  -  ResidentSetSize of job (KB)
...
006 (1298.000.000) 11/30 18:22:38 Image size of job updated: 212344
	165  -  MemoryUsage of job (MB)
	168624  -  ResidentSetSize of job (KB)
...
006 (1298.000.000) 11/30 18:27:38 Image size of job updated: 212352
	165  -  MemoryUsage of job (MB)
	168632  -  ResidentSetSize of job (KB)
...
006 (1298.000.000) 11/30 18:32:39 Image size of job updated: 212384
	165  -  MemoryUsage of job (MB)
	168664  -  ResidentSetSize of job (KB)
...
006 (1298.000.000) 11/30 18:52:41 Image size of job updated: 212388
	165  -  MemoryUsage of job (MB)
	168664  -  ResidentSetSize of job (KB)
...
005 (1298.000.000) 11/30 19:18:28 Job terminated.
	(1) Normal termination (return value 0)
		Usr 0 02:35:18, Sys 0 00:00:46  -  Run Remote Usage
		Usr 0 00:00:00, Sys 0 00:00:00  -  Run Local Usage
		Usr 0 02:35:18, Sys 0 00:00:46  -  Total Remote Usage
		Usr 0 00:00:00, Sys 0 00:00:00  -  Total Local Usage
	295956  -  Run Bytes Sent By Job
	1567  -  Run Bytes Received By Job
	295956  -  Total Bytes Sent By Job
	1567  -  Total Bytes Received By Job
	Partitionable Resources :    Usage  Request Allocated
	   Cpus                 :                 1         1
	   Disk (KB)            :  1969315        2    578539
	   Memory (MB)          :      165     2000      2000
...
