000 (1240.000.000) 11/30 16:20:56 Job submitted from host: <128.142.196.38:9618?addrs=128.142.196.38-9618+[2001-1458-301-e2--100-20]-9618&noUDP&sock=164236_d05c_3>
...
001 (1240.000.000) 11/30 16:21:25 Job executing on host: <188.185.189.83:9618?addrs=188.185.189.83-9618+[--1]-9618&noUDP&sock=1184964_a2ae_3>
...
006 (1240.000.000) 11/30 16:21:34 Image size of job updated: 664
	1  -  MemoryUsage of job (MB)
	664  -  ResidentSetSize of job (KB)
...
006 (1240.000.000) 11/30 16:26:35 Image size of job updated: 684
	1  -  MemoryUsage of job (MB)
	684  -  ResidentSetSize of job (KB)
...
006 (1240.000.000) 11/30 16:31:35 Image size of job updated: 688
	1  -  MemoryUsage of job (MB)
	688  -  ResidentSetSize of job (KB)
...
006 (1240.000.000) 11/30 16:36:36 Image size of job updated: 692
	1  -  MemoryUsage of job (MB)
	692  -  ResidentSetSize of job (KB)
...
006 (1240.000.000) 11/30 16:41:37 Image size of job updated: 122012
	92  -  MemoryUsage of job (MB)
	94068  -  ResidentSetSize of job (KB)
...
006 (1240.000.000) 11/30 16:46:38 Image size of job updated: 237672
	200  -  MemoryUsage of job (MB)
	204540  -  ResidentSetSize of job (KB)
...
006 (1240.000.000) 11/30 16:51:39 Image size of job updated: 251872
	214  -  MemoryUsage of job (MB)
	218736  -  ResidentSetSize of job (KB)
...
006 (1240.000.000) 11/30 16:56:39 Image size of job updated: 251900
	214  -  MemoryUsage of job (MB)
	218764  -  ResidentSetSize of job (KB)
...
005 (1240.000.000) 11/30 17:01:19 Job terminated.
	(1) Normal termination (return value 0)
		Usr 0 00:19:03, Sys 0 00:00:17  -  Run Remote Usage
		Usr 0 00:00:00, Sys 0 00:00:00  -  Run Local Usage
		Usr 0 00:19:03, Sys 0 00:00:17  -  Total Remote Usage
		Usr 0 00:00:00, Sys 0 00:00:00  -  Total Local Usage
	293605  -  Run Bytes Sent By Job
	1567  -  Run Bytes Received By Job
	293605  -  Total Bytes Sent By Job
	1567  -  Total Bytes Received By Job
	Partitionable Resources :    Usage  Request Allocated
	   Cpus                 :                 1         1
	   Disk (KB)            :   844459        2    591710
	   Memory (MB)          :      214     2000      2000
...
