000 (1086.000.000) 11/28 09:38:50 Job submitted from host: <128.142.196.38:9618?addrs=128.142.196.38-9618+[2001-1458-301-e2--100-20]-9618&noUDP&sock=164236_d05c_3>
...
001 (1086.000.000) 11/28 09:39:13 Job executing on host: <188.185.187.30:9618?addrs=188.185.187.30-9618+[--1]-9618&noUDP&sock=24915_3235_13>
...
006 (1086.000.000) 11/28 09:39:22 Image size of job updated: 688
	1  -  MemoryUsage of job (MB)
	688  -  ResidentSetSize of job (KB)
...
006 (1086.000.000) 11/28 09:44:23 Image size of job updated: 692
	1  -  MemoryUsage of job (MB)
	692  -  ResidentSetSize of job (KB)
...
006 (1086.000.000) 11/28 09:59:25 Image size of job updated: 218324
	107  -  MemoryUsage of job (MB)
	109024  -  ResidentSetSize of job (KB)
...
006 (1086.000.000) 11/28 10:04:27 Image size of job updated: 336072
	221  -  MemoryUsage of job (MB)
	225908  -  ResidentSetSize of job (KB)
...
006 (1086.000.000) 11/28 10:09:27 Image size of job updated: 395660
	279  -  MemoryUsage of job (MB)
	285480  -  ResidentSetSize of job (KB)
...
006 (1086.000.000) 11/28 10:14:28 Image size of job updated: 395676
	279  -  MemoryUsage of job (MB)
	285480  -  ResidentSetSize of job (KB)
...
005 (1086.000.000) 11/28 10:15:12 Job terminated.
	(1) Normal termination (return value 0)
		Usr 0 00:16:08, Sys 0 00:00:08  -  Run Remote Usage
		Usr 0 00:00:00, Sys 0 00:00:00  -  Run Local Usage
		Usr 0 00:16:08, Sys 0 00:00:08  -  Total Remote Usage
		Usr 0 00:00:00, Sys 0 00:00:00  -  Total Local Usage
	300234  -  Run Bytes Sent By Job
	1510  -  Run Bytes Received By Job
	300234  -  Total Bytes Sent By Job
	1510  -  Total Bytes Received By Job
	Partitionable Resources :    Usage  Request Allocated
	   Cpus                 :                 1         1
	   Disk (KB)            :   885403        2   2124507
	   Memory (MB)          :      279     2000      2000
...
