000 (955.000.000) 11/23 20:23:33 Job submitted from host: <128.142.196.38:9618?addrs=128.142.196.38-9618+[2001-1458-301-e2--100-20]-9618&noUDP&sock=164236_d05c_3>
...
001 (955.000.000) 11/23 20:24:33 Job executing on host: <188.185.192.21:9618?addrs=188.185.192.21-9618+[--1]-9618&noUDP&sock=24787_6616_3>
...
006 (955.000.000) 11/23 20:24:42 Image size of job updated: 684
	1  -  MemoryUsage of job (MB)
	684  -  ResidentSetSize of job (KB)
...
006 (955.000.000) 11/23 20:34:44 Image size of job updated: 688
	1  -  MemoryUsage of job (MB)
	688  -  ResidentSetSize of job (KB)
...
006 (955.000.000) 11/23 20:44:45 Image size of job updated: 4236
	5  -  MemoryUsage of job (MB)
	4236  -  ResidentSetSize of job (KB)
...
006 (955.000.000) 11/23 20:49:46 Image size of job updated: 135916
	103  -  MemoryUsage of job (MB)
	104488  -  ResidentSetSize of job (KB)
...
006 (955.000.000) 11/23 20:54:46 Image size of job updated: 136312
	103  -  MemoryUsage of job (MB)
	104884  -  ResidentSetSize of job (KB)
...
006 (955.000.000) 11/23 20:59:47 Image size of job updated: 235864
	200  -  MemoryUsage of job (MB)
	204436  -  ResidentSetSize of job (KB)
...
006 (955.000.000) 11/23 21:04:47 Image size of job updated: 249436
	213  -  MemoryUsage of job (MB)
	218008  -  ResidentSetSize of job (KB)
...
005 (955.000.000) 11/23 21:07:21 Job terminated.
	(1) Normal termination (return value 0)
		Usr 0 00:16:58, Sys 0 00:00:17  -  Run Remote Usage
		Usr 0 00:00:00, Sys 0 00:00:00  -  Run Local Usage
		Usr 0 00:16:58, Sys 0 00:00:17  -  Total Remote Usage
		Usr 0 00:00:00, Sys 0 00:00:00  -  Total Local Usage
	299899  -  Run Bytes Sent By Job
	1510  -  Run Bytes Received By Job
	299899  -  Total Bytes Sent By Job
	1510  -  Total Bytes Received By Job
	Partitionable Resources :    Usage  Request Allocated
	   Cpus                 :                 1         1
	   Disk (KB)            :   740140        2    589401
	   Memory (MB)          :      213     2000      2000
...
