000 (993.000.000) 11/23 20:24:01 Job submitted from host: <128.142.196.38:9618?addrs=128.142.196.38-9618+[2001-1458-301-e2--100-20]-9618&noUDP&sock=164236_d05c_3>
...
001 (993.000.000) 11/23 20:24:39 Job executing on host: <188.185.192.21:9618?addrs=188.185.192.21-9618+[--1]-9618&noUDP&sock=24787_6616_3>
...
006 (993.000.000) 11/23 20:24:47 Image size of job updated: 688
	1  -  MemoryUsage of job (MB)
	688  -  ResidentSetSize of job (KB)
...
006 (993.000.000) 11/23 20:44:49 Image size of job updated: 7444
	8  -  MemoryUsage of job (MB)
	7444  -  ResidentSetSize of job (KB)
...
006 (993.000.000) 11/23 20:49:49 Image size of job updated: 137688
	106  -  MemoryUsage of job (MB)
	108280  -  ResidentSetSize of job (KB)
...
006 (993.000.000) 11/23 20:54:50 Image size of job updated: 140532
	109  -  MemoryUsage of job (MB)
	111104  -  ResidentSetSize of job (KB)
...
006 (993.000.000) 11/23 20:59:51 Image size of job updated: 240852
	207  -  MemoryUsage of job (MB)
	211424  -  ResidentSetSize of job (KB)
...
006 (993.000.000) 11/23 21:04:51 Image size of job updated: 254424
	220  -  MemoryUsage of job (MB)
	224996  -  ResidentSetSize of job (KB)
...
006 (993.000.000) 11/23 21:09:52 Image size of job updated: 254852
	221  -  MemoryUsage of job (MB)
	225424  -  ResidentSetSize of job (KB)
...
006 (993.000.000) 11/23 21:14:53 Image size of job updated: 255428
	221  -  MemoryUsage of job (MB)
	226000  -  ResidentSetSize of job (KB)
...
006 (993.000.000) 11/23 21:19:53 Image size of job updated: 255452
	221  -  MemoryUsage of job (MB)
	226024  -  ResidentSetSize of job (KB)
...
006 (993.000.000) 11/23 21:24:53 Image size of job updated: 255488
	221  -  MemoryUsage of job (MB)
	226060  -  ResidentSetSize of job (KB)
...
005 (993.000.000) 11/23 21:26:20 Job terminated.
	(1) Normal termination (return value 0)
		Usr 0 00:35:07, Sys 0 00:00:19  -  Run Remote Usage
		Usr 0 00:00:00, Sys 0 00:00:00  -  Run Local Usage
		Usr 0 00:35:07, Sys 0 00:00:19  -  Total Remote Usage
		Usr 0 00:00:00, Sys 0 00:00:00  -  Total Local Usage
	300224  -  Run Bytes Sent By Job
	1510  -  Run Bytes Received By Job
	300224  -  Total Bytes Sent By Job
	1510  -  Total Bytes Received By Job
	Partitionable Resources :    Usage  Request Allocated
	   Cpus                 :                 1         1
	   Disk (KB)            :   827550        2    589401
	   Memory (MB)          :      221     2000      2000
...
