000 (1088.000.000) 11/28 09:38:52 Job submitted from host: <128.142.196.38:9618?addrs=128.142.196.38-9618+[2001-1458-301-e2--100-20]-9618&noUDP&sock=164236_d05c_3>
...
001 (1088.000.000) 11/28 09:39:12 Job executing on host: <188.185.187.5:9618?addrs=188.185.187.5-9618+[--1]-9618&noUDP&sock=25124_8d81_3>
...
006 (1088.000.000) 11/28 09:39:21 Image size of job updated: 688
	1  -  MemoryUsage of job (MB)
	688  -  ResidentSetSize of job (KB)
...
006 (1088.000.000) 11/28 09:59:24 Image size of job updated: 219988
	109  -  MemoryUsage of job (MB)
	110656  -  ResidentSetSize of job (KB)
...
006 (1088.000.000) 11/28 10:04:24 Image size of job updated: 336892
	222  -  MemoryUsage of job (MB)
	226824  -  ResidentSetSize of job (KB)
...
006 (1088.000.000) 11/28 10:09:24 Image size of job updated: 337384
	222  -  MemoryUsage of job (MB)
	227280  -  ResidentSetSize of job (KB)
...
006 (1088.000.000) 11/28 10:14:25 Image size of job updated: 337404
	222  -  MemoryUsage of job (MB)
	227280  -  ResidentSetSize of job (KB)
...
005 (1088.000.000) 11/28 10:15:08 Job terminated.
	(1) Normal termination (return value 0)
		Usr 0 00:16:01, Sys 0 00:00:09  -  Run Remote Usage
		Usr 0 00:00:00, Sys 0 00:00:00  -  Run Local Usage
		Usr 0 00:16:01, Sys 0 00:00:09  -  Total Remote Usage
		Usr 0 00:00:00, Sys 0 00:00:00  -  Total Local Usage
	300359  -  Run Bytes Sent By Job
	1510  -  Run Bytes Received By Job
	300359  -  Total Bytes Sent By Job
	1510  -  Total Bytes Received By Job
	Partitionable Resources :    Usage  Request Allocated
	   Cpus                 :                 1         1
	   Disk (KB)            :   859341        2   2123364
	   Memory (MB)          :      222     2000      2000
...
