000 (1258.000.000) 11/30 16:21:12 Job submitted from host: <128.142.196.38:9618?addrs=128.142.196.38-9618+[2001-1458-301-e2--100-20]-9618&noUDP&sock=164236_d05c_3>
...
001 (1258.000.000) 11/30 16:21:32 Job executing on host: <188.185.178.174:9618?addrs=188.185.178.174-9618+[--1]-9618&noUDP&sock=32548_1d03_3>
...
006 (1258.000.000) 11/30 16:21:42 Image size of job updated: 656
	1  -  MemoryUsage of job (MB)
	656  -  ResidentSetSize of job (KB)
...
006 (1258.000.000) 11/30 16:26:43 Image size of job updated: 680
	1  -  MemoryUsage of job (MB)
	680  -  ResidentSetSize of job (KB)
...
006 (1258.000.000) 11/30 16:31:43 Image size of job updated: 684
	1  -  MemoryUsage of job (MB)
	684  -  ResidentSetSize of job (KB)
...
006 (1258.000.000) 11/30 16:36:44 Image size of job updated: 688
	1  -  MemoryUsage of job (MB)
	688  -  ResidentSetSize of job (KB)
...
006 (1258.000.000) 11/30 16:41:44 Image size of job updated: 64872
	31  -  MemoryUsage of job (MB)
	31404  -  ResidentSetSize of job (KB)
...
006 (1258.000.000) 11/30 16:46:45 Image size of job updated: 298428
	184  -  MemoryUsage of job (MB)
	188316  -  ResidentSetSize of job (KB)
...
006 (1258.000.000) 11/30 16:51:45 Image size of job updated: 315624
	201  -  MemoryUsage of job (MB)
	205412  -  ResidentSetSize of job (KB)
...
006 (1258.000.000) 11/30 17:06:46 Image size of job updated: 316076
	202  -  MemoryUsage of job (MB)
	205864  -  ResidentSetSize of job (KB)
...
006 (1258.000.000) 11/30 17:11:47 Image size of job updated: 316780
	202  -  MemoryUsage of job (MB)
	206556  -  ResidentSetSize of job (KB)
...
005 (1258.000.000) 11/30 17:15:06 Job terminated.
	(1) Normal termination (return value 0)
		Usr 0 00:31:33, Sys 0 00:02:19  -  Run Remote Usage
		Usr 0 00:00:00, Sys 0 00:00:00  -  Run Local Usage
		Usr 0 00:31:33, Sys 0 00:02:19  -  Total Remote Usage
		Usr 0 00:00:00, Sys 0 00:00:00  -  Total Local Usage
	293636  -  Run Bytes Sent By Job
	1567  -  Run Bytes Received By Job
	293636  -  Total Bytes Sent By Job
	1567  -  Total Bytes Received By Job
	Partitionable Resources :    Usage  Request Allocated
	   Cpus                 :                 1         1
	   Disk (KB)            :   963820        2    578862
	   Memory (MB)          :      202     2000      2000
...
