000 (1253.000.000) 11/30 16:21:08 Job submitted from host: <128.142.196.38:9618?addrs=128.142.196.38-9618+[2001-1458-301-e2--100-20]-9618&noUDP&sock=164236_d05c_3>
...
001 (1253.000.000) 11/30 16:21:26 Job executing on host: <188.185.194.186:9618?addrs=188.185.194.186-9618+[--1]-9618&noUDP&sock=24540_fa32_3>
...
006 (1253.000.000) 11/30 16:21:35 Image size of job updated: 664
	1  -  MemoryUsage of job (MB)
	664  -  ResidentSetSize of job (KB)
...
006 (1253.000.000) 11/30 16:26:36 Image size of job updated: 688
	1  -  MemoryUsage of job (MB)
	688  -  ResidentSetSize of job (KB)
...
006 (1253.000.000) 11/30 16:36:37 Image size of job updated: 692
	1  -  MemoryUsage of job (MB)
	692  -  ResidentSetSize of job (KB)
...
006 (1253.000.000) 11/30 16:41:38 Image size of job updated: 148116
	106  -  MemoryUsage of job (MB)
	108428  -  ResidentSetSize of job (KB)
...
006 (1253.000.000) 11/30 16:51:39 Image size of job updated: 235224
	191  -  MemoryUsage of job (MB)
	195472  -  ResidentSetSize of job (KB)
...
006 (1253.000.000) 11/30 16:56:41 Image size of job updated: 243828
	200  -  MemoryUsage of job (MB)
	204072  -  ResidentSetSize of job (KB)
...
006 (1253.000.000) 11/30 17:01:41 Image size of job updated: 243844
	200  -  MemoryUsage of job (MB)
	204072  -  ResidentSetSize of job (KB)
...
006 (1253.000.000) 11/30 17:21:43 Image size of job updated: 243860
	200  -  MemoryUsage of job (MB)
	204072  -  ResidentSetSize of job (KB)
...
005 (1253.000.000) 11/30 17:28:16 Job terminated.
	(1) Normal termination (return value 0)
		Usr 0 00:45:45, Sys 0 00:00:20  -  Run Remote Usage
		Usr 0 00:00:00, Sys 0 00:00:00  -  Run Local Usage
		Usr 0 00:45:45, Sys 0 00:00:20  -  Total Remote Usage
		Usr 0 00:00:00, Sys 0 00:00:00  -  Total Local Usage
	293684  -  Run Bytes Sent By Job
	1567  -  Run Bytes Received By Job
	293684  -  Total Bytes Sent By Job
	1567  -  Total Bytes Received By Job
	Partitionable Resources :    Usage  Request Allocated
	   Cpus                 :                 1         1
	   Disk (KB)            :   990931        2    594376
	   Memory (MB)          :      200     2000      2000
...
