000 (1019.000.000) 11/23 20:24:19 Job submitted from host: <128.142.196.38:9618?addrs=128.142.196.38-9618+[2001-1458-301-e2--100-20]-9618&noUDP&sock=164236_d05c_3>
...
001 (1019.000.000) 11/23 20:24:48 Job executing on host: <188.185.187.56:9618?addrs=188.185.187.56-9618+[--1]-9618&noUDP&sock=24618_7a95_12>
...
006 (1019.000.000) 11/23 20:24:57 Image size of job updated: 664
	1  -  MemoryUsage of job (MB)
	664  -  ResidentSetSize of job (KB)
...
006 (1019.000.000) 11/23 20:29:58 Image size of job updated: 684
	1  -  MemoryUsage of job (MB)
	684  -  ResidentSetSize of job (KB)
...
006 (1019.000.000) 11/23 20:34:59 Image size of job updated: 688
	1  -  MemoryUsage of job (MB)
	688  -  ResidentSetSize of job (KB)
...
006 (1019.000.000) 11/23 20:44:59 Image size of job updated: 48660
	30  -  MemoryUsage of job (MB)
	29752  -  ResidentSetSize of job (KB)
...
006 (1019.000.000) 11/23 20:50:00 Image size of job updated: 272428
	159  -  MemoryUsage of job (MB)
	162336  -  ResidentSetSize of job (KB)
...
006 (1019.000.000) 11/23 20:55:00 Image size of job updated: 277712
	164  -  MemoryUsage of job (MB)
	167308  -  ResidentSetSize of job (KB)
...
006 (1019.000.000) 11/23 21:00:00 Image size of job updated: 301340
	187  -  MemoryUsage of job (MB)
	190924  -  ResidentSetSize of job (KB)
...
006 (1019.000.000) 11/23 21:10:01 Image size of job updated: 301356
	187  -  MemoryUsage of job (MB)
	190924  -  ResidentSetSize of job (KB)
...
006 (1019.000.000) 11/23 21:15:02 Image size of job updated: 301360
	187  -  MemoryUsage of job (MB)
	190924  -  ResidentSetSize of job (KB)
...
006 (1019.000.000) 11/23 21:20:02 Image size of job updated: 301424
	187  -  MemoryUsage of job (MB)
	190924  -  ResidentSetSize of job (KB)
...
006 (1019.000.000) 11/23 22:15:08 Image size of job updated: 301428
	187  -  MemoryUsage of job (MB)
	190924  -  ResidentSetSize of job (KB)
...
005 (1019.000.000) 11/23 22:18:44 Job terminated.
	(1) Normal termination (return value 0)
		Usr 0 01:31:18, Sys 0 00:00:11  -  Run Remote Usage
		Usr 0 00:00:00, Sys 0 00:00:00  -  Run Local Usage
		Usr 0 01:31:18, Sys 0 00:00:11  -  Total Remote Usage
		Usr 0 00:00:00, Sys 0 00:00:00  -  Total Local Usage
	302008  -  Run Bytes Sent By Job
	1510  -  Run Bytes Received By Job
	302008  -  Total Bytes Sent By Job
	1510  -  Total Bytes Received By Job
	Partitionable Resources :    Usage  Request Allocated
	   Cpus                 :                 1         1
	   Disk (KB)            :  1684601        2   1947076
	   Memory (MB)          :      187     2000      2000
...
