000 (974.000.000) 11/23 20:23:45 Job submitted from host: <128.142.196.38:9618?addrs=128.142.196.38-9618+[2001-1458-301-e2--100-20]-9618&noUDP&sock=164236_d05c_3>
...
001 (974.000.000) 11/23 20:24:31 Job executing on host: <188.185.128.231:9618?addrs=188.185.128.231-9618+[--1]-9618&noUDP&sock=24154_36a3_3>
...
006 (974.000.000) 11/23 20:24:40 Image size of job updated: 688
	1  -  MemoryUsage of job (MB)
	688  -  ResidentSetSize of job (KB)
...
006 (974.000.000) 11/23 20:44:43 Image size of job updated: 31236
	28  -  MemoryUsage of job (MB)
	28240  -  ResidentSetSize of job (KB)
...
006 (974.000.000) 11/23 20:49:43 Image size of job updated: 146872
	110  -  MemoryUsage of job (MB)
	112436  -  ResidentSetSize of job (KB)
...
006 (974.000.000) 11/23 20:54:44 Image size of job updated: 246864
	208  -  MemoryUsage of job (MB)
	212324  -  ResidentSetSize of job (KB)
...
006 (974.000.000) 11/23 20:59:45 Image size of job updated: 261108
	222  -  MemoryUsage of job (MB)
	226536  -  ResidentSetSize of job (KB)
...
006 (974.000.000) 11/23 21:04:46 Image size of job updated: 262256
	223  -  MemoryUsage of job (MB)
	227684  -  ResidentSetSize of job (KB)
...
005 (974.000.000) 11/23 21:16:29 Job terminated.
	(1) Normal termination (return value 0)
		Usr 0 00:28:35, Sys 0 00:00:15  -  Run Remote Usage
		Usr 0 00:00:00, Sys 0 00:00:00  -  Run Local Usage
		Usr 0 00:28:35, Sys 0 00:00:15  -  Total Remote Usage
		Usr 0 00:00:00, Sys 0 00:00:00  -  Total Local Usage
	300286  -  Run Bytes Sent By Job
	1510  -  Run Bytes Received By Job
	300286  -  Total Bytes Sent By Job
	1510  -  Total Bytes Received By Job
	Partitionable Resources :    Usage  Request Allocated
	   Cpus                 :                 1         1
	   Disk (KB)            :   828938        2    583100
	   Memory (MB)          :      223     2000      2000
...
