000 (1284.000.000) 11/30 16:21:34 Job submitted from host: <128.142.196.38:9618?addrs=128.142.196.38-9618+[2001-1458-301-e2--100-20]-9618&noUDP&sock=164236_d05c_3>
...
001 (1284.000.000) 11/30 16:22:13 Job executing on host: <188.185.192.21:9618?addrs=188.185.192.21-9618+[--1]-9618&noUDP&sock=24787_6616_3>
...
006 (1284.000.000) 11/30 16:22:22 Image size of job updated: 684
	1  -  MemoryUsage of job (MB)
	684  -  ResidentSetSize of job (KB)
...
006 (1284.000.000) 11/30 16:32:22 Image size of job updated: 692
	1  -  MemoryUsage of job (MB)
	692  -  ResidentSetSize of job (KB)
...
006 (1284.000.000) 11/30 16:42:24 Image size of job updated: 126888
	94  -  MemoryUsage of job (MB)
	96000  -  ResidentSetSize of job (KB)
...
006 (1284.000.000) 11/30 16:47:24 Image size of job updated: 152640
	119  -  MemoryUsage of job (MB)
	121676  -  ResidentSetSize of job (KB)
...
006 (1284.000.000) 11/30 16:52:25 Image size of job updated: 190360
	156  -  MemoryUsage of job (MB)
	159384  -  ResidentSetSize of job (KB)
...
006 (1284.000.000) 11/30 16:57:25 Image size of job updated: 190368
	156  -  MemoryUsage of job (MB)
	159384  -  ResidentSetSize of job (KB)
...
006 (1284.000.000) 11/30 17:12:27 Image size of job updated: 191784
	158  -  MemoryUsage of job (MB)
	160796  -  ResidentSetSize of job (KB)
...
006 (1284.000.000) 11/30 17:17:28 Image size of job updated: 191788
	158  -  MemoryUsage of job (MB)
	160796  -  ResidentSetSize of job (KB)
...
006 (1284.000.000) 11/30 18:12:33 Image size of job updated: 191792
	158  -  MemoryUsage of job (MB)
	160796  -  ResidentSetSize of job (KB)
...
005 (1284.000.000) 11/30 18:40:27 Job terminated.
	(1) Normal termination (return value 0)
		Usr 0 01:53:49, Sys 0 00:00:36  -  Run Remote Usage
		Usr 0 00:00:00, Sys 0 00:00:00  -  Run Local Usage
		Usr 0 01:53:49, Sys 0 00:00:36  -  Total Remote Usage
		Usr 0 00:00:00, Sys 0 00:00:00  -  Total Local Usage
	293867  -  Run Bytes Sent By Job
	1567  -  Run Bytes Received By Job
	293867  -  Total Bytes Sent By Job
	1567  -  Total Bytes Received By Job
	Partitionable Resources :    Usage  Request Allocated
	   Cpus                 :                 1         1
	   Disk (KB)            :  1344710        2    595371
	   Memory (MB)          :      158     2000      2000
...
