000 (1071.000.000) 11/28 09:38:40 Job submitted from host: <128.142.196.38:9618?addrs=128.142.196.38-9618+[2001-1458-301-e2--100-20]-9618&noUDP&sock=164236_d05c_3>
...
001 (1071.000.000) 11/28 09:39:50 Job executing on host: <188.185.194.60:9618?addrs=188.185.194.60-9618+[--1]-9618&noUDP&sock=15833_b315_3>
...
006 (1071.000.000) 11/28 09:40:00 Image size of job updated: 388
	1  -  MemoryUsage of job (MB)
	388  -  ResidentSetSize of job (KB)
...
006 (1071.000.000) 11/28 09:45:02 Image size of job updated: 684
	1  -  MemoryUsage of job (MB)
	684  -  ResidentSetSize of job (KB)
...
006 (1071.000.000) 11/28 10:10:05 Image size of job updated: 8236
	9  -  MemoryUsage of job (MB)
	8236  -  ResidentSetSize of job (KB)
...
006 (1071.000.000) 11/28 10:15:06 Image size of job updated: 120904
	93  -  MemoryUsage of job (MB)
	94264  -  ResidentSetSize of job (KB)
...
006 (1071.000.000) 11/28 10:20:07 Image size of job updated: 199064
	164  -  MemoryUsage of job (MB)
	167552  -  ResidentSetSize of job (KB)
...
006 (1071.000.000) 11/28 10:25:46 Image size of job updated: 236416
	201  -  MemoryUsage of job (MB)
	204904  -  ResidentSetSize of job (KB)
...
006 (1071.000.000) 11/28 10:32:10 Image size of job updated: 243312
	207  -  MemoryUsage of job (MB)
	211800  -  ResidentSetSize of job (KB)
...
006 (1071.000.000) 11/28 10:43:51 Image size of job updated: 249104
	213  -  MemoryUsage of job (MB)
	217592  -  ResidentSetSize of job (KB)
...
006 (1071.000.000) 11/28 11:05:04 Image size of job updated: 250660
	214  -  MemoryUsage of job (MB)
	219080  -  ResidentSetSize of job (KB)
...
005 (1071.000.000) 11/28 12:17:40 Job terminated.
	(1) Normal termination (return value 0)
		Usr 0 00:16:50, Sys 0 00:45:38  -  Run Remote Usage
		Usr 0 00:00:00, Sys 0 00:00:00  -  Run Local Usage
		Usr 0 00:16:50, Sys 0 00:45:38  -  Total Remote Usage
		Usr 0 00:00:00, Sys 0 00:00:00  -  Total Local Usage
	300202  -  Run Bytes Sent By Job
	1510  -  Run Bytes Received By Job
	300202  -  Total Bytes Sent By Job
	1510  -  Total Bytes Received By Job
	Partitionable Resources :    Usage  Request Allocated
	   Cpus                 :                 1         1
	   Disk (KB)            :   792052        2    611284
	   Memory (MB)          :      214     2000      2000
...
