000 (1278.000.000) 11/30 16:21:29 Job submitted from host: <128.142.196.38:9618?addrs=128.142.196.38-9618+[2001-1458-301-e2--100-20]-9618&noUDP&sock=164236_d05c_3>
...
001 (1278.000.000) 11/30 16:22:11 Job executing on host: <188.185.180.233:9618?addrs=188.185.180.233-9618+[--1]-9618&noUDP&sock=23729_b2e3_13>
...
006 (1278.000.000) 11/30 16:22:19 Image size of job updated: 684
	1  -  MemoryUsage of job (MB)
	684  -  ResidentSetSize of job (KB)
...
006 (1278.000.000) 11/30 16:32:21 Image size of job updated: 692
	1  -  MemoryUsage of job (MB)
	692  -  ResidentSetSize of job (KB)
...
006 (1278.000.000) 11/30 16:42:21 Image size of job updated: 157760
	120  -  MemoryUsage of job (MB)
	122116  -  ResidentSetSize of job (KB)
...
006 (1278.000.000) 11/30 16:47:22 Image size of job updated: 163324
	125  -  MemoryUsage of job (MB)
	127660  -  ResidentSetSize of job (KB)
...
006 (1278.000.000) 11/30 16:52:22 Image size of job updated: 194160
	155  -  MemoryUsage of job (MB)
	158488  -  ResidentSetSize of job (KB)
...
006 (1278.000.000) 11/30 16:57:23 Image size of job updated: 194620
	156  -  MemoryUsage of job (MB)
	158936  -  ResidentSetSize of job (KB)
...
006 (1278.000.000) 11/30 17:27:26 Image size of job updated: 194636
	156  -  MemoryUsage of job (MB)
	158936  -  ResidentSetSize of job (KB)
...
006 (1278.000.000) 11/30 17:37:27 Image size of job updated: 195560
	157  -  MemoryUsage of job (MB)
	159860  -  ResidentSetSize of job (KB)
...
005 (1278.000.000) 11/30 18:26:44 Job terminated.
	(1) Normal termination (return value 0)
		Usr 0 01:43:20, Sys 0 00:00:28  -  Run Remote Usage
		Usr 0 00:00:00, Sys 0 00:00:00  -  Run Local Usage
		Usr 0 01:43:20, Sys 0 00:00:28  -  Total Remote Usage
		Usr 0 00:00:00, Sys 0 00:00:00  -  Total Local Usage
	293927  -  Run Bytes Sent By Job
	1567  -  Run Bytes Received By Job
	293927  -  Total Bytes Sent By Job
	1567  -  Total Bytes Received By Job
	Partitionable Resources :    Usage  Request Allocated
	   Cpus                 :                 1         1
	   Disk (KB)            :  1342140        2    591891
	   Memory (MB)          :      157     2000      2000
...
