000 (1246.000.000) 11/30 16:21:01 Job submitted from host: <128.142.196.38:9618?addrs=128.142.196.38-9618+[2001-1458-301-e2--100-20]-9618&noUDP&sock=164236_d05c_3>
...
001 (1246.000.000) 11/30 16:21:34 Job executing on host: <188.185.197.128:9618?addrs=188.185.197.128-9618+[--1]-9618&noUDP&sock=32432_8c06_3>
...
006 (1246.000.000) 11/30 16:21:43 Image size of job updated: 656
	1  -  MemoryUsage of job (MB)
	656  -  ResidentSetSize of job (KB)
...
006 (1246.000.000) 11/30 16:26:43 Image size of job updated: 684
	1  -  MemoryUsage of job (MB)
	684  -  ResidentSetSize of job (KB)
...
006 (1246.000.000) 11/30 16:36:44 Image size of job updated: 688
	1  -  MemoryUsage of job (MB)
	688  -  ResidentSetSize of job (KB)
...
006 (1246.000.000) 11/30 16:41:45 Image size of job updated: 154832
	101  -  MemoryUsage of job (MB)
	103256  -  ResidentSetSize of job (KB)
...
006 (1246.000.000) 11/30 16:46:45 Image size of job updated: 256232
	200  -  MemoryUsage of job (MB)
	204176  -  ResidentSetSize of job (KB)
...
006 (1246.000.000) 11/30 16:51:46 Image size of job updated: 271804
	215  -  MemoryUsage of job (MB)
	219740  -  ResidentSetSize of job (KB)
...
006 (1246.000.000) 11/30 16:56:46 Image size of job updated: 271824
	215  -  MemoryUsage of job (MB)
	219740  -  ResidentSetSize of job (KB)
...
005 (1246.000.000) 11/30 17:00:14 Job terminated.
	(1) Normal termination (return value 0)
		Usr 0 00:18:28, Sys 0 00:00:26  -  Run Remote Usage
		Usr 0 00:00:00, Sys 0 00:00:00  -  Run Local Usage
		Usr 0 00:18:28, Sys 0 00:00:26  -  Total Remote Usage
		Usr 0 00:00:00, Sys 0 00:00:00  -  Total Local Usage
	293661  -  Run Bytes Sent By Job
	1567  -  Run Bytes Received By Job
	293661  -  Total Bytes Sent By Job
	1567  -  Total Bytes Received By Job
	Partitionable Resources :    Usage  Request Allocated
	   Cpus                 :                 1         1
	   Disk (KB)            :   844416        2    578552
	   Memory (MB)          :      215     2000      2000
...
