000 (1130.000.000) 11/28 09:39:22 Job submitted from host: <128.142.196.38:9618?addrs=128.142.196.38-9618+[2001-1458-301-e2--100-20]-9618&noUDP&sock=164236_d05c_3>
...
001 (1130.000.000) 11/28 09:40:10 Job executing on host: <188.185.194.60:9618?addrs=188.185.194.60-9618+[--1]-9618&noUDP&sock=15833_b315_3>
...
006 (1130.000.000) 11/28 09:40:20 Image size of job updated: 388
	1  -  MemoryUsage of job (MB)
	388  -  ResidentSetSize of job (KB)
...
006 (1130.000.000) 11/28 09:45:22 Image size of job updated: 692
	1  -  MemoryUsage of job (MB)
	688  -  ResidentSetSize of job (KB)
...
006 (1130.000.000) 11/28 10:00:23 Image size of job updated: 696
	1  -  MemoryUsage of job (MB)
	692  -  ResidentSetSize of job (KB)
...
006 (1130.000.000) 11/28 10:10:23 Image size of job updated: 5932
	5  -  MemoryUsage of job (MB)
	4772  -  ResidentSetSize of job (KB)
...
006 (1130.000.000) 11/28 10:15:23 Image size of job updated: 123320
	97  -  MemoryUsage of job (MB)
	98876  -  ResidentSetSize of job (KB)
...
006 (1130.000.000) 11/28 10:20:24 Image size of job updated: 189028
	161  -  MemoryUsage of job (MB)
	164480  -  ResidentSetSize of job (KB)
...
006 (1130.000.000) 11/28 10:25:46 Image size of job updated: 192168
	164  -  MemoryUsage of job (MB)
	167620  -  ResidentSetSize of job (KB)
...
006 (1130.000.000) 11/28 12:26:50 Image size of job updated: 192328
	164  -  MemoryUsage of job (MB)
	167624  -  ResidentSetSize of job (KB)
...
006 (1130.000.000) 11/28 13:07:39 Image size of job updated: 192432
	164  -  MemoryUsage of job (MB)
	167720  -  ResidentSetSize of job (KB)
...
005 (1130.000.000) 11/28 15:39:39 Job terminated.
	(1) Normal termination (return value 0)
		Usr 0 02:21:42, Sys 0 00:16:37  -  Run Remote Usage
		Usr 0 00:00:00, Sys 0 00:00:00  -  Run Local Usage
		Usr 0 02:21:42, Sys 0 00:16:37  -  Total Remote Usage
		Usr 0 00:00:00, Sys 0 00:00:00  -  Total Local Usage
	1510  -  Run Bytes Sent By Job
	305929  -  Run Bytes Received By Job
	1510  -  Total Bytes Sent By Job
	305929  -  Total Bytes Received By Job
...
