000 (1012.000.000) 11/23 20:24:14 Job submitted from host: <128.142.196.38:9618?addrs=128.142.196.38-9618+[2001-1458-301-e2--100-20]-9618&noUDP&sock=164236_d05c_3>
...
001 (1012.000.000) 11/23 20:24:47 Job executing on host: <188.185.187.199:9618?addrs=188.185.187.199-9618+[--1]-9618&noUDP&sock=25571_2856_13>
...
006 (1012.000.000) 11/23 20:24:56 Image size of job updated: 684
	1  -  MemoryUsage of job (MB)
	684  -  ResidentSetSize of job (KB)
...
006 (1012.000.000) 11/23 20:34:57 Image size of job updated: 688
	1  -  MemoryUsage of job (MB)
	688  -  ResidentSetSize of job (KB)
...
006 (1012.000.000) 11/23 20:44:59 Image size of job updated: 39440
	28  -  MemoryUsage of job (MB)
	28420  -  ResidentSetSize of job (KB)
...
006 (1012.000.000) 11/23 20:50:00 Image size of job updated: 267568
	154  -  MemoryUsage of job (MB)
	157420  -  ResidentSetSize of job (KB)
...
006 (1012.000.000) 11/23 20:54:59 Image size of job updated: 271300
	158  -  MemoryUsage of job (MB)
	160820  -  ResidentSetSize of job (KB)
...
006 (1012.000.000) 11/23 20:59:59 Image size of job updated: 317760
	203  -  MemoryUsage of job (MB)
	207280  -  ResidentSetSize of job (KB)
...
006 (1012.000.000) 11/23 21:20:01 Image size of job updated: 317800
	203  -  MemoryUsage of job (MB)
	207280  -  ResidentSetSize of job (KB)
...
006 (1012.000.000) 11/23 21:25:02 Image size of job updated: 317804
	203  -  MemoryUsage of job (MB)
	207280  -  ResidentSetSize of job (KB)
...
005 (1012.000.000) 11/23 21:29:55 Job terminated.
	(1) Normal termination (return value 0)
		Usr 0 00:42:37, Sys 0 00:00:09  -  Run Remote Usage
		Usr 0 00:00:00, Sys 0 00:00:00  -  Run Local Usage
		Usr 0 00:42:37, Sys 0 00:00:09  -  Total Remote Usage
		Usr 0 00:00:00, Sys 0 00:00:00  -  Total Local Usage
	300429  -  Run Bytes Sent By Job
	1510  -  Run Bytes Received By Job
	300429  -  Total Bytes Sent By Job
	1510  -  Total Bytes Received By Job
	Partitionable Resources :    Usage  Request Allocated
	   Cpus                 :                 1         1
	   Disk (KB)            :  1114657        2   1950252
	   Memory (MB)          :      203     2000      2000
...
