000 (1163.000.000) 11/30 08:48:39 Job submitted from host: <128.142.196.38:9618?addrs=128.142.196.38-9618+[2001-1458-301-e2--100-20]-9618&noUDP&sock=164236_d05c_3>
...
001 (1163.000.000) 11/30 08:49:33 Job executing on host: <188.185.192.198:9618?addrs=188.185.192.198-9618+[--1]-9618&noUDP&sock=7509_1871_3>
...
006 (1163.000.000) 11/30 08:49:42 Image size of job updated: 668
	1  -  MemoryUsage of job (MB)
	668  -  ResidentSetSize of job (KB)
...
006 (1163.000.000) 11/30 08:54:43 Image size of job updated: 688
	1  -  MemoryUsage of job (MB)
	688  -  ResidentSetSize of job (KB)
...
005 (1163.000.000) 11/30 09:37:20 Job terminated.
	(1) Normal termination (return value 0)
		Usr 0 00:22:37, Sys 0 00:00:33  -  Run Remote Usage
		Usr 0 00:00:00, Sys 0 00:00:00  -  Run Local Usage
		Usr 0 00:22:37, Sys 0 00:00:33  -  Total Remote Usage
		Usr 0 00:00:00, Sys 0 00:00:00  -  Total Local Usage
	1567  -  Run Bytes Sent By Job
	293364  -  Run Bytes Received By Job
	1567  -  Total Bytes Sent By Job
	293364  -  Total Bytes Received By Job
...
