000 (1081.000.000) 11/28 09:38:47 Job submitted from host: <128.142.196.38:9618?addrs=128.142.196.38-9618+[2001-1458-301-e2--100-20]-9618&noUDP&sock=164236_d05c_3>
...
001 (1081.000.000) 11/28 09:39:13 Job executing on host: <188.185.192.253:9618?addrs=188.185.192.253-9618+[--1]-9618&noUDP&sock=24641_4142_12>
...
006 (1081.000.000) 11/28 09:39:22 Image size of job updated: 668
	1  -  MemoryUsage of job (MB)
	668  -  ResidentSetSize of job (KB)
...
006 (1081.000.000) 11/28 09:44:23 Image size of job updated: 692
	1  -  MemoryUsage of job (MB)
	692  -  ResidentSetSize of job (KB)
...
006 (1081.000.000) 11/28 09:59:25 Image size of job updated: 13960
	8  -  MemoryUsage of job (MB)
	8160  -  ResidentSetSize of job (KB)
...
006 (1081.000.000) 11/28 10:04:27 Image size of job updated: 220656
	109  -  MemoryUsage of job (MB)
	111428  -  ResidentSetSize of job (KB)
...
006 (1081.000.000) 11/28 10:09:27 Image size of job updated: 325748
	211  -  MemoryUsage of job (MB)
	215656  -  ResidentSetSize of job (KB)
...
006 (1081.000.000) 11/28 10:14:27 Image size of job updated: 340084
	225  -  MemoryUsage of job (MB)
	229984  -  ResidentSetSize of job (KB)
...
006 (1081.000.000) 11/28 10:19:27 Image size of job updated: 399852
	283  -  MemoryUsage of job (MB)
	289736  -  ResidentSetSize of job (KB)
...
005 (1081.000.000) 11/28 10:31:18 Job terminated.
	(1) Normal termination (return value 0)
		Usr 0 00:28:43, Sys 0 00:01:07  -  Run Remote Usage
		Usr 0 00:00:00, Sys 0 00:00:00  -  Run Local Usage
		Usr 0 00:28:43, Sys 0 00:01:07  -  Total Remote Usage
		Usr 0 00:00:00, Sys 0 00:00:00  -  Total Local Usage
	300300  -  Run Bytes Sent By Job
	1510  -  Run Bytes Received By Job
	300300  -  Total Bytes Sent By Job
	1510  -  Total Bytes Received By Job
	Partitionable Resources :    Usage  Request Allocated
	   Cpus                 :                 1         1
	   Disk (KB)            :   856679        2    618488
	   Memory (MB)          :      283     2000      2000
...
