000 (1279.000.000) 11/30 16:21:30 Job submitted from host: <128.142.196.38:9618?addrs=128.142.196.38-9618+[2001-1458-301-e2--100-20]-9618&noUDP&sock=164236_d05c_3>
...
001 (1279.000.000) 11/30 16:22:11 Job executing on host: <188.185.128.231:9618?addrs=188.185.128.231-9618+[--1]-9618&noUDP&sock=24154_36a3_3>
...
006 (1279.000.000) 11/30 16:22:19 Image size of job updated: 684
	1  -  MemoryUsage of job (MB)
	684  -  ResidentSetSize of job (KB)
...
006 (1279.000.000) 11/30 16:37:20 Image size of job updated: 688
	1  -  MemoryUsage of job (MB)
	688  -  ResidentSetSize of job (KB)
...
006 (1279.000.000) 11/30 16:42:20 Image size of job updated: 125032
	122  -  MemoryUsage of job (MB)
	124308  -  ResidentSetSize of job (KB)
...
006 (1279.000.000) 11/30 16:47:20 Image size of job updated: 126104
	123  -  MemoryUsage of job (MB)
	125380  -  ResidentSetSize of job (KB)
...
006 (1279.000.000) 11/30 16:52:20 Image size of job updated: 160372
	156  -  MemoryUsage of job (MB)
	159648  -  ResidentSetSize of job (KB)
...
006 (1279.000.000) 11/30 17:02:21 Image size of job updated: 160380
	156  -  MemoryUsage of job (MB)
	159656  -  ResidentSetSize of job (KB)
...
006 (1279.000.000) 11/30 17:12:22 Image size of job updated: 160704
	157  -  MemoryUsage of job (MB)
	159980  -  ResidentSetSize of job (KB)
...
006 (1279.000.000) 11/30 17:17:22 Image size of job updated: 161632
	158  -  MemoryUsage of job (MB)
	160908  -  ResidentSetSize of job (KB)
...
006 (1279.000.000) 11/30 17:42:24 Image size of job updated: 161784
	158  -  MemoryUsage of job (MB)
	161060  -  ResidentSetSize of job (KB)
...
005 (1279.000.000) 11/30 18:18:02 Job terminated.
	(1) Normal termination (return value 0)
		Usr 0 01:33:59, Sys 0 00:00:22  -  Run Remote Usage
		Usr 0 00:00:00, Sys 0 00:00:00  -  Run Local Usage
		Usr 0 01:33:59, Sys 0 00:00:22  -  Total Remote Usage
		Usr 0 00:00:00, Sys 0 00:00:00  -  Total Local Usage
	293966  -  Run Bytes Sent By Job
	1567  -  Run Bytes Received By Job
	293966  -  Total Bytes Sent By Job
	1567  -  Total Bytes Received By Job
	Partitionable Resources :    Usage  Request Allocated
	   Cpus                 :                 1         1
	   Disk (KB)            :  1359725        2    592838
	   Memory (MB)          :      158     2000      2000
...
