000 (1101.000.000) 11/28 09:39:01 Job submitted from host: <128.142.196.38:9618?addrs=128.142.196.38-9618+[2001-1458-301-e2--100-20]-9618&noUDP&sock=164236_d05c_3>
...
001 (1101.000.000) 11/28 09:39:14 Job executing on host: <188.185.187.11:9618?addrs=188.185.187.11-9618+[--1]-9618&noUDP&sock=24860_7880_12>
...
006 (1101.000.000) 11/28 09:39:23 Image size of job updated: 684
	1  -  MemoryUsage of job (MB)
	684  -  ResidentSetSize of job (KB)
...
006 (1101.000.000) 11/28 09:49:25 Image size of job updated: 688
	1  -  MemoryUsage of job (MB)
	688  -  ResidentSetSize of job (KB)
...
006 (1101.000.000) 11/28 09:59:26 Image size of job updated: 234908
	123  -  MemoryUsage of job (MB)
	125624  -  ResidentSetSize of job (KB)
...
006 (1101.000.000) 11/28 10:04:27 Image size of job updated: 274184
	160  -  MemoryUsage of job (MB)
	163732  -  ResidentSetSize of job (KB)
...
006 (1101.000.000) 11/28 10:09:27 Image size of job updated: 278972
	165  -  MemoryUsage of job (MB)
	168520  -  ResidentSetSize of job (KB)
...
006 (1101.000.000) 11/28 10:14:27 Image size of job updated: 313128
	198  -  MemoryUsage of job (MB)
	202676  -  ResidentSetSize of job (KB)
...
006 (1101.000.000) 11/28 10:19:28 Image size of job updated: 313568
	199  -  MemoryUsage of job (MB)
	203108  -  ResidentSetSize of job (KB)
...
006 (1101.000.000) 11/28 10:24:28 Image size of job updated: 313572
	199  -  MemoryUsage of job (MB)
	203108  -  ResidentSetSize of job (KB)
...
006 (1101.000.000) 11/28 10:29:29 Image size of job updated: 313576
	199  -  MemoryUsage of job (MB)
	203108  -  ResidentSetSize of job (KB)
...
005 (1101.000.000) 11/28 10:53:07 Job terminated.
	(1) Normal termination (return value 0)
		Usr 0 00:53:42, Sys 0 00:00:14  -  Run Remote Usage
		Usr 0 00:00:00, Sys 0 00:00:00  -  Run Local Usage
		Usr 0 00:53:42, Sys 0 00:00:14  -  Total Remote Usage
		Usr 0 00:00:00, Sys 0 00:00:00  -  Total Local Usage
	300332  -  Run Bytes Sent By Job
	1510  -  Run Bytes Received By Job
	300332  -  Total Bytes Sent By Job
	1510  -  Total Bytes Received By Job
	Partitionable Resources :    Usage  Request Allocated
	   Cpus                 :                 1         1
	   Disk (KB)            :  1186212        2   2123436
	   Memory (MB)          :      199     2000      2000
...
