000 (1233.000.000) 11/30 16:20:50 Job submitted from host: <128.142.196.38:9618?addrs=128.142.196.38-9618+[2001-1458-301-e2--100-20]-9618&noUDP&sock=164236_d05c_3>
...
001 (1233.000.000) 11/30 16:21:23 Job executing on host: <188.185.192.21:9618?addrs=188.185.192.21-9618+[--1]-9618&noUDP&sock=24787_6616_3>
...
006 (1233.000.000) 11/30 16:21:32 Image size of job updated: 684
	1  -  MemoryUsage of job (MB)
	684  -  ResidentSetSize of job (KB)
...
006 (1233.000.000) 11/30 16:26:33 Image size of job updated: 688
	1  -  MemoryUsage of job (MB)
	688  -  ResidentSetSize of job (KB)
...
006 (1233.000.000) 11/30 16:36:34 Image size of job updated: 692
	1  -  MemoryUsage of job (MB)
	692  -  ResidentSetSize of job (KB)
...
006 (1233.000.000) 11/30 16:41:36 Image size of job updated: 49064
	37  -  MemoryUsage of job (MB)
	37324  -  ResidentSetSize of job (KB)
...
006 (1233.000.000) 11/30 16:46:36 Image size of job updated: 137464
	104  -  MemoryUsage of job (MB)
	105896  -  ResidentSetSize of job (KB)
...
006 (1233.000.000) 11/30 16:51:36 Image size of job updated: 238800
	202  -  MemoryUsage of job (MB)
	206516  -  ResidentSetSize of job (KB)
...
006 (1233.000.000) 11/30 16:56:37 Image size of job updated: 253088
	216  -  MemoryUsage of job (MB)
	220804  -  ResidentSetSize of job (KB)
...
006 (1233.000.000) 11/30 17:01:37 Image size of job updated: 253140
	216  -  MemoryUsage of job (MB)
	220856  -  ResidentSetSize of job (KB)
...
005 (1233.000.000) 11/30 17:07:13 Job terminated.
	(1) Normal termination (return value 0)
		Usr 0 00:23:09, Sys 0 00:00:37  -  Run Remote Usage
		Usr 0 00:00:00, Sys 0 00:00:00  -  Run Local Usage
		Usr 0 00:23:09, Sys 0 00:00:37  -  Total Remote Usage
		Usr 0 00:00:00, Sys 0 00:00:00  -  Total Local Usage
	293606  -  Run Bytes Sent By Job
	1567  -  Run Bytes Received By Job
	293606  -  Total Bytes Sent By Job
	1567  -  Total Bytes Received By Job
	Partitionable Resources :    Usage  Request Allocated
	   Cpus                 :                 1         1
	   Disk (KB)            :   874373        2    595808
	   Memory (MB)          :      216     2000      2000
...
