000 (1136.000.000) 11/28 09:39:27 Job submitted from host: <128.142.196.38:9618?addrs=128.142.196.38-9618+[2001-1458-301-e2--100-20]-9618&noUDP&sock=164236_d05c_3>
...
001 (1136.000.000) 11/28 09:40:11 Job executing on host: <188.185.243.84:9618?addrs=188.185.243.84-9618+[--1]-9618&noUDP&sock=24889_5cbf_3>
...
006 (1136.000.000) 11/28 09:40:20 Image size of job updated: 684
	1  -  MemoryUsage of job (MB)
	684  -  ResidentSetSize of job (KB)
...
006 (1136.000.000) 11/28 09:50:22 Image size of job updated: 688
	1  -  MemoryUsage of job (MB)
	688  -  ResidentSetSize of job (KB)
...
006 (1136.000.000) 11/28 10:10:23 Image size of job updated: 180496
	128  -  MemoryUsage of job (MB)
	130280  -  ResidentSetSize of job (KB)
...
006 (1136.000.000) 11/28 10:15:24 Image size of job updated: 216060
	162  -  MemoryUsage of job (MB)
	164904  -  ResidentSetSize of job (KB)
...
006 (1136.000.000) 11/28 10:20:24 Image size of job updated: 216140
	162  -  MemoryUsage of job (MB)
	164960  -  ResidentSetSize of job (KB)
...
006 (1136.000.000) 11/28 10:25:25 Image size of job updated: 216776
	162  -  MemoryUsage of job (MB)
	165596  -  ResidentSetSize of job (KB)
...
006 (1136.000.000) 11/28 10:30:25 Image size of job updated: 241228
	186  -  MemoryUsage of job (MB)
	189764  -  ResidentSetSize of job (KB)
...
006 (1136.000.000) 11/28 10:40:26 Image size of job updated: 241232
	186  -  MemoryUsage of job (MB)
	189764  -  ResidentSetSize of job (KB)
...
006 (1136.000.000) 11/28 10:45:27 Image size of job updated: 242156
	187  -  MemoryUsage of job (MB)
	190688  -  ResidentSetSize of job (KB)
...
006 (1136.000.000) 11/28 10:50:27 Image size of job updated: 242164
	187  -  MemoryUsage of job (MB)
	190688  -  ResidentSetSize of job (KB)
...
006 (1136.000.000) 11/28 11:40:33 Image size of job updated: 242168
	187  -  MemoryUsage of job (MB)
	190688  -  ResidentSetSize of job (KB)
...
006 (1136.000.000) 11/28 12:00:35 Image size of job updated: 242212
	187  -  MemoryUsage of job (MB)
	190688  -  ResidentSetSize of job (KB)
...
005 (1136.000.000) 11/28 12:14:24 Job terminated.
	(1) Normal termination (return value 0)
		Usr 0 02:02:47, Sys 0 00:02:05  -  Run Remote Usage
		Usr 0 00:00:00, Sys 0 00:00:00  -  Run Local Usage
		Usr 0 02:02:47, Sys 0 00:02:05  -  Total Remote Usage
		Usr 0 00:00:00, Sys 0 00:00:00  -  Total Local Usage
	302051  -  Run Bytes Sent By Job
	1510  -  Run Bytes Received By Job
	302051  -  Total Bytes Sent By Job
	1510  -  Total Bytes Received By Job
	Partitionable Resources :    Usage  Request Allocated
	   Cpus                 :                 1         1
	   Disk (KB)            :  1739646        2    609975
	   Memory (MB)          :      187     2000      2000
...
