000 (1061.000.000) 11/28 09:38:33 Job submitted from host: <128.142.196.38:9618?addrs=128.142.196.38-9618+[2001-1458-301-e2--100-20]-9618&noUDP&sock=164236_d05c_3>
...
001 (1061.000.000) 11/28 09:39:01 Job executing on host: <188.185.192.21:9618?addrs=188.185.192.21-9618+[--1]-9618&noUDP&sock=24787_6616_3>
...
006 (1061.000.000) 11/28 09:39:09 Image size of job updated: 668
	1  -  MemoryUsage of job (MB)
	668  -  ResidentSetSize of job (KB)
...
006 (1061.000.000) 11/28 09:44:09 Image size of job updated: 688
	1  -  MemoryUsage of job (MB)
	688  -  ResidentSetSize of job (KB)
...
006 (1061.000.000) 11/28 09:49:10 Image size of job updated: 692
	1  -  MemoryUsage of job (MB)
	692  -  ResidentSetSize of job (KB)
...
006 (1061.000.000) 11/28 10:04:14 Image size of job updated: 72324
	49  -  MemoryUsage of job (MB)
	49564  -  ResidentSetSize of job (KB)
...
006 (1061.000.000) 11/28 10:09:19 Image size of job updated: 143320
	102  -  MemoryUsage of job (MB)
	104332  -  ResidentSetSize of job (KB)
...
006 (1061.000.000) 11/28 10:14:12 Image size of job updated: 257124
	214  -  MemoryUsage of job (MB)
	218136  -  ResidentSetSize of job (KB)
...
005 (1061.000.000) 11/28 10:17:41 Job terminated.
	(1) Normal termination (return value 0)
		Usr 0 00:10:50, Sys 0 00:03:17  -  Run Remote Usage
		Usr 0 00:00:00, Sys 0 00:00:00  -  Run Local Usage
		Usr 0 00:10:50, Sys 0 00:03:17  -  Total Remote Usage
		Usr 0 00:00:00, Sys 0 00:00:00  -  Total Local Usage
	300025  -  Run Bytes Sent By Job
	1510  -  Run Bytes Received By Job
	300025  -  Total Bytes Sent By Job
	1510  -  Total Bytes Received By Job
	Partitionable Resources :    Usage  Request Allocated
	   Cpus                 :                 1         1
	   Disk (KB)            :   765070        2    615275
	   Memory (MB)          :      214     2000      2000
...
