000 (1288.000.000) 11/30 16:21:38 Job submitted from host: <128.142.196.38:9618?addrs=128.142.196.38-9618+[2001-1458-301-e2--100-20]-9618&noUDP&sock=164236_d05c_3>
...
001 (1288.000.000) 11/30 16:22:13 Job executing on host: <188.185.173.37:9618?addrs=188.185.173.37-9618+[--1]-9618&noUDP&sock=32307_ceb0_3>
...
006 (1288.000.000) 11/30 16:22:22 Image size of job updated: 680
	1  -  MemoryUsage of job (MB)
	680  -  ResidentSetSize of job (KB)
...
006 (1288.000.000) 11/30 16:27:23 Image size of job updated: 684
	1  -  MemoryUsage of job (MB)
	684  -  ResidentSetSize of job (KB)
...
006 (1288.000.000) 11/30 16:32:23 Image size of job updated: 688
	1  -  MemoryUsage of job (MB)
	688  -  ResidentSetSize of job (KB)
...
006 (1288.000.000) 11/30 16:42:24 Image size of job updated: 152180
	126  -  MemoryUsage of job (MB)
	128932  -  ResidentSetSize of job (KB)
...
006 (1288.000.000) 11/30 16:47:25 Image size of job updated: 180800
	154  -  MemoryUsage of job (MB)
	157552  -  ResidentSetSize of job (KB)
...
006 (1288.000.000) 11/30 16:52:25 Image size of job updated: 186868
	160  -  MemoryUsage of job (MB)
	163600  -  ResidentSetSize of job (KB)
...
006 (1288.000.000) 11/30 17:02:26 Image size of job updated: 186948
	160  -  MemoryUsage of job (MB)
	163600  -  ResidentSetSize of job (KB)
...
006 (1288.000.000) 11/30 17:17:28 Image size of job updated: 187156
	160  -  MemoryUsage of job (MB)
	163600  -  ResidentSetSize of job (KB)
...
006 (1288.000.000) 11/30 18:07:34 Image size of job updated: 187172
	160  -  MemoryUsage of job (MB)
	163600  -  ResidentSetSize of job (KB)
...
005 (1288.000.000) 11/30 18:16:11 Job terminated.
	(1) Normal termination (return value 0)
		Usr 0 01:33:18, Sys 0 00:00:23  -  Run Remote Usage
		Usr 0 00:00:00, Sys 0 00:00:00  -  Run Local Usage
		Usr 0 01:33:18, Sys 0 00:00:23  -  Total Remote Usage
		Usr 0 00:00:00, Sys 0 00:00:00  -  Total Local Usage
	293939  -  Run Bytes Sent By Job
	1567  -  Run Bytes Received By Job
	293939  -  Total Bytes Sent By Job
	1567  -  Total Bytes Received By Job
	Partitionable Resources :    Usage  Request Allocated
	   Cpus                 :                 1         1
	   Disk (KB)            :  1339328        2    576003
	   Memory (MB)          :      160     2000      2000
...
