000 (1016.000.000) 11/23 20:24:17 Job submitted from host: <128.142.196.38:9618?addrs=128.142.196.38-9618+[2001-1458-301-e2--100-20]-9618&noUDP&sock=164236_d05c_3>
...
001 (1016.000.000) 11/23 20:24:48 Job executing on host: <188.185.187.171:9618?addrs=188.185.187.171-9618+[--1]-9618&noUDP&sock=25557_8e03_14>
...
006 (1016.000.000) 11/23 20:24:57 Image size of job updated: 684
	1  -  MemoryUsage of job (MB)
	684  -  ResidentSetSize of job (KB)
...
006 (1016.000.000) 11/23 20:34:59 Image size of job updated: 688
	1  -  MemoryUsage of job (MB)
	688  -  ResidentSetSize of job (KB)
...
006 (1016.000.000) 11/23 20:45:00 Image size of job updated: 31904
	25  -  MemoryUsage of job (MB)
	24924  -  ResidentSetSize of job (KB)
...
006 (1016.000.000) 11/23 20:50:01 Image size of job updated: 271948
	159  -  MemoryUsage of job (MB)
	162392  -  ResidentSetSize of job (KB)
...
006 (1016.000.000) 11/23 20:55:01 Image size of job updated: 299148
	185  -  MemoryUsage of job (MB)
	188980  -  ResidentSetSize of job (KB)
...
006 (1016.000.000) 11/23 21:00:01 Image size of job updated: 299168
	185  -  MemoryUsage of job (MB)
	188988  -  ResidentSetSize of job (KB)
...
006 (1016.000.000) 11/23 21:05:01 Image size of job updated: 299172
	185  -  MemoryUsage of job (MB)
	188988  -  ResidentSetSize of job (KB)
...
006 (1016.000.000) 11/23 21:10:02 Image size of job updated: 300576
	186  -  MemoryUsage of job (MB)
	190348  -  ResidentSetSize of job (KB)
...
006 (1016.000.000) 11/23 21:15:02 Image size of job updated: 300656
	186  -  MemoryUsage of job (MB)
	190348  -  ResidentSetSize of job (KB)
...
006 (1016.000.000) 11/23 21:25:02 Image size of job updated: 300684
	186  -  MemoryUsage of job (MB)
	190348  -  ResidentSetSize of job (KB)
...
006 (1016.000.000) 11/23 21:45:05 Image size of job updated: 300988
	186  -  MemoryUsage of job (MB)
	190348  -  ResidentSetSize of job (KB)
...
006 (1016.000.000) 11/23 21:50:05 Image size of job updated: 300992
	186  -  MemoryUsage of job (MB)
	190348  -  ResidentSetSize of job (KB)
...
006 (1016.000.000) 11/23 22:00:05 Image size of job updated: 301004
	186  -  MemoryUsage of job (MB)
	190348  -  ResidentSetSize of job (KB)
...
005 (1016.000.000) 11/23 22:25:37 Job terminated.
	(1) Normal termination (return value 0)
		Usr 0 01:38:00, Sys 0 00:00:11  -  Run Remote Usage
		Usr 0 00:00:00, Sys 0 00:00:00  -  Run Local Usage
		Usr 0 01:38:00, Sys 0 00:00:11  -  Total Remote Usage
		Usr 0 00:00:00, Sys 0 00:00:00  -  Total Local Usage
	301753  -  Run Bytes Sent By Job
	1510  -  Run Bytes Received By Job
	301753  -  Total Bytes Sent By Job
	1510  -  Total Bytes Received By Job
	Partitionable Resources :    Usage  Request Allocated
	   Cpus                 :                 1         1
	   Disk (KB)            :  1714366        2   1947105
	   Memory (MB)          :      186     2000      2000
...
