000 (1116.000.000) 11/28 09:39:12 Job submitted from host: <128.142.196.38:9618?addrs=128.142.196.38-9618+[2001-1458-301-e2--100-20]-9618&noUDP&sock=164236_d05c_3>
...
001 (1116.000.000) 11/28 09:40:07 Job executing on host: <188.185.194.60:9618?addrs=188.185.194.60-9618+[--1]-9618&noUDP&sock=15833_b315_3>
...
006 (1116.000.000) 11/28 09:40:17 Image size of job updated: 388
	1  -  MemoryUsage of job (MB)
	388  -  ResidentSetSize of job (KB)
...
006 (1116.000.000) 11/28 09:45:20 Image size of job updated: 684
	1  -  MemoryUsage of job (MB)
	684  -  ResidentSetSize of job (KB)
...
006 (1116.000.000) 11/28 09:55:20 Image size of job updated: 688
	1  -  MemoryUsage of job (MB)
	688  -  ResidentSetSize of job (KB)
...
006 (1116.000.000) 11/28 10:10:21 Image size of job updated: 5204
	4  -  MemoryUsage of job (MB)
	3788  -  ResidentSetSize of job (KB)
...
006 (1116.000.000) 11/28 10:15:21 Image size of job updated: 127604
	97  -  MemoryUsage of job (MB)
	98368  -  ResidentSetSize of job (KB)
...
006 (1116.000.000) 11/28 10:20:21 Image size of job updated: 185404
	152  -  MemoryUsage of job (MB)
	155436  -  ResidentSetSize of job (KB)
...
006 (1116.000.000) 11/28 10:25:46 Image size of job updated: 233292
	199  -  MemoryUsage of job (MB)
	203324  -  ResidentSetSize of job (KB)
...
006 (1116.000.000) 11/28 11:05:45 Image size of job updated: 233304
	199  -  MemoryUsage of job (MB)
	203324  -  ResidentSetSize of job (KB)
...
005 (1116.000.000) 11/28 14:26:45 Job terminated.
	(1) Normal termination (return value 0)
		Usr 0 01:13:41, Sys 0 00:18:50  -  Run Remote Usage
		Usr 0 00:00:00, Sys 0 00:00:00  -  Run Local Usage
		Usr 0 01:13:41, Sys 0 00:18:50  -  Total Remote Usage
		Usr 0 00:00:00, Sys 0 00:00:00  -  Total Local Usage
	1510  -  Run Bytes Sent By Job
	302556  -  Run Bytes Received By Job
	1510  -  Total Bytes Sent By Job
	302556  -  Total Bytes Received By Job
...
