000 (1173.000.000) 11/30 08:48:45 Job submitted from host: <128.142.196.38:9618?addrs=128.142.196.38-9618+[2001-1458-301-e2--100-20]-9618&noUDP&sock=164236_d05c_3>
...
001 (1173.000.000) 11/30 08:49:37 Job executing on host: <188.185.192.87:9618?addrs=188.185.192.87-9618+[--1]-9618&noUDP&sock=31834_0dfc_10>
...
006 (1173.000.000) 11/30 08:49:46 Image size of job updated: 680
	1  -  MemoryUsage of job (MB)
	664  -  ResidentSetSize of job (KB)
...
006 (1173.000.000) 11/30 08:54:47 Image size of job updated: 700
	1  -  MemoryUsage of job (MB)
	684  -  ResidentSetSize of job (KB)
...
005 (1173.000.000) 11/30 10:02:21 Job terminated.
	(1) Normal termination (return value 0)
		Usr 0 00:43:50, Sys 0 00:00:40  -  Run Remote Usage
		Usr 0 00:00:00, Sys 0 00:00:00  -  Run Local Usage
		Usr 0 00:43:50, Sys 0 00:00:40  -  Total Remote Usage
		Usr 0 00:00:00, Sys 0 00:00:00  -  Total Local Usage
	1567  -  Run Bytes Sent By Job
	293415  -  Run Bytes Received By Job
	1567  -  Total Bytes Sent By Job
	293415  -  Total Bytes Received By Job
...
