000 (1065.000.000) 11/28 09:38:35 Job submitted from host: <128.142.196.38:9618?addrs=128.142.196.38-9618+[2001-1458-301-e2--100-20]-9618&noUDP&sock=164236_d05c_3>
...
007 (1065.000.000) 11/28 09:39:13 Shadow exception!
	Can no longer talk to condor_starter <188.185.129.153:9618>
	0  -  Run Bytes Sent By Job
	0  -  Run Bytes Received By Job
...
007 (1065.000.000) 11/28 09:39:18 Shadow exception!
	Can no longer talk to condor_starter <188.185.129.153:9618>
	0  -  Run Bytes Sent By Job
	0  -  Run Bytes Received By Job
...
007 (1065.000.000) 11/28 09:39:18 Shadow exception!
	Can no longer talk to condor_starter <188.185.129.153:9618>
	0  -  Run Bytes Sent By Job
	0  -  Run Bytes Received By Job
...
007 (1065.000.000) 11/28 09:39:19 Shadow exception!
	Can no longer talk to condor_starter <188.185.129.153:9618>
	0  -  Run Bytes Sent By Job
	0  -  Run Bytes Received By Job
...
007 (1065.000.000) 11/28 09:39:20 Shadow exception!
	Can no longer talk to condor_starter <188.185.129.153:9618>
	0  -  Run Bytes Sent By Job
	0  -  Run Bytes Received By Job
...
001 (1065.000.000) 11/28 09:40:00 Job executing on host: <188.185.180.233:9618?addrs=188.185.180.233-9618+[--1]-9618&noUDP&sock=23729_b2e3_13>
...
006 (1065.000.000) 11/28 09:40:08 Image size of job updated: 684
	1  -  MemoryUsage of job (MB)
	684  -  ResidentSetSize of job (KB)
...
006 (1065.000.000) 11/28 09:50:10 Image size of job updated: 688
	1  -  MemoryUsage of job (MB)
	688  -  ResidentSetSize of job (KB)
...
006 (1065.000.000) 11/28 10:05:11 Image size of job updated: 50676
	37  -  MemoryUsage of job (MB)
	37160  -  ResidentSetSize of job (KB)
...
006 (1065.000.000) 11/28 10:10:12 Image size of job updated: 127644
	102  -  MemoryUsage of job (MB)
	104360  -  ResidentSetSize of job (KB)
...
006 (1065.000.000) 11/28 10:15:12 Image size of job updated: 228116
	201  -  MemoryUsage of job (MB)
	204816  -  ResidentSetSize of job (KB)
...
006 (1065.000.000) 11/28 10:20:13 Image size of job updated: 242136
	214  -  MemoryUsage of job (MB)
	218824  -  ResidentSetSize of job (KB)
...
005 (1065.000.000) 11/28 10:21:04 Job terminated.
	(1) Normal termination (return value 0)
		Usr 0 00:14:13, Sys 0 00:02:27  -  Run Remote Usage
		Usr 0 00:00:00, Sys 0 00:00:00  -  Run Local Usage
		Usr 0 00:14:13, Sys 0 00:02:27  -  Total Remote Usage
		Usr 0 00:00:00, Sys 0 00:00:00  -  Total Local Usage
	300093  -  Run Bytes Sent By Job
	1510  -  Run Bytes Received By Job
	300093  -  Total Bytes Sent By Job
	1510  -  Total Bytes Received By Job
	Partitionable Resources :    Usage  Request Allocated
	   Cpus                 :                 1         1
	   Disk (KB)            :   764283        2    613995
	   Memory (MB)          :      214     2000      2000
...
