000 (1083.000.000) 11/28 09:38:48 Job submitted from host: <128.142.196.38:9618?addrs=128.142.196.38-9618+[2001-1458-301-e2--100-20]-9618&noUDP&sock=164236_d05c_3>
...
001 (1083.000.000) 11/28 09:39:09 Job executing on host: <188.185.187.2:9618?addrs=188.185.187.2-9618+[--1]-9618&noUDP&sock=25486_dac9_3>
...
006 (1083.000.000) 11/28 09:39:18 Image size of job updated: 680
	1  -  MemoryUsage of job (MB)
	680  -  ResidentSetSize of job (KB)
...
006 (1083.000.000) 11/28 09:59:21 Image size of job updated: 218660
	109  -  MemoryUsage of job (MB)
	110768  -  ResidentSetSize of job (KB)
...
006 (1083.000.000) 11/28 10:04:22 Image size of job updated: 323028
	210  -  MemoryUsage of job (MB)
	214336  -  ResidentSetSize of job (KB)
...
006 (1083.000.000) 11/28 10:09:22 Image size of job updated: 336828
	223  -  MemoryUsage of job (MB)
	228136  -  ResidentSetSize of job (KB)
...
006 (1083.000.000) 11/28 10:14:22 Image size of job updated: 336892
	223  -  MemoryUsage of job (MB)
	228188  -  ResidentSetSize of job (KB)
...
005 (1083.000.000) 11/28 10:17:23 Job terminated.
	(1) Normal termination (return value 0)
		Usr 0 00:18:11, Sys 0 00:00:10  -  Run Remote Usage
		Usr 0 00:00:00, Sys 0 00:00:00  -  Run Local Usage
		Usr 0 00:18:11, Sys 0 00:00:10  -  Total Remote Usage
		Usr 0 00:00:00, Sys 0 00:00:00  -  Total Local Usage
	300277  -  Run Bytes Sent By Job
	1510  -  Run Bytes Received By Job
	300277  -  Total Bytes Sent By Job
	1510  -  Total Bytes Received By Job
	Partitionable Resources :    Usage  Request Allocated
	   Cpus                 :                 1         1
	   Disk (KB)            :   853168        2   2120549
	   Memory (MB)          :      223     2000      2000
...
