000 (1307.000.000) 11/30 16:21:55 Job submitted from host: <128.142.196.38:9618?addrs=128.142.196.38-9618+[2001-1458-301-e2--100-20]-9618&noUDP&sock=164236_d05c_3>
...
001 (1307.000.000) 11/30 16:22:19 Job executing on host: <188.185.195.74:9618?addrs=188.185.195.74-9618+[--1]-9618&noUDP&sock=24730_9d98_3>
...
006 (1307.000.000) 11/30 16:22:28 Image size of job updated: 688
	1  -  MemoryUsage of job (MB)
	688  -  ResidentSetSize of job (KB)
...
006 (1307.000.000) 11/30 16:32:30 Image size of job updated: 692
	1  -  MemoryUsage of job (MB)
	692  -  ResidentSetSize of job (KB)
...
006 (1307.000.000) 11/30 16:42:31 Image size of job updated: 194884
	153  -  MemoryUsage of job (MB)
	156316  -  ResidentSetSize of job (KB)
...
006 (1307.000.000) 11/30 16:47:32 Image size of job updated: 202320
	160  -  MemoryUsage of job (MB)
	163032  -  ResidentSetSize of job (KB)
...
006 (1307.000.000) 11/30 16:52:32 Image size of job updated: 203916
	161  -  MemoryUsage of job (MB)
	164628  -  ResidentSetSize of job (KB)
...
006 (1307.000.000) 11/30 17:47:37 Image size of job updated: 207368
	165  -  MemoryUsage of job (MB)
	168080  -  ResidentSetSize of job (KB)
...
006 (1307.000.000) 11/30 17:57:39 Image size of job updated: 207372
	165  -  MemoryUsage of job (MB)
	168080  -  ResidentSetSize of job (KB)
...
006 (1307.000.000) 11/30 18:07:40 Image size of job updated: 222892
	180  -  MemoryUsage of job (MB)
	183444  -  ResidentSetSize of job (KB)
...
006 (1307.000.000) 11/30 18:37:43 Image size of job updated: 222932
	180  -  MemoryUsage of job (MB)
	183444  -  ResidentSetSize of job (KB)
...
005 (1307.000.000) 11/30 19:07:35 Job terminated.
	(1) Normal termination (return value 0)
		Usr 0 02:25:16, Sys 0 00:00:28  -  Run Remote Usage
		Usr 0 00:00:00, Sys 0 00:00:00  -  Run Local Usage
		Usr 0 02:25:16, Sys 0 00:00:28  -  Total Remote Usage
		Usr 0 00:00:00, Sys 0 00:00:00  -  Total Local Usage
	296420  -  Run Bytes Sent By Job
	1567  -  Run Bytes Received By Job
	296420  -  Total Bytes Sent By Job
	1567  -  Total Bytes Received By Job
	Partitionable Resources :    Usage  Request Allocated
	   Cpus                 :                 1         1
	   Disk (KB)            :  1936509        2    582523
	   Memory (MB)          :      180     2000      2000
...
