000 (1092.000.000) 11/28 09:38:55 Job submitted from host: <128.142.196.38:9618?addrs=128.142.196.38-9618+[2001-1458-301-e2--100-20]-9618&noUDP&sock=164236_d05c_3>
...
001 (1092.000.000) 11/28 09:39:09 Job executing on host: <188.185.187.73:9618?addrs=188.185.187.73-9618+[--1]-9618&noUDP&sock=24323_2224_14>
...
006 (1092.000.000) 11/28 09:39:18 Image size of job updated: 684
	1  -  MemoryUsage of job (MB)
	684  -  ResidentSetSize of job (KB)
...
006 (1092.000.000) 11/28 09:49:20 Image size of job updated: 688
	1  -  MemoryUsage of job (MB)
	688  -  ResidentSetSize of job (KB)
...
006 (1092.000.000) 11/28 09:59:21 Image size of job updated: 218508
	107  -  MemoryUsage of job (MB)
	109184  -  ResidentSetSize of job (KB)
...
006 (1092.000.000) 11/28 10:04:22 Image size of job updated: 315340
	201  -  MemoryUsage of job (MB)
	205248  -  ResidentSetSize of job (KB)
...
006 (1092.000.000) 11/28 10:09:22 Image size of job updated: 331880
	217  -  MemoryUsage of job (MB)
	221672  -  ResidentSetSize of job (KB)
...
006 (1092.000.000) 11/28 10:14:22 Image size of job updated: 331888
	217  -  MemoryUsage of job (MB)
	221676  -  ResidentSetSize of job (KB)
...
005 (1092.000.000) 11/28 10:18:05 Job terminated.
	(1) Normal termination (return value 0)
		Usr 0 00:18:52, Sys 0 00:00:10  -  Run Remote Usage
		Usr 0 00:00:00, Sys 0 00:00:00  -  Run Local Usage
		Usr 0 00:18:52, Sys 0 00:00:10  -  Total Remote Usage
		Usr 0 00:00:00, Sys 0 00:00:00  -  Total Local Usage
	300308  -  Run Bytes Sent By Job
	1510  -  Run Bytes Received By Job
	300308  -  Total Bytes Sent By Job
	1510  -  Total Bytes Received By Job
	Partitionable Resources :    Usage  Request Allocated
	   Cpus                 :                 1         1
	   Disk (KB)            :   845527        2   2125638
	   Memory (MB)          :      217     2000      2000
...
