000 (1280.000.000) 11/30 16:21:31 Job submitted from host: <128.142.196.38:9618?addrs=128.142.196.38-9618+[2001-1458-301-e2--100-20]-9618&noUDP&sock=164236_d05c_3>
...
001 (1280.000.000) 11/30 16:22:11 Job executing on host: <188.185.173.37:9618?addrs=188.185.173.37-9618+[--1]-9618&noUDP&sock=32307_ceb0_3>
...
006 (1280.000.000) 11/30 16:22:20 Image size of job updated: 684
	1  -  MemoryUsage of job (MB)
	684  -  ResidentSetSize of job (KB)
...
006 (1280.000.000) 11/30 16:32:22 Image size of job updated: 692
	1  -  MemoryUsage of job (MB)
	692  -  ResidentSetSize of job (KB)
...
006 (1280.000.000) 11/30 16:42:23 Image size of job updated: 143940
	121  -  MemoryUsage of job (MB)
	123724  -  ResidentSetSize of job (KB)
...
006 (1280.000.000) 11/30 16:47:24 Image size of job updated: 175724
	152  -  MemoryUsage of job (MB)
	155508  -  ResidentSetSize of job (KB)
...
006 (1280.000.000) 11/30 16:52:24 Image size of job updated: 181832
	158  -  MemoryUsage of job (MB)
	161608  -  ResidentSetSize of job (KB)
...
006 (1280.000.000) 11/30 17:02:26 Image size of job updated: 181844
	158  -  MemoryUsage of job (MB)
	161612  -  ResidentSetSize of job (KB)
...
006 (1280.000.000) 11/30 17:32:28 Image size of job updated: 181848
	158  -  MemoryUsage of job (MB)
	161612  -  ResidentSetSize of job (KB)
...
006 (1280.000.000) 11/30 17:42:29 Image size of job updated: 182300
	159  -  MemoryUsage of job (MB)
	161984  -  ResidentSetSize of job (KB)
...
005 (1280.000.000) 11/30 18:16:28 Job terminated.
	(1) Normal termination (return value 0)
		Usr 0 01:33:39, Sys 0 00:00:24  -  Run Remote Usage
		Usr 0 00:00:00, Sys 0 00:00:00  -  Run Local Usage
		Usr 0 01:33:39, Sys 0 00:00:24  -  Total Remote Usage
		Usr 0 00:00:00, Sys 0 00:00:00  -  Total Local Usage
	293944  -  Run Bytes Sent By Job
	1567  -  Run Bytes Received By Job
	293944  -  Total Bytes Sent By Job
	1567  -  Total Bytes Received By Job
	Partitionable Resources :    Usage  Request Allocated
	   Cpus                 :                 1         1
	   Disk (KB)            :  1334855        2    576003
	   Memory (MB)          :      159     2000      2000
...
