000 (1302.000.000) 11/30 16:21:50 Job submitted from host: <128.142.196.38:9618?addrs=128.142.196.38-9618+[2001-1458-301-e2--100-20]-9618&noUDP&sock=164236_d05c_3>
...
001 (1302.000.000) 11/30 16:22:19 Job executing on host: <188.185.174.157:9618?addrs=188.185.174.157-9618+[--1]-9618&noUDP&sock=3201_32bf_11>
...
006 (1302.000.000) 11/30 16:22:27 Image size of job updated: 684
	1  -  MemoryUsage of job (MB)
	684  -  ResidentSetSize of job (KB)
...
006 (1302.000.000) 11/30 16:32:28 Image size of job updated: 692
	1  -  MemoryUsage of job (MB)
	692  -  ResidentSetSize of job (KB)
...
006 (1302.000.000) 11/30 16:42:29 Image size of job updated: 212340
	148  -  MemoryUsage of job (MB)
	150708  -  ResidentSetSize of job (KB)
...
006 (1302.000.000) 11/30 16:47:30 Image size of job updated: 226380
	161  -  MemoryUsage of job (MB)
	163968  -  ResidentSetSize of job (KB)
...
006 (1302.000.000) 11/30 16:52:30 Image size of job updated: 227432
	162  -  MemoryUsage of job (MB)
	164892  -  ResidentSetSize of job (KB)
...
006 (1302.000.000) 11/30 19:22:45 Image size of job updated: 227444
	162  -  MemoryUsage of job (MB)
	164892  -  ResidentSetSize of job (KB)
...
006 (1302.000.000) 11/30 19:27:46 Image size of job updated: 230836
	165  -  MemoryUsage of job (MB)
	168284  -  ResidentSetSize of job (KB)
...
005 (1302.000.000) 11/30 19:45:35 Job terminated.
	(1) Normal termination (return value 0)
		Usr 0 03:03:03, Sys 0 00:00:28  -  Run Remote Usage
		Usr 0 00:00:00, Sys 0 00:00:00  -  Run Local Usage
		Usr 0 03:03:03, Sys 0 00:00:28  -  Total Remote Usage
		Usr 0 00:00:00, Sys 0 00:00:00  -  Total Local Usage
	295513  -  Run Bytes Sent By Job
	1567  -  Run Bytes Received By Job
	295513  -  Total Bytes Sent By Job
	1567  -  Total Bytes Received By Job
	Partitionable Resources :    Usage  Request Allocated
	   Cpus                 :                 1         1
	   Disk (KB)            :  1953340        2    597101
	   Memory (MB)          :      165     2000      2000
...
