000 (1296.000.000) 11/30 16:21:44 Job submitted from host: <128.142.196.38:9618?addrs=128.142.196.38-9618+[2001-1458-301-e2--100-20]-9618&noUDP&sock=164236_d05c_3>
...
001 (1296.000.000) 11/30 16:22:17 Job executing on host: <188.185.198.12:9618?addrs=188.185.198.12-9618+[--1]-9618&noUDP&sock=25289_0b09_3>
...
006 (1296.000.000) 11/30 16:22:25 Image size of job updated: 684
	1  -  MemoryUsage of job (MB)
	684  -  ResidentSetSize of job (KB)
...
006 (1296.000.000) 11/30 16:27:25 Image size of job updated: 688
	1  -  MemoryUsage of job (MB)
	688  -  ResidentSetSize of job (KB)
...
006 (1296.000.000) 11/30 16:37:26 Image size of job updated: 692
	1  -  MemoryUsage of job (MB)
	692  -  ResidentSetSize of job (KB)
...
006 (1296.000.000) 11/30 16:42:27 Image size of job updated: 32456
	28  -  MemoryUsage of job (MB)
	28464  -  ResidentSetSize of job (KB)
...
006 (1296.000.000) 11/30 16:47:27 Image size of job updated: 177188
	149  -  MemoryUsage of job (MB)
	152056  -  ResidentSetSize of job (KB)
...
006 (1296.000.000) 11/30 16:52:28 Image size of job updated: 190384
	162  -  MemoryUsage of job (MB)
	165228  -  ResidentSetSize of job (KB)
...
006 (1296.000.000) 11/30 17:17:30 Image size of job updated: 190388
	162  -  MemoryUsage of job (MB)
	165228  -  ResidentSetSize of job (KB)
...
006 (1296.000.000) 11/30 17:52:34 Image size of job updated: 190412
	162  -  MemoryUsage of job (MB)
	165228  -  ResidentSetSize of job (KB)
...
006 (1296.000.000) 11/30 18:27:39 Image size of job updated: 190444
	162  -  MemoryUsage of job (MB)
	165228  -  ResidentSetSize of job (KB)
...
006 (1296.000.000) 11/30 19:17:44 Image size of job updated: 190488
	162  -  MemoryUsage of job (MB)
	165228  -  ResidentSetSize of job (KB)
...
006 (1296.000.000) 11/30 19:47:48 Image size of job updated: 193868
	165  -  MemoryUsage of job (MB)
	168608  -  ResidentSetSize of job (KB)
...
006 (1296.000.000) 11/30 19:52:49 Image size of job updated: 193888
	165  -  MemoryUsage of job (MB)
	168628  -  ResidentSetSize of job (KB)
...
006 (1296.000.000) 11/30 19:57:49 Image size of job updated: 193892
	165  -  MemoryUsage of job (MB)
	168632  -  ResidentSetSize of job (KB)
...
005 (1296.000.000) 11/30 20:00:54 Job terminated.
	(1) Normal termination (return value 0)
		Usr 0 03:14:36, Sys 0 00:00:49  -  Run Remote Usage
		Usr 0 00:00:00, Sys 0 00:00:00  -  Run Local Usage
		Usr 0 03:14:36, Sys 0 00:00:49  -  Total Remote Usage
		Usr 0 00:00:00, Sys 0 00:00:00  -  Total Local Usage
	296586  -  Run Bytes Sent By Job
	1567  -  Run Bytes Received By Job
	296586  -  Total Bytes Sent By Job
	1567  -  Total Bytes Received By Job
	Partitionable Resources :    Usage  Request Allocated
	   Cpus                 :                 1         1
	   Disk (KB)            :  1953315        2    590724
	   Memory (MB)          :      165     2000      2000
...
