000 (1169.000.000) 11/30 08:48:42 Job submitted from host: <128.142.196.38:9618?addrs=128.142.196.38-9618+[2001-1458-301-e2--100-20]-9618&noUDP&sock=164236_d05c_3>
...
001 (1169.000.000) 11/30 08:49:35 Job executing on host: <188.185.129.153:9618?addrs=188.185.129.153-9618+[--1]-9618&noUDP&sock=7321_7d58_3>
...
006 (1169.000.000) 11/30 08:49:44 Image size of job updated: 684
	1  -  MemoryUsage of job (MB)
	684  -  ResidentSetSize of job (KB)
...
006 (1169.000.000) 11/30 08:54:45 Image size of job updated: 688
	1  -  MemoryUsage of job (MB)
	688  -  ResidentSetSize of job (KB)
...
005 (1169.000.000) 11/30 09:35:21 Job terminated.
	(1) Normal termination (return value 0)
		Usr 0 00:21:58, Sys 0 00:00:17  -  Run Remote Usage
		Usr 0 00:00:00, Sys 0 00:00:00  -  Run Local Usage
		Usr 0 00:21:58, Sys 0 00:00:17  -  Total Remote Usage
		Usr 0 00:00:00, Sys 0 00:00:00  -  Total Local Usage
	1567  -  Run Bytes Sent By Job
	293338  -  Run Bytes Received By Job
	1567  -  Total Bytes Sent By Job
	293338  -  Total Bytes Received By Job
...
