000 (1108.000.000) 11/28 09:39:06 Job submitted from host: <128.142.196.38:9618?addrs=128.142.196.38-9618+[2001-1458-301-e2--100-20]-9618&noUDP&sock=164236_d05c_3>
...
001 (1108.000.000) 11/28 09:40:00 Job executing on host: <188.185.128.231:9618?addrs=188.185.128.231-9618+[--1]-9618&noUDP&sock=24154_36a3_3>
...
006 (1108.000.000) 11/28 09:40:09 Image size of job updated: 684
	1  -  MemoryUsage of job (MB)
	684  -  ResidentSetSize of job (KB)
...
006 (1108.000.000) 11/28 09:50:11 Image size of job updated: 688
	1  -  MemoryUsage of job (MB)
	688  -  ResidentSetSize of job (KB)
...
006 (1108.000.000) 11/28 10:00:10 Image size of job updated: 9164
	8  -  MemoryUsage of job (MB)
	8140  -  ResidentSetSize of job (KB)
...
006 (1108.000.000) 11/28 10:05:11 Image size of job updated: 160836
	124  -  MemoryUsage of job (MB)
	126928  -  ResidentSetSize of job (KB)
...
006 (1108.000.000) 11/28 10:10:12 Image size of job updated: 197508
	160  -  MemoryUsage of job (MB)
	163552  -  ResidentSetSize of job (KB)
...
006 (1108.000.000) 11/28 10:15:13 Image size of job updated: 203796
	166  -  MemoryUsage of job (MB)
	169836  -  ResidentSetSize of job (KB)
...
006 (1108.000.000) 11/28 10:20:13 Image size of job updated: 203804
	166  -  MemoryUsage of job (MB)
	169836  -  ResidentSetSize of job (KB)
...
006 (1108.000.000) 11/28 10:40:17 Image size of job updated: 203808
	166  -  MemoryUsage of job (MB)
	169840  -  ResidentSetSize of job (KB)
...
006 (1108.000.000) 11/28 11:10:20 Image size of job updated: 203812
	166  -  MemoryUsage of job (MB)
	169840  -  ResidentSetSize of job (KB)
...
006 (1108.000.000) 11/28 11:15:20 Image size of job updated: 205448
	168  -  MemoryUsage of job (MB)
	171476  -  ResidentSetSize of job (KB)
...
006 (1108.000.000) 11/28 11:20:21 Image size of job updated: 205636
	168  -  MemoryUsage of job (MB)
	171664  -  ResidentSetSize of job (KB)
...
005 (1108.000.000) 11/28 11:21:06 Job terminated.
	(1) Normal termination (return value 0)
		Usr 0 01:17:05, Sys 0 00:00:32  -  Run Remote Usage
		Usr 0 00:00:00, Sys 0 00:00:00  -  Run Local Usage
		Usr 0 01:17:05, Sys 0 00:00:32  -  Total Remote Usage
		Usr 0 00:00:00, Sys 0 00:00:00  -  Total Local Usage
	300654  -  Run Bytes Sent By Job
	1510  -  Run Bytes Received By Job
	300654  -  Total Bytes Sent By Job
	1510  -  Total Bytes Received By Job
	Partitionable Resources :    Usage  Request Allocated
	   Cpus                 :                 1         1
	   Disk (KB)            :  1206165        2    610795
	   Memory (MB)          :      168     2000      2000
...
