000 (1214.000.000) 11/30 08:49:09 Job submitted from host: <128.142.196.38:9618?addrs=128.142.196.38-9618+[2001-1458-301-e2--100-20]-9618&noUDP&sock=164236_d05c_3>
...
001 (1214.000.000) 11/30 08:50:01 Job executing on host: <188.185.183.235:9618?addrs=188.185.183.235-9618+[--1]-9618&noUDP&sock=24366_a0b7_3>
...
006 (1214.000.000) 11/30 08:50:10 Image size of job updated: 676
	1  -  MemoryUsage of job (MB)
	660  -  ResidentSetSize of job (KB)
...
006 (1214.000.000) 11/30 08:55:11 Image size of job updated: 700
	1  -  MemoryUsage of job (MB)
	684  -  ResidentSetSize of job (KB)
...
005 (1214.000.000) 11/30 12:26:59 Job terminated.
	(1) Normal termination (return value 0)
		Usr 0 03:10:41, Sys 0 00:01:10  -  Run Remote Usage
		Usr 0 00:00:00, Sys 0 00:00:00  -  Run Local Usage
		Usr 0 03:10:41, Sys 0 00:01:10  -  Total Remote Usage
		Usr 0 00:00:00, Sys 0 00:00:00  -  Total Local Usage
	1567  -  Run Bytes Sent By Job
	288924  -  Run Bytes Received By Job
	1567  -  Total Bytes Sent By Job
	288924  -  Total Bytes Received By Job
...
