000 (1266.000.000) 11/30 16:21:19 Job submitted from host: <128.142.196.38:9618?addrs=128.142.196.38-9618+[2001-1458-301-e2--100-20]-9618&noUDP&sock=164236_d05c_3>
...
001 (1266.000.000) 11/30 16:21:34 Job executing on host: <188.185.177.87:9618?addrs=188.185.177.87-9618+[--1]-9618&noUDP&sock=2869_c9b5_3>
...
006 (1266.000.000) 11/30 16:21:44 Image size of job updated: 684
	1  -  MemoryUsage of job (MB)
	684  -  ResidentSetSize of job (KB)
...
006 (1266.000.000) 11/30 16:31:44 Image size of job updated: 688
	1  -  MemoryUsage of job (MB)
	688  -  ResidentSetSize of job (KB)
...
006 (1266.000.000) 11/30 16:36:46 Image size of job updated: 692
	1  -  MemoryUsage of job (MB)
	692  -  ResidentSetSize of job (KB)
...
006 (1266.000.000) 11/30 16:41:46 Image size of job updated: 135508
	106  -  MemoryUsage of job (MB)
	108376  -  ResidentSetSize of job (KB)
...
006 (1266.000.000) 11/30 16:46:47 Image size of job updated: 138240
	109  -  MemoryUsage of job (MB)
	111076  -  ResidentSetSize of job (KB)
...
006 (1266.000.000) 11/30 16:51:48 Image size of job updated: 224760
	193  -  MemoryUsage of job (MB)
	197496  -  ResidentSetSize of job (KB)
...
006 (1266.000.000) 11/30 16:56:48 Image size of job updated: 233468
	202  -  MemoryUsage of job (MB)
	206204  -  ResidentSetSize of job (KB)
...
006 (1266.000.000) 11/30 17:06:50 Image size of job updated: 233936
	202  -  MemoryUsage of job (MB)
	206668  -  ResidentSetSize of job (KB)
...
005 (1266.000.000) 11/30 17:24:15 Job terminated.
	(1) Normal termination (return value 0)
		Usr 0 00:41:35, Sys 0 00:00:26  -  Run Remote Usage
		Usr 0 00:00:00, Sys 0 00:00:00  -  Run Local Usage
		Usr 0 00:41:35, Sys 0 00:00:26  -  Total Remote Usage
		Usr 0 00:00:00, Sys 0 00:00:00  -  Total Local Usage
	293598  -  Run Bytes Sent By Job
	1567  -  Run Bytes Received By Job
	293598  -  Total Bytes Sent By Job
	1567  -  Total Bytes Received By Job
	Partitionable Resources :    Usage  Request Allocated
	   Cpus                 :                 1         1
	   Disk (KB)            :   964582        2    578539
	   Memory (MB)          :      202     2000      2000
...
