000 (1102.000.000) 11/28 09:39:02 Job submitted from host: <128.142.196.38:9618?addrs=128.142.196.38-9618+[2001-1458-301-e2--100-20]-9618&noUDP&sock=164236_d05c_3>
...
001 (1102.000.000) 11/28 09:39:15 Job executing on host: <188.185.187.61:9618?addrs=188.185.187.61-9618+[--1]-9618&noUDP&sock=24655_db96_13>
...
006 (1102.000.000) 11/28 09:39:23 Image size of job updated: 664
	1  -  MemoryUsage of job (MB)
	664  -  ResidentSetSize of job (KB)
...
006 (1102.000.000) 11/28 09:44:23 Image size of job updated: 688
	1  -  MemoryUsage of job (MB)
	688  -  ResidentSetSize of job (KB)
...
006 (1102.000.000) 11/28 09:59:25 Image size of job updated: 231640
	121  -  MemoryUsage of job (MB)
	123752  -  ResidentSetSize of job (KB)
...
006 (1102.000.000) 11/28 10:04:25 Image size of job updated: 312296
	199  -  MemoryUsage of job (MB)
	203220  -  ResidentSetSize of job (KB)
...
006 (1102.000.000) 11/28 10:09:25 Image size of job updated: 313688
	200  -  MemoryUsage of job (MB)
	204612  -  ResidentSetSize of job (KB)
...
006 (1102.000.000) 11/28 10:14:26 Image size of job updated: 313692
	200  -  MemoryUsage of job (MB)
	204612  -  ResidentSetSize of job (KB)
...
006 (1102.000.000) 11/28 10:19:26 Image size of job updated: 313708
	200  -  MemoryUsage of job (MB)
	204612  -  ResidentSetSize of job (KB)
...
006 (1102.000.000) 11/28 10:29:28 Image size of job updated: 313720
	200  -  MemoryUsage of job (MB)
	204612  -  ResidentSetSize of job (KB)
...
006 (1102.000.000) 11/28 10:44:30 Image size of job updated: 313732
	200  -  MemoryUsage of job (MB)
	204612  -  ResidentSetSize of job (KB)
...
005 (1102.000.000) 11/28 10:46:57 Job terminated.
	(1) Normal termination (return value 0)
		Usr 0 00:47:37, Sys 0 00:00:12  -  Run Remote Usage
		Usr 0 00:00:00, Sys 0 00:00:00  -  Run Local Usage
		Usr 0 00:47:37, Sys 0 00:00:12  -  Total Remote Usage
		Usr 0 00:00:00, Sys 0 00:00:00  -  Total Local Usage
	300252  -  Run Bytes Sent By Job
	1510  -  Run Bytes Received By Job
	300252  -  Total Bytes Sent By Job
	1510  -  Total Bytes Received By Job
	Partitionable Resources :    Usage  Request Allocated
	   Cpus                 :                 1         1
	   Disk (KB)            :  1184422        2   2121383
	   Memory (MB)          :      200     2000      2000
...
