000 (1234.000.000) 11/30 16:20:51 Job submitted from host: <128.142.196.38:9618?addrs=128.142.196.38-9618+[2001-1458-301-e2--100-20]-9618&noUDP&sock=164236_d05c_3>
...
001 (1234.000.000) 11/30 16:21:25 Job executing on host: <188.185.128.231:9618?addrs=188.185.128.231-9618+[--1]-9618&noUDP&sock=24154_36a3_3>
...
006 (1234.000.000) 11/30 16:21:34 Image size of job updated: 672
	1  -  MemoryUsage of job (MB)
	672  -  ResidentSetSize of job (KB)
...
006 (1234.000.000) 11/30 16:26:35 Image size of job updated: 692
	1  -  MemoryUsage of job (MB)
	692  -  ResidentSetSize of job (KB)
...
006 (1234.000.000) 11/30 16:36:37 Image size of job updated: 696
	1  -  MemoryUsage of job (MB)
	696  -  ResidentSetSize of job (KB)
...
006 (1234.000.000) 11/30 16:41:39 Image size of job updated: 103368
	101  -  MemoryUsage of job (MB)
	103296  -  ResidentSetSize of job (KB)
...
006 (1234.000.000) 11/30 16:46:38 Image size of job updated: 104104
	102  -  MemoryUsage of job (MB)
	104032  -  ResidentSetSize of job (KB)
...
006 (1234.000.000) 11/30 16:51:38 Image size of job updated: 206960
	203  -  MemoryUsage of job (MB)
	206888  -  ResidentSetSize of job (KB)
...
006 (1234.000.000) 11/30 16:56:38 Image size of job updated: 220896
	216  -  MemoryUsage of job (MB)
	220816  -  ResidentSetSize of job (KB)
...
005 (1234.000.000) 11/30 17:05:59 Job terminated.
	(1) Normal termination (return value 0)
		Usr 0 00:22:54, Sys 0 00:00:20  -  Run Remote Usage
		Usr 0 00:00:00, Sys 0 00:00:00  -  Run Local Usage
		Usr 0 00:22:54, Sys 0 00:00:20  -  Total Remote Usage
		Usr 0 00:00:00, Sys 0 00:00:00  -  Total Local Usage
	293599  -  Run Bytes Sent By Job
	1567  -  Run Bytes Received By Job
	293599  -  Total Bytes Sent By Job
	1567  -  Total Bytes Received By Job
	Partitionable Resources :    Usage  Request Allocated
	   Cpus                 :                 1         1
	   Disk (KB)            :   844296        2    593243
	   Memory (MB)          :      216     2000      2000
...
