000 (998.000.000) 11/23 20:24:04 Job submitted from host: <128.142.196.38:9618?addrs=128.142.196.38-9618+[2001-1458-301-e2--100-20]-9618&noUDP&sock=164236_d05c_3>
...
001 (998.000.000) 11/23 20:24:45 Job executing on host: <188.185.173.116:9618?addrs=188.185.173.116-9618+[--1]-9618&noUDP&sock=2204540_f77f_3>
...
006 (998.000.000) 11/23 20:24:53 Image size of job updated: 664
	1  -  MemoryUsage of job (MB)
	664  -  ResidentSetSize of job (KB)
...
006 (998.000.000) 11/23 20:29:53 Image size of job updated: 688
	1  -  MemoryUsage of job (MB)
	688  -  ResidentSetSize of job (KB)
...
006 (998.000.000) 11/23 20:54:57 Image size of job updated: 232040
	119  -  MemoryUsage of job (MB)
	121624  -  ResidentSetSize of job (KB)
...
006 (998.000.000) 11/23 20:59:56 Image size of job updated: 268024
	154  -  MemoryUsage of job (MB)
	156780  -  ResidentSetSize of job (KB)
...
006 (998.000.000) 11/23 21:04:58 Image size of job updated: 309264
	194  -  MemoryUsage of job (MB)
	197996  -  ResidentSetSize of job (KB)
...
006 (998.000.000) 11/23 21:09:57 Image size of job updated: 309280
	194  -  MemoryUsage of job (MB)
	198012  -  ResidentSetSize of job (KB)
...
006 (998.000.000) 11/23 21:14:58 Image size of job updated: 309744
	194  -  MemoryUsage of job (MB)
	198476  -  ResidentSetSize of job (KB)
...
006 (998.000.000) 11/23 21:19:58 Image size of job updated: 309808
	194  -  MemoryUsage of job (MB)
	198476  -  ResidentSetSize of job (KB)
...
006 (998.000.000) 11/23 21:30:00 Image size of job updated: 309820
	194  -  MemoryUsage of job (MB)
	198476  -  ResidentSetSize of job (KB)
...
006 (998.000.000) 11/23 21:50:02 Image size of job updated: 309824
	194  -  MemoryUsage of job (MB)
	198476  -  ResidentSetSize of job (KB)
...
006 (998.000.000) 11/23 21:55:03 Image size of job updated: 310068
	194  -  MemoryUsage of job (MB)
	198476  -  ResidentSetSize of job (KB)
...
006 (998.000.000) 11/23 22:00:03 Image size of job updated: 310080
	194  -  MemoryUsage of job (MB)
	198476  -  ResidentSetSize of job (KB)
...
006 (998.000.000) 11/23 22:05:03 Image size of job updated: 310096
	194  -  MemoryUsage of job (MB)
	198476  -  ResidentSetSize of job (KB)
...
005 (998.000.000) 11/23 22:29:24 Job terminated.
	(1) Normal termination (return value 0)
		Usr 0 01:33:24, Sys 0 00:00:37  -  Run Remote Usage
		Usr 0 00:00:00, Sys 0 00:00:00  -  Run Local Usage
		Usr 0 01:33:24, Sys 0 00:00:37  -  Total Remote Usage
		Usr 0 00:00:00, Sys 0 00:00:00  -  Total Local Usage
	300560  -  Run Bytes Sent By Job
	1510  -  Run Bytes Received By Job
	300560  -  Total Bytes Sent By Job
	1510  -  Total Bytes Received By Job
	Partitionable Resources :    Usage  Request Allocated
	   Cpus                 :                 1         1
	   Disk (KB)            :  1146290        2    591060
	   Memory (MB)          :      194     2000      2000
...
