000 (1272.000.000) 11/30 16:21:25 Job submitted from host: <128.142.196.38:9618?addrs=128.142.196.38-9618+[2001-1458-301-e2--100-20]-9618&noUDP&sock=164236_d05c_3>
...
001 (1272.000.000) 11/30 16:22:08 Job executing on host: <188.185.173.37:9618?addrs=188.185.173.37-9618+[--1]-9618&noUDP&sock=32307_ceb0_3>
...
006 (1272.000.000) 11/30 16:22:16 Image size of job updated: 688
	1  -  MemoryUsage of job (MB)
	688  -  ResidentSetSize of job (KB)
...
006 (1272.000.000) 11/30 16:32:18 Image size of job updated: 696
	1  -  MemoryUsage of job (MB)
	696  -  ResidentSetSize of job (KB)
...
006 (1272.000.000) 11/30 16:42:18 Image size of job updated: 159292
	125  -  MemoryUsage of job (MB)
	127116  -  ResidentSetSize of job (KB)
...
006 (1272.000.000) 11/30 16:47:19 Image size of job updated: 188172
	153  -  MemoryUsage of job (MB)
	155984  -  ResidentSetSize of job (KB)
...
006 (1272.000.000) 11/30 16:52:19 Image size of job updated: 194252
	159  -  MemoryUsage of job (MB)
	162040  -  ResidentSetSize of job (KB)
...
005 (1272.000.000) 11/30 18:15:38 Job terminated.
	(1) Normal termination (return value 0)
		Usr 0 01:32:12, Sys 0 00:00:24  -  Run Remote Usage
		Usr 0 00:00:00, Sys 0 00:00:00  -  Run Local Usage
		Usr 0 01:32:12, Sys 0 00:00:24  -  Total Remote Usage
		Usr 0 00:00:00, Sys 0 00:00:00  -  Total Local Usage
	295236  -  Run Bytes Sent By Job
	1567  -  Run Bytes Received By Job
	295236  -  Total Bytes Sent By Job
	1567  -  Total Bytes Received By Job
	Partitionable Resources :    Usage  Request Allocated
	   Cpus                 :                 1         1
	   Disk (KB)            :  1342695        2    576330
	   Memory (MB)          :      159     2000      2000
...
