000 (1018.000.000) 11/23 20:24:18 Job submitted from host: <128.142.196.38:9618?addrs=128.142.196.38-9618+[2001-1458-301-e2--100-20]-9618&noUDP&sock=164236_d05c_3>
...
001 (1018.000.000) 11/23 20:24:51 Job executing on host: <188.185.187.80:9618?addrs=188.185.187.80-9618+[--1]-9618&noUDP&sock=24402_5220_14>
...
006 (1018.000.000) 11/23 20:25:00 Image size of job updated: 664
	1  -  MemoryUsage of job (MB)
	664  -  ResidentSetSize of job (KB)
...
006 (1018.000.000) 11/23 20:30:00 Image size of job updated: 684
	1  -  MemoryUsage of job (MB)
	684  -  ResidentSetSize of job (KB)
...
006 (1018.000.000) 11/23 20:35:00 Image size of job updated: 688
	1  -  MemoryUsage of job (MB)
	688  -  ResidentSetSize of job (KB)
...
006 (1018.000.000) 11/23 20:45:02 Image size of job updated: 48856
	30  -  MemoryUsage of job (MB)
	29828  -  ResidentSetSize of job (KB)
...
006 (1018.000.000) 11/23 20:50:03 Image size of job updated: 277604
	164  -  MemoryUsage of job (MB)
	167016  -  ResidentSetSize of job (KB)
...
006 (1018.000.000) 11/23 20:55:03 Image size of job updated: 300932
	186  -  MemoryUsage of job (MB)
	190344  -  ResidentSetSize of job (KB)
...
006 (1018.000.000) 11/23 21:00:03 Image size of job updated: 302376
	188  -  MemoryUsage of job (MB)
	191704  -  ResidentSetSize of job (KB)
...
006 (1018.000.000) 11/23 21:35:07 Image size of job updated: 302384
	188  -  MemoryUsage of job (MB)
	191704  -  ResidentSetSize of job (KB)
...
005 (1018.000.000) 11/23 22:14:16 Job terminated.
	(1) Normal termination (return value 0)
		Usr 0 01:27:00, Sys 0 00:00:10  -  Run Remote Usage
		Usr 0 00:00:00, Sys 0 00:00:00  -  Run Local Usage
		Usr 0 01:27:00, Sys 0 00:00:10  -  Total Remote Usage
		Usr 0 00:00:00, Sys 0 00:00:00  -  Total Local Usage
	301733  -  Run Bytes Sent By Job
	1510  -  Run Bytes Received By Job
	301733  -  Total Bytes Sent By Job
	1510  -  Total Bytes Received By Job
	Partitionable Resources :    Usage  Request Allocated
	   Cpus                 :                 1         1
	   Disk (KB)            :  1654898        2   1946188
	   Memory (MB)          :      188     2000      2000
...
