000 (954.000.000) 11/23 20:23:32 Job submitted from host: <128.142.196.38:9618?addrs=128.142.196.38-9618+[2001-1458-301-e2--100-20]-9618&noUDP&sock=164236_d05c_3>
...
001 (954.000.000) 11/23 20:24:30 Job executing on host: <188.185.180.233:9618?addrs=188.185.180.233-9618+[--1]-9618&noUDP&sock=23729_b2e3_13>
...
006 (954.000.000) 11/23 20:24:39 Image size of job updated: 668
	1  -  MemoryUsage of job (MB)
	668  -  ResidentSetSize of job (KB)
...
006 (954.000.000) 11/23 20:29:39 Image size of job updated: 688
	1  -  MemoryUsage of job (MB)
	688  -  ResidentSetSize of job (KB)
...
006 (954.000.000) 11/23 20:49:41 Image size of job updated: 130656
	93  -  MemoryUsage of job (MB)
	94712  -  ResidentSetSize of job (KB)
...
006 (954.000.000) 11/23 20:54:41 Image size of job updated: 144336
	105  -  MemoryUsage of job (MB)
	106520  -  ResidentSetSize of job (KB)
...
006 (954.000.000) 11/23 20:59:42 Image size of job updated: 243436
	201  -  MemoryUsage of job (MB)
	205620  -  ResidentSetSize of job (KB)
...
006 (954.000.000) 11/23 21:04:41 Image size of job updated: 258688
	216  -  MemoryUsage of job (MB)
	220844  -  ResidentSetSize of job (KB)
...
005 (954.000.000) 11/23 21:09:03 Job terminated.
	(1) Normal termination (return value 0)
		Usr 0 00:17:10, Sys 0 00:00:37  -  Run Remote Usage
		Usr 0 00:00:00, Sys 0 00:00:00  -  Run Local Usage
		Usr 0 00:17:10, Sys 0 00:00:37  -  Total Remote Usage
		Usr 0 00:00:00, Sys 0 00:00:00  -  Total Local Usage
	299867  -  Run Bytes Sent By Job
	1510  -  Run Bytes Received By Job
	299867  -  Total Bytes Sent By Job
	1510  -  Total Bytes Received By Job
	Partitionable Resources :    Usage  Request Allocated
	   Cpus                 :                 1         1
	   Disk (KB)            :   740715        2    587583
	   Memory (MB)          :      216     2000      2000
...
