000 (1131.000.000) 11/28 09:39:23 Job submitted from host: <128.142.196.38:9618?addrs=128.142.196.38-9618+[2001-1458-301-e2--100-20]-9618&noUDP&sock=164236_d05c_3>
...
001 (1131.000.000) 11/28 09:40:07 Job executing on host: <188.185.173.116:9618?addrs=188.185.173.116-9618+[--1]-9618&noUDP&sock=2204540_f77f_3>
...
006 (1131.000.000) 11/28 09:40:16 Image size of job updated: 688
	1  -  MemoryUsage of job (MB)
	688  -  ResidentSetSize of job (KB)
...
006 (1131.000.000) 11/28 09:45:17 Image size of job updated: 692
	1  -  MemoryUsage of job (MB)
	692  -  ResidentSetSize of job (KB)
...
006 (1131.000.000) 11/28 10:00:18 Image size of job updated: 26112
	25  -  MemoryUsage of job (MB)
	24992  -  ResidentSetSize of job (KB)
...
006 (1131.000.000) 11/28 10:05:22 Image size of job updated: 180260
	150  -  MemoryUsage of job (MB)
	153464  -  ResidentSetSize of job (KB)
...
006 (1131.000.000) 11/28 10:10:20 Image size of job updated: 214632
	183  -  MemoryUsage of job (MB)
	187372  -  ResidentSetSize of job (KB)
...
006 (1131.000.000) 11/28 10:35:22 Image size of job updated: 214640
	183  -  MemoryUsage of job (MB)
	187372  -  ResidentSetSize of job (KB)
...
006 (1131.000.000) 11/28 12:10:31 Image size of job updated: 217644
	186  -  MemoryUsage of job (MB)
	190376  -  ResidentSetSize of job (KB)
...
006 (1131.000.000) 11/28 12:28:26 Image size of job updated: 663136
	186  -  MemoryUsage of job (MB)
	190376  -  ResidentSetSize of job (KB)
...
005 (1131.000.000) 11/28 12:28:26 Job terminated.
	(1) Normal termination (return value 0)
		Usr 0 02:24:11, Sys 0 00:00:42  -  Run Remote Usage
		Usr 0 00:00:00, Sys 0 00:00:00  -  Run Local Usage
		Usr 0 02:24:11, Sys 0 00:00:42  -  Total Remote Usage
		Usr 0 00:00:00, Sys 0 00:00:00  -  Total Local Usage
	301996  -  Run Bytes Sent By Job
	1510  -  Run Bytes Received By Job
	301996  -  Total Bytes Sent By Job
	1510  -  Total Bytes Received By Job
	Partitionable Resources :    Usage  Request Allocated
	   Cpus                 :                 1         1
	   Disk (KB)            :  1738480        2    617297
	   Memory (MB)          :      186     2000      2000
...
