000 (1026.000.000) 11/23 20:24:24 Job submitted from host: <128.142.196.38:9618?addrs=128.142.196.38-9618+[2001-1458-301-e2--100-20]-9618&noUDP&sock=164236_d05c_3>
...
001 (1026.000.000) 11/23 20:24:54 Job executing on host: <188.185.187.21:9618?addrs=188.185.187.21-9618+[--1]-9618&noUDP&sock=24701_68f1_13>
...
006 (1026.000.000) 11/23 20:25:02 Image size of job updated: 668
	1  -  MemoryUsage of job (MB)
	668  -  ResidentSetSize of job (KB)
...
006 (1026.000.000) 11/23 20:30:02 Image size of job updated: 692
	1  -  MemoryUsage of job (MB)
	692  -  ResidentSetSize of job (KB)
...
006 (1026.000.000) 11/23 20:45:04 Image size of job updated: 34984
	28  -  MemoryUsage of job (MB)
	27732  -  ResidentSetSize of job (KB)
...
006 (1026.000.000) 11/23 20:50:04 Image size of job updated: 277044
	164  -  MemoryUsage of job (MB)
	166940  -  ResidentSetSize of job (KB)
...
006 (1026.000.000) 11/23 20:55:05 Image size of job updated: 278148
	164  -  MemoryUsage of job (MB)
	167844  -  ResidentSetSize of job (KB)
...
006 (1026.000.000) 11/23 21:00:06 Image size of job updated: 303948
	190  -  MemoryUsage of job (MB)
	193596  -  ResidentSetSize of job (KB)
...
006 (1026.000.000) 11/23 21:05:06 Image size of job updated: 304124
	190  -  MemoryUsage of job (MB)
	193596  -  ResidentSetSize of job (KB)
...
006 (1026.000.000) 11/23 21:15:07 Image size of job updated: 304280
	190  -  MemoryUsage of job (MB)
	193628  -  ResidentSetSize of job (KB)
...
006 (1026.000.000) 11/23 21:35:08 Image size of job updated: 304284
	190  -  MemoryUsage of job (MB)
	193628  -  ResidentSetSize of job (KB)
...
006 (1026.000.000) 11/23 22:05:11 Image size of job updated: 304360
	190  -  MemoryUsage of job (MB)
	193628  -  ResidentSetSize of job (KB)
...
005 (1026.000.000) 11/23 22:14:37 Job terminated.
	(1) Normal termination (return value 0)
		Usr 0 01:27:05, Sys 0 00:00:10  -  Run Remote Usage
		Usr 0 00:00:00, Sys 0 00:00:00  -  Run Local Usage
		Usr 0 01:27:05, Sys 0 00:00:10  -  Total Remote Usage
		Usr 0 00:00:00, Sys 0 00:00:00  -  Total Local Usage
	301285  -  Run Bytes Sent By Job
	1510  -  Run Bytes Received By Job
	301285  -  Total Bytes Sent By Job
	1510  -  Total Bytes Received By Job
	Partitionable Resources :    Usage  Request Allocated
	   Cpus                 :                 1         1
	   Disk (KB)            :  1660170        2   1946104
	   Memory (MB)          :      190     2000      2000
...
