000 (1281.000.000) 11/30 16:21:32 Job submitted from host: <128.142.196.38:9618?addrs=128.142.196.38-9618+[2001-1458-301-e2--100-20]-9618&noUDP&sock=164236_d05c_3>
...
001 (1281.000.000) 11/30 16:22:11 Job executing on host: <188.185.200.63:9618?addrs=188.185.200.63-9618+[--1]-9618&noUDP&sock=2768_82a4_3>
...
006 (1281.000.000) 11/30 16:22:20 Image size of job updated: 684
	1  -  MemoryUsage of job (MB)
	684  -  ResidentSetSize of job (KB)
...
006 (1281.000.000) 11/30 16:32:20 Image size of job updated: 692
	1  -  MemoryUsage of job (MB)
	692  -  ResidentSetSize of job (KB)
...
006 (1281.000.000) 11/30 16:42:21 Image size of job updated: 143600
	120  -  MemoryUsage of job (MB)
	122176  -  ResidentSetSize of job (KB)
...
006 (1281.000.000) 11/30 16:47:21 Image size of job updated: 175024
	150  -  MemoryUsage of job (MB)
	152872  -  ResidentSetSize of job (KB)
...
006 (1281.000.000) 11/30 16:52:21 Image size of job updated: 181064
	156  -  MemoryUsage of job (MB)
	158912  -  ResidentSetSize of job (KB)
...
006 (1281.000.000) 11/30 17:12:23 Image size of job updated: 183928
	158  -  MemoryUsage of job (MB)
	161776  -  ResidentSetSize of job (KB)
...
006 (1281.000.000) 11/30 17:27:24 Image size of job updated: 183932
	158  -  MemoryUsage of job (MB)
	161776  -  ResidentSetSize of job (KB)
...
005 (1281.000.000) 11/30 18:12:01 Job terminated.
	(1) Normal termination (return value 0)
		Usr 0 01:29:29, Sys 0 00:00:37  -  Run Remote Usage
		Usr 0 00:00:00, Sys 0 00:00:00  -  Run Local Usage
		Usr 0 01:29:29, Sys 0 00:00:37  -  Total Remote Usage
		Usr 0 00:00:00, Sys 0 00:00:00  -  Total Local Usage
	293875  -  Run Bytes Sent By Job
	1567  -  Run Bytes Received By Job
	293875  -  Total Bytes Sent By Job
	1567  -  Total Bytes Received By Job
	Partitionable Resources :    Usage  Request Allocated
	   Cpus                 :                 1         1
	   Disk (KB)            :  1329047        2    579554
	   Memory (MB)          :      158     2000      2000
...
