000 (1023.000.000) 11/23 20:24:22 Job submitted from host: <128.142.196.38:9618?addrs=128.142.196.38-9618+[2001-1458-301-e2--100-20]-9618&noUDP&sock=164236_d05c_3>
...
001 (1023.000.000) 11/23 20:24:49 Job executing on host: <188.185.187.11:9618?addrs=188.185.187.11-9618+[--1]-9618&noUDP&sock=24860_7880_12>
...
006 (1023.000.000) 11/23 20:24:58 Image size of job updated: 664
	1  -  MemoryUsage of job (MB)
	664  -  ResidentSetSize of job (KB)
...
006 (1023.000.000) 11/23 20:29:58 Image size of job updated: 688
	1  -  MemoryUsage of job (MB)
	688  -  ResidentSetSize of job (KB)
...
006 (1023.000.000) 11/23 20:34:58 Image size of job updated: 692
	1  -  MemoryUsage of job (MB)
	692  -  ResidentSetSize of job (KB)
...
006 (1023.000.000) 11/23 20:44:59 Image size of job updated: 38124
	28  -  MemoryUsage of job (MB)
	28212  -  ResidentSetSize of job (KB)
...
006 (1023.000.000) 11/23 20:50:00 Image size of job updated: 276480
	163  -  MemoryUsage of job (MB)
	165960  -  ResidentSetSize of job (KB)
...
006 (1023.000.000) 11/23 20:55:00 Image size of job updated: 301488
	187  -  MemoryUsage of job (MB)
	190896  -  ResidentSetSize of job (KB)
...
006 (1023.000.000) 11/23 21:05:01 Image size of job updated: 301496
	187  -  MemoryUsage of job (MB)
	190896  -  ResidentSetSize of job (KB)
...
006 (1023.000.000) 11/23 21:20:03 Image size of job updated: 301500
	187  -  MemoryUsage of job (MB)
	190896  -  ResidentSetSize of job (KB)
...
006 (1023.000.000) 11/23 22:25:10 Image size of job updated: 301508
	187  -  MemoryUsage of job (MB)
	190896  -  ResidentSetSize of job (KB)
...
005 (1023.000.000) 11/23 22:25:38 Job terminated.
	(1) Normal termination (return value 0)
		Usr 0 01:38:16, Sys 0 00:00:12  -  Run Remote Usage
		Usr 0 00:00:00, Sys 0 00:00:00  -  Run Local Usage
		Usr 0 01:38:16, Sys 0 00:00:12  -  Total Remote Usage
		Usr 0 00:00:00, Sys 0 00:00:00  -  Total Local Usage
	301503  -  Run Bytes Sent By Job
	1510  -  Run Bytes Received By Job
	301503  -  Total Bytes Sent By Job
	1510  -  Total Bytes Received By Job
	Partitionable Resources :    Usage  Request Allocated
	   Cpus                 :                 1         1
	   Disk (KB)            :  1724394        2   1946411
	   Memory (MB)          :      187     2000      2000
...
