000 (1032.000.000) 11/23 20:24:28 Job submitted from host: <128.142.196.38:9618?addrs=128.142.196.38-9618+[2001-1458-301-e2--100-20]-9618&noUDP&sock=164236_d05c_3>
...
001 (1032.000.000) 11/23 20:24:50 Job executing on host: <188.185.187.16:9618?addrs=188.185.187.16-9618+[--1]-9618&noUDP&sock=24909_14a4_9>
...
006 (1032.000.000) 11/23 20:24:59 Image size of job updated: 664
	1  -  MemoryUsage of job (MB)
	664  -  ResidentSetSize of job (KB)
...
006 (1032.000.000) 11/23 20:30:01 Image size of job updated: 684
	1  -  MemoryUsage of job (MB)
	684  -  ResidentSetSize of job (KB)
...
006 (1032.000.000) 11/23 20:35:01 Image size of job updated: 688
	1  -  MemoryUsage of job (MB)
	688  -  ResidentSetSize of job (KB)
...
006 (1032.000.000) 11/23 20:45:02 Image size of job updated: 48848
	30  -  MemoryUsage of job (MB)
	29844  -  ResidentSetSize of job (KB)
...
006 (1032.000.000) 11/23 20:50:04 Image size of job updated: 274260
	161  -  MemoryUsage of job (MB)
	164096  -  ResidentSetSize of job (KB)
...
006 (1032.000.000) 11/23 20:55:03 Image size of job updated: 278980
	165  -  MemoryUsage of job (MB)
	168796  -  ResidentSetSize of job (KB)
...
006 (1032.000.000) 11/23 21:00:03 Image size of job updated: 279276
	165  -  MemoryUsage of job (MB)
	168796  -  ResidentSetSize of job (KB)
...
006 (1032.000.000) 11/23 21:05:04 Image size of job updated: 279372
	165  -  MemoryUsage of job (MB)
	168892  -  ResidentSetSize of job (KB)
...
006 (1032.000.000) 11/23 21:10:04 Image size of job updated: 279388
	165  -  MemoryUsage of job (MB)
	168892  -  ResidentSetSize of job (KB)
...
006 (1032.000.000) 11/23 21:15:05 Image size of job updated: 298708
	184  -  MemoryUsage of job (MB)
	188132  -  ResidentSetSize of job (KB)
...
006 (1032.000.000) 11/23 21:25:06 Image size of job updated: 298712
	184  -  MemoryUsage of job (MB)
	188132  -  ResidentSetSize of job (KB)
...
006 (1032.000.000) 11/23 22:15:10 Image size of job updated: 302044
	187  -  MemoryUsage of job (MB)
	191464  -  ResidentSetSize of job (KB)
...
005 (1032.000.000) 11/23 22:18:53 Job terminated.
	(1) Normal termination (return value 0)
		Usr 0 01:31:31, Sys 0 00:00:10  -  Run Remote Usage
		Usr 0 00:00:00, Sys 0 00:00:00  -  Run Local Usage
		Usr 0 01:31:31, Sys 0 00:00:10  -  Total Remote Usage
		Usr 0 00:00:00, Sys 0 00:00:00  -  Total Local Usage
	301828  -  Run Bytes Sent By Job
	1510  -  Run Bytes Received By Job
	301828  -  Total Bytes Sent By Job
	1510  -  Total Bytes Received By Job
	Partitionable Resources :    Usage  Request Allocated
	   Cpus                 :                 1         1
	   Disk (KB)            :  1677281        2   1950136
	   Memory (MB)          :      187     2000      2000
...
