000 (1080.000.000) 11/28 09:38:46 Job submitted from host: <128.142.196.38:9618?addrs=128.142.196.38-9618+[2001-1458-301-e2--100-20]-9618&noUDP&sock=164236_d05c_3>
...
001 (1080.000.000) 11/28 09:39:21 Job executing on host: <188.185.243.87:9618?addrs=188.185.243.87-9618+[--1]-9618&noUDP&sock=26655_b100_9>
...
006 (1080.000.000) 11/28 09:39:30 Image size of job updated: 664
	1  -  MemoryUsage of job (MB)
	664  -  ResidentSetSize of job (KB)
...
006 (1080.000.000) 11/28 09:44:31 Image size of job updated: 684
	1  -  MemoryUsage of job (MB)
	684  -  ResidentSetSize of job (KB)
...
006 (1080.000.000) 11/28 09:49:32 Image size of job updated: 688
	1  -  MemoryUsage of job (MB)
	688  -  ResidentSetSize of job (KB)
...
006 (1080.000.000) 11/28 09:59:34 Image size of job updated: 13948
	8  -  MemoryUsage of job (MB)
	8148  -  ResidentSetSize of job (KB)
...
006 (1080.000.000) 11/28 10:04:35 Image size of job updated: 217964
	106  -  MemoryUsage of job (MB)
	108356  -  ResidentSetSize of job (KB)
...
006 (1080.000.000) 11/28 10:09:34 Image size of job updated: 323148
	208  -  MemoryUsage of job (MB)
	212824  -  ResidentSetSize of job (KB)
...
006 (1080.000.000) 11/28 10:14:35 Image size of job updated: 338212
	223  -  MemoryUsage of job (MB)
	227876  -  ResidentSetSize of job (KB)
...
006 (1080.000.000) 11/28 10:19:35 Image size of job updated: 338396
	223  -  MemoryUsage of job (MB)
	228052  -  ResidentSetSize of job (KB)
...
006 (1080.000.000) 11/28 10:24:36 Image size of job updated: 338676
	223  -  MemoryUsage of job (MB)
	228328  -  ResidentSetSize of job (KB)
...
005 (1080.000.000) 11/28 10:25:26 Job terminated.
	(1) Normal termination (return value 0)
		Usr 0 00:22:06, Sys 0 00:02:36  -  Run Remote Usage
		Usr 0 00:00:00, Sys 0 00:00:00  -  Run Local Usage
		Usr 0 00:22:06, Sys 0 00:02:36  -  Total Remote Usage
		Usr 0 00:00:00, Sys 0 00:00:00  -  Total Local Usage
	300456  -  Run Bytes Sent By Job
	1510  -  Run Bytes Received By Job
	300456  -  Total Bytes Sent By Job
	1510  -  Total Bytes Received By Job
	Partitionable Resources :    Usage  Request Allocated
	   Cpus                 :                 1         1
	   Disk (KB)            :   884460        2    610315
	   Memory (MB)          :      223     2000      2000
...
