000 (999.000.000) 11/23 20:24:05 Job submitted from host: <128.142.196.38:9618?addrs=128.142.196.38-9618+[2001-1458-301-e2--100-20]-9618&noUDP&sock=164236_d05c_3>
...
001 (999.000.000) 11/23 20:24:47 Job executing on host: <188.185.189.181:9618?addrs=188.185.189.181-9618+[--1]-9618&noUDP&sock=2723_9c95_3>
...
006 (999.000.000) 11/23 20:24:56 Image size of job updated: 664
	1  -  MemoryUsage of job (MB)
	660  -  ResidentSetSize of job (KB)
...
006 (999.000.000) 11/23 20:29:56 Image size of job updated: 688
	1  -  MemoryUsage of job (MB)
	684  -  ResidentSetSize of job (KB)
...
006 (999.000.000) 11/23 20:34:57 Image size of job updated: 692
	1  -  MemoryUsage of job (MB)
	688  -  ResidentSetSize of job (KB)
...
006 (999.000.000) 11/23 20:49:59 Image size of job updated: 196824
	93  -  MemoryUsage of job (MB)
	94236  -  ResidentSetSize of job (KB)
...
006 (999.000.000) 11/23 20:54:59 Image size of job updated: 236084
	124  -  MemoryUsage of job (MB)
	126668  -  ResidentSetSize of job (KB)
...
006 (999.000.000) 11/23 21:00:00 Image size of job updated: 277452
	164  -  MemoryUsage of job (MB)
	167292  -  ResidentSetSize of job (KB)
...
006 (999.000.000) 11/23 21:05:01 Image size of job updated: 322200
	208  -  MemoryUsage of job (MB)
	212036  -  ResidentSetSize of job (KB)
...
006 (999.000.000) 11/23 21:15:00 Image size of job updated: 322216
	208  -  MemoryUsage of job (MB)
	212036  -  ResidentSetSize of job (KB)
...
006 (999.000.000) 11/23 21:20:00 Image size of job updated: 322692
	208  -  MemoryUsage of job (MB)
	212512  -  ResidentSetSize of job (KB)
...
006 (999.000.000) 11/23 21:25:00 Image size of job updated: 322760
	208  -  MemoryUsage of job (MB)
	212512  -  ResidentSetSize of job (KB)
...
006 (999.000.000) 11/23 21:30:02 Image size of job updated: 323028
	208  -  MemoryUsage of job (MB)
	212512  -  ResidentSetSize of job (KB)
...
006 (999.000.000) 11/23 22:00:06 Image size of job updated: 323032
	208  -  MemoryUsage of job (MB)
	212512  -  ResidentSetSize of job (KB)
...
006 (999.000.000) 11/23 22:15:07 Image size of job updated: 323084
	208  -  MemoryUsage of job (MB)
	212512  -  ResidentSetSize of job (KB)
...
005 (999.000.000) 11/23 22:16:39 Job terminated.
	(1) Normal termination (return value 0)
		Usr 0 01:25:05, Sys 0 00:00:28  -  Run Remote Usage
		Usr 0 00:00:00, Sys 0 00:00:00  -  Run Local Usage
		Usr 0 01:25:05, Sys 0 00:00:28  -  Total Remote Usage
		Usr 0 00:00:00, Sys 0 00:00:00  -  Total Local Usage
	300518  -  Run Bytes Sent By Job
	1510  -  Run Bytes Received By Job
	300518  -  Total Bytes Sent By Job
	1510  -  Total Bytes Received By Job
	Partitionable Resources :    Usage  Request Allocated
	   Cpus                 :                 1         1
	   Disk (KB)            :  1153778        2    582618
	   Memory (MB)          :      208     2000      2000
...
