000 (1129.000.000) 11/28 09:39:22 Job submitted from host: <128.142.196.38:9618?addrs=128.142.196.38-9618+[2001-1458-301-e2--100-20]-9618&noUDP&sock=164236_d05c_3>
...
001 (1129.000.000) 11/28 09:40:09 Job executing on host: <188.185.192.51:9618?addrs=188.185.192.51-9618+[--1]-9618&noUDP&sock=27923_6f16_3>
...
006 (1129.000.000) 11/28 09:40:19 Image size of job updated: 684
	1  -  MemoryUsage of job (MB)
	684  -  ResidentSetSize of job (KB)
...
006 (1129.000.000) 11/28 09:55:21 Image size of job updated: 688
	1  -  MemoryUsage of job (MB)
	688  -  ResidentSetSize of job (KB)
...
006 (1129.000.000) 11/28 10:10:23 Image size of job updated: 41324
	32  -  MemoryUsage of job (MB)
	32332  -  ResidentSetSize of job (KB)
...
006 (1129.000.000) 11/28 10:15:24 Image size of job updated: 176644
	148  -  MemoryUsage of job (MB)
	150944  -  ResidentSetSize of job (KB)
...
006 (1129.000.000) 11/28 10:20:24 Image size of job updated: 194176
	165  -  MemoryUsage of job (MB)
	168476  -  ResidentSetSize of job (KB)
...
006 (1129.000.000) 11/28 10:25:24 Image size of job updated: 214908
	185  -  MemoryUsage of job (MB)
	189208  -  ResidentSetSize of job (KB)
...
006 (1129.000.000) 11/28 10:40:27 Image size of job updated: 214912
	185  -  MemoryUsage of job (MB)
	189208  -  ResidentSetSize of job (KB)
...
006 (1129.000.000) 11/28 10:55:28 Image size of job updated: 215504
	186  -  MemoryUsage of job (MB)
	189800  -  ResidentSetSize of job (KB)
...
006 (1129.000.000) 11/28 11:00:29 Image size of job updated: 217884
	188  -  MemoryUsage of job (MB)
	192180  -  ResidentSetSize of job (KB)
...
006 (1129.000.000) 11/28 12:20:35 Image size of job updated: 217916
	188  -  MemoryUsage of job (MB)
	192180  -  ResidentSetSize of job (KB)
...
005 (1129.000.000) 11/28 12:21:17 Job terminated.
	(1) Normal termination (return value 0)
		Usr 0 02:03:53, Sys 0 00:07:53  -  Run Remote Usage
		Usr 0 00:00:00, Sys 0 00:00:00  -  Run Local Usage
		Usr 0 02:03:53, Sys 0 00:07:53  -  Total Remote Usage
		Usr 0 00:00:00, Sys 0 00:00:00  -  Total Local Usage
	301679  -  Run Bytes Sent By Job
	1510  -  Run Bytes Received By Job
	301679  -  Total Bytes Sent By Job
	1510  -  Total Bytes Received By Job
	Partitionable Resources :    Usage  Request Allocated
	   Cpus                 :                 1         1
	   Disk (KB)            :  1758039        2    614296
	   Memory (MB)          :      188     2000      2000
...
