000 (1007.000.000) 11/23 20:24:11 Job submitted from host: <128.142.196.38:9618?addrs=128.142.196.38-9618+[2001-1458-301-e2--100-20]-9618&noUDP&sock=164236_d05c_3>
...
001 (1007.000.000) 11/23 20:24:45 Job executing on host: <188.185.187.14:9618?addrs=188.185.187.14-9618+[--1]-9618&noUDP&sock=24859_c8e8_3>
...
006 (1007.000.000) 11/23 20:24:54 Image size of job updated: 684
	1  -  MemoryUsage of job (MB)
	684  -  ResidentSetSize of job (KB)
...
006 (1007.000.000) 11/23 20:34:55 Image size of job updated: 688
	1  -  MemoryUsage of job (MB)
	688  -  ResidentSetSize of job (KB)
...
006 (1007.000.000) 11/23 20:44:56 Image size of job updated: 48896
	30  -  MemoryUsage of job (MB)
	29852  -  ResidentSetSize of job (KB)
...
006 (1007.000.000) 11/23 20:49:57 Image size of job updated: 267872
	155  -  MemoryUsage of job (MB)
	157712  -  ResidentSetSize of job (KB)
...
006 (1007.000.000) 11/23 20:54:56 Image size of job updated: 276688
	163  -  MemoryUsage of job (MB)
	166528  -  ResidentSetSize of job (KB)
...
006 (1007.000.000) 11/23 20:59:56 Image size of job updated: 315668
	201  -  MemoryUsage of job (MB)
	205492  -  ResidentSetSize of job (KB)
...
006 (1007.000.000) 11/23 21:04:57 Image size of job updated: 315752
	201  -  MemoryUsage of job (MB)
	205492  -  ResidentSetSize of job (KB)
...
006 (1007.000.000) 11/23 21:14:57 Image size of job updated: 315756
	201  -  MemoryUsage of job (MB)
	205492  -  ResidentSetSize of job (KB)
...
006 (1007.000.000) 11/23 21:19:58 Image size of job updated: 315764
	201  -  MemoryUsage of job (MB)
	205492  -  ResidentSetSize of job (KB)
...
006 (1007.000.000) 11/23 21:24:58 Image size of job updated: 315768
	201  -  MemoryUsage of job (MB)
	205492  -  ResidentSetSize of job (KB)
...
006 (1007.000.000) 11/23 21:29:58 Image size of job updated: 315988
	201  -  MemoryUsage of job (MB)
	205492  -  ResidentSetSize of job (KB)
...
005 (1007.000.000) 11/23 21:31:25 Job terminated.
	(1) Normal termination (return value 0)
		Usr 0 00:44:27, Sys 0 00:00:09  -  Run Remote Usage
		Usr 0 00:00:00, Sys 0 00:00:00  -  Run Local Usage
		Usr 0 00:44:27, Sys 0 00:00:09  -  Total Remote Usage
		Usr 0 00:00:00, Sys 0 00:00:00  -  Total Local Usage
	300258  -  Run Bytes Sent By Job
	1510  -  Run Bytes Received By Job
	300258  -  Total Bytes Sent By Job
	1510  -  Total Bytes Received By Job
	Partitionable Resources :    Usage  Request Allocated
	   Cpus                 :                 1         1
	   Disk (KB)            :  1148090        2   1949789
	   Memory (MB)          :      201     2000      2000
...
