000 (1263.000.000) 11/30 16:21:16 Job submitted from host: <128.142.196.38:9618?addrs=128.142.196.38-9618+[2001-1458-301-e2--100-20]-9618&noUDP&sock=164236_d05c_3>
...
001 (1263.000.000) 11/30 16:21:37 Job executing on host: <188.185.174.172:9618?addrs=188.185.174.172-9618+[--1]-9618&noUDP&sock=32307_ceb0_3>
...
006 (1263.000.000) 11/30 16:21:46 Image size of job updated: 664
	1  -  MemoryUsage of job (MB)
	664  -  ResidentSetSize of job (KB)
...
006 (1263.000.000) 11/30 16:26:46 Image size of job updated: 688
	1  -  MemoryUsage of job (MB)
	688  -  ResidentSetSize of job (KB)
...
006 (1263.000.000) 11/30 16:36:48 Image size of job updated: 692
	1  -  MemoryUsage of job (MB)
	692  -  ResidentSetSize of job (KB)
...
006 (1263.000.000) 11/30 16:41:47 Image size of job updated: 97764
	43  -  MemoryUsage of job (MB)
	43364  -  ResidentSetSize of job (KB)
...
006 (1263.000.000) 11/30 16:46:49 Image size of job updated: 299276
	185  -  MemoryUsage of job (MB)
	189212  -  ResidentSetSize of job (KB)
...
006 (1263.000.000) 11/30 16:51:48 Image size of job updated: 313264
	199  -  MemoryUsage of job (MB)
	203176  -  ResidentSetSize of job (KB)
...
006 (1263.000.000) 11/30 16:56:49 Image size of job updated: 314192
	200  -  MemoryUsage of job (MB)
	204100  -  ResidentSetSize of job (KB)
...
006 (1263.000.000) 11/30 17:01:49 Image size of job updated: 314208
	200  -  MemoryUsage of job (MB)
	204100  -  ResidentSetSize of job (KB)
...
006 (1263.000.000) 11/30 17:06:51 Image size of job updated: 314276
	200  -  MemoryUsage of job (MB)
	204100  -  ResidentSetSize of job (KB)
...
005 (1263.000.000) 11/30 17:14:11 Job terminated.
	(1) Normal termination (return value 0)
		Usr 0 00:31:16, Sys 0 00:01:06  -  Run Remote Usage
		Usr 0 00:00:00, Sys 0 00:00:00  -  Run Local Usage
		Usr 0 00:31:16, Sys 0 00:01:06  -  Total Remote Usage
		Usr 0 00:00:00, Sys 0 00:00:00  -  Total Local Usage
	293702  -  Run Bytes Sent By Job
	1567  -  Run Bytes Received By Job
	293702  -  Total Bytes Sent By Job
	1567  -  Total Bytes Received By Job
	Partitionable Resources :    Usage  Request Allocated
	   Cpus                 :                 1         1
	   Disk (KB)            :   982363        2    578545
	   Memory (MB)          :      200     2000      2000
...
