000 (961.000.000) 11/23 20:23:36 Job submitted from host: <128.142.196.38:9618?addrs=128.142.196.38-9618+[2001-1458-301-e2--100-20]-9618&noUDP&sock=164236_d05c_3>
...
001 (961.000.000) 11/23 20:24:30 Job executing on host: <188.185.192.87:9618?addrs=188.185.192.87-9618+[--1]-9618&noUDP&sock=31834_0dfc_10>
...
006 (961.000.000) 11/23 20:24:39 Image size of job updated: 664
	1  -  MemoryUsage of job (MB)
	664  -  ResidentSetSize of job (KB)
...
006 (961.000.000) 11/23 20:29:40 Image size of job updated: 684
	1  -  MemoryUsage of job (MB)
	684  -  ResidentSetSize of job (KB)
...
006 (961.000.000) 11/23 20:34:40 Image size of job updated: 688
	1  -  MemoryUsage of job (MB)
	688  -  ResidentSetSize of job (KB)
...
006 (961.000.000) 11/23 20:49:43 Image size of job updated: 128116
	101  -  MemoryUsage of job (MB)
	102572  -  ResidentSetSize of job (KB)
...
006 (961.000.000) 11/23 20:54:43 Image size of job updated: 129964
	102  -  MemoryUsage of job (MB)
	104368  -  ResidentSetSize of job (KB)
...
006 (961.000.000) 11/23 20:59:44 Image size of job updated: 230276
	200  -  MemoryUsage of job (MB)
	204680  -  ResidentSetSize of job (KB)
...
006 (961.000.000) 11/23 21:04:44 Image size of job updated: 244320
	214  -  MemoryUsage of job (MB)
	218716  -  ResidentSetSize of job (KB)
...
005 (961.000.000) 11/23 21:07:28 Job terminated.
	(1) Normal termination (return value 0)
		Usr 0 00:15:41, Sys 0 00:00:17  -  Run Remote Usage
		Usr 0 00:00:00, Sys 0 00:00:00  -  Run Local Usage
		Usr 0 00:15:41, Sys 0 00:00:17  -  Total Remote Usage
		Usr 0 00:00:00, Sys 0 00:00:00  -  Total Local Usage
	299951  -  Run Bytes Sent By Job
	1510  -  Run Bytes Received By Job
	299951  -  Total Bytes Sent By Job
	1510  -  Total Bytes Received By Job
	Partitionable Resources :    Usage  Request Allocated
	   Cpus                 :                 1         1
	   Disk (KB)            :   741871        2    586812
	   Memory (MB)          :      214     2000      2000
...
