000 (962.000.000) 11/23 20:23:37 Job submitted from host: <128.142.196.38:9618?addrs=128.142.196.38-9618+[2001-1458-301-e2--100-20]-9618&noUDP&sock=164236_d05c_3>
...
001 (962.000.000) 11/23 20:24:28 Job executing on host: <188.185.194.186:9618?addrs=188.185.194.186-9618+[--1]-9618&noUDP&sock=24540_fa32_3>
...
006 (962.000.000) 11/23 20:24:37 Image size of job updated: 660
	1  -  MemoryUsage of job (MB)
	660  -  ResidentSetSize of job (KB)
...
006 (962.000.000) 11/23 20:29:39 Image size of job updated: 684
	1  -  MemoryUsage of job (MB)
	684  -  ResidentSetSize of job (KB)
...
006 (962.000.000) 11/23 20:34:39 Image size of job updated: 688
	1  -  MemoryUsage of job (MB)
	688  -  ResidentSetSize of job (KB)
...
006 (962.000.000) 11/23 20:49:41 Image size of job updated: 38052
	32  -  MemoryUsage of job (MB)
	32124  -  ResidentSetSize of job (KB)
...
006 (962.000.000) 11/23 20:54:42 Image size of job updated: 135976
	102  -  MemoryUsage of job (MB)
	104444  -  ResidentSetSize of job (KB)
...
006 (962.000.000) 11/23 20:59:43 Image size of job updated: 235588
	200  -  MemoryUsage of job (MB)
	204056  -  ResidentSetSize of job (KB)
...
006 (962.000.000) 11/23 21:04:44 Image size of job updated: 249328
	213  -  MemoryUsage of job (MB)
	217796  -  ResidentSetSize of job (KB)
...
005 (962.000.000) 11/23 21:08:10 Job terminated.
	(1) Normal termination (return value 0)
		Usr 0 00:15:19, Sys 0 00:00:19  -  Run Remote Usage
		Usr 0 00:00:00, Sys 0 00:00:00  -  Run Local Usage
		Usr 0 00:15:19, Sys 0 00:00:19  -  Total Remote Usage
		Usr 0 00:00:00, Sys 0 00:00:00  -  Total Local Usage
	299906  -  Run Bytes Sent By Job
	1510  -  Run Bytes Received By Job
	299906  -  Total Bytes Sent By Job
	1510  -  Total Bytes Received By Job
	Partitionable Resources :    Usage  Request Allocated
	   Cpus                 :                 1         1
	   Disk (KB)            :   740615        2    586759
	   Memory (MB)          :      213     2000      2000
...
