000 (1066.000.000) 11/28 09:38:36 Job submitted from host: <128.142.196.38:9618?addrs=128.142.196.38-9618+[2001-1458-301-e2--100-20]-9618&noUDP&sock=164236_d05c_3>
...
022 (1066.000.000) 11/28 09:39:22 Job disconnected, attempting to reconnect
    Socket between submit and execute hosts closed unexpectedly
    Trying to reconnect to slot1_1@b60999a04f.cern.ch <188.185.192.51:9618?addrs=188.185.192.51-9618+[--1]-9618&noUDP&sock=27923_6f16_3>
...
024 (1066.000.000) 11/28 09:39:24 Job reconnection failed
    Job not found at execution machine
    Can not reconnect to slot1_1@b60999a04f.cern.ch, rescheduling job
...
001 (1066.000.000) 11/28 09:40:07 Job executing on host: <188.185.192.51:9618?addrs=188.185.192.51-9618+[--1]-9618&noUDP&sock=27923_6f16_3>
...
006 (1066.000.000) 11/28 09:40:16 Image size of job updated: 688
	1  -  MemoryUsage of job (MB)
	688  -  ResidentSetSize of job (KB)
...
006 (1066.000.000) 11/28 10:10:20 Image size of job updated: 40316
	32  -  MemoryUsage of job (MB)
	32296  -  ResidentSetSize of job (KB)
...
006 (1066.000.000) 11/28 10:15:21 Image size of job updated: 138856
	103  -  MemoryUsage of job (MB)
	104772  -  ResidentSetSize of job (KB)
...
006 (1066.000.000) 11/28 10:20:23 Image size of job updated: 239536
	201  -  MemoryUsage of job (MB)
	205452  -  ResidentSetSize of job (KB)
...
006 (1066.000.000) 11/28 10:25:20 Image size of job updated: 253668
	215  -  MemoryUsage of job (MB)
	219564  -  ResidentSetSize of job (KB)
...
005 (1066.000.000) 11/28 10:25:39 Job terminated.
	(1) Normal termination (return value 0)
		Usr 0 00:11:56, Sys 0 00:05:26  -  Run Remote Usage
		Usr 0 00:00:00, Sys 0 00:00:00  -  Run Local Usage
		Usr 0 00:11:56, Sys 0 00:05:26  -  Total Remote Usage
		Usr 0 00:00:00, Sys 0 00:00:00  -  Total Local Usage
	299990  -  Run Bytes Sent By Job
	1510  -  Run Bytes Received By Job
	299990  -  Total Bytes Sent By Job
	1510  -  Total Bytes Received By Job
	Partitionable Resources :    Usage  Request Allocated
	   Cpus                 :                 1         1
	   Disk (KB)            :   765213        2    614383
	   Memory (MB)          :      215     2000      2000
...
