000 (1259.000.000) 11/30 16:21:13 Job submitted from host: <128.142.196.38:9618?addrs=128.142.196.38-9618+[2001-1458-301-e2--100-20]-9618&noUDP&sock=164236_d05c_3>
...
001 (1259.000.000) 11/30 16:21:27 Job executing on host: <188.185.192.198:9618?addrs=188.185.192.198-9618+[--1]-9618&noUDP&sock=7509_1871_3>
...
006 (1259.000.000) 11/30 16:21:36 Image size of job updated: 664
	1  -  MemoryUsage of job (MB)
	664  -  ResidentSetSize of job (KB)
...
006 (1259.000.000) 11/30 16:26:36 Image size of job updated: 688
	1  -  MemoryUsage of job (MB)
	688  -  ResidentSetSize of job (KB)
...
006 (1259.000.000) 11/30 16:31:36 Image size of job updated: 692
	1  -  MemoryUsage of job (MB)
	692  -  ResidentSetSize of job (KB)
...
006 (1259.000.000) 11/30 16:36:37 Image size of job updated: 696
	1  -  MemoryUsage of job (MB)
	696  -  ResidentSetSize of job (KB)
...
006 (1259.000.000) 11/30 16:41:37 Image size of job updated: 68860
	32  -  MemoryUsage of job (MB)
	32316  -  ResidentSetSize of job (KB)
...
006 (1259.000.000) 11/30 16:46:38 Image size of job updated: 220264
	109  -  MemoryUsage of job (MB)
	110944  -  ResidentSetSize of job (KB)
...
006 (1259.000.000) 11/30 16:51:38 Image size of job updated: 300588
	187  -  MemoryUsage of job (MB)
	190528  -  ResidentSetSize of job (KB)
...
006 (1259.000.000) 11/30 16:56:38 Image size of job updated: 314608
	200  -  MemoryUsage of job (MB)
	204512  -  ResidentSetSize of job (KB)
...
006 (1259.000.000) 11/30 17:06:39 Image size of job updated: 314620
	200  -  MemoryUsage of job (MB)
	204520  -  ResidentSetSize of job (KB)
...
006 (1259.000.000) 11/30 17:11:40 Image size of job updated: 315244
	201  -  MemoryUsage of job (MB)
	205144  -  ResidentSetSize of job (KB)
...
006 (1259.000.000) 11/30 17:16:40 Image size of job updated: 315264
	201  -  MemoryUsage of job (MB)
	205144  -  ResidentSetSize of job (KB)
...
005 (1259.000.000) 11/30 17:27:56 Job terminated.
	(1) Normal termination (return value 0)
		Usr 0 00:44:28, Sys 0 00:00:33  -  Run Remote Usage
		Usr 0 00:00:00, Sys 0 00:00:00  -  Run Local Usage
		Usr 0 00:44:28, Sys 0 00:00:33  -  Total Remote Usage
		Usr 0 00:00:00, Sys 0 00:00:00  -  Total Local Usage
	293560  -  Run Bytes Sent By Job
	1567  -  Run Bytes Received By Job
	293560  -  Total Bytes Sent By Job
	1567  -  Total Bytes Received By Job
	Partitionable Resources :    Usage  Request Allocated
	   Cpus                 :                 1         1
	   Disk (KB)            :   990638        2    594741
	   Memory (MB)          :      201     2000      2000
...
