000 (1105.000.000) 11/28 09:39:04 Job submitted from host: <128.142.196.38:9618?addrs=128.142.196.38-9618+[2001-1458-301-e2--100-20]-9618&noUDP&sock=164236_d05c_3>
...
001 (1105.000.000) 11/28 09:39:27 Job executing on host: <188.185.192.51:9618?addrs=188.185.192.51-9618+[--1]-9618&noUDP&sock=27923_6f16_3>
...
006 (1105.000.000) 11/28 09:39:36 Image size of job updated: 656
	1  -  MemoryUsage of job (MB)
	656  -  ResidentSetSize of job (KB)
...
006 (1105.000.000) 11/28 09:44:36 Image size of job updated: 680
	1  -  MemoryUsage of job (MB)
	680  -  ResidentSetSize of job (KB)
...
006 (1105.000.000) 11/28 09:54:37 Image size of job updated: 684
	1  -  MemoryUsage of job (MB)
	684  -  ResidentSetSize of job (KB)
...
006 (1105.000.000) 11/28 10:09:39 Image size of job updated: 36488
	29  -  MemoryUsage of job (MB)
	29560  -  ResidentSetSize of job (KB)
...
006 (1105.000.000) 11/28 10:14:40 Image size of job updated: 151444
	126  -  MemoryUsage of job (MB)
	128016  -  ResidentSetSize of job (KB)
...
006 (1105.000.000) 11/28 10:19:41 Image size of job updated: 189344
	162  -  MemoryUsage of job (MB)
	165700  -  ResidentSetSize of job (KB)
...
006 (1105.000.000) 11/28 10:44:41 Image size of job updated: 189348
	162  -  MemoryUsage of job (MB)
	165700  -  ResidentSetSize of job (KB)
...
006 (1105.000.000) 11/28 10:49:43 Image size of job updated: 189400
	162  -  MemoryUsage of job (MB)
	165752  -  ResidentSetSize of job (KB)
...
006 (1105.000.000) 11/28 10:54:42 Image size of job updated: 189404
	162  -  MemoryUsage of job (MB)
	165756  -  ResidentSetSize of job (KB)
...
006 (1105.000.000) 11/28 11:04:43 Image size of job updated: 189416
	162  -  MemoryUsage of job (MB)
	165768  -  ResidentSetSize of job (KB)
...
005 (1105.000.000) 11/28 11:18:05 Job terminated.
	(1) Normal termination (return value 0)
		Usr 0 01:01:47, Sys 0 00:06:48  -  Run Remote Usage
		Usr 0 00:00:00, Sys 0 00:00:00  -  Run Local Usage
		Usr 0 01:01:47, Sys 0 00:06:48  -  Total Remote Usage
		Usr 0 00:00:00, Sys 0 00:00:00  -  Total Local Usage
	300985  -  Run Bytes Sent By Job
	1510  -  Run Bytes Received By Job
	300985  -  Total Bytes Sent By Job
	1510  -  Total Bytes Received By Job
	Partitionable Resources :    Usage  Request Allocated
	   Cpus                 :                 1         1
	   Disk (KB)            :  1189624        2    614384
	   Memory (MB)          :      162     2000      2000
...
