000 (1021.000.000) 11/23 20:24:21 Job submitted from host: <128.142.196.38:9618?addrs=128.142.196.38-9618+[2001-1458-301-e2--100-20]-9618&noUDP&sock=164236_d05c_3>
...
001 (1021.000.000) 11/23 20:24:50 Job executing on host: <188.185.187.222:9618?addrs=188.185.187.222-9618+[--1]-9618&noUDP&sock=25473_f00e_3>
...
006 (1021.000.000) 11/23 20:24:59 Image size of job updated: 668
	1  -  MemoryUsage of job (MB)
	668  -  ResidentSetSize of job (KB)
...
006 (1021.000.000) 11/23 20:29:59 Image size of job updated: 688
	1  -  MemoryUsage of job (MB)
	688  -  ResidentSetSize of job (KB)
...
006 (1021.000.000) 11/23 20:34:59 Image size of job updated: 692
	1  -  MemoryUsage of job (MB)
	692  -  ResidentSetSize of job (KB)
...
006 (1021.000.000) 11/23 20:45:00 Image size of job updated: 48332
	29  -  MemoryUsage of job (MB)
	29688  -  ResidentSetSize of job (KB)
...
006 (1021.000.000) 11/23 20:50:01 Image size of job updated: 280432
	166  -  MemoryUsage of job (MB)
	169952  -  ResidentSetSize of job (KB)
...
006 (1021.000.000) 11/23 20:55:01 Image size of job updated: 312184
	197  -  MemoryUsage of job (MB)
	201696  -  ResidentSetSize of job (KB)
...
006 (1021.000.000) 11/23 21:05:02 Image size of job updated: 312320
	197  -  MemoryUsage of job (MB)
	201696  -  ResidentSetSize of job (KB)
...
006 (1021.000.000) 11/23 21:25:05 Image size of job updated: 312324
	197  -  MemoryUsage of job (MB)
	201696  -  ResidentSetSize of job (KB)
...
006 (1021.000.000) 11/23 21:35:06 Image size of job updated: 312332
	197  -  MemoryUsage of job (MB)
	201696  -  ResidentSetSize of job (KB)
...
006 (1021.000.000) 11/23 22:10:10 Image size of job updated: 312348
	197  -  MemoryUsage of job (MB)
	201696  -  ResidentSetSize of job (KB)
...
006 (1021.000.000) 11/23 22:15:11 Image size of job updated: 312352
	197  -  MemoryUsage of job (MB)
	201696  -  ResidentSetSize of job (KB)
...
005 (1021.000.000) 11/23 22:17:06 Job terminated.
	(1) Normal termination (return value 0)
		Usr 0 01:28:50, Sys 0 00:00:10  -  Run Remote Usage
		Usr 0 00:00:00, Sys 0 00:00:00  -  Run Local Usage
		Usr 0 01:28:50, Sys 0 00:00:10  -  Total Remote Usage
		Usr 0 00:00:00, Sys 0 00:00:00  -  Total Local Usage
	305328  -  Run Bytes Sent By Job
	1510  -  Run Bytes Received By Job
	305328  -  Total Bytes Sent By Job
	1510  -  Total Bytes Received By Job
	Partitionable Resources :    Usage  Request Allocated
	   Cpus                 :                 1         1
	   Disk (KB)            :  1708933        2   1949724
	   Memory (MB)          :      197     2000      2000
...
