000 (1232.000.000) 11/30 16:20:50 Job submitted from host: <128.142.196.38:9618?addrs=128.142.196.38-9618+[2001-1458-301-e2--100-20]-9618&noUDP&sock=164236_d05c_3>
...
001 (1232.000.000) 11/30 16:21:23 Job executing on host: <188.185.180.233:9618?addrs=188.185.180.233-9618+[--1]-9618&noUDP&sock=23729_b2e3_13>
...
006 (1232.000.000) 11/30 16:21:31 Image size of job updated: 660
	1  -  MemoryUsage of job (MB)
	660  -  ResidentSetSize of job (KB)
...
006 (1232.000.000) 11/30 16:26:31 Image size of job updated: 680
	1  -  MemoryUsage of job (MB)
	680  -  ResidentSetSize of job (KB)
...
006 (1232.000.000) 11/30 16:31:33 Image size of job updated: 684
	1  -  MemoryUsage of job (MB)
	684  -  ResidentSetSize of job (KB)
...
006 (1232.000.000) 11/30 16:36:33 Image size of job updated: 688
	1  -  MemoryUsage of job (MB)
	688  -  ResidentSetSize of job (KB)
...
006 (1232.000.000) 11/30 16:41:34 Image size of job updated: 110164
	76  -  MemoryUsage of job (MB)
	77020  -  ResidentSetSize of job (KB)
...
006 (1232.000.000) 11/30 16:46:34 Image size of job updated: 144196
	102  -  MemoryUsage of job (MB)
	103824  -  ResidentSetSize of job (KB)
...
006 (1232.000.000) 11/30 16:51:35 Image size of job updated: 245216
	201  -  MemoryUsage of job (MB)
	204844  -  ResidentSetSize of job (KB)
...
006 (1232.000.000) 11/30 16:56:35 Image size of job updated: 261376
	216  -  MemoryUsage of job (MB)
	221004  -  ResidentSetSize of job (KB)
...
006 (1232.000.000) 11/30 17:01:35 Image size of job updated: 261436
	216  -  MemoryUsage of job (MB)
	221064  -  ResidentSetSize of job (KB)
...
005 (1232.000.000) 11/30 17:03:06 Job terminated.
	(1) Normal termination (return value 0)
		Usr 0 00:20:27, Sys 0 00:00:22  -  Run Remote Usage
		Usr 0 00:00:00, Sys 0 00:00:00  -  Run Local Usage
		Usr 0 00:20:27, Sys 0 00:00:22  -  Total Remote Usage
		Usr 0 00:00:00, Sys 0 00:00:00  -  Total Local Usage
	293554  -  Run Bytes Sent By Job
	1567  -  Run Bytes Received By Job
	293554  -  Total Bytes Sent By Job
	1567  -  Total Bytes Received By Job
	Partitionable Resources :    Usage  Request Allocated
	   Cpus                 :                 1         1
	   Disk (KB)            :   845218        2    592274
	   Memory (MB)          :      216     2000      2000
...
