000 (1297.000.000) 11/30 16:21:45 Job submitted from host: <128.142.196.38:9618?addrs=128.142.196.38-9618+[2001-1458-301-e2--100-20]-9618&noUDP&sock=164236_d05c_3>
...
001 (1297.000.000) 11/30 16:22:17 Job executing on host: <188.185.198.12:9618?addrs=188.185.198.12-9618+[--1]-9618&noUDP&sock=25289_0b09_3>
...
006 (1297.000.000) 11/30 16:22:26 Image size of job updated: 688
	1  -  MemoryUsage of job (MB)
	688  -  ResidentSetSize of job (KB)
...
006 (1297.000.000) 11/30 16:32:28 Image size of job updated: 692
	1  -  MemoryUsage of job (MB)
	692  -  ResidentSetSize of job (KB)
...
006 (1297.000.000) 11/30 16:37:27 Image size of job updated: 696
	1  -  MemoryUsage of job (MB)
	696  -  ResidentSetSize of job (KB)
...
006 (1297.000.000) 11/30 16:42:28 Image size of job updated: 31540
	28  -  MemoryUsage of job (MB)
	28476  -  ResidentSetSize of job (KB)
...
006 (1297.000.000) 11/30 16:47:28 Image size of job updated: 184704
	154  -  MemoryUsage of job (MB)
	157064  -  ResidentSetSize of job (KB)
...
006 (1297.000.000) 11/30 16:52:29 Image size of job updated: 192500
	161  -  MemoryUsage of job (MB)
	164860  -  ResidentSetSize of job (KB)
...
006 (1297.000.000) 11/30 17:12:31 Image size of job updated: 192940
	162  -  MemoryUsage of job (MB)
	165300  -  ResidentSetSize of job (KB)
...
006 (1297.000.000) 11/30 17:17:31 Image size of job updated: 196368
	165  -  MemoryUsage of job (MB)
	168728  -  ResidentSetSize of job (KB)
...
006 (1297.000.000) 11/30 17:32:32 Image size of job updated: 213164
	182  -  MemoryUsage of job (MB)
	185524  -  ResidentSetSize of job (KB)
...
006 (1297.000.000) 11/30 17:47:34 Image size of job updated: 213236
	182  -  MemoryUsage of job (MB)
	185524  -  ResidentSetSize of job (KB)
...
006 (1297.000.000) 11/30 17:52:35 Image size of job updated: 213244
	182  -  MemoryUsage of job (MB)
	185524  -  ResidentSetSize of job (KB)
...
006 (1297.000.000) 11/30 18:47:41 Image size of job updated: 213412
	182  -  MemoryUsage of job (MB)
	185524  -  ResidentSetSize of job (KB)
...
005 (1297.000.000) 11/30 20:02:34 Job terminated.
	(1) Normal termination (return value 0)
		Usr 0 03:16:34, Sys 0 00:00:46  -  Run Remote Usage
		Usr 0 00:00:00, Sys 0 00:00:00  -  Run Local Usage
		Usr 0 03:16:34, Sys 0 00:00:46  -  Total Remote Usage
		Usr 0 00:00:00, Sys 0 00:00:00  -  Total Local Usage
	296081  -  Run Bytes Sent By Job
	1567  -  Run Bytes Received By Job
	296081  -  Total Bytes Sent By Job
	1567  -  Total Bytes Received By Job
	Partitionable Resources :    Usage  Request Allocated
	   Cpus                 :                 1         1
	   Disk (KB)            :  1942663        2    590722
	   Memory (MB)          :      182     2000      2000
...
