000 (1273.000.000) 11/30 16:21:26 Job submitted from host: <128.142.196.38:9618?addrs=128.142.196.38-9618+[2001-1458-301-e2--100-20]-9618&noUDP&sock=164236_d05c_3>
...
001 (1273.000.000) 11/30 16:22:08 Job executing on host: <188.185.129.153:9618?addrs=188.185.129.153-9618+[--1]-9618&noUDP&sock=7321_7d58_3>
...
006 (1273.000.000) 11/30 16:22:16 Image size of job updated: 680
	1  -  MemoryUsage of job (MB)
	680  -  ResidentSetSize of job (KB)
...
006 (1273.000.000) 11/30 16:32:18 Image size of job updated: 684
	1  -  MemoryUsage of job (MB)
	684  -  ResidentSetSize of job (KB)
...
006 (1273.000.000) 11/30 16:37:18 Image size of job updated: 688
	1  -  MemoryUsage of job (MB)
	688  -  ResidentSetSize of job (KB)
...
006 (1273.000.000) 11/30 16:42:19 Image size of job updated: 155504
	124  -  MemoryUsage of job (MB)
	126664  -  ResidentSetSize of job (KB)
...
006 (1273.000.000) 11/30 16:47:20 Image size of job updated: 182980
	150  -  MemoryUsage of job (MB)
	153396  -  ResidentSetSize of job (KB)
...
006 (1273.000.000) 11/30 16:52:20 Image size of job updated: 188848
	156  -  MemoryUsage of job (MB)
	159252  -  ResidentSetSize of job (KB)
...
006 (1273.000.000) 11/30 17:07:21 Image size of job updated: 188852
	156  -  MemoryUsage of job (MB)
	159252  -  ResidentSetSize of job (KB)
...
005 (1273.000.000) 11/30 18:46:55 Job terminated.
	(1) Normal termination (return value 0)
		Usr 0 01:57:51, Sys 0 00:00:21  -  Run Remote Usage
		Usr 0 00:00:00, Sys 0 00:00:00  -  Run Local Usage
		Usr 0 01:57:51, Sys 0 00:00:21  -  Total Remote Usage
		Usr 0 00:00:00, Sys 0 00:00:00  -  Total Local Usage
	294098  -  Run Bytes Sent By Job
	1567  -  Run Bytes Received By Job
	294098  -  Total Bytes Sent By Job
	1567  -  Total Bytes Received By Job
	Partitionable Resources :    Usage  Request Allocated
	   Cpus                 :                 1         1
	   Disk (KB)            :  1341769        2    594939
	   Memory (MB)          :      156     2000      2000
...
