000 (1117.000.000) 11/28 09:39:13 Job submitted from host: <128.142.196.38:9618?addrs=128.142.196.38-9618+[2001-1458-301-e2--100-20]-9618&noUDP&sock=164236_d05c_3>
...
001 (1117.000.000) 11/28 09:40:04 Job executing on host: <188.185.128.231:9618?addrs=188.185.128.231-9618+[--1]-9618&noUDP&sock=24154_36a3_3>
...
006 (1117.000.000) 11/28 09:40:13 Image size of job updated: 684
	1  -  MemoryUsage of job (MB)
	684  -  ResidentSetSize of job (KB)
...
006 (1117.000.000) 11/28 09:50:15 Image size of job updated: 688
	1  -  MemoryUsage of job (MB)
	688  -  ResidentSetSize of job (KB)
...
006 (1117.000.000) 11/28 10:00:16 Image size of job updated: 9096
	8  -  MemoryUsage of job (MB)
	8168  -  ResidentSetSize of job (KB)
...
006 (1117.000.000) 11/28 10:05:17 Image size of job updated: 170748
	147  -  MemoryUsage of job (MB)
	150344  -  ResidentSetSize of job (KB)
...
006 (1117.000.000) 11/28 10:10:19 Image size of job updated: 185300
	162  -  MemoryUsage of job (MB)
	164896  -  ResidentSetSize of job (KB)
...
006 (1117.000.000) 11/28 10:20:17 Image size of job updated: 187584
	164  -  MemoryUsage of job (MB)
	167180  -  ResidentSetSize of job (KB)
...
006 (1117.000.000) 11/28 10:25:18 Image size of job updated: 189172
	165  -  MemoryUsage of job (MB)
	168768  -  ResidentSetSize of job (KB)
...
006 (1117.000.000) 11/28 10:30:18 Image size of job updated: 189184
	165  -  MemoryUsage of job (MB)
	168776  -  ResidentSetSize of job (KB)
...
006 (1117.000.000) 11/28 10:40:20 Image size of job updated: 205320
	181  -  MemoryUsage of job (MB)
	184856  -  ResidentSetSize of job (KB)
...
006 (1117.000.000) 11/28 11:45:26 Image size of job updated: 208556
	184  -  MemoryUsage of job (MB)
	188092  -  ResidentSetSize of job (KB)
...
005 (1117.000.000) 11/28 12:27:34 Job terminated.
	(1) Normal termination (return value 0)
		Usr 0 02:22:50, Sys 0 00:00:47  -  Run Remote Usage
		Usr 0 00:00:00, Sys 0 00:00:00  -  Run Local Usage
		Usr 0 02:22:50, Sys 0 00:00:47  -  Total Remote Usage
		Usr 0 00:00:00, Sys 0 00:00:00  -  Total Local Usage
	302389  -  Run Bytes Sent By Job
	1510  -  Run Bytes Received By Job
	302389  -  Total Bytes Sent By Job
	1510  -  Total Bytes Received By Job
	Partitionable Resources :    Usage  Request Allocated
	   Cpus                 :                 1         1
	   Disk (KB)            :  1756534        2    610558
	   Memory (MB)          :      184     2000      2000
...
