000 (1126.000.000) 11/28 09:39:20 Job submitted from host: <128.142.196.38:9618?addrs=128.142.196.38-9618+[2001-1458-301-e2--100-20]-9618&noUDP&sock=164236_d05c_3>
...
001 (1126.000.000) 11/28 09:40:06 Job executing on host: <188.185.174.157:9618?addrs=188.185.174.157-9618+[--1]-9618&noUDP&sock=3201_32bf_11>
...
006 (1126.000.000) 11/28 09:40:14 Image size of job updated: 692
	1  -  MemoryUsage of job (MB)
	692  -  ResidentSetSize of job (KB)
...
006 (1126.000.000) 11/28 10:00:16 Image size of job updated: 170820
	142  -  MemoryUsage of job (MB)
	145256  -  ResidentSetSize of job (KB)
...
006 (1126.000.000) 11/28 10:05:17 Image size of job updated: 217756
	188  -  MemoryUsage of job (MB)
	192160  -  ResidentSetSize of job (KB)
...
006 (1126.000.000) 11/28 10:10:18 Image size of job updated: 217776
	188  -  MemoryUsage of job (MB)
	192180  -  ResidentSetSize of job (KB)
...
006 (1126.000.000) 11/28 10:20:20 Image size of job updated: 219300
	190  -  MemoryUsage of job (MB)
	193540  -  ResidentSetSize of job (KB)
...
006 (1126.000.000) 11/28 10:45:22 Image size of job updated: 219304
	190  -  MemoryUsage of job (MB)
	193540  -  ResidentSetSize of job (KB)
...
006 (1126.000.000) 11/28 11:05:24 Image size of job updated: 219324
	190  -  MemoryUsage of job (MB)
	193540  -  ResidentSetSize of job (KB)
...
006 (1126.000.000) 11/28 11:20:25 Image size of job updated: 219360
	190  -  MemoryUsage of job (MB)
	193540  -  ResidentSetSize of job (KB)
...
006 (1126.000.000) 11/28 11:50:28 Image size of job updated: 219364
	190  -  MemoryUsage of job (MB)
	193540  -  ResidentSetSize of job (KB)
...
005 (1126.000.000) 11/28 12:01:42 Job terminated.
	(1) Normal termination (return value 0)
		Usr 0 02:01:54, Sys 0 00:00:18  -  Run Remote Usage
		Usr 0 00:00:00, Sys 0 00:00:00  -  Run Local Usage
		Usr 0 02:01:54, Sys 0 00:00:18  -  Total Remote Usage
		Usr 0 00:00:00, Sys 0 00:00:00  -  Total Local Usage
	302086  -  Run Bytes Sent By Job
	1510  -  Run Bytes Received By Job
	302086  -  Total Bytes Sent By Job
	1510  -  Total Bytes Received By Job
	Partitionable Resources :    Usage  Request Allocated
	   Cpus                 :                 1         1
	   Disk (KB)            :  1754775        2    615800
	   Memory (MB)          :      190     2000      2000
...
