000 (1304.000.000) 11/30 16:21:52 Job submitted from host: <128.142.196.38:9618?addrs=128.142.196.38-9618+[2001-1458-301-e2--100-20]-9618&noUDP&sock=164236_d05c_3>
...
001 (1304.000.000) 11/30 16:22:19 Job executing on host: <188.185.192.87:9618?addrs=188.185.192.87-9618+[--1]-9618&noUDP&sock=31834_0dfc_10>
...
006 (1304.000.000) 11/30 16:22:28 Image size of job updated: 688
	1  -  MemoryUsage of job (MB)
	688  -  ResidentSetSize of job (KB)
...
006 (1304.000.000) 11/30 16:32:30 Image size of job updated: 696
	1  -  MemoryUsage of job (MB)
	696  -  ResidentSetSize of job (KB)
...
006 (1304.000.000) 11/30 16:42:31 Image size of job updated: 194260
	143  -  MemoryUsage of job (MB)
	145704  -  ResidentSetSize of job (KB)
...
006 (1304.000.000) 11/30 16:47:32 Image size of job updated: 214044
	161  -  MemoryUsage of job (MB)
	164732  -  ResidentSetSize of job (KB)
...
006 (1304.000.000) 11/30 16:52:33 Image size of job updated: 236628
	183  -  MemoryUsage of job (MB)
	187316  -  ResidentSetSize of job (KB)
...
006 (1304.000.000) 11/30 17:12:34 Image size of job updated: 236648
	183  -  MemoryUsage of job (MB)
	187316  -  ResidentSetSize of job (KB)
...
005 (1304.000.000) 11/30 20:21:02 Job terminated.
	(1) Normal termination (return value 0)
		Usr 0 03:37:09, Sys 0 00:00:32  -  Run Remote Usage
		Usr 0 00:00:00, Sys 0 00:00:00  -  Run Local Usage
		Usr 0 03:37:09, Sys 0 00:00:32  -  Total Remote Usage
		Usr 0 00:00:00, Sys 0 00:00:00  -  Total Local Usage
	295124  -  Run Bytes Sent By Job
	1567  -  Run Bytes Received By Job
	295124  -  Total Bytes Sent By Job
	1567  -  Total Bytes Received By Job
	Partitionable Resources :    Usage  Request Allocated
	   Cpus                 :                 1         1
	   Disk (KB)            :  1954786        2    596557
	   Memory (MB)          :      183     2000      2000
...
