000 (1311.000.000) 11/30 16:21:58 Job submitted from host: <128.142.196.38:9618?addrs=128.142.196.38-9618+[2001-1458-301-e2--100-20]-9618&noUDP&sock=164236_d05c_3>
...
001 (1311.000.000) 11/30 16:22:21 Job executing on host: <188.185.194.60:9618?addrs=188.185.194.60-9618+[--1]-9618&noUDP&sock=15833_b315_3>
...
006 (1311.000.000) 11/30 16:22:30 Image size of job updated: 688
	1  -  MemoryUsage of job (MB)
	688  -  ResidentSetSize of job (KB)
...
006 (1311.000.000) 11/30 16:27:32 Image size of job updated: 692
	1  -  MemoryUsage of job (MB)
	692  -  ResidentSetSize of job (KB)
...
006 (1311.000.000) 11/30 16:32:33 Image size of job updated: 696
	1  -  MemoryUsage of job (MB)
	696  -  ResidentSetSize of job (KB)
...
006 (1311.000.000) 11/30 16:42:33 Image size of job updated: 218540
	153  -  MemoryUsage of job (MB)
	155680  -  ResidentSetSize of job (KB)
...
006 (1311.000.000) 11/30 16:47:34 Image size of job updated: 226976
	161  -  MemoryUsage of job (MB)
	164108  -  ResidentSetSize of job (KB)
...
006 (1311.000.000) 11/30 16:52:34 Image size of job updated: 226996
	161  -  MemoryUsage of job (MB)
	164108  -  ResidentSetSize of job (KB)
...
006 (1311.000.000) 11/30 16:57:35 Image size of job updated: 228380
	162  -  MemoryUsage of job (MB)
	165492  -  ResidentSetSize of job (KB)
...
006 (1311.000.000) 11/30 17:02:35 Image size of job updated: 228396
	162  -  MemoryUsage of job (MB)
	165492  -  ResidentSetSize of job (KB)
...
006 (1311.000.000) 11/30 17:12:36 Image size of job updated: 228400
	162  -  MemoryUsage of job (MB)
	165492  -  ResidentSetSize of job (KB)
...
006 (1311.000.000) 11/30 17:22:37 Image size of job updated: 249812
	183  -  MemoryUsage of job (MB)
	186904  -  ResidentSetSize of job (KB)
...
006 (1311.000.000) 11/30 17:47:39 Image size of job updated: 249848
	183  -  MemoryUsage of job (MB)
	186904  -  ResidentSetSize of job (KB)
...
006 (1311.000.000) 11/30 18:57:46 Image size of job updated: 249864
	183  -  MemoryUsage of job (MB)
	186904  -  ResidentSetSize of job (KB)
...
005 (1311.000.000) 11/30 19:51:01 Job terminated.
	(1) Normal termination (return value 0)
		Usr 0 03:07:41, Sys 0 00:00:36  -  Run Remote Usage
		Usr 0 00:00:00, Sys 0 00:00:00  -  Run Local Usage
		Usr 0 03:07:41, Sys 0 00:00:36  -  Total Remote Usage
		Usr 0 00:00:00, Sys 0 00:00:00  -  Total Local Usage
	294603  -  Run Bytes Sent By Job
	1567  -  Run Bytes Received By Job
	294603  -  Total Bytes Sent By Job
	1567  -  Total Bytes Received By Job
	Partitionable Resources :    Usage  Request Allocated
	   Cpus                 :                 1         1
	   Disk (KB)            :  1952076        2    591498
	   Memory (MB)          :      183     2000      2000
...
