000 (957.000.000) 11/23 20:23:34 Job submitted from host: <128.142.196.38:9618?addrs=128.142.196.38-9618+[2001-1458-301-e2--100-20]-9618&noUDP&sock=164236_d05c_3>
...
001 (957.000.000) 11/23 20:24:30 Job executing on host: <188.185.129.153:9618?addrs=188.185.129.153-9618+[--1]-9618&noUDP&sock=30829_b54e_3>
...
006 (957.000.000) 11/23 20:24:39 Image size of job updated: 660
	1  -  MemoryUsage of job (MB)
	660  -  ResidentSetSize of job (KB)
...
006 (957.000.000) 11/23 20:29:40 Image size of job updated: 684
	1  -  MemoryUsage of job (MB)
	684  -  ResidentSetSize of job (KB)
...
006 (957.000.000) 11/23 20:34:40 Image size of job updated: 688
	1  -  MemoryUsage of job (MB)
	688  -  ResidentSetSize of job (KB)
...
006 (957.000.000) 11/23 20:49:41 Image size of job updated: 119184
	93  -  MemoryUsage of job (MB)
	94856  -  ResidentSetSize of job (KB)
...
006 (957.000.000) 11/23 20:54:42 Image size of job updated: 134108
	105  -  MemoryUsage of job (MB)
	107104  -  ResidentSetSize of job (KB)
...
006 (957.000.000) 11/23 20:59:42 Image size of job updated: 232656
	201  -  MemoryUsage of job (MB)
	205640  -  ResidentSetSize of job (KB)
...
006 (957.000.000) 11/23 21:04:42 Image size of job updated: 246444
	215  -  MemoryUsage of job (MB)
	219428  -  ResidentSetSize of job (KB)
...
005 (957.000.000) 11/23 21:06:48 Job terminated.
	(1) Normal termination (return value 0)
		Usr 0 00:16:10, Sys 0 00:00:16  -  Run Remote Usage
		Usr 0 00:00:00, Sys 0 00:00:00  -  Run Local Usage
		Usr 0 00:16:10, Sys 0 00:00:16  -  Total Remote Usage
		Usr 0 00:00:00, Sys 0 00:00:00  -  Total Local Usage
	299902  -  Run Bytes Sent By Job
	1510  -  Run Bytes Received By Job
	299902  -  Total Bytes Sent By Job
	1510  -  Total Bytes Received By Job
	Partitionable Resources :    Usage  Request Allocated
	   Cpus                 :                 1         1
	   Disk (KB)            :   740750        2    586571
	   Memory (MB)          :      215     2000      2000
...
