000 (1218.000.000) 11/30 08:49:11 Job submitted from host: <128.142.196.38:9618?addrs=128.142.196.38-9618+[2001-1458-301-e2--100-20]-9618&noUDP&sock=164236_d05c_3>
...
001 (1218.000.000) 11/30 08:49:53 Job executing on host: <188.185.187.2:9618?addrs=188.185.187.2-9618+[--1]-9618&noUDP&sock=25486_dac9_3>
...
006 (1218.000.000) 11/30 08:50:02 Image size of job updated: 684
	1  -  MemoryUsage of job (MB)
	684  -  ResidentSetSize of job (KB)
...
006 (1218.000.000) 11/30 08:55:03 Image size of job updated: 688
	1  -  MemoryUsage of job (MB)
	688  -  ResidentSetSize of job (KB)
...
005 (1218.000.000) 11/30 10:56:32 Job terminated.
	(1) Normal termination (return value 0)
		Usr 0 01:45:11, Sys 0 00:00:12  -  Run Remote Usage
		Usr 0 00:00:00, Sys 0 00:00:00  -  Run Local Usage
		Usr 0 01:45:11, Sys 0 00:00:12  -  Total Remote Usage
		Usr 0 00:00:00, Sys 0 00:00:00  -  Total Local Usage
	1567  -  Run Bytes Sent By Job
	290184  -  Run Bytes Received By Job
	1567  -  Total Bytes Sent By Job
	290184  -  Total Bytes Received By Job
...
