000 (1254.000.000) 11/30 16:21:08 Job submitted from host: <128.142.196.38:9618?addrs=128.142.196.38-9618+[2001-1458-301-e2--100-20]-9618&noUDP&sock=164236_d05c_3>
...
001 (1254.000.000) 11/30 16:21:42 Job executing on host: <188.185.178.199:9618?addrs=188.185.178.199-9618+[--1]-9618&noUDP&sock=32414_3352_3>
...
006 (1254.000.000) 11/30 16:21:53 Image size of job updated: 664
	1  -  MemoryUsage of job (MB)
	664  -  ResidentSetSize of job (KB)
...
006 (1254.000.000) 11/30 16:26:54 Image size of job updated: 688
	1  -  MemoryUsage of job (MB)
	688  -  ResidentSetSize of job (KB)
...
006 (1254.000.000) 11/30 16:31:54 Image size of job updated: 692
	1  -  MemoryUsage of job (MB)
	692  -  ResidentSetSize of job (KB)
...
006 (1254.000.000) 11/30 16:36:57 Image size of job updated: 696
	1  -  MemoryUsage of job (MB)
	696  -  ResidentSetSize of job (KB)
...
006 (1254.000.000) 11/30 16:46:58 Image size of job updated: 163212
	109  -  MemoryUsage of job (MB)
	111164  -  ResidentSetSize of job (KB)
...
006 (1254.000.000) 11/30 16:51:57 Image size of job updated: 243980
	188  -  MemoryUsage of job (MB)
	191916  -  ResidentSetSize of job (KB)
...
006 (1254.000.000) 11/30 16:56:57 Image size of job updated: 258068
	202  -  MemoryUsage of job (MB)
	206000  -  ResidentSetSize of job (KB)
...
006 (1254.000.000) 11/30 17:01:58 Image size of job updated: 258244
	202  -  MemoryUsage of job (MB)
	206040  -  ResidentSetSize of job (KB)
...
006 (1254.000.000) 11/30 17:06:59 Image size of job updated: 260292
	204  -  MemoryUsage of job (MB)
	208088  -  ResidentSetSize of job (KB)
...
006 (1254.000.000) 11/30 17:12:00 Image size of job updated: 260320
	204  -  MemoryUsage of job (MB)
	208088  -  ResidentSetSize of job (KB)
...
006 (1254.000.000) 11/30 17:22:01 Image size of job updated: 260328
	204  -  MemoryUsage of job (MB)
	208096  -  ResidentSetSize of job (KB)
...
005 (1254.000.000) 11/30 17:26:22 Job terminated.
	(1) Normal termination (return value 0)
		Usr 0 00:40:20, Sys 0 00:04:26  -  Run Remote Usage
		Usr 0 00:00:00, Sys 0 00:00:00  -  Run Local Usage
		Usr 0 00:40:20, Sys 0 00:04:26  -  Total Remote Usage
		Usr 0 00:00:00, Sys 0 00:00:00  -  Total Local Usage
	293640  -  Run Bytes Sent By Job
	1567  -  Run Bytes Received By Job
	293640  -  Total Bytes Sent By Job
	1567  -  Total Bytes Received By Job
	Partitionable Resources :    Usage  Request Allocated
	   Cpus                 :                 1         1
	   Disk (KB)            :   964433        2    580529
	   Memory (MB)          :      204     2000      2000
...
