000 (1089.000.000) 11/28 09:38:53 Job submitted from host: <128.142.196.38:9618?addrs=128.142.196.38-9618+[2001-1458-301-e2--100-20]-9618&noUDP&sock=164236_d05c_3>
...
001 (1089.000.000) 11/28 09:39:10 Job executing on host: <188.185.187.45:9618?addrs=188.185.187.45-9618+[--1]-9618&noUDP&sock=24724_2f9f_3>
...
006 (1089.000.000) 11/28 09:39:19 Image size of job updated: 692
	1  -  MemoryUsage of job (MB)
	692  -  ResidentSetSize of job (KB)
...
006 (1089.000.000) 11/28 09:59:22 Image size of job updated: 218156
	107  -  MemoryUsage of job (MB)
	108832  -  ResidentSetSize of job (KB)
...
006 (1089.000.000) 11/28 10:04:23 Image size of job updated: 321740
	207  -  MemoryUsage of job (MB)
	211508  -  ResidentSetSize of job (KB)
...
006 (1089.000.000) 11/28 10:09:23 Image size of job updated: 337860
	223  -  MemoryUsage of job (MB)
	227608  -  ResidentSetSize of job (KB)
...
006 (1089.000.000) 11/28 10:14:24 Image size of job updated: 397536
	281  -  MemoryUsage of job (MB)
	287284  -  ResidentSetSize of job (KB)
...
005 (1089.000.000) 11/28 10:17:05 Job terminated.
	(1) Normal termination (return value 0)
		Usr 0 00:17:37, Sys 0 00:00:10  -  Run Remote Usage
		Usr 0 00:00:00, Sys 0 00:00:00  -  Run Local Usage
		Usr 0 00:17:37, Sys 0 00:00:10  -  Total Remote Usage
		Usr 0 00:00:00, Sys 0 00:00:00  -  Total Local Usage
	300355  -  Run Bytes Sent By Job
	1510  -  Run Bytes Received By Job
	300355  -  Total Bytes Sent By Job
	1510  -  Total Bytes Received By Job
	Partitionable Resources :    Usage  Request Allocated
	   Cpus                 :                 1         1
	   Disk (KB)            :   857612        2   2122319
	   Memory (MB)          :      281     2000      2000
...
