000 (969.000.000) 11/23 20:23:42 Job submitted from host: <128.142.196.38:9618?addrs=128.142.196.38-9618+[2001-1458-301-e2--100-20]-9618&noUDP&sock=164236_d05c_3>
...
001 (969.000.000) 11/23 20:24:33 Job executing on host: <188.185.129.153:9618?addrs=188.185.129.153-9618+[--1]-9618&noUDP&sock=30829_b54e_3>
...
006 (969.000.000) 11/23 20:24:41 Image size of job updated: 684
	1  -  MemoryUsage of job (MB)
	684  -  ResidentSetSize of job (KB)
...
006 (969.000.000) 11/23 20:34:43 Image size of job updated: 688
	1  -  MemoryUsage of job (MB)
	688  -  ResidentSetSize of job (KB)
...
006 (969.000.000) 11/23 20:49:44 Image size of job updated: 126860
	95  -  MemoryUsage of job (MB)
	96380  -  ResidentSetSize of job (KB)
...
006 (969.000.000) 11/23 20:54:44 Image size of job updated: 137204
	104  -  MemoryUsage of job (MB)
	106192  -  ResidentSetSize of job (KB)
...
006 (969.000.000) 11/23 20:59:45 Image size of job updated: 236632
	201  -  MemoryUsage of job (MB)
	205612  -  ResidentSetSize of job (KB)
...
006 (969.000.000) 11/23 21:04:45 Image size of job updated: 310264
	273  -  MemoryUsage of job (MB)
	279236  -  ResidentSetSize of job (KB)
...
005 (969.000.000) 11/23 21:06:14 Job terminated.
	(1) Normal termination (return value 0)
		Usr 0 00:15:24, Sys 0 00:00:17  -  Run Remote Usage
		Usr 0 00:00:00, Sys 0 00:00:00  -  Run Local Usage
		Usr 0 00:15:24, Sys 0 00:00:17  -  Total Remote Usage
		Usr 0 00:00:00, Sys 0 00:00:00  -  Total Local Usage
	299843  -  Run Bytes Sent By Job
	1510  -  Run Bytes Received By Job
	299843  -  Total Bytes Sent By Job
	1510  -  Total Bytes Received By Job
	Partitionable Resources :    Usage  Request Allocated
	   Cpus                 :                 1         1
	   Disk (KB)            :   742580        2    586571
	   Memory (MB)          :      273     2000      2000
...
