000 (1076.000.000) 11/28 09:38:43 Job submitted from host: <128.142.196.38:9618?addrs=128.142.196.38-9618+[2001-1458-301-e2--100-20]-9618&noUDP&sock=164236_d05c_3>
...
001 (1076.000.000) 11/28 09:39:17 Job executing on host: <188.185.173.116:9618?addrs=188.185.173.116-9618+[--1]-9618&noUDP&sock=2204540_f77f_3>
...
006 (1076.000.000) 11/28 09:39:26 Image size of job updated: 660
	1  -  MemoryUsage of job (MB)
	660  -  ResidentSetSize of job (KB)
...
006 (1076.000.000) 11/28 09:44:26 Image size of job updated: 684
	1  -  MemoryUsage of job (MB)
	684  -  ResidentSetSize of job (KB)
...
006 (1076.000.000) 11/28 09:49:26 Image size of job updated: 688
	1  -  MemoryUsage of job (MB)
	688  -  ResidentSetSize of job (KB)
...
006 (1076.000.000) 11/28 09:59:27 Image size of job updated: 10492
	8  -  MemoryUsage of job (MB)
	8088  -  ResidentSetSize of job (KB)
...
006 (1076.000.000) 11/28 10:04:28 Image size of job updated: 135716
	102  -  MemoryUsage of job (MB)
	104228  -  ResidentSetSize of job (KB)
...
006 (1076.000.000) 11/28 10:09:30 Image size of job updated: 235724
	200  -  MemoryUsage of job (MB)
	203960  -  ResidentSetSize of job (KB)
...
005 (1076.000.000) 11/28 10:14:32 Job terminated.
	(1) Normal termination (return value 0)
		Usr 0 00:11:12, Sys 0 00:00:26  -  Run Remote Usage
		Usr 0 00:00:00, Sys 0 00:00:00  -  Run Local Usage
		Usr 0 00:11:12, Sys 0 00:00:26  -  Total Remote Usage
		Usr 0 00:00:00, Sys 0 00:00:00  -  Total Local Usage
	300150  -  Run Bytes Sent By Job
	1510  -  Run Bytes Received By Job
	300150  -  Total Bytes Sent By Job
	1510  -  Total Bytes Received By Job
	Partitionable Resources :    Usage  Request Allocated
	   Cpus                 :                 1         1
	   Disk (KB)            :   793434        2    617648
	   Memory (MB)          :      200     2000      2000
...
