000 (1005.000.000) 11/23 20:24:09 Job submitted from host: <128.142.196.38:9618?addrs=128.142.196.38-9618+[2001-1458-301-e2--100-20]-9618&noUDP&sock=164236_d05c_3>
...
001 (1005.000.000) 11/23 20:24:43 Job executing on host: <188.185.187.2:9618?addrs=188.185.187.2-9618+[--1]-9618&noUDP&sock=25486_dac9_3>
...
006 (1005.000.000) 11/23 20:24:52 Image size of job updated: 664
	1  -  MemoryUsage of job (MB)
	664  -  ResidentSetSize of job (KB)
...
006 (1005.000.000) 11/23 20:29:53 Image size of job updated: 684
	1  -  MemoryUsage of job (MB)
	684  -  ResidentSetSize of job (KB)
...
006 (1005.000.000) 11/23 20:34:53 Image size of job updated: 688
	1  -  MemoryUsage of job (MB)
	688  -  ResidentSetSize of job (KB)
...
006 (1005.000.000) 11/23 20:44:54 Image size of job updated: 35372
	28  -  MemoryUsage of job (MB)
	27768  -  ResidentSetSize of job (KB)
...
006 (1005.000.000) 11/23 20:49:55 Image size of job updated: 270104
	157  -  MemoryUsage of job (MB)
	159980  -  ResidentSetSize of job (KB)
...
006 (1005.000.000) 11/23 20:54:55 Image size of job updated: 319944
	205  -  MemoryUsage of job (MB)
	209792  -  ResidentSetSize of job (KB)
...
006 (1005.000.000) 11/23 20:59:55 Image size of job updated: 319968
	205  -  MemoryUsage of job (MB)
	209792  -  ResidentSetSize of job (KB)
...
006 (1005.000.000) 11/23 21:04:56 Image size of job updated: 320112
	205  -  MemoryUsage of job (MB)
	209792  -  ResidentSetSize of job (KB)
...
006 (1005.000.000) 11/23 21:14:58 Image size of job updated: 320124
	205  -  MemoryUsage of job (MB)
	209792  -  ResidentSetSize of job (KB)
...
006 (1005.000.000) 11/23 21:24:58 Image size of job updated: 320148
	205  -  MemoryUsage of job (MB)
	209792  -  ResidentSetSize of job (KB)
...
005 (1005.000.000) 11/23 21:33:19 Job terminated.
	(1) Normal termination (return value 0)
		Usr 0 00:46:08, Sys 0 00:00:09  -  Run Remote Usage
		Usr 0 00:00:00, Sys 0 00:00:00  -  Run Local Usage
		Usr 0 00:46:08, Sys 0 00:00:09  -  Total Remote Usage
		Usr 0 00:00:00, Sys 0 00:00:00  -  Total Local Usage
	300424  -  Run Bytes Sent By Job
	1510  -  Run Bytes Received By Job
	300424  -  Total Bytes Sent By Job
	1510  -  Total Bytes Received By Job
	Partitionable Resources :    Usage  Request Allocated
	   Cpus                 :                 1         1
	   Disk (KB)            :  1131864        2   1946298
	   Memory (MB)          :      205     2000      2000
...
