000 (958.000.000) 11/23 20:23:35 Job submitted from host: <128.142.196.38:9618?addrs=128.142.196.38-9618+[2001-1458-301-e2--100-20]-9618&noUDP&sock=164236_d05c_3>
...
001 (958.000.000) 11/23 20:24:31 Job executing on host: <188.185.192.51:9618?addrs=188.185.192.51-9618+[--1]-9618&noUDP&sock=27923_6f16_3>
...
006 (958.000.000) 11/23 20:24:40 Image size of job updated: 664
	1  -  MemoryUsage of job (MB)
	664  -  ResidentSetSize of job (KB)
...
006 (958.000.000) 11/23 20:29:41 Image size of job updated: 688
	1  -  MemoryUsage of job (MB)
	688  -  ResidentSetSize of job (KB)
...
006 (958.000.000) 11/23 20:49:42 Image size of job updated: 51836
	37  -  MemoryUsage of job (MB)
	37136  -  ResidentSetSize of job (KB)
...
006 (958.000.000) 11/23 20:54:43 Image size of job updated: 142200
	103  -  MemoryUsage of job (MB)
	105116  -  ResidentSetSize of job (KB)
...
006 (958.000.000) 11/23 20:59:44 Image size of job updated: 241560
	200  -  MemoryUsage of job (MB)
	204476  -  ResidentSetSize of job (KB)
...
006 (958.000.000) 11/23 21:04:44 Image size of job updated: 254612
	213  -  MemoryUsage of job (MB)
	217520  -  ResidentSetSize of job (KB)
...
005 (958.000.000) 11/23 21:05:33 Job terminated.
	(1) Normal termination (return value 0)
		Usr 0 00:14:27, Sys 0 00:00:22  -  Run Remote Usage
		Usr 0 00:00:00, Sys 0 00:00:00  -  Run Local Usage
		Usr 0 00:14:27, Sys 0 00:00:22  -  Total Remote Usage
		Usr 0 00:00:00, Sys 0 00:00:00  -  Total Local Usage
	299872  -  Run Bytes Sent By Job
	1510  -  Run Bytes Received By Job
	299872  -  Total Bytes Sent By Job
	1510  -  Total Bytes Received By Job
	Partitionable Resources :    Usage  Request Allocated
	   Cpus                 :                 1         1
	   Disk (KB)            :   739297        2    587683
	   Memory (MB)          :      213     2000      2000
...
