000 (1001.000.000) 11/23 20:24:06 Job submitted from host: <128.142.196.38:9618?addrs=128.142.196.38-9618+[2001-1458-301-e2--100-20]-9618&noUDP&sock=164236_d05c_3>
...
001 (1001.000.000) 11/23 20:24:57 Job executing on host: <188.185.183.235:9618?addrs=188.185.183.235-9618+[--1]-9618&noUDP&sock=24366_a0b7_3>
...
006 (1001.000.000) 11/23 20:25:06 Image size of job updated: 652
	1  -  MemoryUsage of job (MB)
	652  -  ResidentSetSize of job (KB)
...
006 (1001.000.000) 11/23 20:30:06 Image size of job updated: 684
	1  -  MemoryUsage of job (MB)
	684  -  ResidentSetSize of job (KB)
...
006 (1001.000.000) 11/23 20:40:08 Image size of job updated: 688
	1  -  MemoryUsage of job (MB)
	688  -  ResidentSetSize of job (KB)
...
006 (1001.000.000) 11/23 20:55:09 Image size of job updated: 71924
	32  -  MemoryUsage of job (MB)
	32444  -  ResidentSetSize of job (KB)
...
006 (1001.000.000) 11/23 21:00:10 Image size of job updated: 238044
	126  -  MemoryUsage of job (MB)
	128112  -  ResidentSetSize of job (KB)
...
006 (1001.000.000) 11/23 21:05:10 Image size of job updated: 279360
	165  -  MemoryUsage of job (MB)
	168656  -  ResidentSetSize of job (KB)
...
006 (1001.000.000) 11/23 21:10:13 Image size of job updated: 281040
	167  -  MemoryUsage of job (MB)
	170336  -  ResidentSetSize of job (KB)
...
006 (1001.000.000) 11/23 21:15:12 Image size of job updated: 317288
	202  -  MemoryUsage of job (MB)
	206584  -  ResidentSetSize of job (KB)
...
006 (1001.000.000) 11/23 21:20:12 Image size of job updated: 317692
	203  -  MemoryUsage of job (MB)
	206988  -  ResidentSetSize of job (KB)
...
006 (1001.000.000) 11/23 21:25:13 Image size of job updated: 317812
	203  -  MemoryUsage of job (MB)
	206988  -  ResidentSetSize of job (KB)
...
006 (1001.000.000) 11/23 21:35:14 Image size of job updated: 317836
	203  -  MemoryUsage of job (MB)
	207012  -  ResidentSetSize of job (KB)
...
006 (1001.000.000) 11/23 21:55:17 Image size of job updated: 318244
	203  -  MemoryUsage of job (MB)
	207416  -  ResidentSetSize of job (KB)
...
006 (1001.000.000) 11/23 22:15:19 Image size of job updated: 318248
	203  -  MemoryUsage of job (MB)
	207416  -  ResidentSetSize of job (KB)
...
005 (1001.000.000) 11/23 22:27:38 Job terminated.
	(1) Normal termination (return value 0)
		Usr 0 01:29:57, Sys 0 00:00:36  -  Run Remote Usage
		Usr 0 00:00:00, Sys 0 00:00:00  -  Run Local Usage
		Usr 0 01:29:57, Sys 0 00:00:36  -  Total Remote Usage
		Usr 0 00:00:00, Sys 0 00:00:00  -  Total Local Usage
	300600  -  Run Bytes Sent By Job
	1510  -  Run Bytes Received By Job
	300600  -  Total Bytes Sent By Job
	1510  -  Total Bytes Received By Job
	Partitionable Resources :    Usage  Request Allocated
	   Cpus                 :                 1         1
	   Disk (KB)            :  1149647        2    588816
	   Memory (MB)          :      203     2000      2000
...
