000 (1033.000.000) 11/23 20:24:29 Job submitted from host: <128.142.196.38:9618?addrs=128.142.196.38-9618+[2001-1458-301-e2--100-20]-9618&noUDP&sock=164236_d05c_3>
...
001 (1033.000.000) 11/23 20:24:51 Job executing on host: <188.185.195.201:9618?addrs=188.185.195.201-9618+[--1]-9618&noUDP&sock=30996_419f_3>
...
006 (1033.000.000) 11/23 20:25:00 Image size of job updated: 684
	1  -  MemoryUsage of job (MB)
	684  -  ResidentSetSize of job (KB)
...
006 (1033.000.000) 11/23 20:35:02 Image size of job updated: 688
	1  -  MemoryUsage of job (MB)
	688  -  ResidentSetSize of job (KB)
...
006 (1033.000.000) 11/23 20:45:03 Image size of job updated: 26972
	24  -  MemoryUsage of job (MB)
	24548  -  ResidentSetSize of job (KB)
...
006 (1033.000.000) 11/23 20:50:04 Image size of job updated: 171768
	148  -  MemoryUsage of job (MB)
	150940  -  ResidentSetSize of job (KB)
...
006 (1033.000.000) 11/23 20:55:04 Image size of job updated: 178776
	155  -  MemoryUsage of job (MB)
	157948  -  ResidentSetSize of job (KB)
...
006 (1033.000.000) 11/23 21:00:05 Image size of job updated: 189008
	165  -  MemoryUsage of job (MB)
	168176  -  ResidentSetSize of job (KB)
...
006 (1033.000.000) 11/23 21:05:06 Image size of job updated: 204176
	180  -  MemoryUsage of job (MB)
	183344  -  ResidentSetSize of job (KB)
...
006 (1033.000.000) 11/23 21:15:07 Image size of job updated: 207412
	183  -  MemoryUsage of job (MB)
	186580  -  ResidentSetSize of job (KB)
...
006 (1033.000.000) 11/23 21:30:08 Image size of job updated: 207440
	183  -  MemoryUsage of job (MB)
	186608  -  ResidentSetSize of job (KB)
...
006 (1033.000.000) 11/23 21:35:09 Image size of job updated: 207452
	183  -  MemoryUsage of job (MB)
	186620  -  ResidentSetSize of job (KB)
...
006 (1033.000.000) 11/23 21:55:11 Image size of job updated: 207456
	183  -  MemoryUsage of job (MB)
	186624  -  ResidentSetSize of job (KB)
...
006 (1033.000.000) 11/23 22:50:16 Image size of job updated: 208520
	184  -  MemoryUsage of job (MB)
	187680  -  ResidentSetSize of job (KB)
...
006 (1033.000.000) 11/23 22:55:17 Image size of job updated: 208540
	184  -  MemoryUsage of job (MB)
	187700  -  ResidentSetSize of job (KB)
...
006 (1033.000.000) 11/23 23:10:18 Image size of job updated: 210568
	186  -  MemoryUsage of job (MB)
	189728  -  ResidentSetSize of job (KB)
...
006 (1033.000.000) 11/23 23:20:19 Image size of job updated: 210588
	186  -  MemoryUsage of job (MB)
	189748  -  ResidentSetSize of job (KB)
...
006 (1033.000.000) 11/23 23:25:20 Image size of job updated: 210636
	186  -  MemoryUsage of job (MB)
	189796  -  ResidentSetSize of job (KB)
...
006 (1033.000.000) 11/23 23:30:20 Image size of job updated: 210668
	186  -  MemoryUsage of job (MB)
	189828  -  ResidentSetSize of job (KB)
...
006 (1033.000.000) 11/24 00:05:25 Image size of job updated: 210696
	186  -  MemoryUsage of job (MB)
	189856  -  ResidentSetSize of job (KB)
...
005 (1033.000.000) 11/24 00:09:50 Job terminated.
	(1) Normal termination (return value 0)
		Usr 0 03:14:26, Sys 0 00:00:28  -  Run Remote Usage
		Usr 0 00:00:00, Sys 0 00:00:00  -  Run Local Usage
		Usr 0 03:14:26, Sys 0 00:00:28  -  Total Remote Usage
		Usr 0 00:00:00, Sys 0 00:00:00  -  Total Local Usage
	301538  -  Run Bytes Sent By Job
	1510  -  Run Bytes Received By Job
	301538  -  Total Bytes Sent By Job
	1510  -  Total Bytes Received By Job
	Partitionable Resources :    Usage  Request Allocated
	   Cpus                 :                 1         1
	   Disk (KB)            :  1685117        2    586820
	   Memory (MB)          :      186     2000      2000
...
