000 (1085.000.000) 11/28 09:38:49 Job submitted from host: <128.142.196.38:9618?addrs=128.142.196.38-9618+[2001-1458-301-e2--100-20]-9618&noUDP&sock=164236_d05c_3>
...
001 (1085.000.000) 11/28 09:39:08 Job executing on host: <188.185.187.14:9618?addrs=188.185.187.14-9618+[--1]-9618&noUDP&sock=24859_c8e8_3>
...
006 (1085.000.000) 11/28 09:39:16 Image size of job updated: 688
	1  -  MemoryUsage of job (MB)
	688  -  ResidentSetSize of job (KB)
...
006 (1085.000.000) 11/28 09:49:18 Image size of job updated: 692
	1  -  MemoryUsage of job (MB)
	692  -  ResidentSetSize of job (KB)
...
006 (1085.000.000) 11/28 09:59:18 Image size of job updated: 218264
	108  -  MemoryUsage of job (MB)
	110360  -  ResidentSetSize of job (KB)
...
006 (1085.000.000) 11/28 10:04:18 Image size of job updated: 320856
	208  -  MemoryUsage of job (MB)
	212144  -  ResidentSetSize of job (KB)
...
006 (1085.000.000) 11/28 10:09:18 Image size of job updated: 335192
	222  -  MemoryUsage of job (MB)
	226480  -  ResidentSetSize of job (KB)
...
006 (1085.000.000) 11/28 10:14:19 Image size of job updated: 335700
	222  -  MemoryUsage of job (MB)
	226908  -  ResidentSetSize of job (KB)
...
005 (1085.000.000) 11/28 10:16:21 Job terminated.
	(1) Normal termination (return value 0)
		Usr 0 00:17:18, Sys 0 00:00:08  -  Run Remote Usage
		Usr 0 00:00:00, Sys 0 00:00:00  -  Run Local Usage
		Usr 0 00:17:18, Sys 0 00:00:08  -  Total Remote Usage
		Usr 0 00:00:00, Sys 0 00:00:00  -  Total Local Usage
	300284  -  Run Bytes Sent By Job
	1510  -  Run Bytes Received By Job
	300284  -  Total Bytes Sent By Job
	1510  -  Total Bytes Received By Job
	Partitionable Resources :    Usage  Request Allocated
	   Cpus                 :                 1         1
	   Disk (KB)            :   855816        2   2124352
	   Memory (MB)          :      222     2000      2000
...
