000 (1060.000.000) 11/28 09:38:32 Job submitted from host: <128.142.196.38:9618?addrs=128.142.196.38-9618+[2001-1458-301-e2--100-20]-9618&noUDP&sock=164236_d05c_3>
...
001 (1060.000.000) 11/28 09:39:01 Job executing on host: <188.185.192.21:9618?addrs=188.185.192.21-9618+[--1]-9618&noUDP&sock=24787_6616_3>
...
006 (1060.000.000) 11/28 09:39:09 Image size of job updated: 664
	1  -  MemoryUsage of job (MB)
	664  -  ResidentSetSize of job (KB)
...
006 (1060.000.000) 11/28 09:44:09 Image size of job updated: 684
	1  -  MemoryUsage of job (MB)
	684  -  ResidentSetSize of job (KB)
...
006 (1060.000.000) 11/28 10:04:14 Image size of job updated: 62920
	49  -  MemoryUsage of job (MB)
	49532  -  ResidentSetSize of job (KB)
...
006 (1060.000.000) 11/28 10:09:19 Image size of job updated: 128048
	104  -  MemoryUsage of job (MB)
	105908  -  ResidentSetSize of job (KB)
...
006 (1060.000.000) 11/28 10:14:13 Image size of job updated: 227512
	201  -  MemoryUsage of job (MB)
	205372  -  ResidentSetSize of job (KB)
...
005 (1060.000.000) 11/28 10:19:04 Job terminated.
	(1) Normal termination (return value 0)
		Usr 0 00:11:54, Sys 0 00:03:36  -  Run Remote Usage
		Usr 0 00:00:00, Sys 0 00:00:00  -  Run Local Usage
		Usr 0 00:11:54, Sys 0 00:03:36  -  Total Remote Usage
		Usr 0 00:00:00, Sys 0 00:00:00  -  Total Local Usage
	300277  -  Run Bytes Sent By Job
	1510  -  Run Bytes Received By Job
	300277  -  Total Bytes Sent By Job
	1510  -  Total Bytes Received By Job
	Partitionable Resources :    Usage  Request Allocated
	   Cpus                 :                 1         1
	   Disk (KB)            :   736479        2    615275
	   Memory (MB)          :      201     2000      2000
...
