000 (1017.000.000) 11/23 20:24:18 Job submitted from host: <128.142.196.38:9618?addrs=128.142.196.38-9618+[2001-1458-301-e2--100-20]-9618&noUDP&sock=164236_d05c_3>
...
001 (1017.000.000) 11/23 20:24:47 Job executing on host: <188.185.187.229:9618?addrs=188.185.187.229-9618+[--1]-9618&noUDP&sock=25120_cf20_14>
...
006 (1017.000.000) 11/23 20:24:56 Image size of job updated: 684
	1  -  MemoryUsage of job (MB)
	684  -  ResidentSetSize of job (KB)
...
006 (1017.000.000) 11/23 20:34:57 Image size of job updated: 688
	1  -  MemoryUsage of job (MB)
	688  -  ResidentSetSize of job (KB)
...
006 (1017.000.000) 11/23 20:44:58 Image size of job updated: 48656
	30  -  MemoryUsage of job (MB)
	29756  -  ResidentSetSize of job (KB)
...
006 (1017.000.000) 11/23 20:49:58 Image size of job updated: 279180
	166  -  MemoryUsage of job (MB)
	169060  -  ResidentSetSize of job (KB)
...
006 (1017.000.000) 11/23 20:54:59 Image size of job updated: 305436
	191  -  MemoryUsage of job (MB)
	195316  -  ResidentSetSize of job (KB)
...
006 (1017.000.000) 11/23 20:59:59 Image size of job updated: 306624
	192  -  MemoryUsage of job (MB)
	196476  -  ResidentSetSize of job (KB)
...
006 (1017.000.000) 11/23 21:05:00 Image size of job updated: 306628
	192  -  MemoryUsage of job (MB)
	196480  -  ResidentSetSize of job (KB)
...
006 (1017.000.000) 11/23 21:10:01 Image size of job updated: 306740
	192  -  MemoryUsage of job (MB)
	196480  -  ResidentSetSize of job (KB)
...
006 (1017.000.000) 11/23 21:25:02 Image size of job updated: 307208
	193  -  MemoryUsage of job (MB)
	196720  -  ResidentSetSize of job (KB)
...
006 (1017.000.000) 11/23 21:35:03 Image size of job updated: 307224
	193  -  MemoryUsage of job (MB)
	196720  -  ResidentSetSize of job (KB)
...
006 (1017.000.000) 11/23 22:00:07 Image size of job updated: 307228
	193  -  MemoryUsage of job (MB)
	196720  -  ResidentSetSize of job (KB)
...
006 (1017.000.000) 11/23 22:05:07 Image size of job updated: 307232
	193  -  MemoryUsage of job (MB)
	196720  -  ResidentSetSize of job (KB)
...
005 (1017.000.000) 11/23 22:15:23 Job terminated.
	(1) Normal termination (return value 0)
		Usr 0 01:28:07, Sys 0 00:00:10  -  Run Remote Usage
		Usr 0 00:00:00, Sys 0 00:00:00  -  Run Local Usage
		Usr 0 01:28:07, Sys 0 00:00:10  -  Total Remote Usage
		Usr 0 00:00:00, Sys 0 00:00:00  -  Total Local Usage
	301753  -  Run Bytes Sent By Job
	1510  -  Run Bytes Received By Job
	301753  -  Total Bytes Sent By Job
	1510  -  Total Bytes Received By Job
	Partitionable Resources :    Usage  Request Allocated
	   Cpus                 :                 1         1
	   Disk (KB)            :  1725578        2   1947327
	   Memory (MB)          :      193     2000      2000
...
