000 (1256.000.000) 11/30 16:21:10 Job submitted from host: <128.142.196.38:9618?addrs=128.142.196.38-9618+[2001-1458-301-e2--100-20]-9618&noUDP&sock=164236_d05c_3>
...
001 (1256.000.000) 11/30 16:21:25 Job executing on host: <188.185.194.60:9618?addrs=188.185.194.60-9618+[--1]-9618&noUDP&sock=15833_b315_3>
...
006 (1256.000.000) 11/30 16:21:34 Image size of job updated: 664
	1  -  MemoryUsage of job (MB)
	664  -  ResidentSetSize of job (KB)
...
006 (1256.000.000) 11/30 16:26:35 Image size of job updated: 684
	1  -  MemoryUsage of job (MB)
	684  -  ResidentSetSize of job (KB)
...
006 (1256.000.000) 11/30 16:36:37 Image size of job updated: 688
	1  -  MemoryUsage of job (MB)
	688  -  ResidentSetSize of job (KB)
...
006 (1256.000.000) 11/30 16:41:37 Image size of job updated: 136488
	93  -  MemoryUsage of job (MB)
	94768  -  ResidentSetSize of job (KB)
...
006 (1256.000.000) 11/30 16:46:37 Image size of job updated: 235984
	185  -  MemoryUsage of job (MB)
	188712  -  ResidentSetSize of job (KB)
...
006 (1256.000.000) 11/30 16:51:37 Image size of job updated: 251384
	200  -  MemoryUsage of job (MB)
	204112  -  ResidentSetSize of job (KB)
...
006 (1256.000.000) 11/30 16:56:38 Image size of job updated: 251876
	200  -  MemoryUsage of job (MB)
	204588  -  ResidentSetSize of job (KB)
...
006 (1256.000.000) 11/30 17:01:38 Image size of job updated: 251948
	200  -  MemoryUsage of job (MB)
	204588  -  ResidentSetSize of job (KB)
...
006 (1256.000.000) 11/30 17:16:41 Image size of job updated: 251964
	200  -  MemoryUsage of job (MB)
	204588  -  ResidentSetSize of job (KB)
...
005 (1256.000.000) 11/30 17:21:36 Job terminated.
	(1) Normal termination (return value 0)
		Usr 0 00:38:59, Sys 0 00:00:27  -  Run Remote Usage
		Usr 0 00:00:00, Sys 0 00:00:00  -  Run Local Usage
		Usr 0 00:38:59, Sys 0 00:00:27  -  Total Remote Usage
		Usr 0 00:00:00, Sys 0 00:00:00  -  Total Local Usage
	293425  -  Run Bytes Sent By Job
	1567  -  Run Bytes Received By Job
	293425  -  Total Bytes Sent By Job
	1567  -  Total Bytes Received By Job
	Partitionable Resources :    Usage  Request Allocated
	   Cpus                 :                 1         1
	   Disk (KB)            :   961519        2    591498
	   Memory (MB)          :      200     2000      2000
...
