000 (989.000.000) 11/23 20:23:58 Job submitted from host: <128.142.196.38:9618?addrs=128.142.196.38-9618+[2001-1458-301-e2--100-20]-9618&noUDP&sock=164236_d05c_3>
...
001 (989.000.000) 11/23 20:24:37 Job executing on host: <188.185.192.87:9618?addrs=188.185.192.87-9618+[--1]-9618&noUDP&sock=31834_0dfc_10>
...
006 (989.000.000) 11/23 20:24:46 Image size of job updated: 680
	1  -  MemoryUsage of job (MB)
	680  -  ResidentSetSize of job (KB)
...
006 (989.000.000) 11/23 20:34:47 Image size of job updated: 684
	1  -  MemoryUsage of job (MB)
	684  -  ResidentSetSize of job (KB)
...
006 (989.000.000) 11/23 20:49:48 Image size of job updated: 143348
	108  -  MemoryUsage of job (MB)
	110144  -  ResidentSetSize of job (KB)
...
006 (989.000.000) 11/23 20:54:49 Image size of job updated: 144640
	109  -  MemoryUsage of job (MB)
	111436  -  ResidentSetSize of job (KB)
...
006 (989.000.000) 11/23 20:59:50 Image size of job updated: 241680
	203  -  MemoryUsage of job (MB)
	207760  -  ResidentSetSize of job (KB)
...
006 (989.000.000) 11/23 21:04:51 Image size of job updated: 258784
	220  -  MemoryUsage of job (MB)
	224864  -  ResidentSetSize of job (KB)
...
006 (989.000.000) 11/23 21:09:51 Image size of job updated: 259920
	221  -  MemoryUsage of job (MB)
	225996  -  ResidentSetSize of job (KB)
...
006 (989.000.000) 11/23 21:14:52 Image size of job updated: 260188
	221  -  MemoryUsage of job (MB)
	226264  -  ResidentSetSize of job (KB)
...
006 (989.000.000) 11/23 21:19:52 Image size of job updated: 260864
	222  -  MemoryUsage of job (MB)
	226940  -  ResidentSetSize of job (KB)
...
006 (989.000.000) 11/23 21:25:55 Image size of job updated: 260916
	222  -  MemoryUsage of job (MB)
	226940  -  ResidentSetSize of job (KB)
...
005 (989.000.000) 11/23 21:25:55 Job terminated.
	(1) Normal termination (return value 0)
		Usr 0 00:33:50, Sys 0 00:00:19  -  Run Remote Usage
		Usr 0 00:00:00, Sys 0 00:00:00  -  Run Local Usage
		Usr 0 00:33:50, Sys 0 00:00:19  -  Total Remote Usage
		Usr 0 00:00:00, Sys 0 00:00:00  -  Total Local Usage
	300140  -  Run Bytes Sent By Job
	1510  -  Run Bytes Received By Job
	300140  -  Total Bytes Sent By Job
	1510  -  Total Bytes Received By Job
	Partitionable Resources :    Usage  Request Allocated
	   Cpus                 :                 1         1
	   Disk (KB)            :   836187        2    586812
	   Memory (MB)          :      222     2000      2000
...
