000 (1244.000.000) 11/30 16:21:00 Job submitted from host: <128.142.196.38:9618?addrs=128.142.196.38-9618+[2001-1458-301-e2--100-20]-9618&noUDP&sock=164236_d05c_3>
...
001 (1244.000.000) 11/30 16:21:28 Job executing on host: <188.185.194.41:9618?addrs=188.185.194.41-9618+[--1]-9618&noUDP&sock=23817_5fa0_3>
...
006 (1244.000.000) 11/30 16:21:38 Image size of job updated: 660
	1  -  MemoryUsage of job (MB)
	660  -  ResidentSetSize of job (KB)
...
006 (1244.000.000) 11/30 16:26:38 Image size of job updated: 684
	1  -  MemoryUsage of job (MB)
	684  -  ResidentSetSize of job (KB)
...
006 (1244.000.000) 11/30 16:31:38 Image size of job updated: 688
	1  -  MemoryUsage of job (MB)
	688  -  ResidentSetSize of job (KB)
...
006 (1244.000.000) 11/30 16:36:39 Image size of job updated: 692
	1  -  MemoryUsage of job (MB)
	692  -  ResidentSetSize of job (KB)
...
006 (1244.000.000) 11/30 16:41:40 Image size of job updated: 166732
	103  -  MemoryUsage of job (MB)
	105228  -  ResidentSetSize of job (KB)
...
006 (1244.000.000) 11/30 16:46:41 Image size of job updated: 268720
	203  -  MemoryUsage of job (MB)
	207068  -  ResidentSetSize of job (KB)
...
006 (1244.000.000) 11/30 16:51:41 Image size of job updated: 282800
	216  -  MemoryUsage of job (MB)
	221148  -  ResidentSetSize of job (KB)
...
006 (1244.000.000) 11/30 16:56:42 Image size of job updated: 284456
	218  -  MemoryUsage of job (MB)
	222804  -  ResidentSetSize of job (KB)
...
005 (1244.000.000) 11/30 16:57:10 Job terminated.
	(1) Normal termination (return value 0)
		Usr 0 00:15:30, Sys 0 00:00:28  -  Run Remote Usage
		Usr 0 00:00:00, Sys 0 00:00:00  -  Run Local Usage
		Usr 0 00:15:30, Sys 0 00:00:28  -  Total Remote Usage
		Usr 0 00:00:00, Sys 0 00:00:00  -  Total Local Usage
	293583  -  Run Bytes Sent By Job
	1567  -  Run Bytes Received By Job
	293583  -  Total Bytes Sent By Job
	1567  -  Total Bytes Received By Job
	Partitionable Resources :    Usage  Request Allocated
	   Cpus                 :                 1         1
	   Disk (KB)            :   874566        2    584449
	   Memory (MB)          :      218     2000      2000
...
