000 (1079.000.000) 11/28 09:38:45 Job submitted from host: <128.142.196.38:9618?addrs=128.142.196.38-9618+[2001-1458-301-e2--100-20]-9618&noUDP&sock=164236_d05c_3>
...
001 (1079.000.000) 11/28 09:39:19 Job executing on host: <188.185.183.235:9618?addrs=188.185.183.235-9618+[--1]-9618&noUDP&sock=24366_a0b7_3>
...
006 (1079.000.000) 11/28 09:39:28 Image size of job updated: 664
	1  -  MemoryUsage of job (MB)
	660  -  ResidentSetSize of job (KB)
...
006 (1079.000.000) 11/28 09:44:29 Image size of job updated: 688
	1  -  MemoryUsage of job (MB)
	684  -  ResidentSetSize of job (KB)
...
006 (1079.000.000) 11/28 09:59:30 Image size of job updated: 26516
	20  -  MemoryUsage of job (MB)
	20348  -  ResidentSetSize of job (KB)
...
006 (1079.000.000) 11/28 10:04:31 Image size of job updated: 219488
	108  -  MemoryUsage of job (MB)
	109596  -  ResidentSetSize of job (KB)
...
006 (1079.000.000) 11/28 10:09:31 Image size of job updated: 336424
	221  -  MemoryUsage of job (MB)
	225816  -  ResidentSetSize of job (KB)
...
006 (1079.000.000) 11/28 10:14:32 Image size of job updated: 339788
	224  -  MemoryUsage of job (MB)
	229168  -  ResidentSetSize of job (KB)
...
006 (1079.000.000) 11/28 10:19:32 Image size of job updated: 339800
	224  -  MemoryUsage of job (MB)
	229168  -  ResidentSetSize of job (KB)
...
005 (1079.000.000) 11/28 10:24:30 Job terminated.
	(1) Normal termination (return value 0)
		Usr 0 00:21:51, Sys 0 00:01:54  -  Run Remote Usage
		Usr 0 00:00:00, Sys 0 00:00:00  -  Run Local Usage
		Usr 0 00:21:51, Sys 0 00:01:54  -  Total Remote Usage
		Usr 0 00:00:00, Sys 0 00:00:00  -  Total Local Usage
	300511  -  Run Bytes Sent By Job
	1510  -  Run Bytes Received By Job
	300511  -  Total Bytes Sent By Job
	1510  -  Total Bytes Received By Job
	Partitionable Resources :    Usage  Request Allocated
	   Cpus                 :                 1         1
	   Disk (KB)            :   828127        2    614195
	   Memory (MB)          :      224     2000      2000
...
