000 (1008.000.000) 11/23 20:24:11 Job submitted from host: <128.142.196.38:9618?addrs=128.142.196.38-9618+[2001-1458-301-e2--100-20]-9618&noUDP&sock=164236_d05c_3>
...
001 (1008.000.000) 11/23 20:24:49 Job executing on host: <188.185.187.30:9618?addrs=188.185.187.30-9618+[--1]-9618&noUDP&sock=24915_3235_13>
...
006 (1008.000.000) 11/23 20:24:58 Image size of job updated: 660
	1  -  MemoryUsage of job (MB)
	660  -  ResidentSetSize of job (KB)
...
006 (1008.000.000) 11/23 20:29:58 Image size of job updated: 684
	1  -  MemoryUsage of job (MB)
	684  -  ResidentSetSize of job (KB)
...
006 (1008.000.000) 11/23 20:34:58 Image size of job updated: 688
	1  -  MemoryUsage of job (MB)
	688  -  ResidentSetSize of job (KB)
...
006 (1008.000.000) 11/23 20:45:00 Image size of job updated: 48600
	30  -  MemoryUsage of job (MB)
	29732  -  ResidentSetSize of job (KB)
...
006 (1008.000.000) 11/23 20:50:00 Image size of job updated: 272040
	159  -  MemoryUsage of job (MB)
	161880  -  ResidentSetSize of job (KB)
...
006 (1008.000.000) 11/23 20:55:00 Image size of job updated: 315156
	201  -  MemoryUsage of job (MB)
	204868  -  ResidentSetSize of job (KB)
...
006 (1008.000.000) 11/23 21:05:01 Image size of job updated: 315188
	201  -  MemoryUsage of job (MB)
	204868  -  ResidentSetSize of job (KB)
...
006 (1008.000.000) 11/23 21:10:02 Image size of job updated: 315196
	201  -  MemoryUsage of job (MB)
	204868  -  ResidentSetSize of job (KB)
...
006 (1008.000.000) 11/23 21:20:03 Image size of job updated: 315384
	201  -  MemoryUsage of job (MB)
	204868  -  ResidentSetSize of job (KB)
...
005 (1008.000.000) 11/23 21:28:44 Job terminated.
	(1) Normal termination (return value 0)
		Usr 0 00:41:31, Sys 0 00:00:08  -  Run Remote Usage
		Usr 0 00:00:00, Sys 0 00:00:00  -  Run Local Usage
		Usr 0 00:41:31, Sys 0 00:00:08  -  Total Remote Usage
		Usr 0 00:00:00, Sys 0 00:00:00  -  Total Local Usage
	300473  -  Run Bytes Sent By Job
	1510  -  Run Bytes Received By Job
	300473  -  Total Bytes Sent By Job
	1510  -  Total Bytes Received By Job
	Partitionable Resources :    Usage  Request Allocated
	   Cpus                 :                 1         1
	   Disk (KB)            :  1123350        2   1949757
	   Memory (MB)          :      201     2000      2000
...
