000 (1221.000.000) 11/30 08:49:12 Job submitted from host: <128.142.196.38:9618?addrs=128.142.196.38-9618+[2001-1458-301-e2--100-20]-9618&noUDP&sock=164236_d05c_3>
...
001 (1221.000.000) 11/30 08:49:55 Job executing on host: <188.185.187.30:9618?addrs=188.185.187.30-9618+[--1]-9618&noUDP&sock=24915_3235_13>
...
006 (1221.000.000) 11/30 08:50:04 Image size of job updated: 660
	1  -  MemoryUsage of job (MB)
	660  -  ResidentSetSize of job (KB)
...
006 (1221.000.000) 11/30 08:55:05 Image size of job updated: 684
	1  -  MemoryUsage of job (MB)
	684  -  ResidentSetSize of job (KB)
...
005 (1221.000.000) 11/30 10:53:49 Job terminated.
	(1) Normal termination (return value 0)
		Usr 0 01:37:11, Sys 0 00:00:10  -  Run Remote Usage
		Usr 0 00:00:00, Sys 0 00:00:00  -  Run Local Usage
		Usr 0 01:37:11, Sys 0 00:00:10  -  Total Remote Usage
		Usr 0 00:00:00, Sys 0 00:00:00  -  Total Local Usage
	1567  -  Run Bytes Sent By Job
	294741  -  Run Bytes Received By Job
	1567  -  Total Bytes Sent By Job
	294741  -  Total Bytes Received By Job
...
