000 (1264.000.000) 11/30 16:21:17 Job submitted from host: <128.142.196.38:9618?addrs=128.142.196.38-9618+[2001-1458-301-e2--100-20]-9618&noUDP&sock=164236_d05c_3>
...
001 (1264.000.000) 11/30 16:21:29 Job executing on host: <188.185.179.38:9618?addrs=188.185.179.38-9618+[--1]-9618&noUDP&sock=2040938_9a45_3>
...
006 (1264.000.000) 11/30 16:21:38 Image size of job updated: 664
	1  -  MemoryUsage of job (MB)
	664  -  ResidentSetSize of job (KB)
...
006 (1264.000.000) 11/30 16:26:39 Image size of job updated: 688
	1  -  MemoryUsage of job (MB)
	688  -  ResidentSetSize of job (KB)
...
006 (1264.000.000) 11/30 16:31:39 Image size of job updated: 692
	1  -  MemoryUsage of job (MB)
	692  -  ResidentSetSize of job (KB)
...
006 (1264.000.000) 11/30 16:36:41 Image size of job updated: 696
	1  -  MemoryUsage of job (MB)
	696  -  ResidentSetSize of job (KB)
...
006 (1264.000.000) 11/30 16:41:41 Image size of job updated: 91552
	42  -  MemoryUsage of job (MB)
	42636  -  ResidentSetSize of job (KB)
...
006 (1264.000.000) 11/30 16:46:42 Image size of job updated: 214672
	107  -  MemoryUsage of job (MB)
	109288  -  ResidentSetSize of job (KB)
...
006 (1264.000.000) 11/30 16:51:42 Image size of job updated: 294948
	185  -  MemoryUsage of job (MB)
	188788  -  ResidentSetSize of job (KB)
...
006 (1264.000.000) 11/30 16:56:44 Image size of job updated: 309180
	199  -  MemoryUsage of job (MB)
	203016  -  ResidentSetSize of job (KB)
...
006 (1264.000.000) 11/30 17:01:43 Image size of job updated: 311108
	201  -  MemoryUsage of job (MB)
	204944  -  ResidentSetSize of job (KB)
...
006 (1264.000.000) 11/30 17:11:44 Image size of job updated: 311120
	201  -  MemoryUsage of job (MB)
	204956  -  ResidentSetSize of job (KB)
...
005 (1264.000.000) 11/30 17:26:15 Job terminated.
	(1) Normal termination (return value 0)
		Usr 0 00:43:18, Sys 0 00:00:28  -  Run Remote Usage
		Usr 0 00:00:00, Sys 0 00:00:00  -  Run Local Usage
		Usr 0 00:43:18, Sys 0 00:00:28  -  Total Remote Usage
		Usr 0 00:00:00, Sys 0 00:00:00  -  Total Local Usage
	293647  -  Run Bytes Sent By Job
	1567  -  Run Bytes Received By Job
	293647  -  Total Bytes Sent By Job
	1567  -  Total Bytes Received By Job
	Partitionable Resources :    Usage  Request Allocated
	   Cpus                 :                 1         1
	   Disk (KB)            :   965083        2    593138
	   Memory (MB)          :      201     2000      2000
...
