000 (1250.000.000) 11/30 16:21:05 Job submitted from host: <128.142.196.38:9618?addrs=128.142.196.38-9618+[2001-1458-301-e2--100-20]-9618&noUDP&sock=164236_d05c_3>
...
001 (1250.000.000) 11/30 16:21:28 Job executing on host: <188.185.189.116:9618?addrs=188.185.189.116-9618+[--1]-9618&noUDP&sock=23660_af42_3>
...
006 (1250.000.000) 11/30 16:21:37 Image size of job updated: 664
	1  -  MemoryUsage of job (MB)
	664  -  ResidentSetSize of job (KB)
...
006 (1250.000.000) 11/30 16:26:37 Image size of job updated: 688
	1  -  MemoryUsage of job (MB)
	688  -  ResidentSetSize of job (KB)
...
006 (1250.000.000) 11/30 16:31:37 Image size of job updated: 692
	1  -  MemoryUsage of job (MB)
	692  -  ResidentSetSize of job (KB)
...
006 (1250.000.000) 11/30 16:36:38 Image size of job updated: 696
	1  -  MemoryUsage of job (MB)
	696  -  ResidentSetSize of job (KB)
...
006 (1250.000.000) 11/30 16:41:39 Image size of job updated: 173428
	101  -  MemoryUsage of job (MB)
	103148  -  ResidentSetSize of job (KB)
...
006 (1250.000.000) 11/30 16:46:41 Image size of job updated: 276248
	202  -  MemoryUsage of job (MB)
	205852  -  ResidentSetSize of job (KB)
...
006 (1250.000.000) 11/30 16:51:41 Image size of job updated: 291764
	217  -  MemoryUsage of job (MB)
	221368  -  ResidentSetSize of job (KB)
...
005 (1250.000.000) 11/30 16:56:46 Job terminated.
	(1) Normal termination (return value 0)
		Usr 0 00:15:07, Sys 0 00:00:21  -  Run Remote Usage
		Usr 0 00:00:00, Sys 0 00:00:00  -  Run Local Usage
		Usr 0 00:15:07, Sys 0 00:00:21  -  Total Remote Usage
		Usr 0 00:00:00, Sys 0 00:00:00  -  Total Local Usage
	293597  -  Run Bytes Sent By Job
	1567  -  Run Bytes Received By Job
	293597  -  Total Bytes Sent By Job
	1567  -  Total Bytes Received By Job
	Partitionable Resources :    Usage  Request Allocated
	   Cpus                 :                 1         1
	   Disk (KB)            :   878633        2    590982
	   Memory (MB)          :      217     2000      2000
...
