000 (1030.000.000) 11/23 20:24:27 Job submitted from host: <128.142.196.38:9618?addrs=128.142.196.38-9618+[2001-1458-301-e2--100-20]-9618&noUDP&sock=164236_d05c_3>
...
001 (1030.000.000) 11/23 20:24:54 Job executing on host: <188.185.184.223:9618?addrs=188.185.184.223-9618+[--1]-9618&noUDP&sock=25955_8cb4_3>
...
006 (1030.000.000) 11/23 20:25:03 Image size of job updated: 664
	1  -  MemoryUsage of job (MB)
	664  -  ResidentSetSize of job (KB)
...
006 (1030.000.000) 11/23 20:30:04 Image size of job updated: 684
	1  -  MemoryUsage of job (MB)
	684  -  ResidentSetSize of job (KB)
...
006 (1030.000.000) 11/23 20:35:05 Image size of job updated: 688
	1  -  MemoryUsage of job (MB)
	688  -  ResidentSetSize of job (KB)
...
006 (1030.000.000) 11/23 20:45:07 Image size of job updated: 30688
	24  -  MemoryUsage of job (MB)
	24024  -  ResidentSetSize of job (KB)
...
006 (1030.000.000) 11/23 20:50:07 Image size of job updated: 273368
	160  -  MemoryUsage of job (MB)
	163708  -  ResidentSetSize of job (KB)
...
006 (1030.000.000) 11/23 20:55:07 Image size of job updated: 303440
	189  -  MemoryUsage of job (MB)
	193136  -  ResidentSetSize of job (KB)
...
006 (1030.000.000) 11/23 21:00:07 Image size of job updated: 303444
	189  -  MemoryUsage of job (MB)
	193140  -  ResidentSetSize of job (KB)
...
006 (1030.000.000) 11/23 21:05:08 Image size of job updated: 304100
	190  -  MemoryUsage of job (MB)
	193564  -  ResidentSetSize of job (KB)
...
006 (1030.000.000) 11/23 21:10:08 Image size of job updated: 304104
	190  -  MemoryUsage of job (MB)
	193564  -  ResidentSetSize of job (KB)
...
006 (1030.000.000) 11/23 21:30:11 Image size of job updated: 304108
	190  -  MemoryUsage of job (MB)
	193564  -  ResidentSetSize of job (KB)
...
006 (1030.000.000) 11/23 21:50:13 Image size of job updated: 304112
	190  -  MemoryUsage of job (MB)
	193564  -  ResidentSetSize of job (KB)
...
006 (1030.000.000) 11/23 22:10:14 Image size of job updated: 304124
	190  -  MemoryUsage of job (MB)
	193564  -  ResidentSetSize of job (KB)
...
005 (1030.000.000) 11/23 22:24:08 Job terminated.
	(1) Normal termination (return value 0)
		Usr 0 01:36:21, Sys 0 00:00:13  -  Run Remote Usage
		Usr 0 00:00:00, Sys 0 00:00:00  -  Run Local Usage
		Usr 0 01:36:21, Sys 0 00:00:13  -  Total Remote Usage
		Usr 0 00:00:00, Sys 0 00:00:00  -  Total Local Usage
	301486  -  Run Bytes Sent By Job
	1510  -  Run Bytes Received By Job
	301486  -  Total Bytes Sent By Job
	1510  -  Total Bytes Received By Job
	Partitionable Resources :    Usage  Request Allocated
	   Cpus                 :                 1         1
	   Disk (KB)            :  1686037        2   1948192
	   Memory (MB)          :      190     2000      2000
...
