000 (965.000.000) 11/23 20:23:39 Job submitted from host: <128.142.196.38:9618?addrs=128.142.196.38-9618+[2001-1458-301-e2--100-20]-9618&noUDP&sock=164236_d05c_3>
...
001 (965.000.000) 11/23 20:24:29 Job executing on host: <188.185.128.231:9618?addrs=188.185.128.231-9618+[--1]-9618&noUDP&sock=24154_36a3_3>
...
006 (965.000.000) 11/23 20:24:37 Image size of job updated: 688
	1  -  MemoryUsage of job (MB)
	688  -  ResidentSetSize of job (KB)
...
006 (965.000.000) 11/23 20:44:41 Image size of job updated: 29148
	28  -  MemoryUsage of job (MB)
	27712  -  ResidentSetSize of job (KB)
...
006 (965.000.000) 11/23 20:49:42 Image size of job updated: 126992
	104  -  MemoryUsage of job (MB)
	106180  -  ResidentSetSize of job (KB)
...
006 (965.000.000) 11/23 20:54:42 Image size of job updated: 228636
	203  -  MemoryUsage of job (MB)
	207824  -  ResidentSetSize of job (KB)
...
006 (965.000.000) 11/23 20:59:43 Image size of job updated: 242756
	217  -  MemoryUsage of job (MB)
	221928  -  ResidentSetSize of job (KB)
...
005 (965.000.000) 11/23 21:01:42 Job terminated.
	(1) Normal termination (return value 0)
		Usr 0 00:13:45, Sys 0 00:00:14  -  Run Remote Usage
		Usr 0 00:00:00, Sys 0 00:00:00  -  Run Local Usage
		Usr 0 00:13:45, Sys 0 00:00:14  -  Total Remote Usage
		Usr 0 00:00:00, Sys 0 00:00:00  -  Total Local Usage
	299900  -  Run Bytes Sent By Job
	1510  -  Run Bytes Received By Job
	299900  -  Total Bytes Sent By Job
	1510  -  Total Bytes Received By Job
	Partitionable Resources :    Usage  Request Allocated
	   Cpus                 :                 1         1
	   Disk (KB)            :   742102        2    583100
	   Memory (MB)          :      217     2000      2000
...
