000 (1006.000.000) 11/23 20:24:10 Job submitted from host: <128.142.196.38:9618?addrs=128.142.196.38-9618+[2001-1458-301-e2--100-20]-9618&noUDP&sock=164236_d05c_3>
...
001 (1006.000.000) 11/23 20:24:46 Job executing on host: <188.185.187.46:9618?addrs=188.185.187.46-9618+[--1]-9618&noUDP&sock=24683_103d_3>
...
006 (1006.000.000) 11/23 20:24:55 Image size of job updated: 668
	1  -  MemoryUsage of job (MB)
	668  -  ResidentSetSize of job (KB)
...
006 (1006.000.000) 11/23 20:29:56 Image size of job updated: 688
	1  -  MemoryUsage of job (MB)
	688  -  ResidentSetSize of job (KB)
...
006 (1006.000.000) 11/23 20:34:56 Image size of job updated: 692
	1  -  MemoryUsage of job (MB)
	692  -  ResidentSetSize of job (KB)
...
006 (1006.000.000) 11/23 20:44:58 Image size of job updated: 34948
	28  -  MemoryUsage of job (MB)
	27736  -  ResidentSetSize of job (KB)
...
006 (1006.000.000) 11/23 20:49:59 Image size of job updated: 268652
	155  -  MemoryUsage of job (MB)
	158424  -  ResidentSetSize of job (KB)
...
006 (1006.000.000) 11/23 20:54:59 Image size of job updated: 275068
	161  -  MemoryUsage of job (MB)
	164816  -  ResidentSetSize of job (KB)
...
006 (1006.000.000) 11/23 20:59:59 Image size of job updated: 278224
	164  -  MemoryUsage of job (MB)
	167912  -  ResidentSetSize of job (KB)
...
006 (1006.000.000) 11/23 21:05:00 Image size of job updated: 316840
	202  -  MemoryUsage of job (MB)
	206528  -  ResidentSetSize of job (KB)
...
006 (1006.000.000) 11/23 21:15:01 Image size of job updated: 316852
	202  -  MemoryUsage of job (MB)
	206528  -  ResidentSetSize of job (KB)
...
005 (1006.000.000) 11/23 21:30:59 Job terminated.
	(1) Normal termination (return value 0)
		Usr 0 00:43:16, Sys 0 00:00:13  -  Run Remote Usage
		Usr 0 00:00:00, Sys 0 00:00:00  -  Run Local Usage
		Usr 0 00:43:16, Sys 0 00:00:13  -  Total Remote Usage
		Usr 0 00:00:00, Sys 0 00:00:00  -  Total Local Usage
	300275  -  Run Bytes Sent By Job
	1510  -  Run Bytes Received By Job
	300275  -  Total Bytes Sent By Job
	1510  -  Total Bytes Received By Job
	Partitionable Resources :    Usage  Request Allocated
	   Cpus                 :                 1         1
	   Disk (KB)            :  1155457        2   1946477
	   Memory (MB)          :      202     2000      2000
...
