000 (1236.000.000) 11/30 16:20:53 Job submitted from host: <128.142.196.38:9618?addrs=128.142.196.38-9618+[2001-1458-301-e2--100-20]-9618&noUDP&sock=164236_d05c_3>
...
001 (1236.000.000) 11/30 16:21:27 Job executing on host: <188.185.198.104:9618?addrs=188.185.198.104-9618+[--1]-9618&noUDP&sock=32513_1b32_3>
...
006 (1236.000.000) 11/30 16:21:36 Image size of job updated: 664
	1  -  MemoryUsage of job (MB)
	664  -  ResidentSetSize of job (KB)
...
006 (1236.000.000) 11/30 16:26:37 Image size of job updated: 684
	1  -  MemoryUsage of job (MB)
	684  -  ResidentSetSize of job (KB)
...
006 (1236.000.000) 11/30 16:31:38 Image size of job updated: 688
	1  -  MemoryUsage of job (MB)
	688  -  ResidentSetSize of job (KB)
...
006 (1236.000.000) 11/30 16:36:39 Image size of job updated: 692
	1  -  MemoryUsage of job (MB)
	692  -  ResidentSetSize of job (KB)
...
006 (1236.000.000) 11/30 16:41:39 Image size of job updated: 22560
	22  -  MemoryUsage of job (MB)
	21668  -  ResidentSetSize of job (KB)
...
006 (1236.000.000) 11/30 16:46:40 Image size of job updated: 137704
	103  -  MemoryUsage of job (MB)
	105440  -  ResidentSetSize of job (KB)
...
006 (1236.000.000) 11/30 16:51:41 Image size of job updated: 239800
	203  -  MemoryUsage of job (MB)
	207520  -  ResidentSetSize of job (KB)
...
006 (1236.000.000) 11/30 16:56:42 Image size of job updated: 253796
	217  -  MemoryUsage of job (MB)
	221516  -  ResidentSetSize of job (KB)
...
006 (1236.000.000) 11/30 17:01:42 Image size of job updated: 253836
	217  -  MemoryUsage of job (MB)
	221556  -  ResidentSetSize of job (KB)
...
005 (1236.000.000) 11/30 17:06:49 Job terminated.
	(1) Normal termination (return value 0)
		Usr 0 00:22:08, Sys 0 00:00:20  -  Run Remote Usage
		Usr 0 00:00:00, Sys 0 00:00:00  -  Run Local Usage
		Usr 0 00:22:08, Sys 0 00:00:20  -  Total Remote Usage
		Usr 0 00:00:00, Sys 0 00:00:00  -  Total Local Usage
	293656  -  Run Bytes Sent By Job
	1567  -  Run Bytes Received By Job
	293656  -  Total Bytes Sent By Job
	1567  -  Total Bytes Received By Job
	Partitionable Resources :    Usage  Request Allocated
	   Cpus                 :                 1         1
	   Disk (KB)            :   878562        2    581191
	   Memory (MB)          :      217     2000      2000
...
