000 (971.000.000) 11/23 20:23:43 Job submitted from host: <128.142.196.38:9618?addrs=128.142.196.38-9618+[2001-1458-301-e2--100-20]-9618&noUDP&sock=164236_d05c_3>
...
001 (971.000.000) 11/23 20:24:33 Job executing on host: <188.185.194.60:9618?addrs=188.185.194.60-9618+[--1]-9618&noUDP&sock=15833_b315_3>
...
006 (971.000.000) 11/23 20:24:42 Image size of job updated: 660
	1  -  MemoryUsage of job (MB)
	660  -  ResidentSetSize of job (KB)
...
006 (971.000.000) 11/23 20:29:44 Image size of job updated: 688
	1  -  MemoryUsage of job (MB)
	688  -  ResidentSetSize of job (KB)
...
006 (971.000.000) 11/23 20:49:46 Image size of job updated: 6708
	7  -  MemoryUsage of job (MB)
	6708  -  ResidentSetSize of job (KB)
...
006 (971.000.000) 11/23 20:54:48 Image size of job updated: 136980
	102  -  MemoryUsage of job (MB)
	103576  -  ResidentSetSize of job (KB)
...
006 (971.000.000) 11/23 21:04:48 Image size of job updated: 237292
	200  -  MemoryUsage of job (MB)
	203864  -  ResidentSetSize of job (KB)
...
006 (971.000.000) 11/23 21:09:49 Image size of job updated: 250928
	213  -  MemoryUsage of job (MB)
	217500  -  ResidentSetSize of job (KB)
...
005 (971.000.000) 11/23 21:11:24 Job terminated.
	(1) Normal termination (return value 0)
		Usr 0 00:15:38, Sys 0 00:00:20  -  Run Remote Usage
		Usr 0 00:00:00, Sys 0 00:00:00  -  Run Local Usage
		Usr 0 00:15:38, Sys 0 00:00:20  -  Total Remote Usage
		Usr 0 00:00:00, Sys 0 00:00:00  -  Total Local Usage
	299898  -  Run Bytes Sent By Job
	1510  -  Run Bytes Received By Job
	299898  -  Total Bytes Sent By Job
	1510  -  Total Bytes Received By Job
	Partitionable Resources :    Usage  Request Allocated
	   Cpus                 :                 1         1
	   Disk (KB)            :   740778        2    585786
	   Memory (MB)          :      213     2000      2000
...
