000 (1069.000.000) 11/28 09:38:38 Job submitted from host: <128.142.196.38:9618?addrs=128.142.196.38-9618+[2001-1458-301-e2--100-20]-9618&noUDP&sock=164236_d05c_3>
...
001 (1069.000.000) 11/28 09:39:17 Job executing on host: <188.185.192.87:9618?addrs=188.185.192.87-9618+[--1]-9618&noUDP&sock=31834_0dfc_10>
...
006 (1069.000.000) 11/28 09:39:26 Image size of job updated: 664
	1  -  MemoryUsage of job (MB)
	664  -  ResidentSetSize of job (KB)
...
006 (1069.000.000) 11/28 09:44:26 Image size of job updated: 688
	1  -  MemoryUsage of job (MB)
	688  -  ResidentSetSize of job (KB)
...
006 (1069.000.000) 11/28 09:49:26 Image size of job updated: 692
	1  -  MemoryUsage of job (MB)
	692  -  ResidentSetSize of job (KB)
...
006 (1069.000.000) 11/28 10:04:27 Image size of job updated: 34256
	29  -  MemoryUsage of job (MB)
	29688  -  ResidentSetSize of job (KB)
...
006 (1069.000.000) 11/28 10:09:28 Image size of job updated: 128592
	103  -  MemoryUsage of job (MB)
	104684  -  ResidentSetSize of job (KB)
...
006 (1069.000.000) 11/28 10:14:29 Image size of job updated: 230104
	202  -  MemoryUsage of job (MB)
	206176  -  ResidentSetSize of job (KB)
...
006 (1069.000.000) 11/28 10:19:29 Image size of job updated: 244380
	216  -  MemoryUsage of job (MB)
	220448  -  ResidentSetSize of job (KB)
...
005 (1069.000.000) 11/28 10:21:42 Job terminated.
	(1) Normal termination (return value 0)
		Usr 0 00:12:13, Sys 0 00:02:44  -  Run Remote Usage
		Usr 0 00:00:00, Sys 0 00:00:00  -  Run Local Usage
		Usr 0 00:12:13, Sys 0 00:02:44  -  Total Remote Usage
		Usr 0 00:00:00, Sys 0 00:00:00  -  Total Local Usage
	300128  -  Run Bytes Sent By Job
	1510  -  Run Bytes Received By Job
	300128  -  Total Bytes Sent By Job
	1510  -  Total Bytes Received By Job
	Partitionable Resources :    Usage  Request Allocated
	   Cpus                 :                 1         1
	   Disk (KB)            :   765548        2    614595
	   Memory (MB)          :      216     2000      2000
...
