000 (988.000.000) 11/23 20:23:57 Job submitted from host: <128.142.196.38:9618?addrs=128.142.196.38-9618+[2001-1458-301-e2--100-20]-9618&noUDP&sock=164236_d05c_3>
...
001 (988.000.000) 11/23 20:24:37 Job executing on host: <188.185.180.233:9618?addrs=188.185.180.233-9618+[--1]-9618&noUDP&sock=23729_b2e3_13>
...
006 (988.000.000) 11/23 20:24:46 Image size of job updated: 684
	1  -  MemoryUsage of job (MB)
	684  -  ResidentSetSize of job (KB)
...
006 (988.000.000) 11/23 20:34:47 Image size of job updated: 688
	1  -  MemoryUsage of job (MB)
	688  -  ResidentSetSize of job (KB)
...
006 (988.000.000) 11/23 20:49:49 Image size of job updated: 122496
	99  -  MemoryUsage of job (MB)
	101108  -  ResidentSetSize of job (KB)
...
006 (988.000.000) 11/23 20:54:49 Image size of job updated: 135488
	111  -  MemoryUsage of job (MB)
	113288  -  ResidentSetSize of job (KB)
...
006 (988.000.000) 11/23 20:59:51 Image size of job updated: 237512
	210  -  MemoryUsage of job (MB)
	214592  -  ResidentSetSize of job (KB)
...
006 (988.000.000) 11/23 21:04:50 Image size of job updated: 251392
	224  -  MemoryUsage of job (MB)
	228456  -  ResidentSetSize of job (KB)
...
006 (988.000.000) 11/23 21:09:50 Image size of job updated: 251888
	224  -  MemoryUsage of job (MB)
	228952  -  ResidentSetSize of job (KB)
...
006 (988.000.000) 11/23 21:14:51 Image size of job updated: 252012
	224  -  MemoryUsage of job (MB)
	229064  -  ResidentSetSize of job (KB)
...
006 (988.000.000) 11/23 21:19:52 Image size of job updated: 252180
	224  -  MemoryUsage of job (MB)
	229232  -  ResidentSetSize of job (KB)
...
005 (988.000.000) 11/23 21:28:12 Job terminated.
	(1) Normal termination (return value 0)
		Usr 0 00:35:25, Sys 0 00:00:38  -  Run Remote Usage
		Usr 0 00:00:00, Sys 0 00:00:00  -  Run Local Usage
		Usr 0 00:35:25, Sys 0 00:00:38  -  Total Remote Usage
		Usr 0 00:00:00, Sys 0 00:00:00  -  Total Local Usage
	300264  -  Run Bytes Sent By Job
	1510  -  Run Bytes Received By Job
	300264  -  Total Bytes Sent By Job
	1510  -  Total Bytes Received By Job
	Partitionable Resources :    Usage  Request Allocated
	   Cpus                 :                 1         1
	   Disk (KB)            :   828803        2    587583
	   Memory (MB)          :      224     2000      2000
...
