000 (1070.000.000) 11/28 09:38:39 Job submitted from host: <128.142.196.38:9618?addrs=128.142.196.38-9618+[2001-1458-301-e2--100-20]-9618&noUDP&sock=164236_d05c_3>
...
001 (1070.000.000) 11/28 09:39:19 Job executing on host: <188.185.194.186:9618?addrs=188.185.194.186-9618+[--1]-9618&noUDP&sock=24540_fa32_3>
...
006 (1070.000.000) 11/28 09:39:28 Image size of job updated: 664
	1  -  MemoryUsage of job (MB)
	664  -  ResidentSetSize of job (KB)
...
006 (1070.000.000) 11/28 09:44:28 Image size of job updated: 688
	1  -  MemoryUsage of job (MB)
	688  -  ResidentSetSize of job (KB)
...
006 (1070.000.000) 11/28 10:04:30 Image size of job updated: 34396
	30  -  MemoryUsage of job (MB)
	29716  -  ResidentSetSize of job (KB)
...
006 (1070.000.000) 11/28 10:09:34 Image size of job updated: 129244
	102  -  MemoryUsage of job (MB)
	104356  -  ResidentSetSize of job (KB)
...
006 (1070.000.000) 11/28 10:14:39 Image size of job updated: 230956
	202  -  MemoryUsage of job (MB)
	206068  -  ResidentSetSize of job (KB)
...
006 (1070.000.000) 11/28 10:19:32 Image size of job updated: 245000
	215  -  MemoryUsage of job (MB)
	220112  -  ResidentSetSize of job (KB)
...
005 (1070.000.000) 11/28 10:21:42 Job terminated.
	(1) Normal termination (return value 0)
		Usr 0 00:10:22, Sys 0 00:06:53  -  Run Remote Usage
		Usr 0 00:00:00, Sys 0 00:00:00  -  Run Local Usage
		Usr 0 00:10:22, Sys 0 00:06:53  -  Total Remote Usage
		Usr 0 00:00:00, Sys 0 00:00:00  -  Total Local Usage
	300041  -  Run Bytes Sent By Job
	1510  -  Run Bytes Received By Job
	300041  -  Total Bytes Sent By Job
	1510  -  Total Bytes Received By Job
	Partitionable Resources :    Usage  Request Allocated
	   Cpus                 :                 1         1
	   Disk (KB)            :   765133        2    613366
	   Memory (MB)          :      215     2000      2000
...
