000 (978.000.000) 11/23 20:23:48 Job submitted from host: <128.142.196.38:9618?addrs=128.142.196.38-9618+[2001-1458-301-e2--100-20]-9618&noUDP&sock=164236_d05c_3>
...
001 (978.000.000) 11/23 20:24:35 Job executing on host: <188.185.180.233:9618?addrs=188.185.180.233-9618+[--1]-9618&noUDP&sock=23729_b2e3_13>
...
006 (978.000.000) 11/23 20:24:43 Image size of job updated: 688
	1  -  MemoryUsage of job (MB)
	688  -  ResidentSetSize of job (KB)
...
006 (978.000.000) 11/23 20:34:44 Image size of job updated: 692
	1  -  MemoryUsage of job (MB)
	692  -  ResidentSetSize of job (KB)
...
006 (978.000.000) 11/23 20:49:46 Image size of job updated: 120832
	97  -  MemoryUsage of job (MB)
	98888  -  ResidentSetSize of job (KB)
...
006 (978.000.000) 11/23 20:54:46 Image size of job updated: 137848
	113  -  MemoryUsage of job (MB)
	115700  -  ResidentSetSize of job (KB)
...
006 (978.000.000) 11/23 20:59:48 Image size of job updated: 236776
	210  -  MemoryUsage of job (MB)
	214620  -  ResidentSetSize of job (KB)
...
006 (978.000.000) 11/23 21:04:47 Image size of job updated: 250228
	223  -  MemoryUsage of job (MB)
	228072  -  ResidentSetSize of job (KB)
...
006 (978.000.000) 11/23 21:14:49 Image size of job updated: 250284
	223  -  MemoryUsage of job (MB)
	228128  -  ResidentSetSize of job (KB)
...
006 (978.000.000) 11/23 21:19:49 Image size of job updated: 250288
	223  -  MemoryUsage of job (MB)
	228132  -  ResidentSetSize of job (KB)
...
006 (978.000.000) 11/23 21:24:50 Image size of job updated: 252308
	225  -  MemoryUsage of job (MB)
	230152  -  ResidentSetSize of job (KB)
...
005 (978.000.000) 11/23 21:28:55 Job terminated.
	(1) Normal termination (return value 0)
		Usr 0 00:36:33, Sys 0 00:00:42  -  Run Remote Usage
		Usr 0 00:00:00, Sys 0 00:00:00  -  Run Local Usage
		Usr 0 00:36:33, Sys 0 00:00:42  -  Total Remote Usage
		Usr 0 00:00:00, Sys 0 00:00:00  -  Total Local Usage
	300213  -  Run Bytes Sent By Job
	1510  -  Run Bytes Received By Job
	300213  -  Total Bytes Sent By Job
	1510  -  Total Bytes Received By Job
	Partitionable Resources :    Usage  Request Allocated
	   Cpus                 :                 1         1
	   Disk (KB)            :   827928        2    587583
	   Memory (MB)          :      225     2000      2000
...
