000 (1238.000.000) 11/30 16:20:54 Job submitted from host: <128.142.196.38:9618?addrs=128.142.196.38-9618+[2001-1458-301-e2--100-20]-9618&noUDP&sock=164236_d05c_3>
...
001 (1238.000.000) 11/30 16:21:23 Job executing on host: <188.185.129.153:9618?addrs=188.185.129.153-9618+[--1]-9618&noUDP&sock=7321_7d58_3>
...
006 (1238.000.000) 11/30 16:21:31 Image size of job updated: 660
	1  -  MemoryUsage of job (MB)
	660  -  ResidentSetSize of job (KB)
...
006 (1238.000.000) 11/30 16:26:31 Image size of job updated: 684
	1  -  MemoryUsage of job (MB)
	684  -  ResidentSetSize of job (KB)
...
006 (1238.000.000) 11/30 16:31:32 Image size of job updated: 688
	1  -  MemoryUsage of job (MB)
	688  -  ResidentSetSize of job (KB)
...
006 (1238.000.000) 11/30 16:36:32 Image size of job updated: 692
	1  -  MemoryUsage of job (MB)
	692  -  ResidentSetSize of job (KB)
...
006 (1238.000.000) 11/30 16:41:33 Image size of job updated: 121080
	92  -  MemoryUsage of job (MB)
	93732  -  ResidentSetSize of job (KB)
...
006 (1238.000.000) 11/30 16:46:34 Image size of job updated: 136628
	102  -  MemoryUsage of job (MB)
	103900  -  ResidentSetSize of job (KB)
...
006 (1238.000.000) 11/30 16:51:35 Image size of job updated: 237764
	201  -  MemoryUsage of job (MB)
	205036  -  ResidentSetSize of job (KB)
...
006 (1238.000.000) 11/30 16:56:35 Image size of job updated: 253200
	216  -  MemoryUsage of job (MB)
	220472  -  ResidentSetSize of job (KB)
...
006 (1238.000.000) 11/30 17:01:36 Image size of job updated: 253760
	216  -  MemoryUsage of job (MB)
	221032  -  ResidentSetSize of job (KB)
...
006 (1238.000.000) 11/30 17:06:37 Image size of job updated: 253852
	216  -  MemoryUsage of job (MB)
	221124  -  ResidentSetSize of job (KB)
...
005 (1238.000.000) 11/30 17:08:36 Job terminated.
	(1) Normal termination (return value 0)
		Usr 0 00:23:56, Sys 0 00:00:18  -  Run Remote Usage
		Usr 0 00:00:00, Sys 0 00:00:00  -  Run Local Usage
		Usr 0 00:23:56, Sys 0 00:00:18  -  Total Remote Usage
		Usr 0 00:00:00, Sys 0 00:00:00  -  Total Local Usage
	293576  -  Run Bytes Sent By Job
	1567  -  Run Bytes Received By Job
	293576  -  Total Bytes Sent By Job
	1567  -  Total Bytes Received By Job
	Partitionable Resources :    Usage  Request Allocated
	   Cpus                 :                 1         1
	   Disk (KB)            :   844545        2    594939
	   Memory (MB)          :      216     2000      2000
...
