000 (1020.000.000) 11/23 20:24:20 Job submitted from host: <128.142.196.38:9618?addrs=128.142.196.38-9618+[2001-1458-301-e2--100-20]-9618&noUDP&sock=164236_d05c_3>
...
001 (1020.000.000) 11/23 20:24:49 Job executing on host: <188.185.206.30:9618?addrs=188.185.206.30-9618+[--1]-9618&noUDP&sock=25692_274c_3>
...
006 (1020.000.000) 11/23 20:24:58 Image size of job updated: 664
	1  -  MemoryUsage of job (MB)
	664  -  ResidentSetSize of job (KB)
...
006 (1020.000.000) 11/23 20:29:58 Image size of job updated: 688
	1  -  MemoryUsage of job (MB)
	688  -  ResidentSetSize of job (KB)
...
006 (1020.000.000) 11/23 20:44:59 Image size of job updated: 37704
	28  -  MemoryUsage of job (MB)
	28204  -  ResidentSetSize of job (KB)
...
006 (1020.000.000) 11/23 20:49:59 Image size of job updated: 276504
	163  -  MemoryUsage of job (MB)
	166376  -  ResidentSetSize of job (KB)
...
006 (1020.000.000) 11/23 20:55:00 Image size of job updated: 294748
	181  -  MemoryUsage of job (MB)
	184520  -  ResidentSetSize of job (KB)
...
006 (1020.000.000) 11/23 21:00:00 Image size of job updated: 297788
	184  -  MemoryUsage of job (MB)
	187540  -  ResidentSetSize of job (KB)
...
006 (1020.000.000) 11/23 21:05:00 Image size of job updated: 297800
	184  -  MemoryUsage of job (MB)
	187540  -  ResidentSetSize of job (KB)
...
006 (1020.000.000) 11/23 21:10:00 Image size of job updated: 297856
	184  -  MemoryUsage of job (MB)
	187540  -  ResidentSetSize of job (KB)
...
006 (1020.000.000) 11/23 21:55:05 Image size of job updated: 297864
	184  -  MemoryUsage of job (MB)
	187540  -  ResidentSetSize of job (KB)
...
006 (1020.000.000) 11/23 22:05:06 Image size of job updated: 298000
	184  -  MemoryUsage of job (MB)
	187540  -  ResidentSetSize of job (KB)
...
005 (1020.000.000) 11/23 22:09:39 Job terminated.
	(1) Normal termination (return value 0)
		Usr 0 01:21:58, Sys 0 00:00:09  -  Run Remote Usage
		Usr 0 00:00:00, Sys 0 00:00:00  -  Run Local Usage
		Usr 0 01:21:58, Sys 0 00:00:09  -  Total Remote Usage
		Usr 0 00:00:00, Sys 0 00:00:00  -  Total Local Usage
	302071  -  Run Bytes Sent By Job
	1510  -  Run Bytes Received By Job
	302071  -  Total Bytes Sent By Job
	1510  -  Total Bytes Received By Job
	Partitionable Resources :    Usage  Request Allocated
	   Cpus                 :                 1         1
	   Disk (KB)            :  1662002        2   1975249
	   Memory (MB)          :      184     2000      2000
...
