000 (997.000.000) 11/23 20:24:04 Job submitted from host: <128.142.196.38:9618?addrs=128.142.196.38-9618+[2001-1458-301-e2--100-20]-9618&noUDP&sock=164236_d05c_3>
...
001 (997.000.000) 11/23 20:24:44 Job executing on host: <188.185.179.38:9618?addrs=188.185.179.38-9618+[--1]-9618&noUDP&sock=2040938_9a45_3>
...
006 (997.000.000) 11/23 20:24:52 Image size of job updated: 680
	1  -  MemoryUsage of job (MB)
	664  -  ResidentSetSize of job (KB)
...
006 (997.000.000) 11/23 20:29:52 Image size of job updated: 704
	1  -  MemoryUsage of job (MB)
	688  -  ResidentSetSize of job (KB)
...
006 (997.000.000) 11/23 20:44:54 Image size of job updated: 6592
	3  -  MemoryUsage of job (MB)
	2200  -  ResidentSetSize of job (KB)
...
006 (997.000.000) 11/23 20:49:55 Image size of job updated: 235172
	123  -  MemoryUsage of job (MB)
	125308  -  ResidentSetSize of job (KB)
...
006 (997.000.000) 11/23 20:54:55 Image size of job updated: 271244
	157  -  MemoryUsage of job (MB)
	160628  -  ResidentSetSize of job (KB)
...
006 (997.000.000) 11/23 20:59:57 Image size of job updated: 312660
	198  -  MemoryUsage of job (MB)
	202044  -  ResidentSetSize of job (KB)
...
006 (997.000.000) 11/23 21:04:57 Image size of job updated: 312668
	198  -  MemoryUsage of job (MB)
	202048  -  ResidentSetSize of job (KB)
...
006 (997.000.000) 11/23 21:09:58 Image size of job updated: 315136
	200  -  MemoryUsage of job (MB)
	204516  -  ResidentSetSize of job (KB)
...
006 (997.000.000) 11/23 21:14:58 Image size of job updated: 315328
	200  -  MemoryUsage of job (MB)
	204516  -  ResidentSetSize of job (KB)
...
006 (997.000.000) 11/23 21:30:00 Image size of job updated: 315332
	200  -  MemoryUsage of job (MB)
	204516  -  ResidentSetSize of job (KB)
...
006 (997.000.000) 11/23 21:35:01 Image size of job updated: 315340
	200  -  MemoryUsage of job (MB)
	204516  -  ResidentSetSize of job (KB)
...
006 (997.000.000) 11/23 22:00:03 Image size of job updated: 315512
	200  -  MemoryUsage of job (MB)
	204516  -  ResidentSetSize of job (KB)
...
006 (997.000.000) 11/23 22:10:04 Image size of job updated: 315516
	200  -  MemoryUsage of job (MB)
	204516  -  ResidentSetSize of job (KB)
...
005 (997.000.000) 11/23 22:16:14 Job terminated.
	(1) Normal termination (return value 0)
		Usr 0 01:26:35, Sys 0 00:00:28  -  Run Remote Usage
		Usr 0 00:00:00, Sys 0 00:00:00  -  Run Local Usage
		Usr 0 01:26:35, Sys 0 00:00:28  -  Total Remote Usage
		Usr 0 00:00:00, Sys 0 00:00:00  -  Total Local Usage
	300530  -  Run Bytes Sent By Job
	1510  -  Run Bytes Received By Job
	300530  -  Total Bytes Sent By Job
	1510  -  Total Bytes Received By Job
	Partitionable Resources :    Usage  Request Allocated
	   Cpus                 :                 1         1
	   Disk (KB)            :  1155151        2    583416
	   Memory (MB)          :      200     2000      2000
...
