000 (1275.000.000) 11/30 16:21:27 Job submitted from host: <128.142.196.38:9618?addrs=128.142.196.38-9618+[2001-1458-301-e2--100-20]-9618&noUDP&sock=164236_d05c_3>
...
001 (1275.000.000) 11/30 16:22:08 Job executing on host: <188.185.189.83:9618?addrs=188.185.189.83-9618+[--1]-9618&noUDP&sock=1184964_a2ae_3>
...
006 (1275.000.000) 11/30 16:22:16 Image size of job updated: 684
	1  -  MemoryUsage of job (MB)
	684  -  ResidentSetSize of job (KB)
...
006 (1275.000.000) 11/30 16:32:18 Image size of job updated: 688
	1  -  MemoryUsage of job (MB)
	688  -  ResidentSetSize of job (KB)
...
006 (1275.000.000) 11/30 16:37:17 Image size of job updated: 692
	1  -  MemoryUsage of job (MB)
	692  -  ResidentSetSize of job (KB)
...
006 (1275.000.000) 11/30 16:42:18 Image size of job updated: 153012
	124  -  MemoryUsage of job (MB)
	126640  -  ResidentSetSize of job (KB)
...
006 (1275.000.000) 11/30 16:47:19 Image size of job updated: 180056
	150  -  MemoryUsage of job (MB)
	152968  -  ResidentSetSize of job (KB)
...
006 (1275.000.000) 11/30 16:52:20 Image size of job updated: 186140
	156  -  MemoryUsage of job (MB)
	159052  -  ResidentSetSize of job (KB)
...
006 (1275.000.000) 11/30 16:57:20 Image size of job updated: 186144
	156  -  MemoryUsage of job (MB)
	159056  -  ResidentSetSize of job (KB)
...
006 (1275.000.000) 11/30 17:02:21 Image size of job updated: 186152
	156  -  MemoryUsage of job (MB)
	159060  -  ResidentSetSize of job (KB)
...
006 (1275.000.000) 11/30 17:07:21 Image size of job updated: 187560
	157  -  MemoryUsage of job (MB)
	160468  -  ResidentSetSize of job (KB)
...
006 (1275.000.000) 11/30 17:57:26 Image size of job updated: 187600
	157  -  MemoryUsage of job (MB)
	160468  -  ResidentSetSize of job (KB)
...
005 (1275.000.000) 11/30 18:13:29 Job terminated.
	(1) Normal termination (return value 0)
		Usr 0 01:30:44, Sys 0 00:00:23  -  Run Remote Usage
		Usr 0 00:00:00, Sys 0 00:00:00  -  Run Local Usage
		Usr 0 01:30:44, Sys 0 00:00:23  -  Total Remote Usage
		Usr 0 00:00:00, Sys 0 00:00:00  -  Total Local Usage
	293910  -  Run Bytes Sent By Job
	1567  -  Run Bytes Received By Job
	293910  -  Total Bytes Sent By Job
	1567  -  Total Bytes Received By Job
	Partitionable Resources :    Usage  Request Allocated
	   Cpus                 :                 1         1
	   Disk (KB)            :  1357488        2    591710
	   Memory (MB)          :      157     2000      2000
...
