000 (983.000.000) 11/23 20:23:52 Job submitted from host: <128.142.196.38:9618?addrs=128.142.196.38-9618+[2001-1458-301-e2--100-20]-9618&noUDP&sock=164236_d05c_3>
...
001 (983.000.000) 11/23 20:24:35 Job executing on host: <188.185.192.87:9618?addrs=188.185.192.87-9618+[--1]-9618&noUDP&sock=31834_0dfc_10>
...
006 (983.000.000) 11/23 20:24:44 Image size of job updated: 688
	1  -  MemoryUsage of job (MB)
	688  -  ResidentSetSize of job (KB)
...
006 (983.000.000) 11/23 20:49:47 Image size of job updated: 130356
	105  -  MemoryUsage of job (MB)
	107400  -  ResidentSetSize of job (KB)
...
006 (983.000.000) 11/23 20:54:47 Image size of job updated: 131884
	107  -  MemoryUsage of job (MB)
	108904  -  ResidentSetSize of job (KB)
...
006 (983.000.000) 11/23 20:59:48 Image size of job updated: 233224
	206  -  MemoryUsage of job (MB)
	210168  -  ResidentSetSize of job (KB)
...
006 (983.000.000) 11/23 21:04:48 Image size of job updated: 247972
	220  -  MemoryUsage of job (MB)
	224840  -  ResidentSetSize of job (KB)
...
006 (983.000.000) 11/23 21:24:50 Image size of job updated: 249136
	221  -  MemoryUsage of job (MB)
	226004  -  ResidentSetSize of job (KB)
...
005 (983.000.000) 11/23 21:25:35 Job terminated.
	(1) Normal termination (return value 0)
		Usr 0 00:33:33, Sys 0 00:00:18  -  Run Remote Usage
		Usr 0 00:00:00, Sys 0 00:00:00  -  Run Local Usage
		Usr 0 00:33:33, Sys 0 00:00:18  -  Total Remote Usage
		Usr 0 00:00:00, Sys 0 00:00:00  -  Total Local Usage
	300194  -  Run Bytes Sent By Job
	1510  -  Run Bytes Received By Job
	300194  -  Total Bytes Sent By Job
	1510  -  Total Bytes Received By Job
	Partitionable Resources :    Usage  Request Allocated
	   Cpus                 :                 1         1
	   Disk (KB)            :   829713        2    586812
	   Memory (MB)          :      221     2000      2000
...
