000 (1062.000.000) 11/28 09:38:33 Job submitted from host: <128.142.196.38:9618?addrs=128.142.196.38-9618+[2001-1458-301-e2--100-20]-9618&noUDP&sock=164236_d05c_3>
...
001 (1062.000.000) 11/28 09:39:01 Job executing on host: <188.185.192.21:9618?addrs=188.185.192.21-9618+[--1]-9618&noUDP&sock=24787_6616_3>
...
006 (1062.000.000) 11/28 09:39:09 Image size of job updated: 664
	1  -  MemoryUsage of job (MB)
	664  -  ResidentSetSize of job (KB)
...
006 (1062.000.000) 11/28 09:44:09 Image size of job updated: 684
	1  -  MemoryUsage of job (MB)
	684  -  ResidentSetSize of job (KB)
...
006 (1062.000.000) 11/28 10:04:14 Image size of job updated: 68468
	49  -  MemoryUsage of job (MB)
	49516  -  ResidentSetSize of job (KB)
...
006 (1062.000.000) 11/28 10:09:17 Image size of job updated: 134084
	103  -  MemoryUsage of job (MB)
	104488  -  ResidentSetSize of job (KB)
...
006 (1062.000.000) 11/28 10:14:12 Image size of job updated: 249404
	214  -  MemoryUsage of job (MB)
	219092  -  ResidentSetSize of job (KB)
...
005 (1062.000.000) 11/28 10:17:41 Job terminated.
	(1) Normal termination (return value 0)
		Usr 0 00:10:45, Sys 0 00:03:23  -  Run Remote Usage
		Usr 0 00:00:00, Sys 0 00:00:00  -  Run Local Usage
		Usr 0 00:10:45, Sys 0 00:03:23  -  Total Remote Usage
		Usr 0 00:00:00, Sys 0 00:00:00  -  Total Local Usage
	300082  -  Run Bytes Sent By Job
	1510  -  Run Bytes Received By Job
	300082  -  Total Bytes Sent By Job
	1510  -  Total Bytes Received By Job
	Partitionable Resources :    Usage  Request Allocated
	   Cpus                 :                 1         1
	   Disk (KB)            :   764687        2    615275
	   Memory (MB)          :      214     2000      2000
...
