000 (1217.000.000) 11/30 08:49:10 Job submitted from host: <128.142.196.38:9618?addrs=128.142.196.38-9618+[2001-1458-301-e2--100-20]-9618&noUDP&sock=164236_d05c_3>
...
001 (1217.000.000) 11/30 08:49:57 Job executing on host: <188.185.198.228:9618?addrs=188.185.198.228-9618+[--1]-9618&noUDP&sock=31078_8063_3>
...
006 (1217.000.000) 11/30 08:50:06 Image size of job updated: 664
	1  -  MemoryUsage of job (MB)
	664  -  ResidentSetSize of job (KB)
...
006 (1217.000.000) 11/30 08:55:07 Image size of job updated: 688
	1  -  MemoryUsage of job (MB)
	688  -  ResidentSetSize of job (KB)
...
005 (1217.000.000) 11/30 12:29:00 Job terminated.
	(1) Normal termination (return value 0)
		Usr 0 03:04:33, Sys 0 00:00:53  -  Run Remote Usage
		Usr 0 00:00:00, Sys 0 00:00:00  -  Run Local Usage
		Usr 0 03:04:33, Sys 0 00:00:53  -  Total Remote Usage
		Usr 0 00:00:00, Sys 0 00:00:00  -  Total Local Usage
	1567  -  Run Bytes Sent By Job
	290156  -  Run Bytes Received By Job
	1567  -  Total Bytes Sent By Job
	290156  -  Total Bytes Received By Job
...
