000 (984.000.000) 11/23 20:23:52 Job submitted from host: <128.142.196.38:9618?addrs=128.142.196.38-9618+[2001-1458-301-e2--100-20]-9618&noUDP&sock=164236_d05c_3>
...
001 (984.000.000) 11/23 20:24:36 Job executing on host: <188.185.194.60:9618?addrs=188.185.194.60-9618+[--1]-9618&noUDP&sock=15833_b315_3>
...
006 (984.000.000) 11/23 20:24:44 Image size of job updated: 664
	1  -  MemoryUsage of job (MB)
	664  -  ResidentSetSize of job (KB)
...
006 (984.000.000) 11/23 20:29:44 Image size of job updated: 688
	1  -  MemoryUsage of job (MB)
	688  -  ResidentSetSize of job (KB)
...
006 (984.000.000) 11/23 20:39:45 Image size of job updated: 692
	1  -  MemoryUsage of job (MB)
	692  -  ResidentSetSize of job (KB)
...
006 (984.000.000) 11/23 20:49:47 Image size of job updated: 7444
	8  -  MemoryUsage of job (MB)
	7444  -  ResidentSetSize of job (KB)
...
006 (984.000.000) 11/23 20:54:48 Image size of job updated: 136560
	106  -  MemoryUsage of job (MB)
	107892  -  ResidentSetSize of job (KB)
...
006 (984.000.000) 11/23 20:59:49 Image size of job updated: 138948
	108  -  MemoryUsage of job (MB)
	110280  -  ResidentSetSize of job (KB)
...
006 (984.000.000) 11/23 21:04:49 Image size of job updated: 239756
	207  -  MemoryUsage of job (MB)
	211088  -  ResidentSetSize of job (KB)
...
006 (984.000.000) 11/23 21:09:50 Image size of job updated: 253704
	220  -  MemoryUsage of job (MB)
	225036  -  ResidentSetSize of job (KB)
...
006 (984.000.000) 11/23 21:14:51 Image size of job updated: 255132
	222  -  MemoryUsage of job (MB)
	226464  -  ResidentSetSize of job (KB)
...
006 (984.000.000) 11/23 21:19:52 Image size of job updated: 255152
	222  -  MemoryUsage of job (MB)
	226464  -  ResidentSetSize of job (KB)
...
006 (984.000.000) 11/23 21:24:53 Image size of job updated: 255168
	222  -  MemoryUsage of job (MB)
	226480  -  ResidentSetSize of job (KB)
...
005 (984.000.000) 11/23 21:29:56 Job terminated.
	(1) Normal termination (return value 0)
		Usr 0 00:33:47, Sys 0 00:00:20  -  Run Remote Usage
		Usr 0 00:00:00, Sys 0 00:00:00  -  Run Local Usage
		Usr 0 00:33:47, Sys 0 00:00:20  -  Total Remote Usage
		Usr 0 00:00:00, Sys 0 00:00:00  -  Total Local Usage
	300224  -  Run Bytes Sent By Job
	1510  -  Run Bytes Received By Job
	300224  -  Total Bytes Sent By Job
	1510  -  Total Bytes Received By Job
	Partitionable Resources :    Usage  Request Allocated
	   Cpus                 :                 1         1
	   Disk (KB)            :   851924        2    585786
	   Memory (MB)          :      222     2000      2000
...
