000 (1160.000.000) 11/30 08:48:37 Job submitted from host: <128.142.196.38:9618?addrs=128.142.196.38-9618+[2001-1458-301-e2--100-20]-9618&noUDP&sock=164236_d05c_3>
...
001 (1160.000.000) 11/30 08:49:35 Job executing on host: <188.185.194.186:9618?addrs=188.185.194.186-9618+[--1]-9618&noUDP&sock=24540_fa32_3>
...
006 (1160.000.000) 11/30 08:49:44 Image size of job updated: 672
	1  -  MemoryUsage of job (MB)
	656  -  ResidentSetSize of job (KB)
...
006 (1160.000.000) 11/30 08:54:45 Image size of job updated: 696
	1  -  MemoryUsage of job (MB)
	680  -  ResidentSetSize of job (KB)
...
005 (1160.000.000) 11/30 09:42:22 Job terminated.
	(1) Normal termination (return value 0)
		Usr 0 00:22:49, Sys 0 00:01:03  -  Run Remote Usage
		Usr 0 00:00:00, Sys 0 00:00:00  -  Run Local Usage
		Usr 0 00:22:49, Sys 0 00:01:03  -  Total Remote Usage
		Usr 0 00:00:00, Sys 0 00:00:00  -  Total Local Usage
	1567  -  Run Bytes Sent By Job
	293370  -  Run Bytes Received By Job
	1567  -  Total Bytes Sent By Job
	293370  -  Total Bytes Received By Job
...
