000 (1235.000.000) 11/30 16:20:52 Job submitted from host: <128.142.196.38:9618?addrs=128.142.196.38-9618+[2001-1458-301-e2--100-20]-9618&noUDP&sock=164236_d05c_3>
...
001 (1235.000.000) 11/30 16:21:25 Job executing on host: <188.185.200.63:9618?addrs=188.185.200.63-9618+[--1]-9618&noUDP&sock=2768_82a4_3>
...
006 (1235.000.000) 11/30 16:21:34 Image size of job updated: 664
	1  -  MemoryUsage of job (MB)
	664  -  ResidentSetSize of job (KB)
...
006 (1235.000.000) 11/30 16:26:34 Image size of job updated: 684
	1  -  MemoryUsage of job (MB)
	684  -  ResidentSetSize of job (KB)
...
006 (1235.000.000) 11/30 16:31:34 Image size of job updated: 688
	1  -  MemoryUsage of job (MB)
	688  -  ResidentSetSize of job (KB)
...
006 (1235.000.000) 11/30 16:36:35 Image size of job updated: 692
	1  -  MemoryUsage of job (MB)
	692  -  ResidentSetSize of job (KB)
...
006 (1235.000.000) 11/30 16:41:36 Image size of job updated: 121788
	94  -  MemoryUsage of job (MB)
	95712  -  ResidentSetSize of job (KB)
...
006 (1235.000.000) 11/30 16:46:36 Image size of job updated: 134200
	102  -  MemoryUsage of job (MB)
	103972  -  ResidentSetSize of job (KB)
...
006 (1235.000.000) 11/30 16:51:37 Image size of job updated: 235512
	201  -  MemoryUsage of job (MB)
	205284  -  ResidentSetSize of job (KB)
...
006 (1235.000.000) 11/30 16:56:37 Image size of job updated: 250140
	215  -  MemoryUsage of job (MB)
	219840  -  ResidentSetSize of job (KB)
...
005 (1235.000.000) 11/30 17:04:07 Job terminated.
	(1) Normal termination (return value 0)
		Usr 0 00:21:50, Sys 0 00:00:38  -  Run Remote Usage
		Usr 0 00:00:00, Sys 0 00:00:00  -  Run Local Usage
		Usr 0 00:21:50, Sys 0 00:00:38  -  Total Remote Usage
		Usr 0 00:00:00, Sys 0 00:00:00  -  Total Local Usage
	293592  -  Run Bytes Sent By Job
	1567  -  Run Bytes Received By Job
	293592  -  Total Bytes Sent By Job
	1567  -  Total Bytes Received By Job
	Partitionable Resources :    Usage  Request Allocated
	   Cpus                 :                 1         1
	   Disk (KB)            :   844320        2    580738
	   Memory (MB)          :      215     2000      2000
...
