000 (1115.000.000) 11/28 09:39:11 Job submitted from host: <128.142.196.38:9618?addrs=128.142.196.38-9618+[2001-1458-301-e2--100-20]-9618&noUDP&sock=164236_d05c_3>
...
001 (1115.000.000) 11/28 09:40:01 Job executing on host: <188.185.173.116:9618?addrs=188.185.173.116-9618+[--1]-9618&noUDP&sock=2204540_f77f_3>
...
006 (1115.000.000) 11/28 09:40:10 Image size of job updated: 684
	1  -  MemoryUsage of job (MB)
	684  -  ResidentSetSize of job (KB)
...
006 (1115.000.000) 11/28 09:50:11 Image size of job updated: 688
	1  -  MemoryUsage of job (MB)
	688  -  ResidentSetSize of job (KB)
...
006 (1115.000.000) 11/28 10:00:12 Image size of job updated: 25832
	24  -  MemoryUsage of job (MB)
	24000  -  ResidentSetSize of job (KB)
...
006 (1115.000.000) 11/28 10:05:13 Image size of job updated: 153348
	124  -  MemoryUsage of job (MB)
	126040  -  ResidentSetSize of job (KB)
...
006 (1115.000.000) 11/28 10:10:14 Image size of job updated: 191220
	161  -  MemoryUsage of job (MB)
	163908  -  ResidentSetSize of job (KB)
...
006 (1115.000.000) 11/28 10:15:15 Image size of job updated: 193540
	163  -  MemoryUsage of job (MB)
	166228  -  ResidentSetSize of job (KB)
...
006 (1115.000.000) 11/28 10:20:16 Image size of job updated: 193588
	163  -  MemoryUsage of job (MB)
	166276  -  ResidentSetSize of job (KB)
...
006 (1115.000.000) 11/28 10:25:16 Image size of job updated: 230084
	199  -  MemoryUsage of job (MB)
	202772  -  ResidentSetSize of job (KB)
...
005 (1115.000.000) 11/28 11:08:58 Job terminated.
	(1) Normal termination (return value 0)
		Usr 0 01:05:12, Sys 0 00:00:35  -  Run Remote Usage
		Usr 0 00:00:00, Sys 0 00:00:00  -  Run Local Usage
		Usr 0 01:05:12, Sys 0 00:00:35  -  Total Remote Usage
		Usr 0 00:00:00, Sys 0 00:00:00  -  Total Local Usage
	300555  -  Run Bytes Sent By Job
	1510  -  Run Bytes Received By Job
	300555  -  Total Bytes Sent By Job
	1510  -  Total Bytes Received By Job
	Partitionable Resources :    Usage  Request Allocated
	   Cpus                 :                 1         1
	   Disk (KB)            :  1186764        2    617648
	   Memory (MB)          :      199     2000      2000
...
