000 (991.000.000) 11/23 20:23:59 Job submitted from host: <128.142.196.38:9618?addrs=128.142.196.38-9618+[2001-1458-301-e2--100-20]-9618&noUDP&sock=164236_d05c_3>
...
001 (991.000.000) 11/23 20:24:41 Job executing on host: <188.185.194.60:9618?addrs=188.185.194.60-9618+[--1]-9618&noUDP&sock=15833_b315_3>
...
006 (991.000.000) 11/23 20:24:51 Image size of job updated: 664
	1  -  MemoryUsage of job (MB)
	664  -  ResidentSetSize of job (KB)
...
006 (991.000.000) 11/23 20:29:52 Image size of job updated: 688
	1  -  MemoryUsage of job (MB)
	688  -  ResidentSetSize of job (KB)
...
006 (991.000.000) 11/23 20:39:53 Image size of job updated: 692
	1  -  MemoryUsage of job (MB)
	692  -  ResidentSetSize of job (KB)
...
006 (991.000.000) 11/23 20:49:54 Image size of job updated: 8260
	9  -  MemoryUsage of job (MB)
	8260  -  ResidentSetSize of job (KB)
...
006 (991.000.000) 11/23 20:54:55 Image size of job updated: 132204
	108  -  MemoryUsage of job (MB)
	110204  -  ResidentSetSize of job (KB)
...
006 (991.000.000) 11/23 20:59:56 Image size of job updated: 134728
	111  -  MemoryUsage of job (MB)
	112700  -  ResidentSetSize of job (KB)
...
006 (991.000.000) 11/23 21:04:56 Image size of job updated: 235096
	208  -  MemoryUsage of job (MB)
	212352  -  ResidentSetSize of job (KB)
...
006 (991.000.000) 11/23 21:09:57 Image size of job updated: 248520
	221  -  MemoryUsage of job (MB)
	225776  -  ResidentSetSize of job (KB)
...
006 (991.000.000) 11/23 21:14:59 Image size of job updated: 250172
	222  -  MemoryUsage of job (MB)
	227156  -  ResidentSetSize of job (KB)
...
006 (991.000.000) 11/23 21:19:58 Image size of job updated: 309276
	280  -  MemoryUsage of job (MB)
	286248  -  ResidentSetSize of job (KB)
...
006 (991.000.000) 11/23 21:30:00 Image size of job updated: 309324
	280  -  MemoryUsage of job (MB)
	286296  -  ResidentSetSize of job (KB)
...
005 (991.000.000) 11/23 21:30:09 Job terminated.
	(1) Normal termination (return value 0)
		Usr 0 00:34:19, Sys 0 00:00:21  -  Run Remote Usage
		Usr 0 00:00:00, Sys 0 00:00:00  -  Run Local Usage
		Usr 0 00:34:19, Sys 0 00:00:21  -  Total Remote Usage
		Usr 0 00:00:00, Sys 0 00:00:00  -  Total Local Usage
	300231  -  Run Bytes Sent By Job
	1510  -  Run Bytes Received By Job
	300231  -  Total Bytes Sent By Job
	1510  -  Total Bytes Received By Job
	Partitionable Resources :    Usage  Request Allocated
	   Cpus                 :                 1         1
	   Disk (KB)            :   856136        2    585786
	   Memory (MB)          :      280     2000      2000
...
