000 (1025.000.000) 11/23 20:24:23 Job submitted from host: <128.142.196.38:9618?addrs=128.142.196.38-9618+[2001-1458-301-e2--100-20]-9618&noUDP&sock=164236_d05c_3>
...
001 (1025.000.000) 11/23 20:24:52 Job executing on host: <188.185.187.32:9618?addrs=188.185.187.32-9618+[--1]-9618&noUDP&sock=24905_5643_3>
...
006 (1025.000.000) 11/23 20:25:01 Image size of job updated: 668
	1  -  MemoryUsage of job (MB)
	668  -  ResidentSetSize of job (KB)
...
006 (1025.000.000) 11/23 20:30:02 Image size of job updated: 688
	1  -  MemoryUsage of job (MB)
	688  -  ResidentSetSize of job (KB)
...
006 (1025.000.000) 11/23 20:35:02 Image size of job updated: 692
	1  -  MemoryUsage of job (MB)
	692  -  ResidentSetSize of job (KB)
...
006 (1025.000.000) 11/23 20:45:04 Image size of job updated: 40048
	28  -  MemoryUsage of job (MB)
	28484  -  ResidentSetSize of job (KB)
...
006 (1025.000.000) 11/23 20:50:05 Image size of job updated: 279048
	165  -  MemoryUsage of job (MB)
	168920  -  ResidentSetSize of job (KB)
...
006 (1025.000.000) 11/23 20:55:05 Image size of job updated: 302844
	189  -  MemoryUsage of job (MB)
	192676  -  ResidentSetSize of job (KB)
...
006 (1025.000.000) 11/23 21:00:06 Image size of job updated: 302856
	189  -  MemoryUsage of job (MB)
	192676  -  ResidentSetSize of job (KB)
...
006 (1025.000.000) 11/23 21:05:06 Image size of job updated: 302928
	189  -  MemoryUsage of job (MB)
	192676  -  ResidentSetSize of job (KB)
...
006 (1025.000.000) 11/23 21:10:08 Image size of job updated: 302932
	189  -  MemoryUsage of job (MB)
	192676  -  ResidentSetSize of job (KB)
...
006 (1025.000.000) 11/23 21:20:08 Image size of job updated: 302948
	189  -  MemoryUsage of job (MB)
	192676  -  ResidentSetSize of job (KB)
...
006 (1025.000.000) 11/23 22:05:13 Image size of job updated: 303000
	189  -  MemoryUsage of job (MB)
	192676  -  ResidentSetSize of job (KB)
...
006 (1025.000.000) 11/23 22:20:13 Image size of job updated: 303004
	189  -  MemoryUsage of job (MB)
	192676  -  ResidentSetSize of job (KB)
...
005 (1025.000.000) 11/23 22:22:42 Job terminated.
	(1) Normal termination (return value 0)
		Usr 0 01:35:06, Sys 0 00:00:13  -  Run Remote Usage
		Usr 0 00:00:00, Sys 0 00:00:00  -  Run Local Usage
		Usr 0 01:35:06, Sys 0 00:00:13  -  Total Remote Usage
		Usr 0 00:00:00, Sys 0 00:00:00  -  Total Local Usage
	301780  -  Run Bytes Sent By Job
	1510  -  Run Bytes Received By Job
	301780  -  Total Bytes Sent By Job
	1510  -  Total Bytes Received By Job
	Partitionable Resources :    Usage  Request Allocated
	   Cpus                 :                 1         1
	   Disk (KB)            :  1691550        2   1948297
	   Memory (MB)          :      189     2000      2000
...
