000 (1013.000.000) 11/23 20:24:15 Job submitted from host: <128.142.196.38:9618?addrs=128.142.196.38-9618+[2001-1458-301-e2--100-20]-9618&noUDP&sock=164236_d05c_3>
...
001 (1013.000.000) 11/23 20:24:46 Job executing on host: <188.185.187.206:9618?addrs=188.185.187.206-9618+[--1]-9618&noUDP&sock=25451_d8f9_3>
...
006 (1013.000.000) 11/23 20:24:55 Image size of job updated: 684
	1  -  MemoryUsage of job (MB)
	684  -  ResidentSetSize of job (KB)
...
006 (1013.000.000) 11/23 20:34:56 Image size of job updated: 688
	1  -  MemoryUsage of job (MB)
	688  -  ResidentSetSize of job (KB)
...
006 (1013.000.000) 11/23 20:44:58 Image size of job updated: 49064
	30  -  MemoryUsage of job (MB)
	29940  -  ResidentSetSize of job (KB)
...
006 (1013.000.000) 11/23 20:49:59 Image size of job updated: 269352
	156  -  MemoryUsage of job (MB)
	159156  -  ResidentSetSize of job (KB)
...
006 (1013.000.000) 11/23 20:54:59 Image size of job updated: 317616
	203  -  MemoryUsage of job (MB)
	207364  -  ResidentSetSize of job (KB)
...
006 (1013.000.000) 11/23 20:59:59 Image size of job updated: 317656
	203  -  MemoryUsage of job (MB)
	207364  -  ResidentSetSize of job (KB)
...
006 (1013.000.000) 11/23 21:15:00 Image size of job updated: 317712
	203  -  MemoryUsage of job (MB)
	207364  -  ResidentSetSize of job (KB)
...
006 (1013.000.000) 11/23 21:25:01 Image size of job updated: 317720
	203  -  MemoryUsage of job (MB)
	207364  -  ResidentSetSize of job (KB)
...
006 (1013.000.000) 11/23 21:30:01 Image size of job updated: 317876
	203  -  MemoryUsage of job (MB)
	207364  -  ResidentSetSize of job (KB)
...
005 (1013.000.000) 11/23 21:31:24 Job terminated.
	(1) Normal termination (return value 0)
		Usr 0 00:44:33, Sys 0 00:00:10  -  Run Remote Usage
		Usr 0 00:00:00, Sys 0 00:00:00  -  Run Local Usage
		Usr 0 00:44:33, Sys 0 00:00:10  -  Total Remote Usage
		Usr 0 00:00:00, Sys 0 00:00:00  -  Total Local Usage
	300281  -  Run Bytes Sent By Job
	1510  -  Run Bytes Received By Job
	300281  -  Total Bytes Sent By Job
	1510  -  Total Bytes Received By Job
	Partitionable Resources :    Usage  Request Allocated
	   Cpus                 :                 1         1
	   Disk (KB)            :  1153571        2   1942221
	   Memory (MB)          :      203     2000      2000
...
