000 (1287.000.000) 11/30 16:21:37 Job submitted from host: <128.142.196.38:9618?addrs=128.142.196.38-9618+[2001-1458-301-e2--100-20]-9618&noUDP&sock=164236_d05c_3>
...
001 (1287.000.000) 11/30 16:22:13 Job executing on host: <188.185.128.231:9618?addrs=188.185.128.231-9618+[--1]-9618&noUDP&sock=24154_36a3_3>
...
006 (1287.000.000) 11/30 16:22:22 Image size of job updated: 688
	1  -  MemoryUsage of job (MB)
	688  -  ResidentSetSize of job (KB)
...
006 (1287.000.000) 11/30 16:32:23 Image size of job updated: 692
	1  -  MemoryUsage of job (MB)
	692  -  ResidentSetSize of job (KB)
...
006 (1287.000.000) 11/30 16:37:24 Image size of job updated: 696
	1  -  MemoryUsage of job (MB)
	696  -  ResidentSetSize of job (KB)
...
006 (1287.000.000) 11/30 16:42:24 Image size of job updated: 129216
	127  -  MemoryUsage of job (MB)
	129128  -  ResidentSetSize of job (KB)
...
006 (1287.000.000) 11/30 16:47:25 Image size of job updated: 155100
	152  -  MemoryUsage of job (MB)
	155012  -  ResidentSetSize of job (KB)
...
006 (1287.000.000) 11/30 16:52:25 Image size of job updated: 161140
	158  -  MemoryUsage of job (MB)
	161052  -  ResidentSetSize of job (KB)
...
006 (1287.000.000) 11/30 17:17:27 Image size of job updated: 162544
	159  -  MemoryUsage of job (MB)
	162456  -  ResidentSetSize of job (KB)
...
006 (1287.000.000) 11/30 17:22:27 Image size of job updated: 162768
	159  -  MemoryUsage of job (MB)
	162456  -  ResidentSetSize of job (KB)
...
006 (1287.000.000) 11/30 18:12:33 Image size of job updated: 162772
	159  -  MemoryUsage of job (MB)
	162456  -  ResidentSetSize of job (KB)
...
006 (1287.000.000) 11/30 18:23:24 Image size of job updated: 663136
	159  -  MemoryUsage of job (MB)
	162456  -  ResidentSetSize of job (KB)
...
005 (1287.000.000) 11/30 18:23:24 Job terminated.
	(1) Normal termination (return value 0)
		Usr 0 01:39:36, Sys 0 00:00:23  -  Run Remote Usage
		Usr 0 00:00:00, Sys 0 00:00:00  -  Run Local Usage
		Usr 0 01:39:36, Sys 0 00:00:23  -  Total Remote Usage
		Usr 0 00:00:00, Sys 0 00:00:00  -  Total Local Usage
	294017  -  Run Bytes Sent By Job
	1567  -  Run Bytes Received By Job
	294017  -  Total Bytes Sent By Job
	1567  -  Total Bytes Received By Job
	Partitionable Resources :    Usage  Request Allocated
	   Cpus                 :                 1         1
	   Disk (KB)            :  1358835        2    592838
	   Memory (MB)          :      159     2000      2000
...
