000 (1113.000.000) 11/28 09:39:09 Job submitted from host: <128.142.196.38:9618?addrs=128.142.196.38-9618+[2001-1458-301-e2--100-20]-9618&noUDP&sock=164236_d05c_3>
...
001 (1113.000.000) 11/28 09:40:01 Job executing on host: <188.185.194.60:9618?addrs=188.185.194.60-9618+[--1]-9618&noUDP&sock=15833_b315_3>
...
006 (1113.000.000) 11/28 09:40:11 Image size of job updated: 388
	1  -  MemoryUsage of job (MB)
	388  -  ResidentSetSize of job (KB)
...
006 (1113.000.000) 11/28 09:45:12 Image size of job updated: 680
	1  -  MemoryUsage of job (MB)
	680  -  ResidentSetSize of job (KB)
...
006 (1113.000.000) 11/28 09:55:13 Image size of job updated: 684
	1  -  MemoryUsage of job (MB)
	684  -  ResidentSetSize of job (KB)
...
006 (1113.000.000) 11/28 10:10:16 Image size of job updated: 1956
	2  -  MemoryUsage of job (MB)
	1156  -  ResidentSetSize of job (KB)
...
006 (1113.000.000) 11/28 10:15:15 Image size of job updated: 120000
	93  -  MemoryUsage of job (MB)
	95116  -  ResidentSetSize of job (KB)
...
006 (1113.000.000) 11/28 10:20:15 Image size of job updated: 184844
	156  -  MemoryUsage of job (MB)
	159576  -  ResidentSetSize of job (KB)
...
006 (1113.000.000) 11/28 10:25:46 Image size of job updated: 189972
	161  -  MemoryUsage of job (MB)
	164704  -  ResidentSetSize of job (KB)
...
006 (1113.000.000) 11/28 10:32:12 Image size of job updated: 190016
	161  -  MemoryUsage of job (MB)
	164748  -  ResidentSetSize of job (KB)
...
006 (1113.000.000) 11/28 13:08:44 Image size of job updated: 191228
	163  -  MemoryUsage of job (MB)
	165932  -  ResidentSetSize of job (KB)
...
005 (1113.000.000) 11/28 14:26:45 Job terminated.
	(1) Normal termination (return value 0)
		Usr 0 01:11:18, Sys 0 00:23:15  -  Run Remote Usage
		Usr 0 00:00:00, Sys 0 00:00:00  -  Run Local Usage
		Usr 0 01:11:18, Sys 0 00:23:15  -  Total Remote Usage
		Usr 0 00:00:00, Sys 0 00:00:00  -  Total Local Usage
	1510  -  Run Bytes Sent By Job
	302548  -  Run Bytes Received By Job
	1510  -  Total Bytes Sent By Job
	302548  -  Total Bytes Received By Job
...
