000 (964.000.000) 11/23 20:23:39 Job submitted from host: <128.142.196.38:9618?addrs=128.142.196.38-9618+[2001-1458-301-e2--100-20]-9618&noUDP&sock=164236_d05c_3>
...
001 (964.000.000) 11/23 20:24:29 Job executing on host: <188.185.174.157:9618?addrs=188.185.174.157-9618+[--1]-9618&noUDP&sock=3201_32bf_11>
...
006 (964.000.000) 11/23 20:24:37 Image size of job updated: 688
	1  -  MemoryUsage of job (MB)
	688  -  ResidentSetSize of job (KB)
...
006 (964.000.000) 11/23 20:34:38 Image size of job updated: 692
	1  -  MemoryUsage of job (MB)
	692  -  ResidentSetSize of job (KB)
...
006 (964.000.000) 11/23 20:44:38 Image size of job updated: 40680
	32  -  MemoryUsage of job (MB)
	32420  -  ResidentSetSize of job (KB)
...
006 (964.000.000) 11/23 20:49:39 Image size of job updated: 127284
	103  -  MemoryUsage of job (MB)
	104688  -  ResidentSetSize of job (KB)
...
006 (964.000.000) 11/23 20:54:39 Image size of job updated: 227584
	201  -  MemoryUsage of job (MB)
	204988  -  ResidentSetSize of job (KB)
...
006 (964.000.000) 11/23 20:59:39 Image size of job updated: 242692
	215  -  MemoryUsage of job (MB)
	220096  -  ResidentSetSize of job (KB)
...
005 (964.000.000) 11/23 21:00:04 Job terminated.
	(1) Normal termination (return value 0)
		Usr 0 00:13:28, Sys 0 00:00:14  -  Run Remote Usage
		Usr 0 00:00:00, Sys 0 00:00:00  -  Run Local Usage
		Usr 0 00:13:28, Sys 0 00:00:14  -  Total Remote Usage
		Usr 0 00:00:00, Sys 0 00:00:00  -  Total Local Usage
	299873  -  Run Bytes Sent By Job
	1510  -  Run Bytes Received By Job
	299873  -  Total Bytes Sent By Job
	1510  -  Total Bytes Received By Job
	Partitionable Resources :    Usage  Request Allocated
	   Cpus                 :                 1         1
	   Disk (KB)            :   742373        2    589297
	   Memory (MB)          :      215     2000      2000
...
