000 (981.000.000) 11/23 20:23:50 Job submitted from host: <128.142.196.38:9618?addrs=128.142.196.38-9618+[2001-1458-301-e2--100-20]-9618&noUDP&sock=164236_d05c_3>
...
001 (981.000.000) 11/23 20:24:35 Job executing on host: <188.185.128.231:9618?addrs=188.185.128.231-9618+[--1]-9618&noUDP&sock=24154_36a3_3>
...
006 (981.000.000) 11/23 20:24:44 Image size of job updated: 684
	1  -  MemoryUsage of job (MB)
	684  -  ResidentSetSize of job (KB)
...
006 (981.000.000) 11/23 20:29:45 Image size of job updated: 688
	1  -  MemoryUsage of job (MB)
	688  -  ResidentSetSize of job (KB)
...
006 (981.000.000) 11/23 20:44:46 Image size of job updated: 32508
	28  -  MemoryUsage of job (MB)
	28484  -  ResidentSetSize of job (KB)
...
006 (981.000.000) 11/23 20:49:46 Image size of job updated: 135028
	107  -  MemoryUsage of job (MB)
	109092  -  ResidentSetSize of job (KB)
...
006 (981.000.000) 11/23 20:54:46 Image size of job updated: 235816
	205  -  MemoryUsage of job (MB)
	209164  -  ResidentSetSize of job (KB)
...
006 (981.000.000) 11/23 20:59:47 Image size of job updated: 251672
	220  -  MemoryUsage of job (MB)
	225020  -  ResidentSetSize of job (KB)
...
006 (981.000.000) 11/23 21:04:47 Image size of job updated: 253936
	222  -  MemoryUsage of job (MB)
	227280  -  ResidentSetSize of job (KB)
...
006 (981.000.000) 11/23 21:09:48 Image size of job updated: 254180
	223  -  MemoryUsage of job (MB)
	227516  -  ResidentSetSize of job (KB)
...
005 (981.000.000) 11/23 21:17:16 Job terminated.
	(1) Normal termination (return value 0)
		Usr 0 00:29:11, Sys 0 00:00:17  -  Run Remote Usage
		Usr 0 00:00:00, Sys 0 00:00:00  -  Run Local Usage
		Usr 0 00:29:11, Sys 0 00:00:17  -  Total Remote Usage
		Usr 0 00:00:00, Sys 0 00:00:00  -  Total Local Usage
	300120  -  Run Bytes Sent By Job
	1510  -  Run Bytes Received By Job
	300120  -  Total Bytes Sent By Job
	1510  -  Total Bytes Received By Job
	Partitionable Resources :    Usage  Request Allocated
	   Cpus                 :                 1         1
	   Disk (KB)            :   834242        2    583100
	   Memory (MB)          :      223     2000      2000
...
