000 (1123.000.000) 11/28 09:39:17 Job submitted from host: <128.142.196.38:9618?addrs=128.142.196.38-9618+[2001-1458-301-e2--100-20]-9618&noUDP&sock=164236_d05c_3>
...
001 (1123.000.000) 11/28 09:40:04 Job executing on host: <188.185.179.38:9618?addrs=188.185.179.38-9618+[--1]-9618&noUDP&sock=2040938_9a45_3>
...
006 (1123.000.000) 11/28 09:40:13 Image size of job updated: 684
	1  -  MemoryUsage of job (MB)
	684  -  ResidentSetSize of job (KB)
...
006 (1123.000.000) 11/28 09:50:15 Image size of job updated: 688
	1  -  MemoryUsage of job (MB)
	688  -  ResidentSetSize of job (KB)
...
006 (1123.000.000) 11/28 10:05:17 Image size of job updated: 179292
	149  -  MemoryUsage of job (MB)
	152308  -  ResidentSetSize of job (KB)
...
006 (1123.000.000) 11/28 10:10:18 Image size of job updated: 216400
	185  -  MemoryUsage of job (MB)
	188924  -  ResidentSetSize of job (KB)
...
006 (1123.000.000) 11/28 10:15:17 Image size of job updated: 216404
	185  -  MemoryUsage of job (MB)
	188928  -  ResidentSetSize of job (KB)
...
006 (1123.000.000) 11/28 10:25:18 Image size of job updated: 216464
	185  -  MemoryUsage of job (MB)
	188988  -  ResidentSetSize of job (KB)
...
006 (1123.000.000) 11/28 10:30:19 Image size of job updated: 219708
	188  -  MemoryUsage of job (MB)
	192232  -  ResidentSetSize of job (KB)
...
006 (1123.000.000) 11/28 10:35:19 Image size of job updated: 220104
	189  -  MemoryUsage of job (MB)
	192628  -  ResidentSetSize of job (KB)
...
006 (1123.000.000) 11/28 11:10:22 Image size of job updated: 220148
	189  -  MemoryUsage of job (MB)
	192628  -  ResidentSetSize of job (KB)
...
006 (1123.000.000) 11/28 11:15:24 Image size of job updated: 220148
	189  -  MemoryUsage of job (MB)
	192660  -  ResidentSetSize of job (KB)
...
005 (1123.000.000) 11/28 12:58:59 Job terminated.
	(1) Normal termination (return value 0)
		Usr 0 02:11:34, Sys 0 00:37:12  -  Run Remote Usage
		Usr 0 00:00:00, Sys 0 00:00:00  -  Run Local Usage
		Usr 0 02:11:34, Sys 0 00:37:12  -  Total Remote Usage
		Usr 0 00:00:00, Sys 0 00:00:00  -  Total Local Usage
	306382  -  Run Bytes Sent By Job
	1510  -  Run Bytes Received By Job
	306382  -  Total Bytes Sent By Job
	1510  -  Total Bytes Received By Job
	Partitionable Resources :    Usage  Request Allocated
	   Cpus                 :                 1         1
	   Disk (KB)            :  1766904        2    610278
	   Memory (MB)          :      189     2000      2000
...
