000 (1267.000.000) 11/30 16:21:20 Job submitted from host: <128.142.196.38:9618?addrs=128.142.196.38-9618+[2001-1458-301-e2--100-20]-9618&noUDP&sock=164236_d05c_3>
...
001 (1267.000.000) 11/30 16:22:09 Job executing on host: <188.185.177.87:9618?addrs=188.185.177.87-9618+[--1]-9618&noUDP&sock=2869_c9b5_3>
...
006 (1267.000.000) 11/30 16:22:18 Image size of job updated: 688
	1  -  MemoryUsage of job (MB)
	688  -  ResidentSetSize of job (KB)
...
006 (1267.000.000) 11/30 16:32:20 Image size of job updated: 692
	1  -  MemoryUsage of job (MB)
	692  -  ResidentSetSize of job (KB)
...
006 (1267.000.000) 11/30 16:42:20 Image size of job updated: 137400
	108  -  MemoryUsage of job (MB)
	110276  -  ResidentSetSize of job (KB)
...
006 (1267.000.000) 11/30 16:47:22 Image size of job updated: 218512
	187  -  MemoryUsage of job (MB)
	190660  -  ResidentSetSize of job (KB)
...
006 (1267.000.000) 11/30 16:52:22 Image size of job updated: 223872
	192  -  MemoryUsage of job (MB)
	196020  -  ResidentSetSize of job (KB)
...
006 (1267.000.000) 11/30 16:57:22 Image size of job updated: 232476
	200  -  MemoryUsage of job (MB)
	204624  -  ResidentSetSize of job (KB)
...
006 (1267.000.000) 11/30 17:17:25 Image size of job updated: 232584
	200  -  MemoryUsage of job (MB)
	204732  -  ResidentSetSize of job (KB)
...
005 (1267.000.000) 11/30 17:24:37 Job terminated.
	(1) Normal termination (return value 0)
		Usr 0 00:41:51, Sys 0 00:00:25  -  Run Remote Usage
		Usr 0 00:00:00, Sys 0 00:00:00  -  Run Local Usage
		Usr 0 00:41:51, Sys 0 00:00:25  -  Total Remote Usage
		Usr 0 00:00:00, Sys 0 00:00:00  -  Total Local Usage
	293672  -  Run Bytes Sent By Job
	1567  -  Run Bytes Received By Job
	293672  -  Total Bytes Sent By Job
	1567  -  Total Bytes Received By Job
	Partitionable Resources :    Usage  Request Allocated
	   Cpus                 :                 1         1
	   Disk (KB)            :   981946        2    578539
	   Memory (MB)          :      200     2000      2000
...
