000 (992.000.000) 11/23 20:24:00 Job submitted from host: <128.142.196.38:9618?addrs=128.142.196.38-9618+[2001-1458-301-e2--100-20]-9618&noUDP&sock=164236_d05c_3>
...
001 (992.000.000) 11/23 20:24:39 Job executing on host: <188.185.192.51:9618?addrs=188.185.192.51-9618+[--1]-9618&noUDP&sock=27923_6f16_3>
...
006 (992.000.000) 11/23 20:24:48 Image size of job updated: 688
	1  -  MemoryUsage of job (MB)
	688  -  ResidentSetSize of job (KB)
...
006 (992.000.000) 11/23 20:34:50 Image size of job updated: 692
	1  -  MemoryUsage of job (MB)
	692  -  ResidentSetSize of job (KB)
...
006 (992.000.000) 11/23 20:49:51 Image size of job updated: 79456
	62  -  MemoryUsage of job (MB)
	62496  -  ResidentSetSize of job (KB)
...
006 (992.000.000) 11/23 20:54:52 Image size of job updated: 127948
	107  -  MemoryUsage of job (MB)
	109404  -  ResidentSetSize of job (KB)
...
006 (992.000.000) 11/23 20:59:53 Image size of job updated: 228588
	205  -  MemoryUsage of job (MB)
	209328  -  ResidentSetSize of job (KB)
...
006 (992.000.000) 11/23 21:04:53 Image size of job updated: 241496
	218  -  MemoryUsage of job (MB)
	222232  -  ResidentSetSize of job (KB)
...
006 (992.000.000) 11/23 21:09:54 Image size of job updated: 243780
	220  -  MemoryUsage of job (MB)
	224516  -  ResidentSetSize of job (KB)
...
006 (992.000.000) 11/23 21:14:54 Image size of job updated: 244688
	221  -  MemoryUsage of job (MB)
	225416  -  ResidentSetSize of job (KB)
...
006 (992.000.000) 11/23 21:19:54 Image size of job updated: 244704
	221  -  MemoryUsage of job (MB)
	225432  -  ResidentSetSize of job (KB)
...
005 (992.000.000) 11/23 21:23:41 Job terminated.
	(1) Normal termination (return value 0)
		Usr 0 00:32:14, Sys 0 00:00:23  -  Run Remote Usage
		Usr 0 00:00:00, Sys 0 00:00:00  -  Run Local Usage
		Usr 0 00:32:14, Sys 0 00:00:23  -  Total Remote Usage
		Usr 0 00:00:00, Sys 0 00:00:00  -  Total Local Usage
	300582  -  Run Bytes Sent By Job
	1510  -  Run Bytes Received By Job
	300582  -  Total Bytes Sent By Job
	1510  -  Total Bytes Received By Job
	Partitionable Resources :    Usage  Request Allocated
	   Cpus                 :                 1         1
	   Disk (KB)            :   824867        2    586922
	   Memory (MB)          :      221     2000      2000
...
