000 (1028.000.000) 11/23 20:24:25 Job submitted from host: <128.142.196.38:9618?addrs=128.142.196.38-9618+[2001-1458-301-e2--100-20]-9618&noUDP&sock=164236_d05c_3>
...
007 (1028.000.000) 11/23 20:24:49 Shadow exception!
	Can no longer talk to condor_starter <188.185.138.28:9618>
	0  -  Run Bytes Sent By Job
	0  -  Run Bytes Received By Job
...
007 (1028.000.000) 11/23 20:24:52 Shadow exception!
	Can no longer talk to condor_starter <188.185.138.28:9618>
	0  -  Run Bytes Sent By Job
	0  -  Run Bytes Received By Job
...
007 (1028.000.000) 11/23 20:24:52 Shadow exception!
	Can no longer talk to condor_starter <188.185.138.28:9618>
	0  -  Run Bytes Sent By Job
	0  -  Run Bytes Received By Job
...
007 (1028.000.000) 11/23 20:24:53 Shadow exception!
	Can no longer talk to condor_starter <188.185.138.28:9618>
	0  -  Run Bytes Sent By Job
	0  -  Run Bytes Received By Job
...
007 (1028.000.000) 11/23 20:24:53 Shadow exception!
	Can no longer talk to condor_starter <188.185.138.28:9618>
	0  -  Run Bytes Sent By Job
	0  -  Run Bytes Received By Job
...
001 (1028.000.000) 11/23 20:26:18 Job executing on host: <188.185.195.201:9618?addrs=188.185.195.201-9618+[--1]-9618&noUDP&sock=30996_419f_3>
...
006 (1028.000.000) 11/23 20:26:26 Image size of job updated: 684
	1  -  MemoryUsage of job (MB)
	684  -  ResidentSetSize of job (KB)
...
006 (1028.000.000) 11/23 20:36:28 Image size of job updated: 688
	1  -  MemoryUsage of job (MB)
	688  -  ResidentSetSize of job (KB)
...
006 (1028.000.000) 11/23 20:46:29 Image size of job updated: 54964
	41  -  MemoryUsage of job (MB)
	41464  -  ResidentSetSize of job (KB)
...
006 (1028.000.000) 11/23 20:51:29 Image size of job updated: 179916
	154  -  MemoryUsage of job (MB)
	157272  -  ResidentSetSize of job (KB)
...
006 (1028.000.000) 11/23 20:56:30 Image size of job updated: 188488
	162  -  MemoryUsage of job (MB)
	165128  -  ResidentSetSize of job (KB)
...
006 (1028.000.000) 11/23 21:01:30 Image size of job updated: 212680
	185  -  MemoryUsage of job (MB)
	189320  -  ResidentSetSize of job (KB)
...
006 (1028.000.000) 11/23 21:06:30 Image size of job updated: 212684
	185  -  MemoryUsage of job (MB)
	189324  -  ResidentSetSize of job (KB)
...
006 (1028.000.000) 11/23 21:16:31 Image size of job updated: 212692
	185  -  MemoryUsage of job (MB)
	189324  -  ResidentSetSize of job (KB)
...
006 (1028.000.000) 11/23 22:11:38 Image size of job updated: 212808
	185  -  MemoryUsage of job (MB)
	189324  -  ResidentSetSize of job (KB)
...
006 (1028.000.000) 11/23 22:36:40 Image size of job updated: 212856
	185  -  MemoryUsage of job (MB)
	189372  -  ResidentSetSize of job (KB)
...
006 (1028.000.000) 11/23 22:51:42 Image size of job updated: 213260
	186  -  MemoryUsage of job (MB)
	189776  -  ResidentSetSize of job (KB)
...
006 (1028.000.000) 11/23 23:21:45 Image size of job updated: 214168
	187  -  MemoryUsage of job (MB)
	190684  -  ResidentSetSize of job (KB)
...
005 (1028.000.000) 11/24 00:05:50 Job terminated.
	(1) Normal termination (return value 0)
		Usr 0 03:10:43, Sys 0 00:00:30  -  Run Remote Usage
		Usr 0 00:00:00, Sys 0 00:00:00  -  Run Local Usage
		Usr 0 03:10:43, Sys 0 00:00:30  -  Total Remote Usage
		Usr 0 00:00:00, Sys 0 00:00:00  -  Total Local Usage
	301460  -  Run Bytes Sent By Job
	1510  -  Run Bytes Received By Job
	301460  -  Total Bytes Sent By Job
	1510  -  Total Bytes Received By Job
	Partitionable Resources :    Usage  Request Allocated
	   Cpus                 :                 1         1
	   Disk (KB)            :  1680975        2    585322
	   Memory (MB)          :      187     2000      2000
...
