000 (1067.000.000) 11/28 09:38:37 Job submitted from host: <128.142.196.38:9618?addrs=128.142.196.38-9618+[2001-1458-301-e2--100-20]-9618&noUDP&sock=164236_d05c_3>
...
001 (1067.000.000) 11/28 09:39:20 Job executing on host: <188.185.189.83:9618?addrs=188.185.189.83-9618+[--1]-9618&noUDP&sock=1184964_a2ae_3>
...
006 (1067.000.000) 11/28 09:39:29 Image size of job updated: 656
	1  -  MemoryUsage of job (MB)
	656  -  ResidentSetSize of job (KB)
...
006 (1067.000.000) 11/28 09:44:30 Image size of job updated: 680
	1  -  MemoryUsage of job (MB)
	680  -  ResidentSetSize of job (KB)
...
006 (1067.000.000) 11/28 09:49:30 Image size of job updated: 684
	1  -  MemoryUsage of job (MB)
	684  -  ResidentSetSize of job (KB)
...
006 (1067.000.000) 11/28 10:09:33 Image size of job updated: 35492
	30  -  MemoryUsage of job (MB)
	29892  -  ResidentSetSize of job (KB)
...
006 (1067.000.000) 11/28 10:14:33 Image size of job updated: 137768
	101  -  MemoryUsage of job (MB)
	103180  -  ResidentSetSize of job (KB)
...
006 (1067.000.000) 11/28 10:19:34 Image size of job updated: 240472
	202  -  MemoryUsage of job (MB)
	205884  -  ResidentSetSize of job (KB)
...
006 (1067.000.000) 11/28 10:24:34 Image size of job updated: 254804
	216  -  MemoryUsage of job (MB)
	220216  -  ResidentSetSize of job (KB)
...
005 (1067.000.000) 11/28 10:29:24 Job terminated.
	(1) Normal termination (return value 0)
		Usr 0 00:17:05, Sys 0 00:01:12  -  Run Remote Usage
		Usr 0 00:00:00, Sys 0 00:00:00  -  Run Local Usage
		Usr 0 00:17:05, Sys 0 00:01:12  -  Total Remote Usage
		Usr 0 00:00:00, Sys 0 00:00:00  -  Total Local Usage
	300000  -  Run Bytes Sent By Job
	1510  -  Run Bytes Received By Job
	300000  -  Total Bytes Sent By Job
	1510  -  Total Bytes Received By Job
	Partitionable Resources :    Usage  Request Allocated
	   Cpus                 :                 1         1
	   Disk (KB)            :   765339        2    610235
	   Memory (MB)          :      216     2000      2000
...
