000 (1239.000.000) 11/30 16:20:55 Job submitted from host: <128.142.196.38:9618?addrs=128.142.196.38-9618+[2001-1458-301-e2--100-20]-9618&noUDP&sock=164236_d05c_3>
...
001 (1239.000.000) 11/30 16:21:27 Job executing on host: <188.185.192.51:9618?addrs=188.185.192.51-9618+[--1]-9618&noUDP&sock=27923_6f16_3>
...
006 (1239.000.000) 11/30 16:21:36 Image size of job updated: 684
	1  -  MemoryUsage of job (MB)
	684  -  ResidentSetSize of job (KB)
...
006 (1239.000.000) 11/30 16:31:36 Image size of job updated: 688
	1  -  MemoryUsage of job (MB)
	688  -  ResidentSetSize of job (KB)
...
006 (1239.000.000) 11/30 16:36:37 Image size of job updated: 692
	1  -  MemoryUsage of job (MB)
	692  -  ResidentSetSize of job (KB)
...
006 (1239.000.000) 11/30 16:41:38 Image size of job updated: 127360
	92  -  MemoryUsage of job (MB)
	93648  -  ResidentSetSize of job (KB)
...
006 (1239.000.000) 11/30 16:46:38 Image size of job updated: 144536
	104  -  MemoryUsage of job (MB)
	105996  -  ResidentSetSize of job (KB)
...
006 (1239.000.000) 11/30 16:51:38 Image size of job updated: 246568
	204  -  MemoryUsage of job (MB)
	208028  -  ResidentSetSize of job (KB)
...
006 (1239.000.000) 11/30 16:56:39 Image size of job updated: 260736
	217  -  MemoryUsage of job (MB)
	222196  -  ResidentSetSize of job (KB)
...
005 (1239.000.000) 11/30 17:03:01 Job terminated.
	(1) Normal termination (return value 0)
		Usr 0 00:20:14, Sys 0 00:00:20  -  Run Remote Usage
		Usr 0 00:00:00, Sys 0 00:00:00  -  Run Local Usage
		Usr 0 00:20:14, Sys 0 00:00:20  -  Total Remote Usage
		Usr 0 00:00:00, Sys 0 00:00:00  -  Total Local Usage
	293590  -  Run Bytes Sent By Job
	1567  -  Run Bytes Received By Job
	293590  -  Total Bytes Sent By Job
	1567  -  Total Bytes Received By Job
	Partitionable Resources :    Usage  Request Allocated
	   Cpus                 :                 1         1
	   Disk (KB)            :   844442        2    595392
	   Memory (MB)          :      217     2000      2000
...
