000 (1261.000.000) 11/30 16:21:15 Job submitted from host: <128.142.196.38:9618?addrs=128.142.196.38-9618+[2001-1458-301-e2--100-20]-9618&noUDP&sock=164236_d05c_3>
...
001 (1261.000.000) 11/30 16:21:27 Job executing on host: <188.185.199.112:9618?addrs=188.185.199.112-9618+[--1]-9618&noUDP&sock=3775_3a83_3>
...
006 (1261.000.000) 11/30 16:21:36 Image size of job updated: 652
	1  -  MemoryUsage of job (MB)
	652  -  ResidentSetSize of job (KB)
...
006 (1261.000.000) 11/30 16:26:36 Image size of job updated: 676
	1  -  MemoryUsage of job (MB)
	676  -  ResidentSetSize of job (KB)
...
006 (1261.000.000) 11/30 16:31:36 Image size of job updated: 680
	1  -  MemoryUsage of job (MB)
	680  -  ResidentSetSize of job (KB)
...
006 (1261.000.000) 11/30 16:36:38 Image size of job updated: 684
	1  -  MemoryUsage of job (MB)
	684  -  ResidentSetSize of job (KB)
...
006 (1261.000.000) 11/30 16:41:38 Image size of job updated: 79932
	35  -  MemoryUsage of job (MB)
	35120  -  ResidentSetSize of job (KB)
...
006 (1261.000.000) 11/30 16:46:39 Image size of job updated: 302176
	188  -  MemoryUsage of job (MB)
	192120  -  ResidentSetSize of job (KB)
...
006 (1261.000.000) 11/30 16:51:38 Image size of job updated: 316396
	202  -  MemoryUsage of job (MB)
	206324  -  ResidentSetSize of job (KB)
...
006 (1261.000.000) 11/30 16:56:39 Image size of job updated: 316892
	202  -  MemoryUsage of job (MB)
	206820  -  ResidentSetSize of job (KB)
...
006 (1261.000.000) 11/30 17:01:39 Image size of job updated: 316952
	203  -  MemoryUsage of job (MB)
	206868  -  ResidentSetSize of job (KB)
...
006 (1261.000.000) 11/30 17:06:40 Image size of job updated: 316956
	203  -  MemoryUsage of job (MB)
	206868  -  ResidentSetSize of job (KB)
...
006 (1261.000.000) 11/30 17:11:40 Image size of job updated: 316996
	203  -  MemoryUsage of job (MB)
	206868  -  ResidentSetSize of job (KB)
...
005 (1261.000.000) 11/30 17:11:58 Job terminated.
	(1) Normal termination (return value 0)
		Usr 0 00:28:56, Sys 0 00:00:39  -  Run Remote Usage
		Usr 0 00:00:00, Sys 0 00:00:00  -  Run Local Usage
		Usr 0 00:28:56, Sys 0 00:00:39  -  Total Remote Usage
		Usr 0 00:00:00, Sys 0 00:00:00  -  Total Local Usage
	293532  -  Run Bytes Sent By Job
	1567  -  Run Bytes Received By Job
	293532  -  Total Bytes Sent By Job
	1567  -  Total Bytes Received By Job
	Partitionable Resources :    Usage  Request Allocated
	   Cpus                 :                 1         1
	   Disk (KB)            :   994097        2    578862
	   Memory (MB)          :      203     2000      2000
...
