000 (1111.000.000) 11/28 09:39:08 Job submitted from host: <128.142.196.38:9618?addrs=128.142.196.38-9618+[2001-1458-301-e2--100-20]-9618&noUDP&sock=164236_d05c_3>
...
001 (1111.000.000) 11/28 09:40:01 Job executing on host: <188.185.192.87:9618?addrs=188.185.192.87-9618+[--1]-9618&noUDP&sock=31834_0dfc_10>
...
006 (1111.000.000) 11/28 09:40:10 Image size of job updated: 684
	1  -  MemoryUsage of job (MB)
	684  -  ResidentSetSize of job (KB)
...
006 (1111.000.000) 11/28 09:50:12 Image size of job updated: 688
	1  -  MemoryUsage of job (MB)
	688  -  ResidentSetSize of job (KB)
...
006 (1111.000.000) 11/28 10:05:14 Image size of job updated: 45684
	33  -  MemoryUsage of job (MB)
	33380  -  ResidentSetSize of job (KB)
...
006 (1111.000.000) 11/28 10:10:16 Image size of job updated: 170572
	124  -  MemoryUsage of job (MB)
	126688  -  ResidentSetSize of job (KB)
...
006 (1111.000.000) 11/28 10:15:15 Image size of job updated: 210456
	163  -  MemoryUsage of job (MB)
	166568  -  ResidentSetSize of job (KB)
...
006 (1111.000.000) 11/28 10:25:16 Image size of job updated: 211384
	164  -  MemoryUsage of job (MB)
	167496  -  ResidentSetSize of job (KB)
...
006 (1111.000.000) 11/28 10:30:16 Image size of job updated: 247652
	199  -  MemoryUsage of job (MB)
	203752  -  ResidentSetSize of job (KB)
...
006 (1111.000.000) 11/28 10:45:16 Image size of job updated: 247852
	200  -  MemoryUsage of job (MB)
	203792  -  ResidentSetSize of job (KB)
...
006 (1111.000.000) 11/28 10:50:17 Image size of job updated: 248260
	200  -  MemoryUsage of job (MB)
	204200  -  ResidentSetSize of job (KB)
...
006 (1111.000.000) 11/28 10:55:19 Image size of job updated: 248276
	200  -  MemoryUsage of job (MB)
	204200  -  ResidentSetSize of job (KB)
...
005 (1111.000.000) 11/28 11:12:37 Job terminated.
	(1) Normal termination (return value 0)
		Usr 0 00:59:25, Sys 0 00:05:41  -  Run Remote Usage
		Usr 0 00:00:00, Sys 0 00:00:00  -  Run Local Usage
		Usr 0 00:59:25, Sys 0 00:05:41  -  Total Remote Usage
		Usr 0 00:00:00, Sys 0 00:00:00  -  Total Local Usage
	300745  -  Run Bytes Sent By Job
	1510  -  Run Bytes Received By Job
	300745  -  Total Bytes Sent By Job
	1510  -  Total Bytes Received By Job
	Partitionable Resources :    Usage  Request Allocated
	   Cpus                 :                 1         1
	   Disk (KB)            :  1191037        2    614595
	   Memory (MB)          :      200     2000      2000
...
