000 (1118.000.000) 11/28 09:39:13 Job submitted from host: <128.142.196.38:9618?addrs=128.142.196.38-9618+[2001-1458-301-e2--100-20]-9618&noUDP&sock=164236_d05c_3>
...
001 (1118.000.000) 11/28 09:40:03 Job executing on host: <188.185.174.157:9618?addrs=188.185.174.157-9618+[--1]-9618&noUDP&sock=3201_32bf_11>
...
006 (1118.000.000) 11/28 09:40:12 Image size of job updated: 688
	1  -  MemoryUsage of job (MB)
	688  -  ResidentSetSize of job (KB)
...
006 (1118.000.000) 11/28 09:45:13 Image size of job updated: 692
	1  -  MemoryUsage of job (MB)
	692  -  ResidentSetSize of job (KB)
...
006 (1118.000.000) 11/28 10:00:15 Image size of job updated: 174160
	150  -  MemoryUsage of job (MB)
	153296  -  ResidentSetSize of job (KB)
...
006 (1118.000.000) 11/28 10:05:15 Image size of job updated: 184644
	160  -  MemoryUsage of job (MB)
	163744  -  ResidentSetSize of job (KB)
...
006 (1118.000.000) 11/28 10:15:16 Image size of job updated: 184652
	160  -  MemoryUsage of job (MB)
	163744  -  ResidentSetSize of job (KB)
...
006 (1118.000.000) 11/28 10:20:17 Image size of job updated: 204972
	180  -  MemoryUsage of job (MB)
	184028  -  ResidentSetSize of job (KB)
...
006 (1118.000.000) 11/28 10:25:17 Image size of job updated: 206376
	182  -  MemoryUsage of job (MB)
	185432  -  ResidentSetSize of job (KB)
...
006 (1118.000.000) 11/28 10:40:19 Image size of job updated: 209220
	184  -  MemoryUsage of job (MB)
	188272  -  ResidentSetSize of job (KB)
...
005 (1118.000.000) 11/28 12:06:49 Job terminated.
	(1) Normal termination (return value 0)
		Usr 0 02:07:14, Sys 0 00:00:19  -  Run Remote Usage
		Usr 0 00:00:00, Sys 0 00:00:00  -  Run Local Usage
		Usr 0 02:07:14, Sys 0 00:00:19  -  Total Remote Usage
		Usr 0 00:00:00, Sys 0 00:00:00  -  Total Local Usage
	301965  -  Run Bytes Sent By Job
	1510  -  Run Bytes Received By Job
	301965  -  Total Bytes Sent By Job
	1510  -  Total Bytes Received By Job
	Partitionable Resources :    Usage  Request Allocated
	   Cpus                 :                 1         1
	   Disk (KB)            :  1756142        2    615800
	   Memory (MB)          :      184     2000      2000
...
