000 (979.000.000) 11/23 20:23:49 Job submitted from host: <128.142.196.38:9618?addrs=128.142.196.38-9618+[2001-1458-301-e2--100-20]-9618&noUDP&sock=164236_d05c_3>
...
001 (979.000.000) 11/23 20:24:37 Job executing on host: <188.185.192.51:9618?addrs=188.185.192.51-9618+[--1]-9618&noUDP&sock=27923_6f16_3>
...
006 (979.000.000) 11/23 20:24:45 Image size of job updated: 684
	1  -  MemoryUsage of job (MB)
	684  -  ResidentSetSize of job (KB)
...
006 (979.000.000) 11/23 20:34:47 Image size of job updated: 688
	1  -  MemoryUsage of job (MB)
	688  -  ResidentSetSize of job (KB)
...
006 (979.000.000) 11/23 20:49:48 Image size of job updated: 62244
	48  -  MemoryUsage of job (MB)
	48440  -  ResidentSetSize of job (KB)
...
006 (979.000.000) 11/23 20:54:48 Image size of job updated: 140188
	108  -  MemoryUsage of job (MB)
	110548  -  ResidentSetSize of job (KB)
...
006 (979.000.000) 11/23 20:59:49 Image size of job updated: 240220
	206  -  MemoryUsage of job (MB)
	210580  -  ResidentSetSize of job (KB)
...
006 (979.000.000) 11/23 21:04:50 Image size of job updated: 255108
	221  -  MemoryUsage of job (MB)
	225468  -  ResidentSetSize of job (KB)
...
006 (979.000.000) 11/23 21:09:51 Image size of job updated: 258060
	224  -  MemoryUsage of job (MB)
	228420  -  ResidentSetSize of job (KB)
...
005 (979.000.000) 11/23 21:23:21 Job terminated.
	(1) Normal termination (return value 0)
		Usr 0 00:32:01, Sys 0 00:00:22  -  Run Remote Usage
		Usr 0 00:00:00, Sys 0 00:00:00  -  Run Local Usage
		Usr 0 00:32:01, Sys 0 00:00:22  -  Total Remote Usage
		Usr 0 00:00:00, Sys 0 00:00:00  -  Total Local Usage
	300089  -  Run Bytes Sent By Job
	1510  -  Run Bytes Received By Job
	300089  -  Total Bytes Sent By Job
	1510  -  Total Bytes Received By Job
	Partitionable Resources :    Usage  Request Allocated
	   Cpus                 :                 1         1
	   Disk (KB)            :   803803        2    586922
	   Memory (MB)          :      224     2000      2000
...
