000 (1247.000.000) 11/30 16:21:02 Job submitted from host: <128.142.196.38:9618?addrs=128.142.196.38-9618+[2001-1458-301-e2--100-20]-9618&noUDP&sock=164236_d05c_3>
...
001 (1247.000.000) 11/30 16:21:24 Job executing on host: <188.185.174.157:9618?addrs=188.185.174.157-9618+[--1]-9618&noUDP&sock=3201_32bf_11>
...
006 (1247.000.000) 11/30 16:21:32 Image size of job updated: 668
	1  -  MemoryUsage of job (MB)
	668  -  ResidentSetSize of job (KB)
...
006 (1247.000.000) 11/30 16:26:32 Image size of job updated: 688
	1  -  MemoryUsage of job (MB)
	688  -  ResidentSetSize of job (KB)
...
006 (1247.000.000) 11/30 16:31:34 Image size of job updated: 692
	1  -  MemoryUsage of job (MB)
	692  -  ResidentSetSize of job (KB)
...
006 (1247.000.000) 11/30 16:36:34 Image size of job updated: 696
	1  -  MemoryUsage of job (MB)
	696  -  ResidentSetSize of job (KB)
...
006 (1247.000.000) 11/30 16:41:35 Image size of job updated: 151004
	101  -  MemoryUsage of job (MB)
	103288  -  ResidentSetSize of job (KB)
...
006 (1247.000.000) 11/30 16:46:36 Image size of job updated: 253240
	201  -  MemoryUsage of job (MB)
	205508  -  ResidentSetSize of job (KB)
...
006 (1247.000.000) 11/30 16:51:36 Image size of job updated: 253260
	201  -  MemoryUsage of job (MB)
	205528  -  ResidentSetSize of job (KB)
...
006 (1247.000.000) 11/30 16:56:37 Image size of job updated: 267184
	215  -  MemoryUsage of job (MB)
	219452  -  ResidentSetSize of job (KB)
...
006 (1247.000.000) 11/30 17:01:37 Image size of job updated: 268108
	216  -  MemoryUsage of job (MB)
	220376  -  ResidentSetSize of job (KB)
...
005 (1247.000.000) 11/30 17:04:50 Job terminated.
	(1) Normal termination (return value 0)
		Usr 0 00:23:11, Sys 0 00:00:19  -  Run Remote Usage
		Usr 0 00:00:00, Sys 0 00:00:00  -  Run Local Usage
		Usr 0 00:23:11, Sys 0 00:00:19  -  Total Remote Usage
		Usr 0 00:00:00, Sys 0 00:00:00  -  Total Local Usage
	293480  -  Run Bytes Sent By Job
	1567  -  Run Bytes Received By Job
	293480  -  Total Bytes Sent By Job
	1567  -  Total Bytes Received By Job
	Partitionable Resources :    Usage  Request Allocated
	   Cpus                 :                 1         1
	   Disk (KB)            :   844237        2    597101
	   Memory (MB)          :      216     2000      2000
...
