000 (1276.000.000) 11/30 16:21:28 Job submitted from host: <128.142.196.38:9618?addrs=128.142.196.38-9618+[2001-1458-301-e2--100-20]-9618&noUDP&sock=164236_d05c_3>
...
001 (1276.000.000) 11/30 16:22:17 Job executing on host: <188.185.198.12:9618?addrs=188.185.198.12-9618+[--1]-9618&noUDP&sock=25289_0b09_3>
...
006 (1276.000.000) 11/30 16:22:25 Image size of job updated: 688
	1  -  MemoryUsage of job (MB)
	688  -  ResidentSetSize of job (KB)
...
006 (1276.000.000) 11/30 16:32:27 Image size of job updated: 692
	1  -  MemoryUsage of job (MB)
	692  -  ResidentSetSize of job (KB)
...
006 (1276.000.000) 11/30 16:37:26 Image size of job updated: 696
	1  -  MemoryUsage of job (MB)
	696  -  ResidentSetSize of job (KB)
...
006 (1276.000.000) 11/30 16:42:27 Image size of job updated: 30468
	28  -  MemoryUsage of job (MB)
	28460  -  ResidentSetSize of job (KB)
...
006 (1276.000.000) 11/30 16:47:28 Image size of job updated: 150240
	125  -  MemoryUsage of job (MB)
	127648  -  ResidentSetSize of job (KB)
...
006 (1276.000.000) 11/30 16:52:29 Image size of job updated: 183492
	157  -  MemoryUsage of job (MB)
	160176  -  ResidentSetSize of job (KB)
...
006 (1276.000.000) 11/30 16:57:28 Image size of job updated: 183496
	157  -  MemoryUsage of job (MB)
	160176  -  ResidentSetSize of job (KB)
...
006 (1276.000.000) 11/30 18:02:35 Image size of job updated: 183500
	157  -  MemoryUsage of job (MB)
	160176  -  ResidentSetSize of job (KB)
...
005 (1276.000.000) 11/30 18:29:31 Job terminated.
	(1) Normal termination (return value 0)
		Usr 0 01:44:02, Sys 0 00:00:44  -  Run Remote Usage
		Usr 0 00:00:00, Sys 0 00:00:00  -  Run Local Usage
		Usr 0 01:44:02, Sys 0 00:00:44  -  Total Remote Usage
		Usr 0 00:00:00, Sys 0 00:00:00  -  Total Local Usage
	294607  -  Run Bytes Sent By Job
	1567  -  Run Bytes Received By Job
	294607  -  Total Bytes Sent By Job
	1567  -  Total Bytes Received By Job
	Partitionable Resources :    Usage  Request Allocated
	   Cpus                 :                 1         1
	   Disk (KB)            :  1350809        2    590982
	   Memory (MB)          :      157     2000      2000
...
