000 (1110.000.000) 11/28 09:39:07 Job submitted from host: <128.142.196.38:9618?addrs=128.142.196.38-9618+[2001-1458-301-e2--100-20]-9618&noUDP&sock=164236_d05c_3>
...
001 (1110.000.000) 11/28 09:40:00 Job executing on host: <188.185.174.157:9618?addrs=188.185.174.157-9618+[--1]-9618&noUDP&sock=3201_32bf_11>
...
006 (1110.000.000) 11/28 09:40:09 Image size of job updated: 692
	1  -  MemoryUsage of job (MB)
	692  -  ResidentSetSize of job (KB)
...
006 (1110.000.000) 11/28 10:00:12 Image size of job updated: 157156
	126  -  MemoryUsage of job (MB)
	128036  -  ResidentSetSize of job (KB)
...
006 (1110.000.000) 11/28 10:05:12 Image size of job updated: 195296
	162  -  MemoryUsage of job (MB)
	165384  -  ResidentSetSize of job (KB)
...
006 (1110.000.000) 11/28 10:20:13 Image size of job updated: 195308
	162  -  MemoryUsage of job (MB)
	165384  -  ResidentSetSize of job (KB)
...
006 (1110.000.000) 11/28 10:25:14 Image size of job updated: 197784
	164  -  MemoryUsage of job (MB)
	167860  -  ResidentSetSize of job (KB)
...
006 (1110.000.000) 11/28 10:40:15 Image size of job updated: 197788
	164  -  MemoryUsage of job (MB)
	167860  -  ResidentSetSize of job (KB)
...
005 (1110.000.000) 11/28 10:56:06 Job terminated.
	(1) Normal termination (return value 0)
		Usr 0 00:56:51, Sys 0 00:00:15  -  Run Remote Usage
		Usr 0 00:00:00, Sys 0 00:00:00  -  Run Local Usage
		Usr 0 00:56:51, Sys 0 00:00:15  -  Total Remote Usage
		Usr 0 00:00:00, Sys 0 00:00:00  -  Total Local Usage
	300654  -  Run Bytes Sent By Job
	1510  -  Run Bytes Received By Job
	300654  -  Total Bytes Sent By Job
	1510  -  Total Bytes Received By Job
	Partitionable Resources :    Usage  Request Allocated
	   Cpus                 :                 1         1
	   Disk (KB)            :  1206312        2    616248
	   Memory (MB)          :      164     2000      2000
...
