000 (1096.000.000) 11/28 09:38:57 Job submitted from host: <128.142.196.38:9618?addrs=128.142.196.38-9618+[2001-1458-301-e2--100-20]-9618&noUDP&sock=164236_d05c_3>
...
001 (1096.000.000) 11/28 09:39:11 Job executing on host: <188.185.187.80:9618?addrs=188.185.187.80-9618+[--1]-9618&noUDP&sock=24402_5220_14>
...
006 (1096.000.000) 11/28 09:39:19 Image size of job updated: 688
	1  -  MemoryUsage of job (MB)
	688  -  ResidentSetSize of job (KB)
...
006 (1096.000.000) 11/28 09:44:19 Image size of job updated: 692
	1  -  MemoryUsage of job (MB)
	692  -  ResidentSetSize of job (KB)
...
006 (1096.000.000) 11/28 09:59:20 Image size of job updated: 216984
	106  -  MemoryUsage of job (MB)
	107664  -  ResidentSetSize of job (KB)
...
006 (1096.000.000) 11/28 10:04:22 Image size of job updated: 340276
	225  -  MemoryUsage of job (MB)
	230096  -  ResidentSetSize of job (KB)
...
006 (1096.000.000) 11/28 10:09:22 Image size of job updated: 340304
	225  -  MemoryUsage of job (MB)
	230112  -  ResidentSetSize of job (KB)
...
006 (1096.000.000) 11/28 10:14:23 Image size of job updated: 340344
	225  -  MemoryUsage of job (MB)
	230124  -  ResidentSetSize of job (KB)
...
005 (1096.000.000) 11/28 10:15:30 Job terminated.
	(1) Normal termination (return value 0)
		Usr 0 00:16:18, Sys 0 00:00:08  -  Run Remote Usage
		Usr 0 00:00:00, Sys 0 00:00:00  -  Run Local Usage
		Usr 0 00:16:18, Sys 0 00:00:08  -  Total Remote Usage
		Usr 0 00:00:00, Sys 0 00:00:00  -  Total Local Usage
	300390  -  Run Bytes Sent By Job
	1510  -  Run Bytes Received By Job
	300390  -  Total Bytes Sent By Job
	1510  -  Total Bytes Received By Job
	Partitionable Resources :    Usage  Request Allocated
	   Cpus                 :                 1         1
	   Disk (KB)            :   856214        2   2122127
	   Memory (MB)          :      225     2000      2000
...
