000 (1010.000.000) 11/23 20:24:13 Job submitted from host: <128.142.196.38:9618?addrs=128.142.196.38-9618+[2001-1458-301-e2--100-20]-9618&noUDP&sock=164236_d05c_3>
...
001 (1010.000.000) 11/23 20:24:47 Job executing on host: <188.185.187.5:9618?addrs=188.185.187.5-9618+[--1]-9618&noUDP&sock=25124_8d81_3>
...
006 (1010.000.000) 11/23 20:24:56 Image size of job updated: 684
	1  -  MemoryUsage of job (MB)
	684  -  ResidentSetSize of job (KB)
...
006 (1010.000.000) 11/23 20:44:58 Image size of job updated: 48916
	30  -  MemoryUsage of job (MB)
	29840  -  ResidentSetSize of job (KB)
...
006 (1010.000.000) 11/23 20:49:58 Image size of job updated: 273972
	160  -  MemoryUsage of job (MB)
	163728  -  ResidentSetSize of job (KB)
...
006 (1010.000.000) 11/23 20:54:59 Image size of job updated: 319820
	205  -  MemoryUsage of job (MB)
	209568  -  ResidentSetSize of job (KB)
...
006 (1010.000.000) 11/23 20:59:59 Image size of job updated: 319852
	205  -  MemoryUsage of job (MB)
	209568  -  ResidentSetSize of job (KB)
...
006 (1010.000.000) 11/23 21:05:01 Image size of job updated: 319856
	205  -  MemoryUsage of job (MB)
	209568  -  ResidentSetSize of job (KB)
...
006 (1010.000.000) 11/23 21:15:01 Image size of job updated: 319896
	205  -  MemoryUsage of job (MB)
	209568  -  ResidentSetSize of job (KB)
...
006 (1010.000.000) 11/23 21:20:02 Image size of job updated: 321524
	207  -  MemoryUsage of job (MB)
	211196  -  ResidentSetSize of job (KB)
...
006 (1010.000.000) 11/23 21:25:02 Image size of job updated: 321708
	207  -  MemoryUsage of job (MB)
	211196  -  ResidentSetSize of job (KB)
...
005 (1010.000.000) 11/23 21:31:27 Job terminated.
	(1) Normal termination (return value 0)
		Usr 0 00:44:31, Sys 0 00:00:09  -  Run Remote Usage
		Usr 0 00:00:00, Sys 0 00:00:00  -  Run Local Usage
		Usr 0 00:44:31, Sys 0 00:00:09  -  Total Remote Usage
		Usr 0 00:00:00, Sys 0 00:00:00  -  Total Local Usage
	300435  -  Run Bytes Sent By Job
	1510  -  Run Bytes Received By Job
	300435  -  Total Bytes Sent By Job
	1510  -  Total Bytes Received By Job
	Partitionable Resources :    Usage  Request Allocated
	   Cpus                 :                 1         1
	   Disk (KB)            :  1153549        2   1947642
	   Memory (MB)          :      207     2000      2000
...
