000 (966.000.000) 11/23 20:23:40 Job submitted from host: <128.142.196.38:9618?addrs=128.142.196.38-9618+[2001-1458-301-e2--100-20]-9618&noUDP&sock=164236_d05c_3>
...
001 (966.000.000) 11/23 20:24:29 Job executing on host: <188.185.189.83:9618?addrs=188.185.189.83-9618+[--1]-9618&noUDP&sock=1184964_a2ae_3>
...
006 (966.000.000) 11/23 20:24:38 Image size of job updated: 664
	1  -  MemoryUsage of job (MB)
	664  -  ResidentSetSize of job (KB)
...
006 (966.000.000) 11/23 20:29:38 Image size of job updated: 684
	1  -  MemoryUsage of job (MB)
	684  -  ResidentSetSize of job (KB)
...
006 (966.000.000) 11/23 20:34:38 Image size of job updated: 688
	1  -  MemoryUsage of job (MB)
	688  -  ResidentSetSize of job (KB)
...
006 (966.000.000) 11/23 20:49:40 Image size of job updated: 126008
	93  -  MemoryUsage of job (MB)
	94456  -  ResidentSetSize of job (KB)
...
006 (966.000.000) 11/23 20:54:41 Image size of job updated: 138736
	103  -  MemoryUsage of job (MB)
	104484  -  ResidentSetSize of job (KB)
...
006 (966.000.000) 11/23 20:59:40 Image size of job updated: 246180
	207  -  MemoryUsage of job (MB)
	211924  -  ResidentSetSize of job (KB)
...
005 (966.000.000) 11/23 21:02:13 Job terminated.
	(1) Normal termination (return value 0)
		Usr 0 00:11:51, Sys 0 00:02:11  -  Run Remote Usage
		Usr 0 00:00:00, Sys 0 00:00:00  -  Run Local Usage
		Usr 0 00:11:51, Sys 0 00:02:11  -  Total Remote Usage
		Usr 0 00:00:00, Sys 0 00:00:00  -  Total Local Usage
	299881  -  Run Bytes Sent By Job
	1510  -  Run Bytes Received By Job
	299881  -  Total Bytes Sent By Job
	1510  -  Total Bytes Received By Job
	Partitionable Resources :    Usage  Request Allocated
	   Cpus                 :                 1         1
	   Disk (KB)            :   738647        2    582745
	   Memory (MB)          :      207     2000      2000
...
