000 (1119.000.000) 11/28 09:39:14 Job submitted from host: <128.142.196.38:9618?addrs=128.142.196.38-9618+[2001-1458-301-e2--100-20]-9618&noUDP&sock=164236_d05c_3>
...
001 (1119.000.000) 11/28 09:40:04 Job executing on host: <188.185.192.87:9618?addrs=188.185.192.87-9618+[--1]-9618&noUDP&sock=31834_0dfc_10>
...
006 (1119.000.000) 11/28 09:40:12 Image size of job updated: 684
	1  -  MemoryUsage of job (MB)
	684  -  ResidentSetSize of job (KB)
...
006 (1119.000.000) 11/28 09:50:14 Image size of job updated: 688
	1  -  MemoryUsage of job (MB)
	688  -  ResidentSetSize of job (KB)
...
006 (1119.000.000) 11/28 10:05:14 Image size of job updated: 44060
	33  -  MemoryUsage of job (MB)
	33512  -  ResidentSetSize of job (KB)
...
006 (1119.000.000) 11/28 10:10:17 Image size of job updated: 171628
	151  -  MemoryUsage of job (MB)
	153820  -  ResidentSetSize of job (KB)
...
006 (1119.000.000) 11/28 10:15:16 Image size of job updated: 184924
	164  -  MemoryUsage of job (MB)
	167116  -  ResidentSetSize of job (KB)
...
006 (1119.000.000) 11/28 10:20:16 Image size of job updated: 184928
	164  -  MemoryUsage of job (MB)
	167120  -  ResidentSetSize of job (KB)
...
006 (1119.000.000) 11/28 10:25:17 Image size of job updated: 205052
	183  -  MemoryUsage of job (MB)
	187244  -  ResidentSetSize of job (KB)
...
006 (1119.000.000) 11/28 10:30:17 Image size of job updated: 205512
	184  -  MemoryUsage of job (MB)
	187704  -  ResidentSetSize of job (KB)
...
006 (1119.000.000) 11/28 10:35:18 Image size of job updated: 206444
	185  -  MemoryUsage of job (MB)
	188636  -  ResidentSetSize of job (KB)
...
006 (1119.000.000) 11/28 12:01:15 Image size of job updated: 206452
	185  -  MemoryUsage of job (MB)
	188636  -  ResidentSetSize of job (KB)
...
006 (1119.000.000) 11/28 12:21:18 Image size of job updated: 209668
	188  -  MemoryUsage of job (MB)
	191852  -  ResidentSetSize of job (KB)
...
005 (1119.000.000) 11/28 12:30:22 Job terminated.
	(1) Normal termination (return value 0)
		Usr 0 02:10:15, Sys 0 00:10:42  -  Run Remote Usage
		Usr 0 00:00:00, Sys 0 00:00:00  -  Run Local Usage
		Usr 0 02:10:15, Sys 0 00:10:42  -  Total Remote Usage
		Usr 0 00:00:00, Sys 0 00:00:00  -  Total Local Usage
	304576  -  Run Bytes Sent By Job
	1510  -  Run Bytes Received By Job
	304576  -  Total Bytes Sent By Job
	1510  -  Total Bytes Received By Job
	Partitionable Resources :    Usage  Request Allocated
	   Cpus                 :                 1         1
	   Disk (KB)            :  1771691        2    614348
	   Memory (MB)          :      188     2000      2000
...
