000 (1306.000.000) 11/30 16:21:54 Job submitted from host: <128.142.196.38:9618?addrs=128.142.196.38-9618+[2001-1458-301-e2--100-20]-9618&noUDP&sock=164236_d05c_3>
...
001 (1306.000.000) 11/30 16:22:19 Job executing on host: <188.185.198.96:9618?addrs=188.185.198.96-9618+[--1]-9618&noUDP&sock=32377_d251_3>
...
006 (1306.000.000) 11/30 16:22:28 Image size of job updated: 684
	1  -  MemoryUsage of job (MB)
	684  -  ResidentSetSize of job (KB)
...
006 (1306.000.000) 11/30 16:32:29 Image size of job updated: 688
	1  -  MemoryUsage of job (MB)
	688  -  ResidentSetSize of job (KB)
...
006 (1306.000.000) 11/30 16:37:30 Image size of job updated: 692
	1  -  MemoryUsage of job (MB)
	692  -  ResidentSetSize of job (KB)
...
006 (1306.000.000) 11/30 16:42:30 Image size of job updated: 28148
	24  -  MemoryUsage of job (MB)
	23820  -  ResidentSetSize of job (KB)
...
006 (1306.000.000) 11/30 16:47:31 Image size of job updated: 215556
	143  -  MemoryUsage of job (MB)
	146240  -  ResidentSetSize of job (KB)
...
006 (1306.000.000) 11/30 16:52:32 Image size of job updated: 235460
	163  -  MemoryUsage of job (MB)
	166144  -  ResidentSetSize of job (KB)
...
006 (1306.000.000) 11/30 17:27:35 Image size of job updated: 255684
	182  -  MemoryUsage of job (MB)
	186368  -  ResidentSetSize of job (KB)
...
006 (1306.000.000) 11/30 19:12:45 Image size of job updated: 255688
	182  -  MemoryUsage of job (MB)
	186368  -  ResidentSetSize of job (KB)
...
005 (1306.000.000) 11/30 19:20:12 Job terminated.
	(1) Normal termination (return value 0)
		Usr 0 02:34:39, Sys 0 00:00:49  -  Run Remote Usage
		Usr 0 00:00:00, Sys 0 00:00:00  -  Run Local Usage
		Usr 0 02:34:39, Sys 0 00:00:49  -  Total Remote Usage
		Usr 0 00:00:00, Sys 0 00:00:00  -  Total Local Usage
	295422  -  Run Bytes Sent By Job
	1567  -  Run Bytes Received By Job
	295422  -  Total Bytes Sent By Job
	1567  -  Total Bytes Received By Job
	Partitionable Resources :    Usage  Request Allocated
	   Cpus                 :                 1         1
	   Disk (KB)            :  1955618        2    580308
	   Memory (MB)          :      182     2000      2000
...
