000 (1015.000.000) 11/23 20:24:16 Job submitted from host: <128.142.196.38:9618?addrs=128.142.196.38-9618+[2001-1458-301-e2--100-20]-9618&noUDP&sock=164236_d05c_3>
...
001 (1015.000.000) 11/23 20:24:52 Job executing on host: <188.185.187.198:9618?addrs=188.185.187.198-9618+[--1]-9618&noUDP&sock=25360_6dda_8>
...
006 (1015.000.000) 11/23 20:25:00 Image size of job updated: 672
	1  -  MemoryUsage of job (MB)
	656  -  ResidentSetSize of job (KB)
...
006 (1015.000.000) 11/23 20:30:00 Image size of job updated: 696
	1  -  MemoryUsage of job (MB)
	680  -  ResidentSetSize of job (KB)
...
006 (1015.000.000) 11/23 20:35:00 Image size of job updated: 700
	1  -  MemoryUsage of job (MB)
	684  -  ResidentSetSize of job (KB)
...
006 (1015.000.000) 11/23 20:45:01 Image size of job updated: 30672
	24  -  MemoryUsage of job (MB)
	24012  -  ResidentSetSize of job (KB)
...
006 (1015.000.000) 11/23 20:50:02 Image size of job updated: 270936
	156  -  MemoryUsage of job (MB)
	159696  -  ResidentSetSize of job (KB)
...
006 (1015.000.000) 11/23 20:55:02 Image size of job updated: 293688
	179  -  MemoryUsage of job (MB)
	182340  -  ResidentSetSize of job (KB)
...
006 (1015.000.000) 11/23 21:00:03 Image size of job updated: 294532
	179  -  MemoryUsage of job (MB)
	183172  -  ResidentSetSize of job (KB)
...
006 (1015.000.000) 11/23 21:05:03 Image size of job updated: 294644
	179  -  MemoryUsage of job (MB)
	183272  -  ResidentSetSize of job (KB)
...
006 (1015.000.000) 11/23 21:10:04 Image size of job updated: 294828
	179  -  MemoryUsage of job (MB)
	183272  -  ResidentSetSize of job (KB)
...
006 (1015.000.000) 11/23 21:25:05 Image size of job updated: 298480
	183  -  MemoryUsage of job (MB)
	186924  -  ResidentSetSize of job (KB)
...
006 (1015.000.000) 11/23 21:30:05 Image size of job updated: 298488
	183  -  MemoryUsage of job (MB)
	186924  -  ResidentSetSize of job (KB)
...
006 (1015.000.000) 11/23 21:45:07 Image size of job updated: 298504
	183  -  MemoryUsage of job (MB)
	186924  -  ResidentSetSize of job (KB)
...
006 (1015.000.000) 11/23 21:50:07 Image size of job updated: 298508
	183  -  MemoryUsage of job (MB)
	186924  -  ResidentSetSize of job (KB)
...
006 (1015.000.000) 11/23 21:55:08 Image size of job updated: 301312
	186  -  MemoryUsage of job (MB)
	189728  -  ResidentSetSize of job (KB)
...
006 (1015.000.000) 11/23 22:05:09 Image size of job updated: 301380
	186  -  MemoryUsage of job (MB)
	189728  -  ResidentSetSize of job (KB)
...
005 (1015.000.000) 11/23 22:17:14 Job terminated.
	(1) Normal termination (return value 0)
		Usr 0 01:29:28, Sys 0 00:00:11  -  Run Remote Usage
		Usr 0 00:00:00, Sys 0 00:00:00  -  Run Local Usage
		Usr 0 01:29:28, Sys 0 00:00:11  -  Total Remote Usage
		Usr 0 00:00:00, Sys 0 00:00:00  -  Total Local Usage
	301898  -  Run Bytes Sent By Job
	1510  -  Run Bytes Received By Job
	301898  -  Total Bytes Sent By Job
	1510  -  Total Bytes Received By Job
	Partitionable Resources :    Usage  Request Allocated
	   Cpus                 :                 1         1
	   Disk (KB)            :  1703300        2   1949768
	   Memory (MB)          :      186     2000      2000
...
