000 (1063.000.000) 11/28 09:38:34 Job submitted from host: <128.142.196.38:9618?addrs=128.142.196.38-9618+[2001-1458-301-e2--100-20]-9618&noUDP&sock=164236_d05c_3>
...
001 (1063.000.000) 11/28 09:39:03 Job executing on host: <188.185.180.233:9618?addrs=188.185.180.233-9618+[--1]-9618&noUDP&sock=23729_b2e3_13>
...
006 (1063.000.000) 11/28 09:39:11 Image size of job updated: 664
	1  -  MemoryUsage of job (MB)
	664  -  ResidentSetSize of job (KB)
...
006 (1063.000.000) 11/28 09:44:11 Image size of job updated: 688
	1  -  MemoryUsage of job (MB)
	688  -  ResidentSetSize of job (KB)
...
006 (1063.000.000) 11/28 09:49:13 Image size of job updated: 692
	1  -  MemoryUsage of job (MB)
	692  -  ResidentSetSize of job (KB)
...
006 (1063.000.000) 11/28 10:04:14 Image size of job updated: 32212
	30  -  MemoryUsage of job (MB)
	29868  -  ResidentSetSize of job (KB)
...
006 (1063.000.000) 11/28 10:09:14 Image size of job updated: 141668
	102  -  MemoryUsage of job (MB)
	104264  -  ResidentSetSize of job (KB)
...
006 (1063.000.000) 11/28 10:14:15 Image size of job updated: 242260
	200  -  MemoryUsage of job (MB)
	204048  -  ResidentSetSize of job (KB)
...
006 (1063.000.000) 11/28 10:19:15 Image size of job updated: 256272
	213  -  MemoryUsage of job (MB)
	218048  -  ResidentSetSize of job (KB)
...
005 (1063.000.000) 11/28 10:21:04 Job terminated.
	(1) Normal termination (return value 0)
		Usr 0 00:14:25, Sys 0 00:02:24  -  Run Remote Usage
		Usr 0 00:00:00, Sys 0 00:00:00  -  Run Local Usage
		Usr 0 00:14:25, Sys 0 00:02:24  -  Total Remote Usage
		Usr 0 00:00:00, Sys 0 00:00:00  -  Total Local Usage
	300140  -  Run Bytes Sent By Job
	1510  -  Run Bytes Received By Job
	300140  -  Total Bytes Sent By Job
	1510  -  Total Bytes Received By Job
	Partitionable Resources :    Usage  Request Allocated
	   Cpus                 :                 1         1
	   Disk (KB)            :   764568        2    613996
	   Memory (MB)          :      213     2000      2000
...
