000 (1127.000.000) 11/28 09:39:20 Job submitted from host: <128.142.196.38:9618?addrs=128.142.196.38-9618+[2001-1458-301-e2--100-20]-9618&noUDP&sock=164236_d05c_3>
...
001 (1127.000.000) 11/28 09:40:07 Job executing on host: <188.185.192.198:9618?addrs=188.185.192.198-9618+[--1]-9618&noUDP&sock=7509_1871_3>
...
006 (1127.000.000) 11/28 09:40:17 Image size of job updated: 684
	1  -  MemoryUsage of job (MB)
	684  -  ResidentSetSize of job (KB)
...
006 (1127.000.000) 11/28 09:50:19 Image size of job updated: 688
	1  -  MemoryUsage of job (MB)
	688  -  ResidentSetSize of job (KB)
...
006 (1127.000.000) 11/28 10:00:21 Image size of job updated: 40716
	32  -  MemoryUsage of job (MB)
	32468  -  ResidentSetSize of job (KB)
...
006 (1127.000.000) 11/28 10:05:21 Image size of job updated: 192232
	159  -  MemoryUsage of job (MB)
	162500  -  ResidentSetSize of job (KB)
...
006 (1127.000.000) 11/28 10:10:21 Image size of job updated: 197532
	164  -  MemoryUsage of job (MB)
	167800  -  ResidentSetSize of job (KB)
...
006 (1127.000.000) 11/28 10:15:21 Image size of job updated: 199796
	167  -  MemoryUsage of job (MB)
	170064  -  ResidentSetSize of job (KB)
...
006 (1127.000.000) 11/28 10:20:21 Image size of job updated: 201244
	168  -  MemoryUsage of job (MB)
	171512  -  ResidentSetSize of job (KB)
...
006 (1127.000.000) 11/28 10:30:23 Image size of job updated: 201248
	168  -  MemoryUsage of job (MB)
	171512  -  ResidentSetSize of job (KB)
...
006 (1127.000.000) 11/28 10:40:24 Image size of job updated: 215788
	182  -  MemoryUsage of job (MB)
	186028  -  ResidentSetSize of job (KB)
...
006 (1127.000.000) 11/28 11:10:28 Image size of job updated: 218544
	185  -  MemoryUsage of job (MB)
	188784  -  ResidentSetSize of job (KB)
...
006 (1127.000.000) 11/28 11:25:29 Image size of job updated: 221748
	188  -  MemoryUsage of job (MB)
	191988  -  ResidentSetSize of job (KB)
...
006 (1127.000.000) 11/28 11:55:32 Image size of job updated: 221768
	188  -  MemoryUsage of job (MB)
	192008  -  ResidentSetSize of job (KB)
...
005 (1127.000.000) 11/28 12:08:18 Job terminated.
	(1) Normal termination (return value 0)
		Usr 0 02:03:08, Sys 0 00:07:20  -  Run Remote Usage
		Usr 0 00:00:00, Sys 0 00:00:00  -  Run Local Usage
		Usr 0 02:03:08, Sys 0 00:07:20  -  Total Remote Usage
		Usr 0 00:00:00, Sys 0 00:00:00  -  Total Local Usage
	303026  -  Run Bytes Sent By Job
	1510  -  Run Bytes Received By Job
	303026  -  Total Bytes Sent By Job
	1510  -  Total Bytes Received By Job
	Partitionable Resources :    Usage  Request Allocated
	   Cpus                 :                 1         1
	   Disk (KB)            :  1759892        2    613039
	   Memory (MB)          :      188     2000      2000
...
