000 (1095.000.000) 11/28 09:38:57 Job submitted from host: <128.142.196.38:9618?addrs=128.142.196.38-9618+[2001-1458-301-e2--100-20]-9618&noUDP&sock=164236_d05c_3>
...
001 (1095.000.000) 11/28 09:39:14 Job executing on host: <188.185.187.229:9618?addrs=188.185.187.229-9618+[--1]-9618&noUDP&sock=25120_cf20_14>
...
006 (1095.000.000) 11/28 09:39:23 Image size of job updated: 684
	1  -  MemoryUsage of job (MB)
	684  -  ResidentSetSize of job (KB)
...
006 (1095.000.000) 11/28 09:49:25 Image size of job updated: 688
	1  -  MemoryUsage of job (MB)
	688  -  ResidentSetSize of job (KB)
...
006 (1095.000.000) 11/28 09:59:27 Image size of job updated: 218008
	107  -  MemoryUsage of job (MB)
	108708  -  ResidentSetSize of job (KB)
...
006 (1095.000.000) 11/28 10:04:27 Image size of job updated: 335648
	221  -  MemoryUsage of job (MB)
	225536  -  ResidentSetSize of job (KB)
...
006 (1095.000.000) 11/28 10:09:28 Image size of job updated: 335668
	221  -  MemoryUsage of job (MB)
	225540  -  ResidentSetSize of job (KB)
...
006 (1095.000.000) 11/28 10:14:29 Image size of job updated: 337080
	222  -  MemoryUsage of job (MB)
	226656  -  ResidentSetSize of job (KB)
...
005 (1095.000.000) 11/28 10:15:18 Job terminated.
	(1) Normal termination (return value 0)
		Usr 0 00:16:12, Sys 0 00:00:08  -  Run Remote Usage
		Usr 0 00:00:00, Sys 0 00:00:00  -  Run Local Usage
		Usr 0 00:16:12, Sys 0 00:00:08  -  Total Remote Usage
		Usr 0 00:00:00, Sys 0 00:00:00  -  Total Local Usage
	300195  -  Run Bytes Sent By Job
	1510  -  Run Bytes Received By Job
	300195  -  Total Bytes Sent By Job
	1510  -  Total Bytes Received By Job
	Partitionable Resources :    Usage  Request Allocated
	   Cpus                 :                 1         1
	   Disk (KB)            :   879926        2   2123453
	   Memory (MB)          :      222     2000      2000
...
