000 (1294.000.000) 11/30 16:21:42 Job submitted from host: <128.142.196.38:9618?addrs=128.142.196.38-9618+[2001-1458-301-e2--100-20]-9618&noUDP&sock=164236_d05c_3>
...
001 (1294.000.000) 11/30 16:22:15 Job executing on host: <188.185.198.104:9618?addrs=188.185.198.104-9618+[--1]-9618&noUDP&sock=32513_1b32_3>
...
006 (1294.000.000) 11/30 16:22:23 Image size of job updated: 684
	1  -  MemoryUsage of job (MB)
	684  -  ResidentSetSize of job (KB)
...
006 (1294.000.000) 11/30 16:32:24 Image size of job updated: 688
	1  -  MemoryUsage of job (MB)
	688  -  ResidentSetSize of job (KB)
...
006 (1294.000.000) 11/30 16:37:24 Image size of job updated: 692
	1  -  MemoryUsage of job (MB)
	692  -  ResidentSetSize of job (KB)
...
006 (1294.000.000) 11/30 16:42:25 Image size of job updated: 35160
	30  -  MemoryUsage of job (MB)
	29936  -  ResidentSetSize of job (KB)
...
006 (1294.000.000) 11/30 16:47:26 Image size of job updated: 181972
	156  -  MemoryUsage of job (MB)
	158820  -  ResidentSetSize of job (KB)
...
006 (1294.000.000) 11/30 16:52:26 Image size of job updated: 188456
	162  -  MemoryUsage of job (MB)
	165252  -  ResidentSetSize of job (KB)
...
006 (1294.000.000) 11/30 17:12:30 Image size of job updated: 189868
	163  -  MemoryUsage of job (MB)
	166664  -  ResidentSetSize of job (KB)
...
006 (1294.000.000) 11/30 19:37:46 Image size of job updated: 193280
	167  -  MemoryUsage of job (MB)
	170076  -  ResidentSetSize of job (KB)
...
005 (1294.000.000) 11/30 19:41:41 Job terminated.
	(1) Normal termination (return value 0)
		Usr 0 02:56:24, Sys 0 00:00:28  -  Run Remote Usage
		Usr 0 00:00:00, Sys 0 00:00:00  -  Run Local Usage
		Usr 0 02:56:24, Sys 0 00:00:28  -  Total Remote Usage
		Usr 0 00:00:00, Sys 0 00:00:00  -  Total Local Usage
	295531  -  Run Bytes Sent By Job
	1567  -  Run Bytes Received By Job
	295531  -  Total Bytes Sent By Job
	1567  -  Total Bytes Received By Job
	Partitionable Resources :    Usage  Request Allocated
	   Cpus                 :                 1         1
	   Disk (KB)            :  1950165        2    580925
	   Memory (MB)          :      167     2000      2000
...
