000 (1100.000.000) 11/28 09:39:00 Job submitted from host: <128.142.196.38:9618?addrs=128.142.196.38-9618+[2001-1458-301-e2--100-20]-9618&noUDP&sock=164236_d05c_3>
...
001 (1100.000.000) 11/28 09:39:13 Job executing on host: <188.185.251.69:9618?addrs=188.185.251.69-9618+[--1]-9618&noUDP&sock=31381_5595_13>
...
006 (1100.000.000) 11/28 09:39:22 Image size of job updated: 680
	1  -  MemoryUsage of job (MB)
	680  -  ResidentSetSize of job (KB)
...
006 (1100.000.000) 11/28 09:49:24 Image size of job updated: 684
	1  -  MemoryUsage of job (MB)
	684  -  ResidentSetSize of job (KB)
...
006 (1100.000.000) 11/28 09:59:25 Image size of job updated: 235628
	124  -  MemoryUsage of job (MB)
	126336  -  ResidentSetSize of job (KB)
...
006 (1100.000.000) 11/28 10:04:26 Image size of job updated: 278024
	164  -  MemoryUsage of job (MB)
	167820  -  ResidentSetSize of job (KB)
...
006 (1100.000.000) 11/28 10:09:26 Image size of job updated: 309952
	196  -  MemoryUsage of job (MB)
	199748  -  ResidentSetSize of job (KB)
...
006 (1100.000.000) 11/28 10:14:27 Image size of job updated: 310176
	196  -  MemoryUsage of job (MB)
	199748  -  ResidentSetSize of job (KB)
...
006 (1100.000.000) 11/28 10:19:27 Image size of job updated: 310180
	196  -  MemoryUsage of job (MB)
	199748  -  ResidentSetSize of job (KB)
...
006 (1100.000.000) 11/28 10:24:29 Image size of job updated: 310184
	196  -  MemoryUsage of job (MB)
	199748  -  ResidentSetSize of job (KB)
...
005 (1100.000.000) 11/28 10:40:22 Job terminated.
	(1) Normal termination (return value 0)
		Usr 0 00:40:58, Sys 0 00:00:08  -  Run Remote Usage
		Usr 0 00:00:00, Sys 0 00:00:00  -  Run Local Usage
		Usr 0 00:40:58, Sys 0 00:00:08  -  Total Remote Usage
		Usr 0 00:00:00, Sys 0 00:00:00  -  Total Local Usage
	300534  -  Run Bytes Sent By Job
	1510  -  Run Bytes Received By Job
	300534  -  Total Bytes Sent By Job
	1510  -  Total Bytes Received By Job
	Partitionable Resources :    Usage  Request Allocated
	   Cpus                 :                 1         1
	   Disk (KB)            :  1203953        2   2116375
	   Memory (MB)          :      196     2000      2000
...
