000 (1249.000.000) 11/30 16:21:04 Job submitted from host: <128.142.196.38:9618?addrs=128.142.196.38-9618+[2001-1458-301-e2--100-20]-9618&noUDP&sock=164236_d05c_3>
...
001 (1249.000.000) 11/30 16:21:29 Job executing on host: <188.185.192.87:9618?addrs=188.185.192.87-9618+[--1]-9618&noUDP&sock=31834_0dfc_10>
...
006 (1249.000.000) 11/30 16:21:38 Image size of job updated: 668
	1  -  MemoryUsage of job (MB)
	660  -  ResidentSetSize of job (KB)
...
006 (1249.000.000) 11/30 16:26:39 Image size of job updated: 692
	1  -  MemoryUsage of job (MB)
	684  -  ResidentSetSize of job (KB)
...
006 (1249.000.000) 11/30 16:31:40 Image size of job updated: 696
	1  -  MemoryUsage of job (MB)
	688  -  ResidentSetSize of job (KB)
...
006 (1249.000.000) 11/30 16:36:41 Image size of job updated: 696
	1  -  MemoryUsage of job (MB)
	692  -  ResidentSetSize of job (KB)
...
006 (1249.000.000) 11/30 16:41:42 Image size of job updated: 149800
	92  -  MemoryUsage of job (MB)
	93816  -  ResidentSetSize of job (KB)
...
006 (1249.000.000) 11/30 16:46:41 Image size of job updated: 167220
	104  -  MemoryUsage of job (MB)
	106024  -  ResidentSetSize of job (KB)
...
006 (1249.000.000) 11/30 16:51:42 Image size of job updated: 268472
	203  -  MemoryUsage of job (MB)
	207276  -  ResidentSetSize of job (KB)
...
006 (1249.000.000) 11/30 16:56:42 Image size of job updated: 282424
	217  -  MemoryUsage of job (MB)
	221228  -  ResidentSetSize of job (KB)
...
006 (1249.000.000) 11/30 17:01:43 Image size of job updated: 282524
	217  -  MemoryUsage of job (MB)
	221328  -  ResidentSetSize of job (KB)
...
005 (1249.000.000) 11/30 17:05:18 Job terminated.
	(1) Normal termination (return value 0)
		Usr 0 00:22:41, Sys 0 00:00:21  -  Run Remote Usage
		Usr 0 00:00:00, Sys 0 00:00:00  -  Run Local Usage
		Usr 0 00:22:41, Sys 0 00:00:21  -  Total Remote Usage
		Usr 0 00:00:00, Sys 0 00:00:00  -  Total Local Usage
	293504  -  Run Bytes Sent By Job
	1567  -  Run Bytes Received By Job
	293504  -  Total Bytes Sent By Job
	1567  -  Total Bytes Received By Job
	Partitionable Resources :    Usage  Request Allocated
	   Cpus                 :                 1         1
	   Disk (KB)            :   844552        2    596557
	   Memory (MB)          :      217     2000      2000
...
