000 (985.000.000) 11/23 20:23:54 Job submitted from host: <128.142.196.38:9618?addrs=128.142.196.38-9618+[2001-1458-301-e2--100-20]-9618&noUDP&sock=164236_d05c_3>
...
001 (985.000.000) 11/23 20:24:37 Job executing on host: <188.185.192.21:9618?addrs=188.185.192.21-9618+[--1]-9618&noUDP&sock=24787_6616_3>
...
006 (985.000.000) 11/23 20:24:45 Image size of job updated: 684
	1  -  MemoryUsage of job (MB)
	684  -  ResidentSetSize of job (KB)
...
006 (985.000.000) 11/23 20:34:46 Image size of job updated: 688
	1  -  MemoryUsage of job (MB)
	688  -  ResidentSetSize of job (KB)
...
006 (985.000.000) 11/23 20:44:47 Image size of job updated: 6400
	7  -  MemoryUsage of job (MB)
	6400  -  ResidentSetSize of job (KB)
...
006 (985.000.000) 11/23 20:49:47 Image size of job updated: 135432
	107  -  MemoryUsage of job (MB)
	108584  -  ResidentSetSize of job (KB)
...
006 (985.000.000) 11/23 20:59:48 Image size of job updated: 236632
	205  -  MemoryUsage of job (MB)
	209728  -  ResidentSetSize of job (KB)
...
006 (985.000.000) 11/23 21:04:49 Image size of job updated: 310600
	278  -  MemoryUsage of job (MB)
	283696  -  ResidentSetSize of job (KB)
...
006 (985.000.000) 11/23 21:09:49 Image size of job updated: 310704
	278  -  MemoryUsage of job (MB)
	283800  -  ResidentSetSize of job (KB)
...
006 (985.000.000) 11/23 21:19:51 Image size of job updated: 312848
	280  -  MemoryUsage of job (MB)
	285944  -  ResidentSetSize of job (KB)
...
006 (985.000.000) 11/23 21:24:51 Image size of job updated: 313860
	281  -  MemoryUsage of job (MB)
	286956  -  ResidentSetSize of job (KB)
...
005 (985.000.000) 11/23 21:26:23 Job terminated.
	(1) Normal termination (return value 0)
		Usr 0 00:35:37, Sys 0 00:00:19  -  Run Remote Usage
		Usr 0 00:00:00, Sys 0 00:00:00  -  Run Local Usage
		Usr 0 00:35:37, Sys 0 00:00:19  -  Total Remote Usage
		Usr 0 00:00:00, Sys 0 00:00:00  -  Total Local Usage
	300225  -  Run Bytes Sent By Job
	1510  -  Run Bytes Received By Job
	300225  -  Total Bytes Sent By Job
	1510  -  Total Bytes Received By Job
	Partitionable Resources :    Usage  Request Allocated
	   Cpus                 :                 1         1
	   Disk (KB)            :   835744        2    589401
	   Memory (MB)          :      281     2000      2000
...
