000 (1154.000.000) 11/30 08:48:34 Job submitted from host: <128.142.196.38:9618?addrs=128.142.196.38-9618+[2001-1458-301-e2--100-20]-9618&noUDP&sock=164236_d05c_3>
...
001 (1154.000.000) 11/30 08:49:33 Job executing on host: <188.185.128.231:9618?addrs=188.185.128.231-9618+[--1]-9618&noUDP&sock=24154_36a3_3>
...
006 (1154.000.000) 11/30 08:49:42 Image size of job updated: 664
	1  -  MemoryUsage of job (MB)
	664  -  ResidentSetSize of job (KB)
...
006 (1154.000.000) 11/30 08:54:42 Image size of job updated: 688
	1  -  MemoryUsage of job (MB)
	688  -  ResidentSetSize of job (KB)
...
005 (1154.000.000) 11/30 09:32:20 Job terminated.
	(1) Normal termination (return value 0)
		Usr 0 00:18:17, Sys 0 00:00:27  -  Run Remote Usage
		Usr 0 00:00:00, Sys 0 00:00:00  -  Run Local Usage
		Usr 0 00:18:17, Sys 0 00:00:27  -  Total Remote Usage
		Usr 0 00:00:00, Sys 0 00:00:00  -  Total Local Usage
	1567  -  Run Bytes Sent By Job
	293303  -  Run Bytes Received By Job
	1567  -  Total Bytes Sent By Job
	293303  -  Total Bytes Received By Job
...
