000 (1225.000.000) 11/30 08:49:15 Job submitted from host: <128.142.196.38:9618?addrs=128.142.196.38-9618+[2001-1458-301-e2--100-20]-9618&noUDP&sock=164236_d05c_3>
...
001 (1225.000.000) 11/30 08:49:55 Job executing on host: <188.185.187.206:9618?addrs=188.185.187.206-9618+[--1]-9618&noUDP&sock=25451_d8f9_3>
...
006 (1225.000.000) 11/30 08:50:04 Image size of job updated: 664
	1  -  MemoryUsage of job (MB)
	664  -  ResidentSetSize of job (KB)
...
006 (1225.000.000) 11/30 08:55:04 Image size of job updated: 688
	1  -  MemoryUsage of job (MB)
	688  -  ResidentSetSize of job (KB)
...
005 (1225.000.000) 11/30 11:01:36 Job terminated.
	(1) Normal termination (return value 0)
		Usr 0 01:44:47, Sys 0 00:00:09  -  Run Remote Usage
		Usr 0 00:00:00, Sys 0 00:00:00  -  Run Local Usage
		Usr 0 01:44:47, Sys 0 00:00:09  -  Total Remote Usage
		Usr 0 00:00:00, Sys 0 00:00:00  -  Total Local Usage
	1567  -  Run Bytes Sent By Job
	294912  -  Run Bytes Received By Job
	1567  -  Total Bytes Sent By Job
	294912  -  Total Bytes Received By Job
...
