000 (1265.000.000) 11/30 16:21:18 Job submitted from host: <128.142.196.38:9618?addrs=128.142.196.38-9618+[2001-1458-301-e2--100-20]-9618&noUDP&sock=164236_d05c_3>
...
001 (1265.000.000) 11/30 16:21:30 Job executing on host: <188.185.173.116:9618?addrs=188.185.173.116-9618+[--1]-9618&noUDP&sock=2204540_f77f_3>
...
006 (1265.000.000) 11/30 16:21:39 Image size of job updated: 660
	1  -  MemoryUsage of job (MB)
	660  -  ResidentSetSize of job (KB)
...
006 (1265.000.000) 11/30 16:26:39 Image size of job updated: 688
	1  -  MemoryUsage of job (MB)
	688  -  ResidentSetSize of job (KB)
...
006 (1265.000.000) 11/30 16:36:41 Image size of job updated: 692
	1  -  MemoryUsage of job (MB)
	692  -  ResidentSetSize of job (KB)
...
006 (1265.000.000) 11/30 16:41:40 Image size of job updated: 34984
	28  -  MemoryUsage of job (MB)
	27720  -  ResidentSetSize of job (KB)
...
006 (1265.000.000) 11/30 16:46:42 Image size of job updated: 223260
	112  -  MemoryUsage of job (MB)
	113884  -  ResidentSetSize of job (KB)
...
006 (1265.000.000) 11/30 16:51:41 Image size of job updated: 301856
	188  -  MemoryUsage of job (MB)
	191752  -  ResidentSetSize of job (KB)
...
006 (1265.000.000) 11/30 16:56:42 Image size of job updated: 315812
	201  -  MemoryUsage of job (MB)
	205692  -  ResidentSetSize of job (KB)
...
006 (1265.000.000) 11/30 17:01:42 Image size of job updated: 316292
	202  -  MemoryUsage of job (MB)
	206156  -  ResidentSetSize of job (KB)
...
006 (1265.000.000) 11/30 17:06:43 Image size of job updated: 317088
	202  -  MemoryUsage of job (MB)
	206808  -  ResidentSetSize of job (KB)
...
006 (1265.000.000) 11/30 17:11:43 Image size of job updated: 317320
	203  -  MemoryUsage of job (MB)
	207036  -  ResidentSetSize of job (KB)
...
005 (1265.000.000) 11/30 17:28:20 Job terminated.
	(1) Normal termination (return value 0)
		Usr 0 00:44:08, Sys 0 00:00:35  -  Run Remote Usage
		Usr 0 00:00:00, Sys 0 00:00:00  -  Run Local Usage
		Usr 0 00:44:08, Sys 0 00:00:35  -  Total Remote Usage
		Usr 0 00:00:00, Sys 0 00:00:00  -  Total Local Usage
	293719  -  Run Bytes Sent By Job
	1567  -  Run Bytes Received By Job
	293719  -  Total Bytes Sent By Job
	1567  -  Total Bytes Received By Job
	Partitionable Resources :    Usage  Request Allocated
	   Cpus                 :                 1         1
	   Disk (KB)            :   990475        2    598514
	   Memory (MB)          :      203     2000      2000
...
