000 (1251.000.000) 11/30 16:21:06 Job submitted from host: <128.142.196.38:9618?addrs=128.142.196.38-9618+[2001-1458-301-e2--100-20]-9618&noUDP&sock=164236_d05c_3>
...
001 (1251.000.000) 11/30 16:21:34 Job executing on host: <188.185.198.96:9618?addrs=188.185.198.96-9618+[--1]-9618&noUDP&sock=32377_d251_3>
...
006 (1251.000.000) 11/30 16:21:43 Image size of job updated: 648
	1  -  MemoryUsage of job (MB)
	648  -  ResidentSetSize of job (KB)
...
006 (1251.000.000) 11/30 16:26:43 Image size of job updated: 684
	1  -  MemoryUsage of job (MB)
	684  -  ResidentSetSize of job (KB)
...
006 (1251.000.000) 11/30 16:31:45 Image size of job updated: 688
	1  -  MemoryUsage of job (MB)
	688  -  ResidentSetSize of job (KB)
...
006 (1251.000.000) 11/30 16:36:46 Image size of job updated: 692
	1  -  MemoryUsage of job (MB)
	692  -  ResidentSetSize of job (KB)
...
006 (1251.000.000) 11/30 16:41:45 Image size of job updated: 9896
	8  -  MemoryUsage of job (MB)
	8076  -  ResidentSetSize of job (KB)
...
006 (1251.000.000) 11/30 16:46:46 Image size of job updated: 144116
	102  -  MemoryUsage of job (MB)
	103636  -  ResidentSetSize of job (KB)
...
006 (1251.000.000) 11/30 16:51:47 Image size of job updated: 248960
	203  -  MemoryUsage of job (MB)
	207764  -  ResidentSetSize of job (KB)
...
006 (1251.000.000) 11/30 16:56:47 Image size of job updated: 262988
	217  -  MemoryUsage of job (MB)
	221792  -  ResidentSetSize of job (KB)
...
005 (1251.000.000) 11/30 17:01:55 Job terminated.
	(1) Normal termination (return value 0)
		Usr 0 00:16:53, Sys 0 00:00:39  -  Run Remote Usage
		Usr 0 00:00:00, Sys 0 00:00:00  -  Run Local Usage
		Usr 0 00:16:53, Sys 0 00:00:39  -  Total Remote Usage
		Usr 0 00:00:00, Sys 0 00:00:00  -  Total Local Usage
	293618  -  Run Bytes Sent By Job
	1567  -  Run Bytes Received By Job
	293618  -  Total Bytes Sent By Job
	1567  -  Total Bytes Received By Job
	Partitionable Resources :    Usage  Request Allocated
	   Cpus                 :                 1         1
	   Disk (KB)            :   878228        2    580306
	   Memory (MB)          :      217     2000      2000
...
