000 (1099.000.000) 11/28 09:38:59 Job submitted from host: <128.142.196.38:9618?addrs=128.142.196.38-9618+[2001-1458-301-e2--100-20]-9618&noUDP&sock=164236_d05c_3>
...
001 (1099.000.000) 11/28 09:39:13 Job executing on host: <188.185.187.222:9618?addrs=188.185.187.222-9618+[--1]-9618&noUDP&sock=25473_f00e_3>
...
006 (1099.000.000) 11/28 09:39:22 Image size of job updated: 688
	1  -  MemoryUsage of job (MB)
	688  -  ResidentSetSize of job (KB)
...
006 (1099.000.000) 11/28 09:59:26 Image size of job updated: 235376
	124  -  MemoryUsage of job (MB)
	126072  -  ResidentSetSize of job (KB)
...
006 (1099.000.000) 11/28 10:04:26 Image size of job updated: 275008
	161  -  MemoryUsage of job (MB)
	164804  -  ResidentSetSize of job (KB)
...
006 (1099.000.000) 11/28 10:09:26 Image size of job updated: 276424
	163  -  MemoryUsage of job (MB)
	166196  -  ResidentSetSize of job (KB)
...
006 (1099.000.000) 11/28 10:14:28 Image size of job updated: 276592
	163  -  MemoryUsage of job (MB)
	166196  -  ResidentSetSize of job (KB)
...
006 (1099.000.000) 11/28 10:19:28 Image size of job updated: 314684
	200  -  MemoryUsage of job (MB)
	204288  -  ResidentSetSize of job (KB)
...
006 (1099.000.000) 11/28 10:24:29 Image size of job updated: 314724
	200  -  MemoryUsage of job (MB)
	204288  -  ResidentSetSize of job (KB)
...
006 (1099.000.000) 11/28 10:29:29 Image size of job updated: 314828
	200  -  MemoryUsage of job (MB)
	204288  -  ResidentSetSize of job (KB)
...
005 (1099.000.000) 11/28 10:42:55 Job terminated.
	(1) Normal termination (return value 0)
		Usr 0 00:43:40, Sys 0 00:00:08  -  Run Remote Usage
		Usr 0 00:00:00, Sys 0 00:00:00  -  Run Local Usage
		Usr 0 00:43:40, Sys 0 00:00:08  -  Total Remote Usage
		Usr 0 00:00:00, Sys 0 00:00:00  -  Total Local Usage
	300471  -  Run Bytes Sent By Job
	1510  -  Run Bytes Received By Job
	300471  -  Total Bytes Sent By Job
	1510  -  Total Bytes Received By Job
	Partitionable Resources :    Usage  Request Allocated
	   Cpus                 :                 1         1
	   Disk (KB)            :  1169621        2   2124467
	   Memory (MB)          :      200     2000      2000
...
