000 (975.000.000) 11/23 20:23:46 Job submitted from host: <128.142.196.38:9618?addrs=128.142.196.38-9618+[2001-1458-301-e2--100-20]-9618&noUDP&sock=164236_d05c_3>
...
001 (975.000.000) 11/23 20:24:33 Job executing on host: <188.185.189.83:9618?addrs=188.185.189.83-9618+[--1]-9618&noUDP&sock=1184964_a2ae_3>
...
006 (975.000.000) 11/23 20:24:42 Image size of job updated: 684
	1  -  MemoryUsage of job (MB)
	684  -  ResidentSetSize of job (KB)
...
006 (975.000.000) 11/23 20:34:43 Image size of job updated: 688
	1  -  MemoryUsage of job (MB)
	688  -  ResidentSetSize of job (KB)
...
006 (975.000.000) 11/23 20:49:44 Image size of job updated: 122048
	93  -  MemoryUsage of job (MB)
	95100  -  ResidentSetSize of job (KB)
...
006 (975.000.000) 11/23 20:54:45 Image size of job updated: 239044
	206  -  MemoryUsage of job (MB)
	210424  -  ResidentSetSize of job (KB)
...
006 (975.000.000) 11/23 20:59:46 Image size of job updated: 253996
	221  -  MemoryUsage of job (MB)
	225356  -  ResidentSetSize of job (KB)
...
006 (975.000.000) 11/23 21:04:46 Image size of job updated: 254420
	221  -  MemoryUsage of job (MB)
	225780  -  ResidentSetSize of job (KB)
...
006 (975.000.000) 11/23 21:09:47 Image size of job updated: 254476
	221  -  MemoryUsage of job (MB)
	225836  -  ResidentSetSize of job (KB)
...
006 (975.000.000) 11/23 21:14:48 Image size of job updated: 254824
	221  -  MemoryUsage of job (MB)
	226184  -  ResidentSetSize of job (KB)
...
005 (975.000.000) 11/23 21:15:43 Job terminated.
	(1) Normal termination (return value 0)
		Usr 0 00:25:19, Sys 0 00:02:09  -  Run Remote Usage
		Usr 0 00:00:00, Sys 0 00:00:00  -  Run Local Usage
		Usr 0 00:25:19, Sys 0 00:02:09  -  Total Remote Usage
		Usr 0 00:00:00, Sys 0 00:00:00  -  Total Local Usage
	300214  -  Run Bytes Sent By Job
	1510  -  Run Bytes Received By Job
	300214  -  Total Bytes Sent By Job
	1510  -  Total Bytes Received By Job
	Partitionable Resources :    Usage  Request Allocated
	   Cpus                 :                 1         1
	   Disk (KB)            :   825512        2    582745
	   Memory (MB)          :      221     2000      2000
...
