000 (994.000.000) 11/23 20:24:02 Job submitted from host: <128.142.196.38:9618?addrs=128.142.196.38-9618+[2001-1458-301-e2--100-20]-9618&noUDP&sock=164236_d05c_3>
...
001 (994.000.000) 11/23 20:24:42 Job executing on host: <188.185.195.201:9618?addrs=188.185.195.201-9618+[--1]-9618&noUDP&sock=30996_419f_3>
...
006 (994.000.000) 11/23 20:24:51 Image size of job updated: 668
	1  -  MemoryUsage of job (MB)
	668  -  ResidentSetSize of job (KB)
...
006 (994.000.000) 11/23 20:29:53 Image size of job updated: 692
	1  -  MemoryUsage of job (MB)
	692  -  ResidentSetSize of job (KB)
...
006 (994.000.000) 11/23 20:44:54 Image size of job updated: 23688
	23  -  MemoryUsage of job (MB)
	23316  -  ResidentSetSize of job (KB)
...
006 (994.000.000) 11/23 20:49:54 Image size of job updated: 157828
	125  -  MemoryUsage of job (MB)
	127832  -  ResidentSetSize of job (KB)
...
006 (994.000.000) 11/23 20:54:54 Image size of job updated: 198136
	165  -  MemoryUsage of job (MB)
	168136  -  ResidentSetSize of job (KB)
...
006 (994.000.000) 11/23 20:59:55 Image size of job updated: 203560
	170  -  MemoryUsage of job (MB)
	173560  -  ResidentSetSize of job (KB)
...
006 (994.000.000) 11/23 22:20:03 Image size of job updated: 235880
	202  -  MemoryUsage of job (MB)
	205880  -  ResidentSetSize of job (KB)
...
006 (994.000.000) 11/23 22:25:04 Image size of job updated: 237540
	203  -  MemoryUsage of job (MB)
	207540  -  ResidentSetSize of job (KB)
...
006 (994.000.000) 11/23 22:30:05 Image size of job updated: 237824
	203  -  MemoryUsage of job (MB)
	207824  -  ResidentSetSize of job (KB)
...
005 (994.000.000) 11/23 22:33:43 Job terminated.
	(1) Normal termination (return value 0)
		Usr 0 01:39:44, Sys 0 00:00:25  -  Run Remote Usage
		Usr 0 00:00:00, Sys 0 00:00:00  -  Run Local Usage
		Usr 0 01:39:44, Sys 0 00:00:25  -  Total Remote Usage
		Usr 0 00:00:00, Sys 0 00:00:00  -  Total Local Usage
	300461  -  Run Bytes Sent By Job
	1510  -  Run Bytes Received By Job
	300461  -  Total Bytes Sent By Job
	1510  -  Total Bytes Received By Job
	Partitionable Resources :    Usage  Request Allocated
	   Cpus                 :                 1         1
	   Disk (KB)            :  1145791        2    586820
	   Memory (MB)          :      203     2000      2000
...
