000 (1098.000.000) 11/28 09:38:59 Job submitted from host: <128.142.196.38:9618?addrs=128.142.196.38-9618+[2001-1458-301-e2--100-20]-9618&noUDP&sock=164236_d05c_3>
...
001 (1098.000.000) 11/28 09:39:11 Job executing on host: <188.185.206.30:9618?addrs=188.185.206.30-9618+[--1]-9618&noUDP&sock=25692_274c_3>
...
006 (1098.000.000) 11/28 09:39:19 Image size of job updated: 684
	1  -  MemoryUsage of job (MB)
	684  -  ResidentSetSize of job (KB)
...
006 (1098.000.000) 11/28 09:44:19 Image size of job updated: 688
	1  -  MemoryUsage of job (MB)
	688  -  ResidentSetSize of job (KB)
...
006 (1098.000.000) 11/28 09:59:21 Image size of job updated: 233392
	123  -  MemoryUsage of job (MB)
	125356  -  ResidentSetSize of job (KB)
...
006 (1098.000.000) 11/28 10:04:21 Image size of job updated: 271800
	160  -  MemoryUsage of job (MB)
	163024  -  ResidentSetSize of job (KB)
...
006 (1098.000.000) 11/28 10:09:21 Image size of job updated: 308440
	195  -  MemoryUsage of job (MB)
	199428  -  ResidentSetSize of job (KB)
...
006 (1098.000.000) 11/28 10:14:23 Image size of job updated: 308448
	195  -  MemoryUsage of job (MB)
	199428  -  ResidentSetSize of job (KB)
...
006 (1098.000.000) 11/28 10:24:23 Image size of job updated: 308452
	195  -  MemoryUsage of job (MB)
	199428  -  ResidentSetSize of job (KB)
...
006 (1098.000.000) 11/28 10:34:24 Image size of job updated: 308456
	195  -  MemoryUsage of job (MB)
	199428  -  ResidentSetSize of job (KB)
...
005 (1098.000.000) 11/28 10:39:24 Job terminated.
	(1) Normal termination (return value 0)
		Usr 0 00:40:05, Sys 0 00:00:08  -  Run Remote Usage
		Usr 0 00:00:00, Sys 0 00:00:00  -  Run Local Usage
		Usr 0 00:40:05, Sys 0 00:00:08  -  Total Remote Usage
		Usr 0 00:00:00, Sys 0 00:00:00  -  Total Local Usage
	300572  -  Run Bytes Sent By Job
	1510  -  Run Bytes Received By Job
	300572  -  Total Bytes Sent By Job
	1510  -  Total Bytes Received By Job
	Partitionable Resources :    Usage  Request Allocated
	   Cpus                 :                 1         1
	   Disk (KB)            :  1149810        2   1940401
	   Memory (MB)          :      195     2000      2000
...
