000 (1300.000.000) 11/30 16:21:48 Job submitted from host: <128.142.196.38:9618?addrs=128.142.196.38-9618+[2001-1458-301-e2--100-20]-9618&noUDP&sock=164236_d05c_3>
...
001 (1300.000.000) 11/30 16:22:21 Job executing on host: <188.185.194.41:9618?addrs=188.185.194.41-9618+[--1]-9618&noUDP&sock=23817_5fa0_3>
...
006 (1300.000.000) 11/30 16:22:29 Image size of job updated: 688
	1  -  MemoryUsage of job (MB)
	688  -  ResidentSetSize of job (KB)
...
006 (1300.000.000) 11/30 16:27:29 Image size of job updated: 692
	1  -  MemoryUsage of job (MB)
	692  -  ResidentSetSize of job (KB)
...
006 (1300.000.000) 11/30 16:32:32 Image size of job updated: 696
	1  -  MemoryUsage of job (MB)
	696  -  ResidentSetSize of job (KB)
...
006 (1300.000.000) 11/30 16:42:32 Image size of job updated: 204620
	153  -  MemoryUsage of job (MB)
	156092  -  ResidentSetSize of job (KB)
...
006 (1300.000.000) 11/30 16:47:32 Image size of job updated: 213012
	161  -  MemoryUsage of job (MB)
	163880  -  ResidentSetSize of job (KB)
...
006 (1300.000.000) 11/30 16:52:33 Image size of job updated: 214428
	162  -  MemoryUsage of job (MB)
	165296  -  ResidentSetSize of job (KB)
...
006 (1300.000.000) 11/30 17:02:33 Image size of job updated: 214448
	162  -  MemoryUsage of job (MB)
	165296  -  ResidentSetSize of job (KB)
...
006 (1300.000.000) 11/30 17:22:36 Image size of job updated: 214584
	162  -  MemoryUsage of job (MB)
	165296  -  ResidentSetSize of job (KB)
...
006 (1300.000.000) 11/30 17:37:36 Image size of job updated: 214600
	162  -  MemoryUsage of job (MB)
	165296  -  ResidentSetSize of job (KB)
...
006 (1300.000.000) 11/30 19:02:47 Image size of job updated: 214612
	162  -  MemoryUsage of job (MB)
	165296  -  ResidentSetSize of job (KB)
...
005 (1300.000.000) 11/30 19:10:02 Job terminated.
	(1) Normal termination (return value 0)
		Usr 0 02:27:54, Sys 0 00:00:38  -  Run Remote Usage
		Usr 0 00:00:00, Sys 0 00:00:00  -  Run Local Usage
		Usr 0 02:27:54, Sys 0 00:00:38  -  Total Remote Usage
		Usr 0 00:00:00, Sys 0 00:00:00  -  Total Local Usage
	294866  -  Run Bytes Sent By Job
	1567  -  Run Bytes Received By Job
	294866  -  Total Bytes Sent By Job
	1567  -  Total Bytes Received By Job
	Partitionable Resources :    Usage  Request Allocated
	   Cpus                 :                 1         1
	   Disk (KB)            :  1956593        2    584449
	   Memory (MB)          :      162     2000      2000
...
