000 (1274.000.000) 11/30 16:21:26 Job submitted from host: <128.142.196.38:9618?addrs=128.142.196.38-9618+[2001-1458-301-e2--100-20]-9618&noUDP&sock=164236_d05c_3>
...
001 (1274.000.000) 11/30 16:22:09 Job executing on host: <188.185.192.51:9618?addrs=188.185.192.51-9618+[--1]-9618&noUDP&sock=27923_6f16_3>
...
006 (1274.000.000) 11/30 16:22:18 Image size of job updated: 684
	1  -  MemoryUsage of job (MB)
	684  -  ResidentSetSize of job (KB)
...
006 (1274.000.000) 11/30 16:32:19 Image size of job updated: 692
	1  -  MemoryUsage of job (MB)
	692  -  ResidentSetSize of job (KB)
...
006 (1274.000.000) 11/30 16:42:20 Image size of job updated: 145496
	124  -  MemoryUsage of job (MB)
	126904  -  ResidentSetSize of job (KB)
...
006 (1274.000.000) 11/30 16:47:22 Image size of job updated: 173000
	151  -  MemoryUsage of job (MB)
	153684  -  ResidentSetSize of job (KB)
...
006 (1274.000.000) 11/30 16:52:21 Image size of job updated: 180764
	158  -  MemoryUsage of job (MB)
	161448  -  ResidentSetSize of job (KB)
...
006 (1274.000.000) 11/30 17:12:23 Image size of job updated: 182236
	160  -  MemoryUsage of job (MB)
	162844  -  ResidentSetSize of job (KB)
...
006 (1274.000.000) 11/30 17:22:24 Image size of job updated: 182268
	160  -  MemoryUsage of job (MB)
	162844  -  ResidentSetSize of job (KB)
...
005 (1274.000.000) 11/30 18:39:43 Job terminated.
	(1) Normal termination (return value 0)
		Usr 0 01:54:05, Sys 0 00:00:23  -  Run Remote Usage
		Usr 0 00:00:00, Sys 0 00:00:00  -  Run Local Usage
		Usr 0 01:54:05, Sys 0 00:00:23  -  Total Remote Usage
		Usr 0 00:00:00, Sys 0 00:00:00  -  Total Local Usage
	293689  -  Run Bytes Sent By Job
	1567  -  Run Bytes Received By Job
	293689  -  Total Bytes Sent By Job
	1567  -  Total Bytes Received By Job
	Partitionable Resources :    Usage  Request Allocated
	   Cpus                 :                 1         1
	   Disk (KB)            :  1351937        2    595395
	   Memory (MB)          :      160     2000      2000
...
