000 (990.000.000) 11/23 20:23:59 Job submitted from host: <128.142.196.38:9618?addrs=128.142.196.38-9618+[2001-1458-301-e2--100-20]-9618&noUDP&sock=164236_d05c_3>
...
001 (990.000.000) 11/23 20:24:39 Job executing on host: <188.185.129.153:9618?addrs=188.185.129.153-9618+[--1]-9618&noUDP&sock=30829_b54e_3>
...
006 (990.000.000) 11/23 20:24:47 Image size of job updated: 688
	1  -  MemoryUsage of job (MB)
	688  -  ResidentSetSize of job (KB)
...
006 (990.000.000) 11/23 20:34:48 Image size of job updated: 692
	1  -  MemoryUsage of job (MB)
	692  -  ResidentSetSize of job (KB)
...
006 (990.000.000) 11/23 20:49:50 Image size of job updated: 126552
	100  -  MemoryUsage of job (MB)
	102120  -  ResidentSetSize of job (KB)
...
006 (990.000.000) 11/23 20:54:51 Image size of job updated: 133724
	107  -  MemoryUsage of job (MB)
	109068  -  ResidentSetSize of job (KB)
...
006 (990.000.000) 11/23 20:59:51 Image size of job updated: 235656
	206  -  MemoryUsage of job (MB)
	210288  -  ResidentSetSize of job (KB)
...
006 (990.000.000) 11/23 21:04:52 Image size of job updated: 249776
	220  -  MemoryUsage of job (MB)
	224408  -  ResidentSetSize of job (KB)
...
006 (990.000.000) 11/23 21:09:52 Image size of job updated: 254184
	224  -  MemoryUsage of job (MB)
	228756  -  ResidentSetSize of job (KB)
...
006 (990.000.000) 11/23 21:14:53 Image size of job updated: 254420
	224  -  MemoryUsage of job (MB)
	228992  -  ResidentSetSize of job (KB)
...
006 (990.000.000) 11/23 21:19:53 Image size of job updated: 255172
	225  -  MemoryUsage of job (MB)
	229744  -  ResidentSetSize of job (KB)
...
006 (990.000.000) 11/23 21:23:08 Image size of job updated: 255228
	225  -  MemoryUsage of job (MB)
	229744  -  ResidentSetSize of job (KB)
...
005 (990.000.000) 11/23 21:23:09 Job terminated.
	(1) Normal termination (return value 0)
		Usr 0 00:32:13, Sys 0 00:00:19  -  Run Remote Usage
		Usr 0 00:00:00, Sys 0 00:00:00  -  Run Local Usage
		Usr 0 00:32:13, Sys 0 00:00:19  -  Total Remote Usage
		Usr 0 00:00:00, Sys 0 00:00:00  -  Total Local Usage
	300209  -  Run Bytes Sent By Job
	1510  -  Run Bytes Received By Job
	300209  -  Total Bytes Sent By Job
	1510  -  Total Bytes Received By Job
	Partitionable Resources :    Usage  Request Allocated
	   Cpus                 :                 1         1
	   Disk (KB)            :   833014        2    586571
	   Memory (MB)          :      225     2000      2000
...
