000 (1252.000.000) 11/30 16:21:07 Job submitted from host: <128.142.196.38:9618?addrs=128.142.196.38-9618+[2001-1458-301-e2--100-20]-9618&noUDP&sock=164236_d05c_3>
...
001 (1252.000.000) 11/30 16:21:28 Job executing on host: <188.185.195.74:9618?addrs=188.185.195.74-9618+[--1]-9618&noUDP&sock=24730_9d98_3>
...
006 (1252.000.000) 11/30 16:21:37 Image size of job updated: 660
	1  -  MemoryUsage of job (MB)
	660  -  ResidentSetSize of job (KB)
...
006 (1252.000.000) 11/30 16:26:39 Image size of job updated: 684
	1  -  MemoryUsage of job (MB)
	684  -  ResidentSetSize of job (KB)
...
006 (1252.000.000) 11/30 16:36:40 Image size of job updated: 688
	1  -  MemoryUsage of job (MB)
	688  -  ResidentSetSize of job (KB)
...
006 (1252.000.000) 11/30 16:41:41 Image size of job updated: 179104
	106  -  MemoryUsage of job (MB)
	107816  -  ResidentSetSize of job (KB)
...
006 (1252.000.000) 11/30 16:46:41 Image size of job updated: 260664
	185  -  MemoryUsage of job (MB)
	189320  -  ResidentSetSize of job (KB)
...
006 (1252.000.000) 11/30 16:51:42 Image size of job updated: 276436
	201  -  MemoryUsage of job (MB)
	205092  -  ResidentSetSize of job (KB)
...
006 (1252.000.000) 11/30 16:56:42 Image size of job updated: 276476
	201  -  MemoryUsage of job (MB)
	205132  -  ResidentSetSize of job (KB)
...
006 (1252.000.000) 11/30 17:01:42 Image size of job updated: 276576
	201  -  MemoryUsage of job (MB)
	205136  -  ResidentSetSize of job (KB)
...
005 (1252.000.000) 11/30 17:13:12 Job terminated.
	(1) Normal termination (return value 0)
		Usr 0 00:31:37, Sys 0 00:00:22  -  Run Remote Usage
		Usr 0 00:00:00, Sys 0 00:00:00  -  Run Local Usage
		Usr 0 00:31:37, Sys 0 00:00:22  -  Total Remote Usage
		Usr 0 00:00:00, Sys 0 00:00:00  -  Total Local Usage
	293556  -  Run Bytes Sent By Job
	1567  -  Run Bytes Received By Job
	293556  -  Total Bytes Sent By Job
	1567  -  Total Bytes Received By Job
	Partitionable Resources :    Usage  Request Allocated
	   Cpus                 :                 1         1
	   Disk (KB)            :   985572        2    582523
	   Memory (MB)          :      201     2000      2000
...
