000 (1087.000.000) 11/28 09:38:51 Job submitted from host: <128.142.196.38:9618?addrs=128.142.196.38-9618+[2001-1458-301-e2--100-20]-9618&noUDP&sock=164236_d05c_3>
...
001 (1087.000.000) 11/28 09:39:05 Job executing on host: <188.185.142.55:9618?addrs=188.185.142.55-9618+[--1]-9618&noUDP&sock=24051_9062_3>
...
006 (1087.000.000) 11/28 09:39:14 Image size of job updated: 660
	1  -  MemoryUsage of job (MB)
	660  -  ResidentSetSize of job (KB)
...
006 (1087.000.000) 11/28 09:44:15 Image size of job updated: 680
	1  -  MemoryUsage of job (MB)
	680  -  ResidentSetSize of job (KB)
...
006 (1087.000.000) 11/28 09:49:15 Image size of job updated: 684
	1  -  MemoryUsage of job (MB)
	684  -  ResidentSetSize of job (KB)
...
006 (1087.000.000) 11/28 09:59:17 Image size of job updated: 218084
	107  -  MemoryUsage of job (MB)
	108816  -  ResidentSetSize of job (KB)
...
006 (1087.000.000) 11/28 10:04:18 Image size of job updated: 218196
	107  -  MemoryUsage of job (MB)
	108832  -  ResidentSetSize of job (KB)
...
006 (1087.000.000) 11/28 10:09:19 Image size of job updated: 324476
	210  -  MemoryUsage of job (MB)
	214396  -  ResidentSetSize of job (KB)
...
006 (1087.000.000) 11/28 10:14:20 Image size of job updated: 339228
	224  -  MemoryUsage of job (MB)
	229148  -  ResidentSetSize of job (KB)
...
006 (1087.000.000) 11/28 10:19:20 Image size of job updated: 339448
	224  -  MemoryUsage of job (MB)
	229368  -  ResidentSetSize of job (KB)
...
006 (1087.000.000) 11/28 10:24:21 Image size of job updated: 339552
	224  -  MemoryUsage of job (MB)
	229368  -  ResidentSetSize of job (KB)
...
006 (1087.000.000) 11/28 10:29:21 Image size of job updated: 339588
	225  -  MemoryUsage of job (MB)
	229404  -  ResidentSetSize of job (KB)
...
006 (1087.000.000) 11/28 10:34:22 Image size of job updated: 339596
	225  -  MemoryUsage of job (MB)
	229412  -  ResidentSetSize of job (KB)
...
005 (1087.000.000) 11/28 10:38:06 Job terminated.
	(1) Normal termination (return value 0)
		Usr 0 00:38:38, Sys 0 00:00:17  -  Run Remote Usage
		Usr 0 00:00:00, Sys 0 00:00:00  -  Run Local Usage
		Usr 0 00:38:38, Sys 0 00:00:17  -  Total Remote Usage
		Usr 0 00:00:00, Sys 0 00:00:00  -  Total Local Usage
	300300  -  Run Bytes Sent By Job
	1510  -  Run Bytes Received By Job
	300300  -  Total Bytes Sent By Job
	1510  -  Total Bytes Received By Job
	Partitionable Resources :    Usage  Request Allocated
	   Cpus                 :                 1         1
	   Disk (KB)            :   852502        2   1946476
	   Memory (MB)          :      225     2000      2000
...
