000 (1222.000.000) 11/30 08:49:13 Job submitted from host: <128.142.196.38:9618?addrs=128.142.196.38-9618+[2001-1458-301-e2--100-20]-9618&noUDP&sock=164236_d05c_3>
...
001 (1222.000.000) 11/30 08:49:56 Job executing on host: <188.185.142.55:9618?addrs=188.185.142.55-9618+[--1]-9618&noUDP&sock=24051_9062_3>
...
006 (1222.000.000) 11/30 08:50:05 Image size of job updated: 672
	1  -  MemoryUsage of job (MB)
	656  -  ResidentSetSize of job (KB)
...
006 (1222.000.000) 11/30 08:55:06 Image size of job updated: 696
	1  -  MemoryUsage of job (MB)
	680  -  ResidentSetSize of job (KB)
...
005 (1222.000.000) 11/30 13:17:56 Job terminated.
	(1) Normal termination (return value 0)
		Usr 0 03:45:39, Sys 0 00:00:20  -  Run Remote Usage
		Usr 0 00:00:00, Sys 0 00:00:00  -  Run Local Usage
		Usr 0 03:45:39, Sys 0 00:00:20  -  Total Remote Usage
		Usr 0 00:00:00, Sys 0 00:00:00  -  Total Local Usage
	1567  -  Run Bytes Sent By Job
	290151  -  Run Bytes Received By Job
	1567  -  Total Bytes Sent By Job
	290151  -  Total Bytes Received By Job
...
