000 (1295.000.000) 11/30 16:21:43 Job submitted from host: <128.142.196.38:9618?addrs=128.142.196.38-9618+[2001-1458-301-e2--100-20]-9618&noUDP&sock=164236_d05c_3>
...
001 (1295.000.000) 11/30 16:22:17 Job executing on host: <188.185.198.104:9618?addrs=188.185.198.104-9618+[--1]-9618&noUDP&sock=32513_1b32_3>
...
006 (1295.000.000) 11/30 16:22:25 Image size of job updated: 688
	1  -  MemoryUsage of job (MB)
	688  -  ResidentSetSize of job (KB)
...
006 (1295.000.000) 11/30 16:32:26 Image size of job updated: 692
	1  -  MemoryUsage of job (MB)
	692  -  ResidentSetSize of job (KB)
...
006 (1295.000.000) 11/30 16:37:26 Image size of job updated: 696
	1  -  MemoryUsage of job (MB)
	696  -  ResidentSetSize of job (KB)
...
006 (1295.000.000) 11/30 16:42:27 Image size of job updated: 36708
	30  -  MemoryUsage of job (MB)
	29900  -  ResidentSetSize of job (KB)
...
006 (1295.000.000) 11/30 16:47:27 Image size of job updated: 190640
	154  -  MemoryUsage of job (MB)
	157156  -  ResidentSetSize of job (KB)
...
006 (1295.000.000) 11/30 16:52:27 Image size of job updated: 199672
	163  -  MemoryUsage of job (MB)
	166188  -  ResidentSetSize of job (KB)
...
006 (1295.000.000) 11/30 17:02:28 Image size of job updated: 199676
	163  -  MemoryUsage of job (MB)
	166192  -  ResidentSetSize of job (KB)
...
006 (1295.000.000) 11/30 17:07:29 Image size of job updated: 199780
	163  -  MemoryUsage of job (MB)
	166192  -  ResidentSetSize of job (KB)
...
006 (1295.000.000) 11/30 17:12:30 Image size of job updated: 201376
	164  -  MemoryUsage of job (MB)
	167788  -  ResidentSetSize of job (KB)
...
006 (1295.000.000) 11/30 18:02:35 Image size of job updated: 204912
	168  -  MemoryUsage of job (MB)
	171124  -  ResidentSetSize of job (KB)
...
006 (1295.000.000) 11/30 18:07:36 Image size of job updated: 222928
	185  -  MemoryUsage of job (MB)
	189140  -  ResidentSetSize of job (KB)
...
005 (1295.000.000) 11/30 19:41:29 Job terminated.
	(1) Normal termination (return value 0)
		Usr 0 02:56:08, Sys 0 00:00:27  -  Run Remote Usage
		Usr 0 00:00:00, Sys 0 00:00:00  -  Run Local Usage
		Usr 0 02:56:08, Sys 0 00:00:27  -  Total Remote Usage
		Usr 0 00:00:00, Sys 0 00:00:00  -  Total Local Usage
	295439  -  Run Bytes Sent By Job
	1567  -  Run Bytes Received By Job
	295439  -  Total Bytes Sent By Job
	1567  -  Total Bytes Received By Job
	Partitionable Resources :    Usage  Request Allocated
	   Cpus                 :                 1         1
	   Disk (KB)            :  1947593        2    580925
	   Memory (MB)          :      185     2000      2000
...
