000 (1120.000.000) 11/28 09:39:15 Job submitted from host: <128.142.196.38:9618?addrs=128.142.196.38-9618+[2001-1458-301-e2--100-20]-9618&noUDP&sock=164236_d05c_3>
...
001 (1120.000.000) 11/28 09:40:06 Job executing on host: <188.185.173.116:9618?addrs=188.185.173.116-9618+[--1]-9618&noUDP&sock=2204540_f77f_3>
...
006 (1120.000.000) 11/28 09:40:15 Image size of job updated: 692
	1  -  MemoryUsage of job (MB)
	692  -  ResidentSetSize of job (KB)
...
006 (1120.000.000) 11/28 10:00:19 Image size of job updated: 29160
	28  -  MemoryUsage of job (MB)
	27652  -  ResidentSetSize of job (KB)
...
006 (1120.000.000) 11/28 10:05:22 Image size of job updated: 177296
	150  -  MemoryUsage of job (MB)
	152588  -  ResidentSetSize of job (KB)
...
006 (1120.000.000) 11/28 10:10:21 Image size of job updated: 190584
	162  -  MemoryUsage of job (MB)
	165612  -  ResidentSetSize of job (KB)
...
006 (1120.000.000) 11/28 10:15:22 Image size of job updated: 193172
	165  -  MemoryUsage of job (MB)
	168200  -  ResidentSetSize of job (KB)
...
006 (1120.000.000) 11/28 10:25:22 Image size of job updated: 195712
	167  -  MemoryUsage of job (MB)
	170628  -  ResidentSetSize of job (KB)
...
006 (1120.000.000) 11/28 10:30:22 Image size of job updated: 219040
	190  -  MemoryUsage of job (MB)
	193956  -  ResidentSetSize of job (KB)
...
006 (1120.000.000) 11/28 10:45:25 Image size of job updated: 219044
	190  -  MemoryUsage of job (MB)
	193956  -  ResidentSetSize of job (KB)
...
005 (1120.000.000) 11/28 12:22:37 Job terminated.
	(1) Normal termination (return value 0)
		Usr 0 02:17:51, Sys 0 00:00:49  -  Run Remote Usage
		Usr 0 00:00:00, Sys 0 00:00:00  -  Run Local Usage
		Usr 0 02:17:51, Sys 0 00:00:49  -  Total Remote Usage
		Usr 0 00:00:00, Sys 0 00:00:00  -  Total Local Usage
	302211  -  Run Bytes Sent By Job
	1510  -  Run Bytes Received By Job
	302211  -  Total Bytes Sent By Job
	1510  -  Total Bytes Received By Job
	Partitionable Resources :    Usage  Request Allocated
	   Cpus                 :                 1         1
	   Disk (KB)            :  1750155        2    617300
	   Memory (MB)          :      190     2000      2000
...
