000 (1216.000.000) 11/30 08:49:10 Job submitted from host: <128.142.196.38:9618?addrs=128.142.196.38-9618+[2001-1458-301-e2--100-20]-9618&noUDP&sock=164236_d05c_3>
...
001 (1216.000.000) 11/30 08:50:00 Job executing on host: <188.185.192.253:9618?addrs=188.185.192.253-9618+[--1]-9618&noUDP&sock=24641_4142_12>
...
006 (1216.000.000) 11/30 08:50:08 Image size of job updated: 664
	1  -  MemoryUsage of job (MB)
	664  -  ResidentSetSize of job (KB)
...
006 (1216.000.000) 11/30 08:55:09 Image size of job updated: 688
	1  -  MemoryUsage of job (MB)
	688  -  ResidentSetSize of job (KB)
...
005 (1216.000.000) 11/30 12:50:03 Job terminated.
	(1) Normal termination (return value 0)
		Usr 0 03:31:08, Sys 0 00:01:01  -  Run Remote Usage
		Usr 0 00:00:00, Sys 0 00:00:00  -  Run Local Usage
		Usr 0 03:31:08, Sys 0 00:01:01  -  Total Remote Usage
		Usr 0 00:00:00, Sys 0 00:00:00  -  Total Local Usage
	1567  -  Run Bytes Sent By Job
	290112  -  Run Bytes Received By Job
	1567  -  Total Bytes Sent By Job
	290112  -  Total Bytes Received By Job
...
