000 (1073.000.000) 11/28 09:38:41 Job submitted from host: <128.142.196.38:9618?addrs=128.142.196.38-9618+[2001-1458-301-e2--100-20]-9618&noUDP&sock=164236_d05c_3>
...
001 (1073.000.000) 11/28 09:39:17 Job executing on host: <188.185.192.198:9618?addrs=188.185.192.198-9618+[--1]-9618&noUDP&sock=7509_1871_3>
...
006 (1073.000.000) 11/28 09:39:26 Image size of job updated: 688
	1  -  MemoryUsage of job (MB)
	688  -  ResidentSetSize of job (KB)
...
006 (1073.000.000) 11/28 09:49:27 Image size of job updated: 692
	1  -  MemoryUsage of job (MB)
	692  -  ResidentSetSize of job (KB)
...
006 (1073.000.000) 11/28 09:59:29 Image size of job updated: 26224
	24  -  MemoryUsage of job (MB)
	24008  -  ResidentSetSize of job (KB)
...
006 (1073.000.000) 11/28 10:04:30 Image size of job updated: 137640
	106  -  MemoryUsage of job (MB)
	107932  -  ResidentSetSize of job (KB)
...
006 (1073.000.000) 11/28 10:09:31 Image size of job updated: 255736
	221  -  MemoryUsage of job (MB)
	225840  -  ResidentSetSize of job (KB)
...
005 (1073.000.000) 11/28 10:12:28 Job terminated.
	(1) Normal termination (return value 0)
		Usr 0 00:10:41, Sys 0 00:04:57  -  Run Remote Usage
		Usr 0 00:00:00, Sys 0 00:00:00  -  Run Local Usage
		Usr 0 00:10:41, Sys 0 00:04:57  -  Total Remote Usage
		Usr 0 00:00:00, Sys 0 00:00:00  -  Total Local Usage
	300050  -  Run Bytes Sent By Job
	1510  -  Run Bytes Received By Job
	300050  -  Total Bytes Sent By Job
	1510  -  Total Bytes Received By Job
	Partitionable Resources :    Usage  Request Allocated
	   Cpus                 :                 1         1
	   Disk (KB)            :   764424        2    613887
	   Memory (MB)          :      221     2000      2000
...
