000 (1029.000.000) 11/23 20:24:26 Job submitted from host: <128.142.196.38:9618?addrs=128.142.196.38-9618+[2001-1458-301-e2--100-20]-9618&noUDP&sock=164236_d05c_3>
...
001 (1029.000.000) 11/23 20:24:53 Job executing on host: <188.185.184.215:9618?addrs=188.185.184.215-9618+[--1]-9618&noUDP&sock=25997_5bae_12>
...
006 (1029.000.000) 11/23 20:25:01 Image size of job updated: 664
	1  -  MemoryUsage of job (MB)
	664  -  ResidentSetSize of job (KB)
...
006 (1029.000.000) 11/23 20:30:01 Image size of job updated: 684
	1  -  MemoryUsage of job (MB)
	684  -  ResidentSetSize of job (KB)
...
006 (1029.000.000) 11/23 20:35:01 Image size of job updated: 688
	1  -  MemoryUsage of job (MB)
	688  -  ResidentSetSize of job (KB)
...
006 (1029.000.000) 11/23 20:45:02 Image size of job updated: 34932
	28  -  MemoryUsage of job (MB)
	27692  -  ResidentSetSize of job (KB)
...
006 (1029.000.000) 11/23 20:50:03 Image size of job updated: 276044
	163  -  MemoryUsage of job (MB)
	165928  -  ResidentSetSize of job (KB)
...
006 (1029.000.000) 11/23 20:55:03 Image size of job updated: 299996
	186  -  MemoryUsage of job (MB)
	189720  -  ResidentSetSize of job (KB)
...
006 (1029.000.000) 11/23 21:10:07 Image size of job updated: 300168
	186  -  MemoryUsage of job (MB)
	189720  -  ResidentSetSize of job (KB)
...
006 (1029.000.000) 11/23 21:15:07 Image size of job updated: 300236
	186  -  MemoryUsage of job (MB)
	189720  -  ResidentSetSize of job (KB)
...
005 (1029.000.000) 11/23 22:19:08 Job terminated.
	(1) Normal termination (return value 0)
		Usr 0 01:31:25, Sys 0 00:00:10  -  Run Remote Usage
		Usr 0 00:00:00, Sys 0 00:00:00  -  Run Local Usage
		Usr 0 01:31:25, Sys 0 00:00:10  -  Total Remote Usage
		Usr 0 00:00:00, Sys 0 00:00:00  -  Total Local Usage
	302115  -  Run Bytes Sent By Job
	1510  -  Run Bytes Received By Job
	302115  -  Total Bytes Sent By Job
	1510  -  Total Bytes Received By Job
	Partitionable Resources :    Usage  Request Allocated
	   Cpus                 :                 1         1
	   Disk (KB)            :  1677400        2   1945532
	   Memory (MB)          :      186     2000      2000
...
