000 (1290.000.000) 11/30 16:21:39 Job submitted from host: <128.142.196.38:9618?addrs=128.142.196.38-9618+[2001-1458-301-e2--100-20]-9618&noUDP&sock=164236_d05c_3>
...
001 (1290.000.000) 11/30 16:22:15 Job executing on host: <188.185.200.63:9618?addrs=188.185.200.63-9618+[--1]-9618&noUDP&sock=2768_82a4_3>
...
006 (1290.000.000) 11/30 16:22:24 Image size of job updated: 684
	1  -  MemoryUsage of job (MB)
	684  -  ResidentSetSize of job (KB)
...
006 (1290.000.000) 11/30 16:27:25 Image size of job updated: 688
	1  -  MemoryUsage of job (MB)
	688  -  ResidentSetSize of job (KB)
...
006 (1290.000.000) 11/30 16:32:25 Image size of job updated: 692
	1  -  MemoryUsage of job (MB)
	692  -  ResidentSetSize of job (KB)
...
006 (1290.000.000) 11/30 16:42:26 Image size of job updated: 157788
	124  -  MemoryUsage of job (MB)
	126908  -  ResidentSetSize of job (KB)
...
006 (1290.000.000) 11/30 16:47:27 Image size of job updated: 184764
	151  -  MemoryUsage of job (MB)
	153864  -  ResidentSetSize of job (KB)
...
006 (1290.000.000) 11/30 16:52:27 Image size of job updated: 188972
	155  -  MemoryUsage of job (MB)
	158068  -  ResidentSetSize of job (KB)
...
006 (1290.000.000) 11/30 16:57:27 Image size of job updated: 190680
	157  -  MemoryUsage of job (MB)
	159776  -  ResidentSetSize of job (KB)
...
006 (1290.000.000) 11/30 17:02:28 Image size of job updated: 190728
	157  -  MemoryUsage of job (MB)
	159824  -  ResidentSetSize of job (KB)
...
006 (1290.000.000) 11/30 17:12:30 Image size of job updated: 192132
	158  -  MemoryUsage of job (MB)
	161228  -  ResidentSetSize of job (KB)
...
006 (1290.000.000) 11/30 17:22:30 Image size of job updated: 192148
	158  -  MemoryUsage of job (MB)
	161244  -  ResidentSetSize of job (KB)
...
006 (1290.000.000) 11/30 17:27:30 Image size of job updated: 192160
	158  -  MemoryUsage of job (MB)
	161256  -  ResidentSetSize of job (KB)
...
006 (1290.000.000) 11/30 17:32:31 Image size of job updated: 192204
	158  -  MemoryUsage of job (MB)
	161300  -  ResidentSetSize of job (KB)
...
006 (1290.000.000) 11/30 18:07:34 Image size of job updated: 192220
	158  -  MemoryUsage of job (MB)
	161300  -  ResidentSetSize of job (KB)
...
005 (1290.000.000) 11/30 18:14:30 Job terminated.
	(1) Normal termination (return value 0)
		Usr 0 01:32:04, Sys 0 00:00:37  -  Run Remote Usage
		Usr 0 00:00:00, Sys 0 00:00:00  -  Run Local Usage
		Usr 0 01:32:04, Sys 0 00:00:37  -  Total Remote Usage
		Usr 0 00:00:00, Sys 0 00:00:00  -  Total Local Usage
	293860  -  Run Bytes Sent By Job
	1567  -  Run Bytes Received By Job
	293860  -  Total Bytes Sent By Job
	1567  -  Total Bytes Received By Job
	Partitionable Resources :    Usage  Request Allocated
	   Cpus                 :                 1         1
	   Disk (KB)            :  1343421        2    579554
	   Memory (MB)          :      158     2000      2000
...
