000 (1231.000.000) 11/30 08:49:19 Job submitted from host: <128.142.196.38:9618?addrs=128.142.196.38-9618+[2001-1458-301-e2--100-20]-9618&noUDP&sock=164236_d05c_3>
...
001 (1231.000.000) 11/30 08:49:57 Job executing on host: <188.185.187.80:9618?addrs=188.185.187.80-9618+[--1]-9618&noUDP&sock=24402_5220_14>
...
006 (1231.000.000) 11/30 08:50:06 Image size of job updated: 656
	1  -  MemoryUsage of job (MB)
	656  -  ResidentSetSize of job (KB)
...
006 (1231.000.000) 11/30 08:55:06 Image size of job updated: 680
	1  -  MemoryUsage of job (MB)
	680  -  ResidentSetSize of job (KB)
...
005 (1231.000.000) 11/30 10:48:17 Job terminated.
	(1) Normal termination (return value 0)
		Usr 0 01:37:10, Sys 0 00:00:11  -  Run Remote Usage
		Usr 0 00:00:00, Sys 0 00:00:00  -  Run Local Usage
		Usr 0 01:37:10, Sys 0 00:00:11  -  Total Remote Usage
		Usr 0 00:00:00, Sys 0 00:00:00  -  Total Local Usage
	1567  -  Run Bytes Sent By Job
	294482  -  Run Bytes Received By Job
	1567  -  Total Bytes Sent By Job
	294482  -  Total Bytes Received By Job
...
