000 (1262.000.000) 11/30 16:21:16 Job submitted from host: <128.142.196.38:9618?addrs=128.142.196.38-9618+[2001-1458-301-e2--100-20]-9618&noUDP&sock=164236_d05c_3>
...
001 (1262.000.000) 11/30 16:21:34 Job executing on host: <188.185.198.99:9618?addrs=188.185.198.99-9618+[--1]-9618&noUDP&sock=32313_ec41_3>
...
006 (1262.000.000) 11/30 16:21:43 Image size of job updated: 668
	1  -  MemoryUsage of job (MB)
	664  -  ResidentSetSize of job (KB)
...
006 (1262.000.000) 11/30 16:26:44 Image size of job updated: 692
	1  -  MemoryUsage of job (MB)
	688  -  ResidentSetSize of job (KB)
...
006 (1262.000.000) 11/30 16:31:45 Image size of job updated: 696
	1  -  MemoryUsage of job (MB)
	692  -  ResidentSetSize of job (KB)
...
006 (1262.000.000) 11/30 16:36:46 Image size of job updated: 700
	1  -  MemoryUsage of job (MB)
	696  -  ResidentSetSize of job (KB)
...
006 (1262.000.000) 11/30 16:41:47 Image size of job updated: 92792
	38  -  MemoryUsage of job (MB)
	38732  -  ResidentSetSize of job (KB)
...
006 (1262.000.000) 11/30 16:46:48 Image size of job updated: 302744
	188  -  MemoryUsage of job (MB)
	191604  -  ResidentSetSize of job (KB)
...
006 (1262.000.000) 11/30 16:51:47 Image size of job updated: 319888
	204  -  MemoryUsage of job (MB)
	208420  -  ResidentSetSize of job (KB)
...
006 (1262.000.000) 11/30 17:06:49 Image size of job updated: 319896
	204  -  MemoryUsage of job (MB)
	208428  -  ResidentSetSize of job (KB)
...
005 (1262.000.000) 11/30 17:16:21 Job terminated.
	(1) Normal termination (return value 0)
		Usr 0 00:33:27, Sys 0 00:00:22  -  Run Remote Usage
		Usr 0 00:00:00, Sys 0 00:00:00  -  Run Local Usage
		Usr 0 00:33:27, Sys 0 00:00:22  -  Total Remote Usage
		Usr 0 00:00:00, Sys 0 00:00:00  -  Total Local Usage
	293751  -  Run Bytes Sent By Job
	1567  -  Run Bytes Received By Job
	293751  -  Total Bytes Sent By Job
	1567  -  Total Bytes Received By Job
	Partitionable Resources :    Usage  Request Allocated
	   Cpus                 :                 1         1
	   Disk (KB)            :   964757        2    579524
	   Memory (MB)          :      204     2000      2000
...
