000 (1064.000.000) 11/28 09:38:35 Job submitted from host: <128.142.196.38:9618?addrs=128.142.196.38-9618+[2001-1458-301-e2--100-20]-9618&noUDP&sock=164236_d05c_3>
...
001 (1064.000.000) 11/28 09:39:03 Job executing on host: <188.185.180.233:9618?addrs=188.185.180.233-9618+[--1]-9618&noUDP&sock=23729_b2e3_13>
...
006 (1064.000.000) 11/28 09:39:11 Image size of job updated: 660
	1  -  MemoryUsage of job (MB)
	660  -  ResidentSetSize of job (KB)
...
006 (1064.000.000) 11/28 09:44:11 Image size of job updated: 684
	1  -  MemoryUsage of job (MB)
	684  -  ResidentSetSize of job (KB)
...
006 (1064.000.000) 11/28 09:49:13 Image size of job updated: 688
	1  -  MemoryUsage of job (MB)
	688  -  ResidentSetSize of job (KB)
...
006 (1064.000.000) 11/28 10:04:13 Image size of job updated: 33552
	30  -  MemoryUsage of job (MB)
	29856  -  ResidentSetSize of job (KB)
...
006 (1064.000.000) 11/28 10:09:14 Image size of job updated: 126448
	103  -  MemoryUsage of job (MB)
	104468  -  ResidentSetSize of job (KB)
...
006 (1064.000.000) 11/28 10:14:15 Image size of job updated: 228212
	202  -  MemoryUsage of job (MB)
	206232  -  ResidentSetSize of job (KB)
...
006 (1064.000.000) 11/28 10:19:15 Image size of job updated: 242264
	216  -  MemoryUsage of job (MB)
	220284  -  ResidentSetSize of job (KB)
...
005 (1064.000.000) 11/28 10:21:14 Job terminated.
	(1) Normal termination (return value 0)
		Usr 0 00:14:39, Sys 0 00:02:22  -  Run Remote Usage
		Usr 0 00:00:00, Sys 0 00:00:00  -  Run Local Usage
		Usr 0 00:14:39, Sys 0 00:02:22  -  Total Remote Usage
		Usr 0 00:00:00, Sys 0 00:00:00  -  Total Local Usage
	300013  -  Run Bytes Sent By Job
	1510  -  Run Bytes Received By Job
	300013  -  Total Bytes Sent By Job
	1510  -  Total Bytes Received By Job
	Partitionable Resources :    Usage  Request Allocated
	   Cpus                 :                 1         1
	   Disk (KB)            :   764435        2    613996
	   Memory (MB)          :      216     2000      2000
...
