000 (1125.000.000) 11/28 09:39:19 Job submitted from host: <128.142.196.38:9618?addrs=128.142.196.38-9618+[2001-1458-301-e2--100-20]-9618&noUDP&sock=164236_d05c_3>
...
001 (1125.000.000) 11/28 09:40:04 Job executing on host: <188.185.192.87:9618?addrs=188.185.192.87-9618+[--1]-9618&noUDP&sock=31834_0dfc_10>
...
006 (1125.000.000) 11/28 09:40:13 Image size of job updated: 688
	1  -  MemoryUsage of job (MB)
	688  -  ResidentSetSize of job (KB)
...
006 (1125.000.000) 11/28 09:50:14 Image size of job updated: 692
	1  -  MemoryUsage of job (MB)
	692  -  ResidentSetSize of job (KB)
...
006 (1125.000.000) 11/28 10:05:16 Image size of job updated: 45632
	33  -  MemoryUsage of job (MB)
	33584  -  ResidentSetSize of job (KB)
...
006 (1125.000.000) 11/28 10:10:18 Image size of job updated: 179720
	153  -  MemoryUsage of job (MB)
	155800  -  ResidentSetSize of job (KB)
...
006 (1125.000.000) 11/28 10:15:17 Image size of job updated: 189660
	162  -  MemoryUsage of job (MB)
	164884  -  ResidentSetSize of job (KB)
...
006 (1125.000.000) 11/28 10:25:23 Image size of job updated: 192220
	164  -  MemoryUsage of job (MB)
	167444  -  ResidentSetSize of job (KB)
...
006 (1125.000.000) 11/28 10:30:19 Image size of job updated: 212604
	184  -  MemoryUsage of job (MB)
	187828  -  ResidentSetSize of job (KB)
...
006 (1125.000.000) 11/28 10:55:21 Image size of job updated: 212628
	184  -  MemoryUsage of job (MB)
	187828  -  ResidentSetSize of job (KB)
...
006 (1125.000.000) 11/28 11:20:23 Image size of job updated: 212640
	184  -  MemoryUsage of job (MB)
	187828  -  ResidentSetSize of job (KB)
...
006 (1125.000.000) 11/28 12:11:17 Image size of job updated: 212748
	184  -  MemoryUsage of job (MB)
	187828  -  ResidentSetSize of job (KB)
...
006 (1125.000.000) 11/28 12:16:18 Image size of job updated: 212756
	184  -  MemoryUsage of job (MB)
	187828  -  ResidentSetSize of job (KB)
...
006 (1125.000.000) 11/28 12:26:19 Image size of job updated: 215864
	187  -  MemoryUsage of job (MB)
	190936  -  ResidentSetSize of job (KB)
...
005 (1125.000.000) 11/28 12:30:22 Job terminated.
	(1) Normal termination (return value 0)
		Usr 0 02:08:42, Sys 0 00:12:11  -  Run Remote Usage
		Usr 0 00:00:00, Sys 0 00:00:00  -  Run Local Usage
		Usr 0 02:08:42, Sys 0 00:12:11  -  Total Remote Usage
		Usr 0 00:00:00, Sys 0 00:00:00  -  Total Local Usage
	304405  -  Run Bytes Sent By Job
	1510  -  Run Bytes Received By Job
	304405  -  Total Bytes Sent By Job
	1510  -  Total Bytes Received By Job
	Partitionable Resources :    Usage  Request Allocated
	   Cpus                 :                 1         1
	   Disk (KB)            :  1766214        2    614345
	   Memory (MB)          :      187     2000      2000
...
