000 (1109.000.000) 11/28 09:39:07 Job submitted from host: <128.142.196.38:9618?addrs=128.142.196.38-9618+[2001-1458-301-e2--100-20]-9618&noUDP&sock=164236_d05c_3>
...
001 (1109.000.000) 11/28 09:40:03 Job executing on host: <188.185.189.83:9618?addrs=188.185.189.83-9618+[--1]-9618&noUDP&sock=1184964_a2ae_3>
...
006 (1109.000.000) 11/28 09:40:11 Image size of job updated: 684
	1  -  MemoryUsage of job (MB)
	684  -  ResidentSetSize of job (KB)
...
006 (1109.000.000) 11/28 09:55:13 Image size of job updated: 688
	1  -  MemoryUsage of job (MB)
	688  -  ResidentSetSize of job (KB)
...
006 (1109.000.000) 11/28 10:10:15 Image size of job updated: 57488
	42  -  MemoryUsage of job (MB)
	42584  -  ResidentSetSize of job (KB)
...
006 (1109.000.000) 11/28 10:15:16 Image size of job updated: 151712
	125  -  MemoryUsage of job (MB)
	127156  -  ResidentSetSize of job (KB)
...
006 (1109.000.000) 11/28 10:20:17 Image size of job updated: 188676
	161  -  MemoryUsage of job (MB)
	164120  -  ResidentSetSize of job (KB)
...
006 (1109.000.000) 11/28 10:25:17 Image size of job updated: 189144
	161  -  MemoryUsage of job (MB)
	164584  -  ResidentSetSize of job (KB)
...
006 (1109.000.000) 11/28 10:30:17 Image size of job updated: 189316
	161  -  MemoryUsage of job (MB)
	164608  -  ResidentSetSize of job (KB)
...
006 (1109.000.000) 11/28 10:35:19 Image size of job updated: 190336
	162  -  MemoryUsage of job (MB)
	165628  -  ResidentSetSize of job (KB)
...
006 (1109.000.000) 11/28 10:40:18 Image size of job updated: 190352
	162  -  MemoryUsage of job (MB)
	165628  -  ResidentSetSize of job (KB)
...
006 (1109.000.000) 11/28 10:45:19 Image size of job updated: 226512
	198  -  MemoryUsage of job (MB)
	201788  -  ResidentSetSize of job (KB)
...
005 (1109.000.000) 11/28 11:38:46 Job terminated.
	(1) Normal termination (return value 0)
		Usr 0 01:26:11, Sys 0 00:01:05  -  Run Remote Usage
		Usr 0 00:00:00, Sys 0 00:00:00  -  Run Local Usage
		Usr 0 01:26:11, Sys 0 00:01:05  -  Total Remote Usage
		Usr 0 00:00:00, Sys 0 00:00:00  -  Total Local Usage
	300589  -  Run Bytes Sent By Job
	1510  -  Run Bytes Received By Job
	300589  -  Total Bytes Sent By Job
	1510  -  Total Bytes Received By Job
	Partitionable Resources :    Usage  Request Allocated
	   Cpus                 :                 1         1
	   Disk (KB)            :  1186323        2    610235
	   Memory (MB)          :      198     2000      2000
...
