000 (1104.000.000) 11/28 09:39:03 Job submitted from host: <128.142.196.38:9618?addrs=128.142.196.38-9618+[2001-1458-301-e2--100-20]-9618&noUDP&sock=164236_d05c_3>
...
001 (1104.000.000) 11/28 09:39:17 Job executing on host: <188.185.192.198:9618?addrs=188.185.192.198-9618+[--1]-9618&noUDP&sock=7509_1871_3>
...
006 (1104.000.000) 11/28 09:39:26 Image size of job updated: 680
	1  -  MemoryUsage of job (MB)
	680  -  ResidentSetSize of job (KB)
...
006 (1104.000.000) 11/28 09:44:27 Image size of job updated: 684
	1  -  MemoryUsage of job (MB)
	684  -  ResidentSetSize of job (KB)
...
006 (1104.000.000) 11/28 09:59:29 Image size of job updated: 25156
	24  -  MemoryUsage of job (MB)
	24000  -  ResidentSetSize of job (KB)
...
006 (1104.000.000) 11/28 10:04:30 Image size of job updated: 150704
	126  -  MemoryUsage of job (MB)
	128208  -  ResidentSetSize of job (KB)
...
006 (1104.000.000) 11/28 10:09:31 Image size of job updated: 185192
	159  -  MemoryUsage of job (MB)
	162568  -  ResidentSetSize of job (KB)
...
006 (1104.000.000) 11/28 10:14:32 Image size of job updated: 186844
	161  -  MemoryUsage of job (MB)
	164216  -  ResidentSetSize of job (KB)
...
006 (1104.000.000) 11/28 10:19:32 Image size of job updated: 223400
	197  -  MemoryUsage of job (MB)
	200772  -  ResidentSetSize of job (KB)
...
005 (1104.000.000) 11/28 11:04:35 Job terminated.
	(1) Normal termination (return value 0)
		Usr 0 01:02:02, Sys 0 00:05:19  -  Run Remote Usage
		Usr 0 00:00:00, Sys 0 00:00:00  -  Run Local Usage
		Usr 0 01:02:02, Sys 0 00:05:19  -  Total Remote Usage
		Usr 0 00:00:00, Sys 0 00:00:00  -  Total Local Usage
	300844  -  Run Bytes Sent By Job
	1510  -  Run Bytes Received By Job
	300844  -  Total Bytes Sent By Job
	1510  -  Total Bytes Received By Job
	Partitionable Resources :    Usage  Request Allocated
	   Cpus                 :                 1         1
	   Disk (KB)            :  1179628        2    613887
	   Memory (MB)          :      197     2000      2000
...
