000 (1122.000.000) 11/28 09:39:17 Job submitted from host: <128.142.196.38:9618?addrs=128.142.196.38-9618+[2001-1458-301-e2--100-20]-9618&noUDP&sock=164236_d05c_3>
...
001 (1122.000.000) 11/28 09:40:09 Job executing on host: <188.185.189.83:9618?addrs=188.185.189.83-9618+[--1]-9618&noUDP&sock=1184964_a2ae_3>
...
006 (1122.000.000) 11/28 09:40:18 Image size of job updated: 688
	1  -  MemoryUsage of job (MB)
	688  -  ResidentSetSize of job (KB)
...
006 (1122.000.000) 11/28 10:10:21 Image size of job updated: 47844
	35  -  MemoryUsage of job (MB)
	35388  -  ResidentSetSize of job (KB)
...
006 (1122.000.000) 11/28 10:15:22 Image size of job updated: 181688
	151  -  MemoryUsage of job (MB)
	154548  -  ResidentSetSize of job (KB)
...
006 (1122.000.000) 11/28 10:20:24 Image size of job updated: 191784
	161  -  MemoryUsage of job (MB)
	163916  -  ResidentSetSize of job (KB)
...
006 (1122.000.000) 11/28 10:25:24 Image size of job updated: 195000
	164  -  MemoryUsage of job (MB)
	167132  -  ResidentSetSize of job (KB)
...
006 (1122.000.000) 11/28 10:30:24 Image size of job updated: 195068
	164  -  MemoryUsage of job (MB)
	167200  -  ResidentSetSize of job (KB)
...
006 (1122.000.000) 11/28 11:00:27 Image size of job updated: 195084
	164  -  MemoryUsage of job (MB)
	167200  -  ResidentSetSize of job (KB)
...
006 (1122.000.000) 11/28 11:15:29 Image size of job updated: 195104
	164  -  MemoryUsage of job (MB)
	167220  -  ResidentSetSize of job (KB)
...
006 (1122.000.000) 11/28 11:25:30 Image size of job updated: 216888
	185  -  MemoryUsage of job (MB)
	189004  -  ResidentSetSize of job (KB)
...
006 (1122.000.000) 11/28 12:05:34 Image size of job updated: 216892
	185  -  MemoryUsage of job (MB)
	189004  -  ResidentSetSize of job (KB)
...
006 (1122.000.000) 11/28 12:30:36 Image size of job updated: 216896
	185  -  MemoryUsage of job (MB)
	189004  -  ResidentSetSize of job (KB)
...
005 (1122.000.000) 11/28 13:00:51 Job terminated.
	(1) Normal termination (return value 0)
		Usr 0 02:47:40, Sys 0 00:01:15  -  Run Remote Usage
		Usr 0 00:00:00, Sys 0 00:00:00  -  Run Local Usage
		Usr 0 02:47:40, Sys 0 00:01:15  -  Total Remote Usage
		Usr 0 00:00:00, Sys 0 00:00:00  -  Total Local Usage
	302689  -  Run Bytes Sent By Job
	1510  -  Run Bytes Received By Job
	302689  -  Total Bytes Sent By Job
	1510  -  Total Bytes Received By Job
	Partitionable Resources :    Usage  Request Allocated
	   Cpus                 :                 1         1
	   Disk (KB)            :  1778308        2    610107
	   Memory (MB)          :      185     2000      2000
...
