000 (1182.000.000) 11/30 08:48:49 Job submitted from host: <128.142.196.38:9618?addrs=128.142.196.38-9618+[2001-1458-301-e2--100-20]-9618&noUDP&sock=164236_d05c_3>
...
001 (1182.000.000) 11/30 08:49:40 Job executing on host: <188.185.174.157:9618?addrs=188.185.174.157-9618+[--1]-9618&noUDP&sock=3201_32bf_11>
...
006 (1182.000.000) 11/30 08:49:49 Image size of job updated: 688
	1  -  MemoryUsage of job (MB)
	688  -  ResidentSetSize of job (KB)
...
006 (1182.000.000) 11/30 08:54:49 Image size of job updated: 692
	1  -  MemoryUsage of job (MB)
	692  -  ResidentSetSize of job (KB)
...
005 (1182.000.000) 11/30 09:51:20 Job terminated.
	(1) Normal termination (return value 0)
		Usr 0 00:39:53, Sys 0 00:00:18  -  Run Remote Usage
		Usr 0 00:00:00, Sys 0 00:00:00  -  Run Local Usage
		Usr 0 00:39:53, Sys 0 00:00:18  -  Total Remote Usage
		Usr 0 00:00:00, Sys 0 00:00:00  -  Total Local Usage
	1567  -  Run Bytes Sent By Job
	293375  -  Run Bytes Received By Job
	1567  -  Total Bytes Sent By Job
	293375  -  Total Bytes Received By Job
...
