000 (976.000.000) 11/23 20:23:46 Job submitted from host: <128.142.196.38:9618?addrs=128.142.196.38-9618+[2001-1458-301-e2--100-20]-9618&noUDP&sock=164236_d05c_3>
...
001 (976.000.000) 11/23 20:24:33 Job executing on host: <188.185.194.186:9618?addrs=188.185.194.186-9618+[--1]-9618&noUDP&sock=24540_fa32_3>
...
006 (976.000.000) 11/23 20:24:42 Image size of job updated: 664
	1  -  MemoryUsage of job (MB)
	664  -  ResidentSetSize of job (KB)
...
006 (976.000.000) 11/23 20:29:43 Image size of job updated: 684
	1  -  MemoryUsage of job (MB)
	684  -  ResidentSetSize of job (KB)
...
006 (976.000.000) 11/23 20:34:43 Image size of job updated: 688
	1  -  MemoryUsage of job (MB)
	688  -  ResidentSetSize of job (KB)
...
006 (976.000.000) 11/23 20:49:45 Image size of job updated: 40120
	32  -  MemoryUsage of job (MB)
	32308  -  ResidentSetSize of job (KB)
...
006 (976.000.000) 11/23 20:54:45 Image size of job updated: 130852
	107  -  MemoryUsage of job (MB)
	109428  -  ResidentSetSize of job (KB)
...
006 (976.000.000) 11/23 20:59:46 Image size of job updated: 231916
	205  -  MemoryUsage of job (MB)
	209780  -  ResidentSetSize of job (KB)
...
006 (976.000.000) 11/23 21:04:46 Image size of job updated: 249628
	223  -  MemoryUsage of job (MB)
	227492  -  ResidentSetSize of job (KB)
...
006 (976.000.000) 11/23 21:09:47 Image size of job updated: 250044
	223  -  MemoryUsage of job (MB)
	227896  -  ResidentSetSize of job (KB)
...
006 (976.000.000) 11/23 21:19:48 Image size of job updated: 250848
	224  -  MemoryUsage of job (MB)
	228668  -  ResidentSetSize of job (KB)
...
006 (976.000.000) 11/23 21:24:49 Image size of job updated: 251688
	225  -  MemoryUsage of job (MB)
	229508  -  ResidentSetSize of job (KB)
...
005 (976.000.000) 11/23 21:25:19 Job terminated.
	(1) Normal termination (return value 0)
		Usr 0 00:32:01, Sys 0 00:00:20  -  Run Remote Usage
		Usr 0 00:00:00, Sys 0 00:00:00  -  Run Local Usage
		Usr 0 00:32:01, Sys 0 00:00:20  -  Total Remote Usage
		Usr 0 00:00:00, Sys 0 00:00:00  -  Total Local Usage
	300182  -  Run Bytes Sent By Job
	1510  -  Run Bytes Received By Job
	300182  -  Total Bytes Sent By Job
	1510  -  Total Bytes Received By Job
	Partitionable Resources :    Usage  Request Allocated
	   Cpus                 :                 1         1
	   Disk (KB)            :   829559        2    586759
	   Memory (MB)          :      225     2000      2000
...
