000 (1135.000.000) 11/28 09:39:26 Job submitted from host: <128.142.196.38:9618?addrs=128.142.196.38-9618+[2001-1458-301-e2--100-20]-9618&noUDP&sock=164236_d05c_3>
...
001 (1135.000.000) 11/28 09:40:11 Job executing on host: <188.185.189.181:9618?addrs=188.185.189.181-9618+[--1]-9618&noUDP&sock=2723_9c95_3>
...
006 (1135.000.000) 11/28 09:40:19 Image size of job updated: 688
	1  -  MemoryUsage of job (MB)
	688  -  ResidentSetSize of job (KB)
...
006 (1135.000.000) 11/28 09:55:20 Image size of job updated: 692
	1  -  MemoryUsage of job (MB)
	692  -  ResidentSetSize of job (KB)
...
006 (1135.000.000) 11/28 10:10:23 Image size of job updated: 191712
	143  -  MemoryUsage of job (MB)
	146004  -  ResidentSetSize of job (KB)
...
006 (1135.000.000) 11/28 10:15:24 Image size of job updated: 211164
	161  -  MemoryUsage of job (MB)
	164728  -  ResidentSetSize of job (KB)
...
006 (1135.000.000) 11/28 10:20:25 Image size of job updated: 211640
	162  -  MemoryUsage of job (MB)
	165188  -  ResidentSetSize of job (KB)
...
006 (1135.000.000) 11/28 10:25:25 Image size of job updated: 211644
	162  -  MemoryUsage of job (MB)
	165188  -  ResidentSetSize of job (KB)
...
006 (1135.000.000) 11/28 10:40:27 Image size of job updated: 211696
	162  -  MemoryUsage of job (MB)
	165188  -  ResidentSetSize of job (KB)
...
006 (1135.000.000) 11/28 10:45:28 Image size of job updated: 211824
	162  -  MemoryUsage of job (MB)
	165188  -  ResidentSetSize of job (KB)
...
006 (1135.000.000) 11/28 10:50:29 Image size of job updated: 212944
	163  -  MemoryUsage of job (MB)
	166120  -  ResidentSetSize of job (KB)
...
006 (1135.000.000) 11/28 10:55:29 Image size of job updated: 216160
	166  -  MemoryUsage of job (MB)
	169336  -  ResidentSetSize of job (KB)
...
006 (1135.000.000) 11/28 11:20:32 Image size of job updated: 231352
	182  -  MemoryUsage of job (MB)
	186184  -  ResidentSetSize of job (KB)
...
006 (1135.000.000) 11/28 11:25:32 Image size of job updated: 231356
	182  -  MemoryUsage of job (MB)
	186184  -  ResidentSetSize of job (KB)
...
006 (1135.000.000) 11/28 12:05:36 Image size of job updated: 231356
	185  -  MemoryUsage of job (MB)
	189412  -  ResidentSetSize of job (KB)
...
006 (1135.000.000) 11/28 12:14:13 Image size of job updated: 258936
	185  -  MemoryUsage of job (MB)
	189412  -  ResidentSetSize of job (KB)
...
005 (1135.000.000) 11/28 12:14:13 Job terminated.
	(1) Normal termination (return value 0)
		Usr 0 02:01:56, Sys 0 00:06:53  -  Run Remote Usage
		Usr 0 00:00:00, Sys 0 00:00:00  -  Run Local Usage
		Usr 0 02:01:56, Sys 0 00:06:53  -  Total Remote Usage
		Usr 0 00:00:00, Sys 0 00:00:00  -  Total Local Usage
	303028  -  Run Bytes Sent By Job
	1510  -  Run Bytes Received By Job
	303028  -  Total Bytes Sent By Job
	1510  -  Total Bytes Received By Job
	Partitionable Resources :    Usage  Request Allocated
	   Cpus                 :                 1         1
	   Disk (KB)            :  1736580        2    610473
	   Memory (MB)          :      185     2000      2000
...
