000 (1103.000.000) 11/28 09:39:02 Job submitted from host: <128.142.196.38:9618?addrs=128.142.196.38-9618+[2001-1458-301-e2--100-20]-9618&noUDP&sock=164236_d05c_3>
...
001 (1103.000.000) 11/28 09:39:12 Job executing on host: <188.185.179.38:9618?addrs=188.185.179.38-9618+[--1]-9618&noUDP&sock=2040938_9a45_3>
...
006 (1103.000.000) 11/28 09:39:22 Image size of job updated: 688
	1  -  MemoryUsage of job (MB)
	688  -  ResidentSetSize of job (KB)
...
006 (1103.000.000) 11/28 09:49:23 Image size of job updated: 692
	1  -  MemoryUsage of job (MB)
	692  -  ResidentSetSize of job (KB)
...
006 (1103.000.000) 11/28 10:04:23 Image size of job updated: 118060
	93  -  MemoryUsage of job (MB)
	94224  -  ResidentSetSize of job (KB)
...
006 (1103.000.000) 11/28 10:09:24 Image size of job updated: 184872
	157  -  MemoryUsage of job (MB)
	160368  -  ResidentSetSize of job (KB)
...
006 (1103.000.000) 11/28 10:14:25 Image size of job updated: 190204
	162  -  MemoryUsage of job (MB)
	165648  -  ResidentSetSize of job (KB)
...
006 (1103.000.000) 11/28 10:19:25 Image size of job updated: 191724
	164  -  MemoryUsage of job (MB)
	167012  -  ResidentSetSize of job (KB)
...
006 (1103.000.000) 11/28 10:24:25 Image size of job updated: 192316
	164  -  MemoryUsage of job (MB)
	167604  -  ResidentSetSize of job (KB)
...
006 (1103.000.000) 11/28 10:29:25 Image size of job updated: 192320
	164  -  MemoryUsage of job (MB)
	167604  -  ResidentSetSize of job (KB)
...
006 (1103.000.000) 11/28 10:44:28 Image size of job updated: 228548
	200  -  MemoryUsage of job (MB)
	203832  -  ResidentSetSize of job (KB)
...
006 (1103.000.000) 11/28 10:59:29 Image size of job updated: 228572
	200  -  MemoryUsage of job (MB)
	203832  -  ResidentSetSize of job (KB)
...
005 (1103.000.000) 11/28 11:10:27 Job terminated.
	(1) Normal termination (return value 0)
		Usr 0 01:02:14, Sys 0 00:05:54  -  Run Remote Usage
		Usr 0 00:00:00, Sys 0 00:00:00  -  Run Local Usage
		Usr 0 01:02:14, Sys 0 00:05:54  -  Total Remote Usage
		Usr 0 00:00:00, Sys 0 00:00:00  -  Total Local Usage
	301253  -  Run Bytes Sent By Job
	1510  -  Run Bytes Received By Job
	301253  -  Total Bytes Sent By Job
	1510  -  Total Bytes Received By Job
	Partitionable Resources :    Usage  Request Allocated
	   Cpus                 :                 1         1
	   Disk (KB)            :  1204085        2    610936
	   Memory (MB)          :      200     2000      2000
...
