000 (1303.000.000) 11/30 16:21:51 Job submitted from host: <128.142.196.38:9618?addrs=128.142.196.38-9618+[2001-1458-301-e2--100-20]-9618&noUDP&sock=164236_d05c_3>
...
001 (1303.000.000) 11/30 16:22:21 Job executing on host: <188.185.177.180:9618?addrs=188.185.177.180-9618+[--1]-9618&noUDP&sock=32611_537a_3>
...
006 (1303.000.000) 11/30 16:22:29 Image size of job updated: 688
	1  -  MemoryUsage of job (MB)
	688  -  ResidentSetSize of job (KB)
...
006 (1303.000.000) 11/30 16:32:31 Image size of job updated: 692
	1  -  MemoryUsage of job (MB)
	692  -  ResidentSetSize of job (KB)
...
006 (1303.000.000) 11/30 16:42:31 Image size of job updated: 217048
	154  -  MemoryUsage of job (MB)
	157076  -  ResidentSetSize of job (KB)
...
006 (1303.000.000) 11/30 16:47:31 Image size of job updated: 226336
	163  -  MemoryUsage of job (MB)
	166304  -  ResidentSetSize of job (KB)
...
006 (1303.000.000) 11/30 16:52:32 Image size of job updated: 226616
	163  -  MemoryUsage of job (MB)
	166304  -  ResidentSetSize of job (KB)
...
006 (1303.000.000) 11/30 16:57:32 Image size of job updated: 226624
	163  -  MemoryUsage of job (MB)
	166304  -  ResidentSetSize of job (KB)
...
006 (1303.000.000) 11/30 17:07:32 Image size of job updated: 248028
	184  -  MemoryUsage of job (MB)
	187708  -  ResidentSetSize of job (KB)
...
006 (1303.000.000) 11/30 18:17:39 Image size of job updated: 248060
	184  -  MemoryUsage of job (MB)
	187708  -  ResidentSetSize of job (KB)
...
005 (1303.000.000) 11/30 19:11:55 Job terminated.
	(1) Normal termination (return value 0)
		Usr 0 02:29:54, Sys 0 00:00:28  -  Run Remote Usage
		Usr 0 00:00:00, Sys 0 00:00:00  -  Run Local Usage
		Usr 0 02:29:54, Sys 0 00:00:28  -  Total Remote Usage
		Usr 0 00:00:00, Sys 0 00:00:00  -  Total Local Usage
	295455  -  Run Bytes Sent By Job
	1567  -  Run Bytes Received By Job
	295455  -  Total Bytes Sent By Job
	1567  -  Total Bytes Received By Job
	Partitionable Resources :    Usage  Request Allocated
	   Cpus                 :                 1         1
	   Disk (KB)            :  1944270        2    579046
	   Memory (MB)          :      184     2000      2000
...
