WARNING : using environment variable VO_LHCB_SW_DIR for sharedarea
Traceback (most recent call last):
  File "/afs/cern.ch/lhcb/software/releases/LBSCRIPTS/LBSCRIPTS_v8r5p3/InstallArea/python/LbConfiguration/LbLogin.py", line 1081, in <module>
    sys.exit(LbLoginScript(usage="%prog [options] [debug]").run())
  File "/afs/cern.ch/lhcb/software/releases/LBSCRIPTS/LBSCRIPTS_v8r5p3/InstallArea/python/LbUtils/Script.py", line 107, in run
    rc = self.main()
  File "/afs/cern.ch/lhcb/software/releases/LBSCRIPTS/LBSCRIPTS_v8r5p3/InstallArea/python/LbConfiguration/LbLogin.py", line 1070, in main
    self.setEnv(debug)
  File "/afs/cern.ch/lhcb/software/releases/LBSCRIPTS/LBSCRIPTS_v8r5p3/InstallArea/python/LbConfiguration/LbLogin.py", line 1025, in setEnv
    self.setCMTPath()
  File "/afs/cern.ch/lhcb/software/releases/LBSCRIPTS/LBSCRIPTS_v8r5p3/InstallArea/python/LbConfiguration/LbLogin.py", line 840, in setCMTPath
    self.setHomeDir()
  File "/afs/cern.ch/lhcb/software/releases/LBSCRIPTS/LBSCRIPTS_v8r5p3/InstallArea/python/LbConfiguration/LbLogin.py", line 662, in setHomeDir
    homedir = ev["HOME"]
  File "/afs/cern.ch/lhcb/software/releases/LBSCRIPTS/LBSCRIPTS_v8r5p3/InstallArea/python/LbUtils/Env.py", line 47, in __getitem__
    return self.env[key]
  File "/usr/lib64/python2.6/UserDict.py", line 22, in __getitem__
    raise KeyError(key)
KeyError: 'HOME'
Info in <TGeoManager::TGeoManager>: Geometry world, LCDD Geometry created
Info in <TGeoManager::SetTopVolume>: Top volume is world_volume. Master volume is world_volume
Info in <TGeoNavigator::BuildCache>: --- Maximum geometry depth set to 100
Info in <TGeoManager::CheckGeometry>: Fixing runtime shapes...
Info in <TGeoManager::CheckGeometry>: ...Nothing to fix
Info in <TGeoManager::CloseGeometry>: Counting nodes...
Info in <TGeoManager::Voxelize>: Voxelizing...
Info in <TGeoManager::CloseGeometry>: Building cache...
Info in <TGeoManager::CountLevels>: max level = 1, max placements = 0
Info in <TGeoManager::CloseGeometry>: 1 nodes/ 1 volume UID's in LCDD Geometry
Info in <TGeoManager::CloseGeometry>: ----------------modeler ready----------------
[16MB/1018MB][  1%][>                                                 ][16MB/s]  [112MB/1018MB][ 10%][=====>                                            ][112MB/s]  [144MB/1018MB][ 14%][=======>                                          ][72MB/s]  [304MB/1018MB][ 29%][==============>                                   ][101.3MB/s]  [480MB/1018MB][ 47%][=======================>                          ][120MB/s]  [656MB/1018MB][ 64%][================================>                 ][131.2MB/s]  [816MB/1018MB][ 80%][========================================>         ][136MB/s]  [992MB/1018MB][ 97%][================================================> ][141.7MB/s]  [1018MB/1018MB][100%][==================================================][145.5MB/s]  [1018MB/1018MB][100%][==================================================][145.5MB/s]  
