WARNING : using environment variable VO_LHCB_SW_DIR for sharedarea
Traceback (most recent call last):
  File "/afs/cern.ch/lhcb/software/releases/LBSCRIPTS/LBSCRIPTS_v8r5p3/InstallArea/python/LbConfiguration/LbLogin.py", line 1081, in <module>
    sys.exit(LbLoginScript(usage="%prog [options] [debug]").run())
  File "/afs/cern.ch/lhcb/software/releases/LBSCRIPTS/LBSCRIPTS_v8r5p3/InstallArea/python/LbUtils/Script.py", line 107, in run
    rc = self.main()
  File "/afs/cern.ch/lhcb/software/releases/LBSCRIPTS/LBSCRIPTS_v8r5p3/InstallArea/python/LbConfiguration/LbLogin.py", line 1070, in main
    self.setEnv(debug)
  File "/afs/cern.ch/lhcb/software/releases/LBSCRIPTS/LBSCRIPTS_v8r5p3/InstallArea/python/LbConfiguration/LbLogin.py", line 1025, in setEnv
    self.setCMTPath()
  File "/afs/cern.ch/lhcb/software/releases/LBSCRIPTS/LBSCRIPTS_v8r5p3/InstallArea/python/LbConfiguration/LbLogin.py", line 840, in setCMTPath
    self.setHomeDir()
  File "/afs/cern.ch/lhcb/software/releases/LBSCRIPTS/LBSCRIPTS_v8r5p3/InstallArea/python/LbConfiguration/LbLogin.py", line 662, in setHomeDir
    homedir = ev["HOME"]
  File "/afs/cern.ch/lhcb/software/releases/LBSCRIPTS/LBSCRIPTS_v8r5p3/InstallArea/python/LbUtils/Env.py", line 47, in __getitem__
    return self.env[key]
  File "/usr/lib64/python2.6/UserDict.py", line 22, in __getitem__
    raise KeyError(key)
KeyError: 'HOME'
Info in <TGeoManager::TGeoManager>: Geometry world, LCDD Geometry created
Info in <TGeoManager::SetTopVolume>: Top volume is world_volume. Master volume is world_volume
Info in <TGeoNavigator::BuildCache>: --- Maximum geometry depth set to 100
Info in <TGeoManager::CheckGeometry>: Fixing runtime shapes...
Info in <TGeoManager::CheckGeometry>: ...Nothing to fix
Info in <TGeoManager::CloseGeometry>: Counting nodes...
Info in <TGeoManager::Voxelize>: Voxelizing...
Info in <TGeoManager::CloseGeometry>: Building cache...
Info in <TGeoManager::CountLevels>: max level = 1, max placements = 0
Info in <TGeoManager::CloseGeometry>: 1 nodes/ 1 volume UID's in LCDD Geometry
Info in <TGeoManager::CloseGeometry>: ----------------modeler ready----------------
[16MB/1.163GB][  1%][>                                                 ][16MB/s]  [32MB/1.163GB][  2%][=>                                                ][16MB/s]  [64MB/1.163GB][  5%][==>                                               ][21.33MB/s]  [80MB/1.163GB][  6%][===>                                              ][20MB/s]  [128MB/1.163GB][ 10%][=====>                                            ][25.6MB/s]  [160MB/1.163GB][ 13%][======>                                           ][26.67MB/s]  [208MB/1.163GB][ 17%][========>                                         ][29.71MB/s]  [240MB/1.163GB][ 20%][==========>                                       ][30MB/s]  [304MB/1.163GB][ 25%][============>                                     ][33.78MB/s]  [384MB/1.163GB][ 32%][================>                                 ][38.4MB/s]  [432MB/1.163GB][ 36%][==================>                               ][39.27MB/s]  [544MB/1.163GB][ 45%][======================>                           ][45.33MB/s]  [672MB/1.163GB][ 56%][============================>                     ][51.69MB/s]  [768MB/1.163GB][ 64%][================================>                 ][54.86MB/s]  [864MB/1.163GB][ 72%][====================================>             ][57.6MB/s]  [960MB/1.163GB][ 80%][========================================>         ][60MB/s]  [1.047GB/1.163GB][ 90%][=============================================>    ][63.06MB/s]  [1.156GB/1.163GB][ 99%][=================================================>][65.78MB/s]  [1.163GB/1.163GB][100%][==================================================][66.15MB/s]  [1.163GB/1.163GB][100%][==================================================][66.15MB/s]  
