WARNING : using environment variable VO_LHCB_SW_DIR for sharedarea
Traceback (most recent call last):
  File "/afs/cern.ch/lhcb/software/releases/LBSCRIPTS/LBSCRIPTS_v8r5p3/InstallArea/python/LbConfiguration/LbLogin.py", line 1081, in <module>
    sys.exit(LbLoginScript(usage="%prog [options] [debug]").run())
  File "/afs/cern.ch/lhcb/software/releases/LBSCRIPTS/LBSCRIPTS_v8r5p3/InstallArea/python/LbUtils/Script.py", line 107, in run
    rc = self.main()
  File "/afs/cern.ch/lhcb/software/releases/LBSCRIPTS/LBSCRIPTS_v8r5p3/InstallArea/python/LbConfiguration/LbLogin.py", line 1070, in main
    self.setEnv(debug)
  File "/afs/cern.ch/lhcb/software/releases/LBSCRIPTS/LBSCRIPTS_v8r5p3/InstallArea/python/LbConfiguration/LbLogin.py", line 1025, in setEnv
    self.setCMTPath()
  File "/afs/cern.ch/lhcb/software/releases/LBSCRIPTS/LBSCRIPTS_v8r5p3/InstallArea/python/LbConfiguration/LbLogin.py", line 840, in setCMTPath
    self.setHomeDir()
  File "/afs/cern.ch/lhcb/software/releases/LBSCRIPTS/LBSCRIPTS_v8r5p3/InstallArea/python/LbConfiguration/LbLogin.py", line 662, in setHomeDir
    homedir = ev["HOME"]
  File "/afs/cern.ch/lhcb/software/releases/LBSCRIPTS/LBSCRIPTS_v8r5p3/InstallArea/python/LbUtils/Env.py", line 47, in __getitem__
    return self.env[key]
  File "/usr/lib64/python2.6/UserDict.py", line 22, in __getitem__
    raise KeyError(key)
KeyError: 'HOME'
Info in <TGeoManager::TGeoManager>: Geometry world, LCDD Geometry created
Info in <TGeoManager::SetTopVolume>: Top volume is world_volume. Master volume is world_volume
Info in <TGeoNavigator::BuildCache>: --- Maximum geometry depth set to 100
Info in <TGeoManager::CheckGeometry>: Fixing runtime shapes...
Info in <TGeoManager::CheckGeometry>: ...Nothing to fix
Info in <TGeoManager::CloseGeometry>: Counting nodes...
Info in <TGeoManager::Voxelize>: Voxelizing...
Info in <TGeoManager::CloseGeometry>: Building cache...
Info in <TGeoManager::CountLevels>: max level = 1, max placements = 0
Info in <TGeoManager::CloseGeometry>: 1 nodes/ 1 volume UID's in LCDD Geometry
Info in <TGeoManager::CloseGeometry>: ----------------modeler ready----------------
[16MB/1.013GB][  1%][>                                                 ][8MB/s]  [32MB/1.013GB][  3%][=>                                                ][10.67MB/s]  [48MB/1.013GB][  4%][==>                                               ][12MB/s]  [64MB/1.013GB][  6%][===>                                              ][10.67MB/s]  [80MB/1.013GB][  7%][===>                                              ][11.43MB/s]  [96MB/1.013GB][  9%][====>                                             ][12MB/s]  [112MB/1.013GB][ 10%][=====>                                            ][12.44MB/s]  [128MB/1.013GB][ 12%][======>                                           ][12.8MB/s]  [240MB/1.013GB][ 23%][===========>                                      ][21.82MB/s]  [304MB/1.013GB][ 29%][==============>                                   ][20.27MB/s]  [416MB/1.013GB][ 40%][====================>                             ][26MB/s]  [544MB/1.013GB][ 52%][==========================>                       ][32MB/s]  [688MB/1.013GB][ 66%][=================================>                ][38.22MB/s]  [704MB/1.013GB][ 67%][=================================>                ][35.2MB/s]  [816MB/1.013GB][ 78%][=======================================>          ][38.86MB/s]  [928MB/1.013GB][ 89%][============================================>     ][42.18MB/s]  [1.013GB/1.013GB][100%][==================================================][47.14MB/s]  [1.013GB/1.013GB][100%][==================================================][45.09MB/s]  
