WARNING : using environment variable VO_LHCB_SW_DIR for sharedarea
Traceback (most recent call last):
  File "/afs/cern.ch/lhcb/software/releases/LBSCRIPTS/LBSCRIPTS_v8r5p3/InstallArea/python/LbConfiguration/LbLogin.py", line 1081, in <module>
    sys.exit(LbLoginScript(usage="%prog [options] [debug]").run())
  File "/afs/cern.ch/lhcb/software/releases/LBSCRIPTS/LBSCRIPTS_v8r5p3/InstallArea/python/LbUtils/Script.py", line 107, in run
    rc = self.main()
  File "/afs/cern.ch/lhcb/software/releases/LBSCRIPTS/LBSCRIPTS_v8r5p3/InstallArea/python/LbConfiguration/LbLogin.py", line 1070, in main
    self.setEnv(debug)
  File "/afs/cern.ch/lhcb/software/releases/LBSCRIPTS/LBSCRIPTS_v8r5p3/InstallArea/python/LbConfiguration/LbLogin.py", line 1025, in setEnv
    self.setCMTPath()
  File "/afs/cern.ch/lhcb/software/releases/LBSCRIPTS/LBSCRIPTS_v8r5p3/InstallArea/python/LbConfiguration/LbLogin.py", line 840, in setCMTPath
    self.setHomeDir()
  File "/afs/cern.ch/lhcb/software/releases/LBSCRIPTS/LBSCRIPTS_v8r5p3/InstallArea/python/LbConfiguration/LbLogin.py", line 662, in setHomeDir
    homedir = ev["HOME"]
  File "/afs/cern.ch/lhcb/software/releases/LBSCRIPTS/LBSCRIPTS_v8r5p3/InstallArea/python/LbUtils/Env.py", line 47, in __getitem__
    return self.env[key]
  File "/usr/lib64/python2.6/UserDict.py", line 22, in __getitem__
    raise KeyError(key)
KeyError: 'HOME'
Info in <TGeoManager::TGeoManager>: Geometry world, LCDD Geometry created
Info in <TGeoManager::SetTopVolume>: Top volume is world_volume. Master volume is world_volume
Info in <TGeoNavigator::BuildCache>: --- Maximum geometry depth set to 100
Info in <TGeoManager::CheckGeometry>: Fixing runtime shapes...
Info in <TGeoManager::CheckGeometry>: ...Nothing to fix
Info in <TGeoManager::CloseGeometry>: Counting nodes...
Info in <TGeoManager::Voxelize>: Voxelizing...
Info in <TGeoManager::CloseGeometry>: Building cache...
Info in <TGeoManager::CountLevels>: max level = 1, max placements = 0
Info in <TGeoManager::CloseGeometry>: 1 nodes/ 1 volume UID's in LCDD Geometry
Info in <TGeoManager::CloseGeometry>: ----------------modeler ready----------------
[16MB/1.023GB][  1%][>                                                 ][16MB/s]  [80MB/1.023GB][  7%][===>                                              ][40MB/s]  [128MB/1.023GB][ 12%][======>                                           ][42.67MB/s]  [192MB/1.023GB][ 18%][=========>                                        ][48MB/s]  [256MB/1.023GB][ 24%][============>                                     ][51.2MB/s]  [336MB/1.023GB][ 32%][================>                                 ][56MB/s]  [400MB/1.023GB][ 38%][===================>                              ][57.14MB/s]  [464MB/1.023GB][ 44%][======================>                           ][58MB/s]  [544MB/1.023GB][ 51%][=========================>                        ][60.44MB/s]  [608MB/1.023GB][ 58%][=============================>                    ][60.8MB/s]  [672MB/1.023GB][ 64%][================================>                 ][61.09MB/s]  [736MB/1.023GB][ 70%][===================================>              ][61.33MB/s]  [800MB/1.023GB][ 76%][======================================>           ][61.54MB/s]  [864MB/1.023GB][ 82%][=========================================>        ][61.71MB/s]  [912MB/1.023GB][ 87%][===========================================>      ][60.8MB/s]  [976MB/1.023GB][ 93%][==============================================>   ][61MB/s]  [1024MB/1.023GB][ 97%][================================================> ][60.24MB/s]  [1.023GB/1.023GB][100%][==================================================][61.6MB/s]  [1.023GB/1.023GB][100%][==================================================][58.18MB/s]  
