WARNING : using environment variable VO_LHCB_SW_DIR for sharedarea
Traceback (most recent call last):
  File "/afs/cern.ch/lhcb/software/releases/LBSCRIPTS/LBSCRIPTS_v8r5p3/InstallArea/python/LbConfiguration/LbLogin.py", line 1081, in <module>
    sys.exit(LbLoginScript(usage="%prog [options] [debug]").run())
  File "/afs/cern.ch/lhcb/software/releases/LBSCRIPTS/LBSCRIPTS_v8r5p3/InstallArea/python/LbUtils/Script.py", line 107, in run
    rc = self.main()
  File "/afs/cern.ch/lhcb/software/releases/LBSCRIPTS/LBSCRIPTS_v8r5p3/InstallArea/python/LbConfiguration/LbLogin.py", line 1070, in main
    self.setEnv(debug)
  File "/afs/cern.ch/lhcb/software/releases/LBSCRIPTS/LBSCRIPTS_v8r5p3/InstallArea/python/LbConfiguration/LbLogin.py", line 1025, in setEnv
    self.setCMTPath()
  File "/afs/cern.ch/lhcb/software/releases/LBSCRIPTS/LBSCRIPTS_v8r5p3/InstallArea/python/LbConfiguration/LbLogin.py", line 840, in setCMTPath
    self.setHomeDir()
  File "/afs/cern.ch/lhcb/software/releases/LBSCRIPTS/LBSCRIPTS_v8r5p3/InstallArea/python/LbConfiguration/LbLogin.py", line 662, in setHomeDir
    homedir = ev["HOME"]
  File "/afs/cern.ch/lhcb/software/releases/LBSCRIPTS/LBSCRIPTS_v8r5p3/InstallArea/python/LbUtils/Env.py", line 47, in __getitem__
    return self.env[key]
  File "/usr/lib64/python2.6/UserDict.py", line 22, in __getitem__
    raise KeyError(key)
KeyError: 'HOME'
Info in <TGeoManager::TGeoManager>: Geometry world, LCDD Geometry created
Info in <TGeoManager::SetTopVolume>: Top volume is world_volume. Master volume is world_volume
Info in <TGeoNavigator::BuildCache>: --- Maximum geometry depth set to 100
Info in <TGeoManager::CheckGeometry>: Fixing runtime shapes...
Info in <TGeoManager::CheckGeometry>: ...Nothing to fix
Info in <TGeoManager::CloseGeometry>: Counting nodes...
Info in <TGeoManager::Voxelize>: Voxelizing...
Info in <TGeoManager::CloseGeometry>: Building cache...
Info in <TGeoManager::CountLevels>: max level = 1, max placements = 0
Info in <TGeoManager::CloseGeometry>: 1 nodes/ 1 volume UID's in LCDD Geometry
Info in <TGeoManager::CloseGeometry>: ----------------modeler ready----------------

 *** Break *** bus error
[16MB/1.138GB][  1%][>                                                 ][16MB/s]  [112MB/1.138GB][  9%][====>                                             ][112MB/s]  [256MB/1.138GB][ 21%][==========>                                       ][128MB/s]  [384MB/1.138GB][ 32%][================>                                 ][128MB/s]  [512MB/1.138GB][ 43%][=====================>                            ][128MB/s]  [624MB/1.138GB][ 53%][==========================>                       ][124.8MB/s]  [720MB/1.138GB][ 61%][==============================>                   ][120MB/s]  [816MB/1.138GB][ 70%][===================================>              ][116.6MB/s]  [928MB/1.138GB][ 79%][=======================================>          ][116MB/s]  [1024MB/1.138GB][ 87%][===========================================>      ][113.8MB/s]  [1.109GB/1.138GB][ 97%][================================================> ][113.6MB/s]  [1.138GB/1.138GB][100%][==================================================][116.6MB/s]  [1.138GB/1.138GB][100%][==================================================][106MB/s]  
