WARNING : using environment variable VO_LHCB_SW_DIR for sharedarea
Traceback (most recent call last):
  File "/afs/cern.ch/lhcb/software/releases/LBSCRIPTS/LBSCRIPTS_v8r5p3/InstallArea/python/LbConfiguration/LbLogin.py", line 1081, in <module>
    sys.exit(LbLoginScript(usage="%prog [options] [debug]").run())
  File "/afs/cern.ch/lhcb/software/releases/LBSCRIPTS/LBSCRIPTS_v8r5p3/InstallArea/python/LbUtils/Script.py", line 107, in run
    rc = self.main()
  File "/afs/cern.ch/lhcb/software/releases/LBSCRIPTS/LBSCRIPTS_v8r5p3/InstallArea/python/LbConfiguration/LbLogin.py", line 1070, in main
    self.setEnv(debug)
  File "/afs/cern.ch/lhcb/software/releases/LBSCRIPTS/LBSCRIPTS_v8r5p3/InstallArea/python/LbConfiguration/LbLogin.py", line 1025, in setEnv
    self.setCMTPath()
  File "/afs/cern.ch/lhcb/software/releases/LBSCRIPTS/LBSCRIPTS_v8r5p3/InstallArea/python/LbConfiguration/LbLogin.py", line 840, in setCMTPath
    self.setHomeDir()
  File "/afs/cern.ch/lhcb/software/releases/LBSCRIPTS/LBSCRIPTS_v8r5p3/InstallArea/python/LbConfiguration/LbLogin.py", line 662, in setHomeDir
    homedir = ev["HOME"]
  File "/afs/cern.ch/lhcb/software/releases/LBSCRIPTS/LBSCRIPTS_v8r5p3/InstallArea/python/LbUtils/Env.py", line 47, in __getitem__
    return self.env[key]
  File "/usr/lib64/python2.6/UserDict.py", line 22, in __getitem__
    raise KeyError(key)
KeyError: 'HOME'
Info in <TGeoManager::TGeoManager>: Geometry world, LCDD Geometry created
Info in <TGeoManager::SetTopVolume>: Top volume is world_volume. Master volume is world_volume
Info in <TGeoNavigator::BuildCache>: --- Maximum geometry depth set to 100
Info in <TGeoManager::CheckGeometry>: Fixing runtime shapes...
Info in <TGeoManager::CheckGeometry>: ...Nothing to fix
Info in <TGeoManager::CloseGeometry>: Counting nodes...
Info in <TGeoManager::Voxelize>: Voxelizing...
Info in <TGeoManager::CloseGeometry>: Building cache...
Info in <TGeoManager::CountLevels>: max level = 1, max placements = 0
Info in <TGeoManager::CloseGeometry>: 1 nodes/ 1 volume UID's in LCDD Geometry
Info in <TGeoManager::CloseGeometry>: ----------------modeler ready----------------
[16MB/497.8MB][  3%][=>                                                ][8MB/s]  [48MB/497.8MB][  9%][====>                                             ][16MB/s]  [64MB/497.8MB][ 12%][======>                                           ][16MB/s]  [80MB/497.8MB][ 16%][========>                                         ][13.33MB/s]  [96MB/497.8MB][ 19%][=========>                                        ][12MB/s]  [112MB/497.8MB][ 22%][===========>                                      ][11.2MB/s]  [160MB/497.8MB][ 32%][================>                                 ][9.412MB/s]  [176MB/497.8MB][ 35%][=================>                                ][8.8MB/s]  [192MB/497.8MB][ 38%][===================>                              ][8.727MB/s]  [208MB/497.8MB][ 41%][====================>                             ][7.704MB/s]  [224MB/497.8MB][ 44%][======================>                           ][7.467MB/s]  [240MB/497.8MB][ 48%][========================>                         ][7.742MB/s]  [288MB/497.8MB][ 57%][============================>                     ][9MB/s]  [304MB/497.8MB][ 61%][==============================>                   ][9.212MB/s]  [320MB/497.8MB][ 64%][================================>                 ][9.412MB/s]  [384MB/497.8MB][ 77%][======================================>           ][10.67MB/s]  [400MB/497.8MB][ 80%][========================================>         ][10.81MB/s]  [464MB/497.8MB][ 93%][==============================================>   ][12.21MB/s]  [497.8MB/497.8MB][100%][==================================================][13.1MB/s]  [497.8MB/497.8MB][100%][==================================================][12.77MB/s]  
