WARNING : using environment variable VO_LHCB_SW_DIR for sharedarea
Traceback (most recent call last):
  File "/afs/cern.ch/lhcb/software/releases/LBSCRIPTS/LBSCRIPTS_v8r5p3/InstallArea/python/LbConfiguration/LbLogin.py", line 1081, in <module>
    sys.exit(LbLoginScript(usage="%prog [options] [debug]").run())
  File "/afs/cern.ch/lhcb/software/releases/LBSCRIPTS/LBSCRIPTS_v8r5p3/InstallArea/python/LbUtils/Script.py", line 107, in run
    rc = self.main()
  File "/afs/cern.ch/lhcb/software/releases/LBSCRIPTS/LBSCRIPTS_v8r5p3/InstallArea/python/LbConfiguration/LbLogin.py", line 1070, in main
    self.setEnv(debug)
  File "/afs/cern.ch/lhcb/software/releases/LBSCRIPTS/LBSCRIPTS_v8r5p3/InstallArea/python/LbConfiguration/LbLogin.py", line 1025, in setEnv
    self.setCMTPath()
  File "/afs/cern.ch/lhcb/software/releases/LBSCRIPTS/LBSCRIPTS_v8r5p3/InstallArea/python/LbConfiguration/LbLogin.py", line 840, in setCMTPath
    self.setHomeDir()
  File "/afs/cern.ch/lhcb/software/releases/LBSCRIPTS/LBSCRIPTS_v8r5p3/InstallArea/python/LbConfiguration/LbLogin.py", line 662, in setHomeDir
    homedir = ev["HOME"]
  File "/afs/cern.ch/lhcb/software/releases/LBSCRIPTS/LBSCRIPTS_v8r5p3/InstallArea/python/LbUtils/Env.py", line 47, in __getitem__
    return self.env[key]
  File "/usr/lib64/python2.6/UserDict.py", line 22, in __getitem__
    raise KeyError(key)
KeyError: 'HOME'
Info in <TGeoManager::TGeoManager>: Geometry world, LCDD Geometry created
Info in <TGeoManager::SetTopVolume>: Top volume is world_volume. Master volume is world_volume
Info in <TGeoNavigator::BuildCache>: --- Maximum geometry depth set to 100
Info in <TGeoManager::CheckGeometry>: Fixing runtime shapes...
Info in <TGeoManager::CheckGeometry>: ...Nothing to fix
Info in <TGeoManager::CloseGeometry>: Counting nodes...
Info in <TGeoManager::Voxelize>: Voxelizing...
Info in <TGeoManager::CloseGeometry>: Building cache...
Info in <TGeoManager::CountLevels>: max level = 1, max placements = 0
Info in <TGeoManager::CloseGeometry>: 1 nodes/ 1 volume UID's in LCDD Geometry
Info in <TGeoManager::CloseGeometry>: ----------------modeler ready----------------
[16MB/1007MB][  1%][>                                                 ][3.2MB/s]  [112MB/1007MB][ 11%][=====>                                            ][18.67MB/s]  [144MB/1007MB][ 14%][=======>                                          ][20.57MB/s]  [192MB/1007MB][ 19%][=========>                                        ][24MB/s]  [256MB/1007MB][ 25%][============>                                     ][28.44MB/s]  [320MB/1007MB][ 31%][===============>                                  ][32MB/s]  [400MB/1007MB][ 39%][===================>                              ][36.36MB/s]  [464MB/1007MB][ 46%][=======================>                          ][38.67MB/s]  [528MB/1007MB][ 52%][==========================>                       ][40.62MB/s]  [608MB/1007MB][ 60%][==============================>                   ][43.43MB/s]  [672MB/1007MB][ 66%][=================================>                ][44.8MB/s]  [752MB/1007MB][ 74%][=====================================>            ][47MB/s]  [832MB/1007MB][ 82%][=========================================>        ][48.94MB/s]  [912MB/1007MB][ 90%][=============================================>    ][50.67MB/s]  [992MB/1007MB][ 98%][=================================================>][52.21MB/s]  [1007MB/1007MB][100%][==================================================][52.98MB/s]  [1007MB/1007MB][100%][==================================================][50.33MB/s]  
