WARNING : using environment variable VO_LHCB_SW_DIR for sharedarea
Traceback (most recent call last):
  File "/afs/cern.ch/lhcb/software/releases/LBSCRIPTS/LBSCRIPTS_v8r5p3/InstallArea/python/LbConfiguration/LbLogin.py", line 1081, in <module>
    sys.exit(LbLoginScript(usage="%prog [options] [debug]").run())
  File "/afs/cern.ch/lhcb/software/releases/LBSCRIPTS/LBSCRIPTS_v8r5p3/InstallArea/python/LbUtils/Script.py", line 107, in run
    rc = self.main()
  File "/afs/cern.ch/lhcb/software/releases/LBSCRIPTS/LBSCRIPTS_v8r5p3/InstallArea/python/LbConfiguration/LbLogin.py", line 1070, in main
    self.setEnv(debug)
  File "/afs/cern.ch/lhcb/software/releases/LBSCRIPTS/LBSCRIPTS_v8r5p3/InstallArea/python/LbConfiguration/LbLogin.py", line 1025, in setEnv
    self.setCMTPath()
  File "/afs/cern.ch/lhcb/software/releases/LBSCRIPTS/LBSCRIPTS_v8r5p3/InstallArea/python/LbConfiguration/LbLogin.py", line 840, in setCMTPath
    self.setHomeDir()
  File "/afs/cern.ch/lhcb/software/releases/LBSCRIPTS/LBSCRIPTS_v8r5p3/InstallArea/python/LbConfiguration/LbLogin.py", line 662, in setHomeDir
    homedir = ev["HOME"]
  File "/afs/cern.ch/lhcb/software/releases/LBSCRIPTS/LBSCRIPTS_v8r5p3/InstallArea/python/LbUtils/Env.py", line 47, in __getitem__
    return self.env[key]
  File "/usr/lib64/python2.6/UserDict.py", line 22, in __getitem__
    raise KeyError(key)
KeyError: 'HOME'
Info in <TGeoManager::TGeoManager>: Geometry world, LCDD Geometry created
Info in <TGeoManager::SetTopVolume>: Top volume is world_volume. Master volume is world_volume
Info in <TGeoNavigator::BuildCache>: --- Maximum geometry depth set to 100
Info in <TGeoManager::CheckGeometry>: Fixing runtime shapes...
Info in <TGeoManager::CheckGeometry>: ...Nothing to fix
Info in <TGeoManager::CloseGeometry>: Counting nodes...
Info in <TGeoManager::Voxelize>: Voxelizing...
Info in <TGeoManager::CloseGeometry>: Building cache...
Info in <TGeoManager::CountLevels>: max level = 1, max placements = 0
Info in <TGeoManager::CloseGeometry>: 1 nodes/ 1 volume UID's in LCDD Geometry
Info in <TGeoManager::CloseGeometry>: ----------------modeler ready----------------
[16MB/477.9MB][  3%][=>                                                ][16MB/s]  [112MB/477.9MB][ 23%][===========>                                      ][56MB/s]  [192MB/477.9MB][ 40%][====================>                             ][64MB/s]  [288MB/477.9MB][ 60%][==============================>                   ][72MB/s]  [368MB/477.9MB][ 77%][======================================>           ][73.6MB/s]  [432MB/477.9MB][ 90%][=============================================>    ][72MB/s]  [477.9MB/477.9MB][100%][==================================================][79.65MB/s]  [477.9MB/477.9MB][100%][==================================================][68.27MB/s]  
