WARNING : using environment variable VO_LHCB_SW_DIR for sharedarea
Traceback (most recent call last):
  File "/afs/cern.ch/lhcb/software/releases/LBSCRIPTS/LBSCRIPTS_v8r5p3/InstallArea/python/LbConfiguration/LbLogin.py", line 1081, in <module>
    sys.exit(LbLoginScript(usage="%prog [options] [debug]").run())
  File "/afs/cern.ch/lhcb/software/releases/LBSCRIPTS/LBSCRIPTS_v8r5p3/InstallArea/python/LbUtils/Script.py", line 107, in run
    rc = self.main()
  File "/afs/cern.ch/lhcb/software/releases/LBSCRIPTS/LBSCRIPTS_v8r5p3/InstallArea/python/LbConfiguration/LbLogin.py", line 1070, in main
    self.setEnv(debug)
  File "/afs/cern.ch/lhcb/software/releases/LBSCRIPTS/LBSCRIPTS_v8r5p3/InstallArea/python/LbConfiguration/LbLogin.py", line 1025, in setEnv
    self.setCMTPath()
  File "/afs/cern.ch/lhcb/software/releases/LBSCRIPTS/LBSCRIPTS_v8r5p3/InstallArea/python/LbConfiguration/LbLogin.py", line 840, in setCMTPath
    self.setHomeDir()
  File "/afs/cern.ch/lhcb/software/releases/LBSCRIPTS/LBSCRIPTS_v8r5p3/InstallArea/python/LbConfiguration/LbLogin.py", line 662, in setHomeDir
    homedir = ev["HOME"]
  File "/afs/cern.ch/lhcb/software/releases/LBSCRIPTS/LBSCRIPTS_v8r5p3/InstallArea/python/LbUtils/Env.py", line 47, in __getitem__
    return self.env[key]
  File "/usr/lib64/python2.6/UserDict.py", line 22, in __getitem__
    raise KeyError(key)
KeyError: 'HOME'
Info in <TGeoManager::TGeoManager>: Geometry world, LCDD Geometry created
Info in <TGeoManager::SetTopVolume>: Top volume is world_volume. Master volume is world_volume
Info in <TGeoNavigator::BuildCache>: --- Maximum geometry depth set to 100
Info in <TGeoManager::CheckGeometry>: Fixing runtime shapes...
Info in <TGeoManager::CheckGeometry>: ...Nothing to fix
Info in <TGeoManager::CloseGeometry>: Counting nodes...
Info in <TGeoManager::Voxelize>: Voxelizing...
Info in <TGeoManager::CloseGeometry>: Building cache...
Info in <TGeoManager::CountLevels>: max level = 1, max placements = 0
Info in <TGeoManager::CloseGeometry>: 1 nodes/ 1 volume UID's in LCDD Geometry
Info in <TGeoManager::CloseGeometry>: ----------------modeler ready----------------
[16MB/493.3MB][  3%][=>                                                ][8MB/s]  [32MB/493.3MB][  6%][===>                                              ][8MB/s]  [48MB/493.3MB][  9%][====>                                             ][9.6MB/s]  [80MB/493.3MB][ 16%][========>                                         ][11.43MB/s]  [96MB/493.3MB][ 19%][=========>                                        ][12MB/s]  [144MB/493.3MB][ 29%][==============>                                   ][16MB/s]  [208MB/493.3MB][ 42%][=====================>                            ][20.8MB/s]  [224MB/493.3MB][ 45%][======================>                           ][20.36MB/s]  [240MB/493.3MB][ 48%][========================>                         ][20MB/s]  [256MB/493.3MB][ 51%][=========================>                        ][19.69MB/s]  [272MB/493.3MB][ 55%][===========================>                      ][19.43MB/s]  [288MB/493.3MB][ 58%][=============================>                    ][19.2MB/s]  [304MB/493.3MB][ 61%][==============================>                   ][19MB/s]  [336MB/493.3MB][ 68%][==================================>               ][19.76MB/s]  [368MB/493.3MB][ 74%][=====================================>            ][20.44MB/s]  [416MB/493.3MB][ 84%][==========================================>       ][21.89MB/s]  [464MB/493.3MB][ 94%][===============================================>  ][23.2MB/s]  [493.3MB/493.3MB][100%][==================================================][23.49MB/s]  [493.3MB/493.3MB][100%][==================================================][21.45MB/s]  
